Report 'report_power_summary': Power
Generated on Fri Dec 23 03:26:05 2022
  
---------------------------------------------------------------------------
|                        Power Summary (nanowatt)                         |
|-------------------------------------------------------------------------|
| Component          Internal Switching  Dynamic Leakage  Total   Percent | 
|-------------------------------------------------------------------------|
| Entire design       1271069    404359  1675428   41246  1716674  100.00 | 
|                                                                         | 
| Power of all cells  1271069    279520  1550589   41246  1591835   92.73 | 
|   Clock cells          9279      1098    10377      58    10435    0.61 | 
|   Data cells        1261775    278422  1540196   41188  1581384   92.12 | 
|     Combinational    204826    190116   394942   28150   423091   24.65 | 
|     Registers       1056846     88306  1145152   13038  1158190   67.47 | 
|     Macros                0         0        0       0        0    0.00 | 
|     Physical              0         0        0       0        0    0.00 | 
|                                                                         | 
| Power of all nets              124839   124839           124839    7.27 | 
|   Clock nets                    56335    56335            56335    3.28 | 
|     Clock leaves                56335    56335            56335    3.28 | 
|   Data nets                     68504    68504            68504    3.99 | 
---------------------------------------------------------------------------


info UI33: performed report_power_summary for 0 sec (CPU time: 0 sec; MEM: RSS - 376M, CVMEM - 1855M, PVMEM - 2637M)
-----------------------------------------------------------------------------------------------------------------------------------------------
| Corner     Enable Setup Hold  CRPR       SI   Power            EM   Voltage Drop DRC        Process                    RC Temp Scale Factor | 
|---------------------------------------------------------------------------------------------------------------------------------------------|
| slow       false  true  false setup_hold none leakage          none none         trans, cap new_rcmaster_techFreePDK45 25      1            | 
| fast       false  false false setup_hold none leakage          none none         trans, cap new_rcmaster_techFreePDK45 25      1            | 
| corner_0_0 true   true  true  setup_hold none leakage, dynamic none none         trans, cap new_rcmaster_techFreePDK45 25      1            | 
-----------------------------------------------------------------------------------------------------------------------------------------------


