Report 'report_mcmm_variation': MCMM Variation
Generated on Fri Dec 23 03:41:31 2022
  
----------------------------------------------------------------
| MCMM variability report for design 'booth_multiplier' (nano) |
|--------------------------------------------------------------|
| MODE CORNER WNS TNS #Endpts WHS THS #Endpts                  | 
----------------------------------------------------------------


info UI33: performed report_mcmm_variation for 0 sec (CPU time: 0 sec; MEM: RSS - 364M, CVMEM - 1780M, PVMEM - 2637M)
Report 'report_path_group': Path Group
Generated on Fri Dec 23 03:41:31 2022
  
-------------------------------------------------------------------------------------------
|                               PATH GROUPS (SETUP) (nano)                                |
|-----------------------------------------------------------------------------------------|
| QOR Weight Margin TNS Range Endpoints Violating Endpoints Violating Endpoints % WNS TNS | 
-------------------------------------------------------------------------------------------


info UI33: performed report_path_group for 0 sec (CPU time: 0 sec; MEM: RSS - 364M, CVMEM - 1780M, PVMEM - 2637M)
SLACK HISTOGRAM
---------------
Select : SELECT_LATE

---------------------------------------------
| Slack           # End Pts Total # End Pts | 
|-------------------------------------------|
| 0.0000 - 2.4990 236       236             | 
---------------------------------------------


info UI33: performed report_slack_histogram for 0 sec (CPU time: 0 sec; MEM: RSS - 364M, CVMEM - 1780M, PVMEM - 2637M)
Report 'report_path_group': Path Group
Generated on Fri Dec 23 03:41:31 2022
  
-------------------------------------------------------------------------------------------
|                                PATH GROUPS (HOLD) (nano)                                |
|-----------------------------------------------------------------------------------------|
| QOR Weight Margin TNS Range Endpoints Violating Endpoints Violating Endpoints % WNS TNS | 
-------------------------------------------------------------------------------------------


info UI33: performed report_path_group for 0 sec (CPU time: 0 sec; MEM: RSS - 364M, CVMEM - 1780M, PVMEM - 2637M)
SLACK HISTOGRAM
---------------
Select : SELECT_EARLY

---------------------------------------------
| Slack           # End Pts Total # End Pts | 
|-------------------------------------------|
| 0.0000 - 2.4990 236       236             | 
---------------------------------------------


info UI33: performed report_slack_histogram for 0 sec (CPU time: 0 sec; MEM: RSS - 364M, CVMEM - 1780M, PVMEM - 2637M)
