Report End Points: 
-----+-------+-------+-------+------+------+-----+------+------------------+------------------
     |Group  |Launch |Capture|Shift |Delay |Depth|Slack |Begin Point       |End Point         
-----+-------+-------+-------+------+------+-----+------+------------------+------------------
1    |default|vsysclk|vsysclk|2000.0|1754.2|   31|  99.4|inRegA/Q_reg[16]/Q|M64/c_reg[62]/D   
2    |default|vsysclk|vsysclk|2000.0|1728.6|   31| 120.5|inRegA/Q_reg[16]/Q|M64/c_reg[63]/D   
3    |default|vsysclk|vsysclk|2000.0|1713.7|   30| 133.5|inRegA/Q_reg[16]/Q|M64/c_reg[61]/D   
4    |default|vsysclk|vsysclk|2000.0|1649.8|   30| 203.8|inRegA/Q_reg[16]/Q|M64/c_reg[59]/D   
5    |default|vsysclk|vsysclk|2000.0|1634.3|   30| 219.3|inRegA/Q_reg[16]/Q|M64/c_reg[60]/D   
6    |default|vsysclk|vsysclk|2000.0|1615.7|   29| 231.5|inRegA/Q_reg[16]/Q|M64/c_reg[58]/D   
7    |default|vsysclk|vsysclk|2000.0|1589.3|   28| 263.2|inRegA/Q_reg[16]/Q|M64/c_reg[57]/D   
8    |default|vsysclk|vsysclk|2000.0|1548.2|   29| 270.9|inRegA/Q_reg[24]/Q|M64/c_reg[56]/D   
9    |default|vsysclk|vsysclk|2000.0|1532.2|   29| 286.9|inRegA/Q_reg[24]/Q|M64/c_reg[48]/D   
10   |default|vsysclk|vsysclk|2000.0|1534.8|   28| 288.8|inRegA/Q_reg[24]/Q|M64/c_reg[55]/D   
11   |default|vsysclk|vsysclk|2000.0|1524.9|   29| 294.2|inRegA/Q_reg[24]/Q|M64/c_reg[47]/D   
12   |default|vsysclk|vsysclk|2000.0|1512.7|   29| 306.4|inRegA/Q_reg[24]/Q|M64/c_reg[44]/D   
13   |default|vsysclk|vsysclk|2000.0|1512.5|   28| 311.1|inRegA/Q_reg[24]/Q|M64/c_reg[46]/D   
14   |default|vsysclk|vsysclk|2000.0|1506.7|   28| 316.9|inRegA/Q_reg[24]/Q|M64/c_reg[43]/D   
15   |default|vsysclk|vsysclk|2000.0|1492.1|   26| 331.5|inRegA/Q_reg[24]/Q|M64/c_reg[54]/D   
16   |default|vsysclk|vsysclk|2000.0|1476.9|   27| 342.2|inRegA/Q_reg[24]/Q|M64/c_reg[52]/D   
17   |default|vsysclk|vsysclk|2000.0|1463.5|   26| 360.1|inRegA/Q_reg[24]/Q|M64/c_reg[51]/D   
18   |default|vsysclk|vsysclk|2000.0|1462.1|   26| 361.5|inRegA/Q_reg[24]/Q|M64/c_reg[42]/D   
19   |default|vsysclk|vsysclk|2000.0|1452.3|   26| 372.4|inRegA/Q_reg[24]/Q|M64/c_reg[45]/D   
20   |default|vsysclk|vsysclk|2000.0|1444.8|   27| 374.3|inRegA/Q_reg[24]/Q|M64/c_reg[40]/D   
21   |default|vsysclk|vsysclk|2000.0|1437.4|   25| 380.9|inRegA/Q_reg[24]/Q|M64/c_reg[53]/D   
22   |default|vsysclk|vsysclk|2000.0|1438.8|   26| 384.8|inRegA/Q_reg[24]/Q|M64/c_reg[39]/D   
23   |default|vsysclk|vsysclk|2000.0|1426.7|   25| 391.6|inRegA/Q_reg[24]/Q|M64/c_reg[41]/D   
24   |default|vsysclk|vsysclk|2000.0|1420.8|   24| 402.8|inRegA/Q_reg[24]/Q|M64/c_reg[50]/D   
25   |default|vsysclk|vsysclk|2000.0|1394.2|   24| 429.4|inRegA/Q_reg[24]/Q|M64/c_reg[38]/D   
26   |default|vsysclk|vsysclk|2000.0|1376.8|   25| 442.3|inRegA/Q_reg[24]/Q|M64/c_reg[36]/D   
27   |default|vsysclk|vsysclk|2000.0|1366.1|   23| 452.2|inRegA/Q_reg[24]/Q|M64/c_reg[49]/D   
28   |default|vsysclk|vsysclk|2000.0|1370.8|   24| 452.8|inRegA/Q_reg[24]/Q|M64/c_reg[35]/D   
29   |default|vsysclk|vsysclk|2000.0|1358.8|   23| 459.5|inRegA/Q_reg[24]/Q|M64/c_reg[37]/D   
30   |default|vsysclk|vsysclk|2000.0|1326.2|   22| 497.4|inRegA/Q_reg[24]/Q|M64/c_reg[34]/D   
31   |default|vsysclk|vsysclk|2000.0|1342.1|   26| 505.1|inRegA/Q_reg[7]/Q |M64/c_reg[32]/D   
32   |default|vsysclk|vsysclk|2000.0|1295.9|   21| 522.4|inRegA/Q_reg[24]/Q|M64/c_reg[33]/D   
33   |default|vsysclk|vsysclk|2000.0|1317.4|   25| 535.1|inRegA/Q_reg[7]/Q |M64/c_reg[31]/D   
34   |default|vsysclk|vsysclk|2000.0|1272.8|   23| 579.7|inRegA/Q_reg[7]/Q |M64/c_reg[30]/D   
35   |default|vsysclk|vsysclk|2000.0|1272.9|   25| 580.7|inRegA/Q_reg[7]/Q |M64/c_reg[28]/D   
36   |default|vsysclk|vsysclk|2000.0|1253.0|   24| 594.2|inRegA/Q_reg[7]/Q |M64/c_reg[27]/D   
37   |default|vsysclk|vsysclk|2000.0|1237.5|   22| 609.7|inRegA/Q_reg[7]/Q |M64/c_reg[29]/D   
38   |default|vsysclk|vsysclk|2000.0|1228.8|   23| 624.8|inRegA/Q_reg[7]/Q |M64/c_reg[24]/D   
39   |default|vsysclk|vsysclk|2000.0|1208.9|   22| 638.3|inRegA/Q_reg[7]/Q |M64/c_reg[23]/D   
40   |default|vsysclk|vsysclk|2000.0|1207.2|   21| 645.3|inRegA/Q_reg[7]/Q |M64/c_reg[26]/D   
41   |default|vsysclk|vsysclk|2000.0|1171.8|   20| 675.4|inRegA/Q_reg[7]/Q |M64/c_reg[25]/D   
42   |default|vsysclk|vsysclk|2000.0|1143.2|   20| 704.0|inRegA/Q_reg[7]/Q |M64/c_reg[22]/D   
43   |default|vsysclk|vsysclk|2000.0|1122.3|   19| 730.2|inRegA/Q_reg[7]/Q |M64/c_reg[21]/D   
44   |default|vsysclk|vsysclk|2000.0|1077.2|   27| 747.5|inRegA/Q_reg[1]/Q |M64/c_reg[20]/D   
45   |default|vsysclk|vsysclk|2000.0|1057.3|   26| 761.0|inRegA/Q_reg[1]/Q |M64/c_reg[19]/D   
46   |default|vsysclk|vsysclk|2000.0| 991.6|   24| 826.7|inRegA/Q_reg[1]/Q |M64/c_reg[18]/D   
47   |default|vsysclk|vsysclk|2000.0| 970.6|   23| 853.0|inRegA/Q_reg[1]/Q |M64/c_reg[17]/D   
48   |default|vsysclk|vsysclk|2000.0| 923.8|   23| 900.9|inRegA/Q_reg[1]/Q |M64/c_reg[16]/D   
49   |default|vsysclk|vsysclk|2000.0| 889.6|   22| 928.7|inRegA/Q_reg[1]/Q |M64/c_reg[15]/D   
50   |default|vsysclk|vsysclk|2000.0| 864.1|   20| 954.2|inRegA/Q_reg[1]/Q |M64/c_reg[14]/D   
51   |default|vsysclk|vsysclk|2000.0| 822.0|   19|1001.6|inRegA/Q_reg[1]/Q |M64/c_reg[13]/D   
52   |default|vsysclk|vsysclk|2000.0| 794.1|   19|1030.6|inRegA/Q_reg[1]/Q |M64/c_reg[12]/D   
53   |default|vsysclk|vsysclk|2000.0| 759.9|   18|1058.4|inRegA/Q_reg[1]/Q |M64/c_reg[11]/D   
54   |default|vsysclk|vsysclk|2000.0| 734.4|   16|1083.9|inRegA/Q_reg[1]/Q |M64/c_reg[10]/D   
55   |default|vsysclk|vsysclk|2000.0| 692.3|   15|1131.3|inRegA/Q_reg[1]/Q |M64/c_reg[9]/D    
56   |default|vsysclk|vsysclk|2000.0| 573.7|   13|1244.6|inRegA/Q_reg[1]/Q |M64/c_reg[7]/D    
57   |default|vsysclk|vsysclk|2000.0| 566.7|   13|1252.4|inRegA/Q_reg[1]/Q |M64/c_reg[8]/D    
58   |default|vsysclk|vsysclk|2000.0| 489.3|   10|1334.3|inRegA/Q_reg[1]/Q |M64/c_reg[6]/D    
59   |default|vsysclk|vsysclk|2000.0| 446.1|   10|1377.5|inRegA/Q_reg[1]/Q |M64/c_reg[5]/D    
60   |default|vsysclk|vsysclk|2000.0| 416.3|    8|1402.0|inRegA/Q_reg[1]/Q |M64/c_reg[4]/D    
61   |default|vsysclk|vsysclk|2000.0| 278.3|    7|1546.4|inRegA/Q_reg[1]/Q |M64/c_reg[3]/D    
62   |default|vsysclk|vsysclk|2000.0| 248.3|    6|1575.3|inRegA/Q_reg[1]/Q |M64/c_reg[2]/D    
63   |default|vsysclk|vsysclk|2000.0| 113.1|    5|1708.3|inRegA/Q_reg[1]/Q |M64/c_reg[1]/D    
64   |default|vsysclk|vsysclk|2000.0|  50.4|    2|1774.2|inRegA/Q_reg[0]/Q |M64/c_reg[0]/D    
65   |default|vsysclk|vsysclk|2000.0|  27.3|    1|1840.2|M64/c_reg[63]/Q   |outReg/Q_reg[63]/D
66   |default|vsysclk|vsysclk|2000.0|  27.3|    1|1840.2|M64/c_reg[62]/Q   |outReg/Q_reg[62]/D
67   |default|vsysclk|vsysclk|2000.0|  27.3|    1|1840.2|M64/c_reg[61]/Q   |outReg/Q_reg[61]/D
68   |default|vsysclk|vsysclk|2000.0|  27.3|    1|1840.2|M64/c_reg[60]/Q   |outReg/Q_reg[60]/D
69   |default|vsysclk|vsysclk|2000.0|  27.3|    1|1840.2|M64/c_reg[59]/Q   |outReg/Q_reg[59]/D
70   |default|vsysclk|vsysclk|2000.0|  27.3|    1|1840.2|M64/c_reg[58]/Q   |outReg/Q_reg[58]/D
71   |default|vsysclk|vsysclk|2000.0|  27.3|    1|1840.2|M64/c_reg[57]/Q   |outReg/Q_reg[57]/D
72   |default|vsysclk|vsysclk|2000.0|  27.3|    1|1840.2|M64/c_reg[56]/Q   |outReg/Q_reg[56]/D
73   |default|vsysclk|vsysclk|2000.0|  27.3|    1|1840.2|M64/c_reg[55]/Q   |outReg/Q_reg[55]/D
74   |default|vsysclk|vsysclk|2000.0|  27.3|    1|1840.2|M64/c_reg[54]/Q   |outReg/Q_reg[54]/D
75   |default|vsysclk|vsysclk|2000.0|  27.3|    1|1840.2|M64/c_reg[53]/Q   |outReg/Q_reg[53]/D
76   |default|vsysclk|vsysclk|2000.0|  27.3|    1|1840.2|M64/c_reg[52]/Q   |outReg/Q_reg[52]/D
77   |default|vsysclk|vsysclk|2000.0|  27.3|    1|1840.2|M64/c_reg[51]/Q   |outReg/Q_reg[51]/D
78   |default|vsysclk|vsysclk|2000.0|  27.3|    1|1840.2|M64/c_reg[50]/Q   |outReg/Q_reg[50]/D
79   |default|vsysclk|vsysclk|2000.0|  27.3|    1|1840.2|M64/c_reg[49]/Q   |outReg/Q_reg[49]/D
80   |default|vsysclk|vsysclk|2000.0|  27.3|    1|1840.2|M64/c_reg[48]/Q   |outReg/Q_reg[48]/D
81   |default|vsysclk|vsysclk|2000.0|  27.3|    1|1840.2|M64/c_reg[47]/Q   |outReg/Q_reg[47]/D
82   |default|vsysclk|vsysclk|2000.0|  27.3|    1|1840.2|M64/c_reg[46]/Q   |outReg/Q_reg[46]/D
83   |default|vsysclk|vsysclk|2000.0|  27.3|    1|1840.2|M64/c_reg[45]/Q   |outReg/Q_reg[45]/D
84   |default|vsysclk|vsysclk|2000.0|  27.3|    1|1840.2|M64/c_reg[44]/Q   |outReg/Q_reg[44]/D
85   |default|vsysclk|vsysclk|2000.0|  27.3|    1|1840.2|M64/c_reg[43]/Q   |outReg/Q_reg[43]/D
86   |default|vsysclk|vsysclk|2000.0|  27.3|    1|1840.2|M64/c_reg[42]/Q   |outReg/Q_reg[42]/D
87   |default|vsysclk|vsysclk|2000.0|  27.3|    1|1840.2|M64/c_reg[41]/Q   |outReg/Q_reg[41]/D
88   |default|vsysclk|vsysclk|2000.0|  27.3|    1|1840.2|M64/c_reg[40]/Q   |outReg/Q_reg[40]/D
89   |default|vsysclk|vsysclk|2000.0|  27.3|    1|1840.2|M64/c_reg[39]/Q   |outReg/Q_reg[39]/D
90   |default|vsysclk|vsysclk|2000.0|  27.3|    1|1840.2|M64/c_reg[38]/Q   |outReg/Q_reg[38]/D
91   |default|vsysclk|vsysclk|2000.0|  27.3|    1|1840.2|M64/c_reg[37]/Q   |outReg/Q_reg[37]/D
92   |default|vsysclk|vsysclk|2000.0|  27.3|    1|1840.2|M64/c_reg[36]/Q   |outReg/Q_reg[36]/D
93   |default|vsysclk|vsysclk|2000.0|  27.3|    1|1840.2|M64/c_reg[35]/Q   |outReg/Q_reg[35]/D
94   |default|vsysclk|vsysclk|2000.0|  27.3|    1|1840.2|M64/c_reg[34]/Q   |outReg/Q_reg[34]/D
95   |default|vsysclk|vsysclk|2000.0|  27.3|    1|1840.2|M64/c_reg[33]/Q   |outReg/Q_reg[33]/D
96   |default|vsysclk|vsysclk|2000.0|  27.3|    1|1840.2|M64/c_reg[32]/Q   |outReg/Q_reg[32]/D
97   |default|vsysclk|vsysclk|2000.0|  27.3|    1|1840.2|M64/c_reg[31]/Q   |outReg/Q_reg[31]/D
98   |default|vsysclk|vsysclk|2000.0|  27.3|    1|1840.2|M64/c_reg[30]/Q   |outReg/Q_reg[30]/D
99   |default|vsysclk|vsysclk|2000.0|  27.3|    1|1840.2|M64/c_reg[29]/Q   |outReg/Q_reg[29]/D
100  |default|vsysclk|vsysclk|2000.0|  27.3|    1|1840.2|M64/c_reg[28]/Q   |outReg/Q_reg[28]/D
101  |default|vsysclk|vsysclk|2000.0|  27.3|    1|1840.2|M64/c_reg[27]/Q   |outReg/Q_reg[27]/D
102  |default|vsysclk|vsysclk|2000.0|  27.3|    1|1840.2|M64/c_reg[26]/Q   |outReg/Q_reg[26]/D
103  |default|vsysclk|vsysclk|2000.0|  27.3|    1|1840.2|M64/c_reg[25]/Q   |outReg/Q_reg[25]/D
104  |default|vsysclk|vsysclk|2000.0|  27.3|    1|1840.2|M64/c_reg[24]/Q   |outReg/Q_reg[24]/D
105  |default|vsysclk|vsysclk|2000.0|  27.3|    1|1840.2|M64/c_reg[23]/Q   |outReg/Q_reg[23]/D
106  |default|vsysclk|vsysclk|2000.0|  27.3|    1|1840.2|M64/c_reg[22]/Q   |outReg/Q_reg[22]/D
107  |default|vsysclk|vsysclk|2000.0|  27.3|    1|1840.2|M64/c_reg[21]/Q   |outReg/Q_reg[21]/D
108  |default|vsysclk|vsysclk|2000.0|  27.3|    1|1840.2|M64/c_reg[20]/Q   |outReg/Q_reg[20]/D
109  |default|vsysclk|vsysclk|2000.0|  27.3|    1|1840.2|M64/c_reg[19]/Q   |outReg/Q_reg[19]/D
110  |default|vsysclk|vsysclk|2000.0|  27.3|    1|1840.2|M64/c_reg[18]/Q   |outReg/Q_reg[18]/D
111  |default|vsysclk|vsysclk|2000.0|  27.3|    1|1840.2|M64/c_reg[17]/Q   |outReg/Q_reg[17]/D
112  |default|vsysclk|vsysclk|2000.0|  27.3|    1|1840.2|M64/c_reg[16]/Q   |outReg/Q_reg[16]/D
113  |default|vsysclk|vsysclk|2000.0|  27.3|    1|1840.2|M64/c_reg[15]/Q   |outReg/Q_reg[15]/D
114  |default|vsysclk|vsysclk|2000.0|  27.3|    1|1840.2|M64/c_reg[14]/Q   |outReg/Q_reg[14]/D
115  |default|vsysclk|vsysclk|2000.0|  27.3|    1|1840.2|M64/c_reg[13]/Q   |outReg/Q_reg[13]/D
116  |default|vsysclk|vsysclk|2000.0|  27.3|    1|1840.2|M64/c_reg[12]/Q   |outReg/Q_reg[12]/D
117  |default|vsysclk|vsysclk|2000.0|  27.3|    1|1840.2|M64/c_reg[11]/Q   |outReg/Q_reg[11]/D
118  |default|vsysclk|vsysclk|2000.0|  27.3|    1|1840.2|M64/c_reg[10]/Q   |outReg/Q_reg[10]/D
119  |default|vsysclk|vsysclk|2000.0|  27.3|    1|1840.2|M64/c_reg[9]/Q    |outReg/Q_reg[9]/D 
120  |default|vsysclk|vsysclk|2000.0|  27.3|    1|1840.2|M64/c_reg[8]/Q    |outReg/Q_reg[8]/D 
121  |default|vsysclk|vsysclk|2000.0|  27.3|    1|1840.2|M64/c_reg[7]/Q    |outReg/Q_reg[7]/D 
122  |default|vsysclk|vsysclk|2000.0|  27.3|    1|1840.2|M64/c_reg[6]/Q    |outReg/Q_reg[6]/D 
123  |default|vsysclk|vsysclk|2000.0|  27.3|    1|1840.2|M64/c_reg[5]/Q    |outReg/Q_reg[5]/D 
124  |default|vsysclk|vsysclk|2000.0|  27.3|    1|1840.2|M64/c_reg[4]/Q    |outReg/Q_reg[4]/D 
125  |default|vsysclk|vsysclk|2000.0|  27.3|    1|1840.2|M64/c_reg[3]/Q    |outReg/Q_reg[3]/D 
126  |default|vsysclk|vsysclk|2000.0|  27.3|    1|1840.2|M64/c_reg[2]/Q    |outReg/Q_reg[2]/D 
127  |default|vsysclk|vsysclk|2000.0|  27.3|    1|1840.2|M64/c_reg[1]/Q    |outReg/Q_reg[1]/D 
128  |default|vsysclk|vsysclk|2000.0|  27.3|    1|1840.2|M64/c_reg[0]/Q    |outReg/Q_reg[0]/D 
-----+-------+-------+-------+------+------+-----+------+------------------+------------------
Report End Points: 
-----+-----+-------+-------+------+-----+-----+------+-----------+-----------------------
     |Group|Launch |Capture|Shift |Delay|Depth|Slack |Begin Point|End Point              
-----+-----+-------+-------+------+-----+-----+------+-----------+-----------------------
1    |I2R  |vsysclk|vsysclk|2000.0| 17.5|    1|1697.4|rst        |inRegA/clk_gate_Q_reg/E
2    |I2R  |vsysclk|vsysclk|2000.0| 17.5|    1|1697.4|rst        |inRegB/clk_gate_Q_reg/E
3    |I2R  |vsysclk|vsysclk|2000.0| 17.5|    1|1697.4|rst        |outReg/clk_gate_Q_reg/E
4    |I2R  |vsysclk|vsysclk|2000.0| 35.2|    2|1726.1|rst        |outReg/Q_reg[63]/D     
5    |I2R  |vsysclk|vsysclk|2000.0| 35.2|    2|1726.1|rst        |outReg/Q_reg[62]/D     
6    |I2R  |vsysclk|vsysclk|2000.0| 35.2|    2|1726.1|rst        |outReg/Q_reg[61]/D     
7    |I2R  |vsysclk|vsysclk|2000.0| 35.2|    2|1726.1|rst        |outReg/Q_reg[60]/D     
8    |I2R  |vsysclk|vsysclk|2000.0| 35.2|    2|1726.1|rst        |outReg/Q_reg[59]/D     
9    |I2R  |vsysclk|vsysclk|2000.0| 35.2|    2|1726.1|rst        |outReg/Q_reg[58]/D     
10   |I2R  |vsysclk|vsysclk|2000.0| 35.2|    2|1726.1|rst        |outReg/Q_reg[57]/D     
11   |I2R  |vsysclk|vsysclk|2000.0| 35.2|    2|1726.1|rst        |outReg/Q_reg[56]/D     
12   |I2R  |vsysclk|vsysclk|2000.0| 35.2|    2|1726.1|rst        |outReg/Q_reg[55]/D     
13   |I2R  |vsysclk|vsysclk|2000.0| 35.2|    2|1726.1|rst        |outReg/Q_reg[54]/D     
14   |I2R  |vsysclk|vsysclk|2000.0| 35.2|    2|1726.1|rst        |outReg/Q_reg[53]/D     
15   |I2R  |vsysclk|vsysclk|2000.0| 35.2|    2|1726.1|rst        |outReg/Q_reg[52]/D     
16   |I2R  |vsysclk|vsysclk|2000.0| 35.2|    2|1726.1|rst        |outReg/Q_reg[51]/D     
17   |I2R  |vsysclk|vsysclk|2000.0| 35.2|    2|1726.1|rst        |outReg/Q_reg[50]/D     
18   |I2R  |vsysclk|vsysclk|2000.0| 35.2|    2|1726.1|rst        |outReg/Q_reg[49]/D     
19   |I2R  |vsysclk|vsysclk|2000.0| 35.2|    2|1726.1|rst        |outReg/Q_reg[48]/D     
20   |I2R  |vsysclk|vsysclk|2000.0| 35.2|    2|1726.1|rst        |outReg/Q_reg[47]/D     
21   |I2R  |vsysclk|vsysclk|2000.0| 35.2|    2|1726.1|rst        |outReg/Q_reg[46]/D     
22   |I2R  |vsysclk|vsysclk|2000.0| 35.2|    2|1726.1|rst        |outReg/Q_reg[45]/D     
23   |I2R  |vsysclk|vsysclk|2000.0| 35.2|    2|1726.1|rst        |outReg/Q_reg[44]/D     
24   |I2R  |vsysclk|vsysclk|2000.0| 35.2|    2|1726.1|rst        |outReg/Q_reg[43]/D     
25   |I2R  |vsysclk|vsysclk|2000.0| 35.2|    2|1726.1|rst        |outReg/Q_reg[42]/D     
26   |I2R  |vsysclk|vsysclk|2000.0| 35.2|    2|1726.1|rst        |outReg/Q_reg[41]/D     
27   |I2R  |vsysclk|vsysclk|2000.0| 35.2|    2|1726.1|rst        |outReg/Q_reg[40]/D     
28   |I2R  |vsysclk|vsysclk|2000.0| 35.2|    2|1726.1|rst        |outReg/Q_reg[39]/D     
29   |I2R  |vsysclk|vsysclk|2000.0| 35.2|    2|1726.1|rst        |outReg/Q_reg[38]/D     
30   |I2R  |vsysclk|vsysclk|2000.0| 35.2|    2|1726.1|rst        |outReg/Q_reg[37]/D     
31   |I2R  |vsysclk|vsysclk|2000.0| 35.2|    2|1726.1|rst        |outReg/Q_reg[36]/D     
32   |I2R  |vsysclk|vsysclk|2000.0| 35.2|    2|1726.1|rst        |outReg/Q_reg[35]/D     
33   |I2R  |vsysclk|vsysclk|2000.0| 35.2|    2|1726.1|rst        |outReg/Q_reg[34]/D     
34   |I2R  |vsysclk|vsysclk|2000.0| 35.2|    2|1726.1|rst        |outReg/Q_reg[33]/D     
35   |I2R  |vsysclk|vsysclk|2000.0| 35.2|    2|1726.1|rst        |outReg/Q_reg[32]/D     
36   |I2R  |vsysclk|vsysclk|2000.0| 35.2|    2|1726.1|rst        |outReg/Q_reg[31]/D     
37   |I2R  |vsysclk|vsysclk|2000.0| 35.2|    2|1726.1|rst        |outReg/Q_reg[30]/D     
38   |I2R  |vsysclk|vsysclk|2000.0| 35.2|    2|1726.1|rst        |outReg/Q_reg[29]/D     
39   |I2R  |vsysclk|vsysclk|2000.0| 35.2|    2|1726.1|rst        |outReg/Q_reg[28]/D     
40   |I2R  |vsysclk|vsysclk|2000.0| 35.2|    2|1726.1|rst        |outReg/Q_reg[27]/D     
41   |I2R  |vsysclk|vsysclk|2000.0| 35.2|    2|1726.1|rst        |outReg/Q_reg[26]/D     
42   |I2R  |vsysclk|vsysclk|2000.0| 35.2|    2|1726.1|rst        |outReg/Q_reg[25]/D     
43   |I2R  |vsysclk|vsysclk|2000.0| 35.2|    2|1726.1|rst        |outReg/Q_reg[24]/D     
44   |I2R  |vsysclk|vsysclk|2000.0| 35.2|    2|1726.1|rst        |outReg/Q_reg[23]/D     
45   |I2R  |vsysclk|vsysclk|2000.0| 35.2|    2|1726.1|rst        |outReg/Q_reg[22]/D     
46   |I2R  |vsysclk|vsysclk|2000.0| 35.2|    2|1726.1|rst        |outReg/Q_reg[21]/D     
47   |I2R  |vsysclk|vsysclk|2000.0| 35.2|    2|1726.1|rst        |outReg/Q_reg[20]/D     
48   |I2R  |vsysclk|vsysclk|2000.0| 35.2|    2|1726.1|rst        |outReg/Q_reg[19]/D     
49   |I2R  |vsysclk|vsysclk|2000.0| 35.2|    2|1726.1|rst        |outReg/Q_reg[18]/D     
50   |I2R  |vsysclk|vsysclk|2000.0| 35.2|    2|1726.1|rst        |outReg/Q_reg[17]/D     
51   |I2R  |vsysclk|vsysclk|2000.0| 35.2|    2|1726.1|rst        |outReg/Q_reg[16]/D     
52   |I2R  |vsysclk|vsysclk|2000.0| 35.2|    2|1726.1|rst        |outReg/Q_reg[15]/D     
53   |I2R  |vsysclk|vsysclk|2000.0| 35.2|    2|1726.1|rst        |outReg/Q_reg[14]/D     
54   |I2R  |vsysclk|vsysclk|2000.0| 35.2|    2|1726.1|rst        |outReg/Q_reg[13]/D     
55   |I2R  |vsysclk|vsysclk|2000.0| 35.2|    2|1726.1|rst        |outReg/Q_reg[12]/D     
56   |I2R  |vsysclk|vsysclk|2000.0| 35.2|    2|1726.1|rst        |outReg/Q_reg[11]/D     
57   |I2R  |vsysclk|vsysclk|2000.0| 35.2|    2|1726.1|rst        |outReg/Q_reg[10]/D     
58   |I2R  |vsysclk|vsysclk|2000.0| 35.2|    2|1726.1|rst        |outReg/Q_reg[9]/D      
59   |I2R  |vsysclk|vsysclk|2000.0| 35.2|    2|1726.1|rst        |outReg/Q_reg[8]/D      
60   |I2R  |vsysclk|vsysclk|2000.0| 35.2|    2|1726.1|rst        |outReg/Q_reg[7]/D      
61   |I2R  |vsysclk|vsysclk|2000.0| 35.2|    2|1726.1|rst        |outReg/Q_reg[6]/D      
62   |I2R  |vsysclk|vsysclk|2000.0| 35.2|    2|1726.1|rst        |outReg/Q_reg[5]/D      
63   |I2R  |vsysclk|vsysclk|2000.0| 35.2|    2|1726.1|rst        |outReg/Q_reg[4]/D      
64   |I2R  |vsysclk|vsysclk|2000.0| 35.2|    2|1726.1|rst        |outReg/Q_reg[3]/D      
65   |I2R  |vsysclk|vsysclk|2000.0| 35.2|    2|1726.1|rst        |outReg/Q_reg[2]/D      
66   |I2R  |vsysclk|vsysclk|2000.0| 35.2|    2|1726.1|rst        |outReg/Q_reg[1]/D      
67   |I2R  |vsysclk|vsysclk|2000.0| 35.2|    2|1726.1|rst        |outReg/Q_reg[0]/D      
68   |I2R  |vsysclk|vsysclk|2000.0| 31.0|    2|1730.3|rst        |inRegA/Q_reg[31]/D     
69   |I2R  |vsysclk|vsysclk|2000.0| 31.0|    2|1730.3|rst        |inRegA/Q_reg[30]/D     
70   |I2R  |vsysclk|vsysclk|2000.0| 31.0|    2|1730.3|rst        |inRegA/Q_reg[29]/D     
71   |I2R  |vsysclk|vsysclk|2000.0| 31.0|    2|1730.3|rst        |inRegA/Q_reg[28]/D     
72   |I2R  |vsysclk|vsysclk|2000.0| 31.0|    2|1730.3|rst        |inRegA/Q_reg[27]/D     
73   |I2R  |vsysclk|vsysclk|2000.0| 31.0|    2|1730.3|rst        |inRegA/Q_reg[26]/D     
74   |I2R  |vsysclk|vsysclk|2000.0| 31.0|    2|1730.3|rst        |inRegA/Q_reg[25]/D     
75   |I2R  |vsysclk|vsysclk|2000.0| 31.0|    2|1730.3|rst        |inRegA/Q_reg[24]/D     
76   |I2R  |vsysclk|vsysclk|2000.0| 31.0|    2|1730.3|rst        |inRegA/Q_reg[23]/D     
77   |I2R  |vsysclk|vsysclk|2000.0| 31.0|    2|1730.3|rst        |inRegA/Q_reg[22]/D     
78   |I2R  |vsysclk|vsysclk|2000.0| 31.0|    2|1730.3|rst        |inRegA/Q_reg[21]/D     
79   |I2R  |vsysclk|vsysclk|2000.0| 31.0|    2|1730.3|rst        |inRegA/Q_reg[20]/D     
80   |I2R  |vsysclk|vsysclk|2000.0| 31.0|    2|1730.3|rst        |inRegA/Q_reg[19]/D     
81   |I2R  |vsysclk|vsysclk|2000.0| 31.0|    2|1730.3|rst        |inRegA/Q_reg[18]/D     
82   |I2R  |vsysclk|vsysclk|2000.0| 31.0|    2|1730.3|rst        |inRegA/Q_reg[17]/D     
83   |I2R  |vsysclk|vsysclk|2000.0| 31.0|    2|1730.3|rst        |inRegA/Q_reg[16]/D     
84   |I2R  |vsysclk|vsysclk|2000.0| 31.0|    2|1730.3|rst        |inRegA/Q_reg[15]/D     
85   |I2R  |vsysclk|vsysclk|2000.0| 31.0|    2|1730.3|rst        |inRegA/Q_reg[14]/D     
86   |I2R  |vsysclk|vsysclk|2000.0| 31.0|    2|1730.3|rst        |inRegA/Q_reg[13]/D     
87   |I2R  |vsysclk|vsysclk|2000.0| 31.0|    2|1730.3|rst        |inRegA/Q_reg[12]/D     
88   |I2R  |vsysclk|vsysclk|2000.0| 31.0|    2|1730.3|rst        |inRegA/Q_reg[11]/D     
89   |I2R  |vsysclk|vsysclk|2000.0| 31.0|    2|1730.3|rst        |inRegA/Q_reg[10]/D     
90   |I2R  |vsysclk|vsysclk|2000.0| 31.0|    2|1730.3|rst        |inRegA/Q_reg[9]/D      
91   |I2R  |vsysclk|vsysclk|2000.0| 31.0|    2|1730.3|rst        |inRegA/Q_reg[8]/D      
92   |I2R  |vsysclk|vsysclk|2000.0| 31.0|    2|1730.3|rst        |inRegA/Q_reg[7]/D      
93   |I2R  |vsysclk|vsysclk|2000.0| 31.0|    2|1730.3|rst        |inRegA/Q_reg[6]/D      
94   |I2R  |vsysclk|vsysclk|2000.0| 31.0|    2|1730.3|rst        |inRegA/Q_reg[5]/D      
95   |I2R  |vsysclk|vsysclk|2000.0| 31.0|    2|1730.3|rst        |inRegA/Q_reg[4]/D      
96   |I2R  |vsysclk|vsysclk|2000.0| 31.0|    2|1730.3|rst        |inRegA/Q_reg[3]/D      
97   |I2R  |vsysclk|vsysclk|2000.0| 31.0|    2|1730.3|rst        |inRegA/Q_reg[2]/D      
98   |I2R  |vsysclk|vsysclk|2000.0| 31.0|    2|1730.3|rst        |inRegA/Q_reg[1]/D      
99   |I2R  |vsysclk|vsysclk|2000.0| 31.0|    2|1730.3|rst        |inRegA/Q_reg[0]/D      
100  |I2R  |vsysclk|vsysclk|2000.0| 31.0|    2|1730.3|rst        |inRegB/Q_reg[31]/D     
101  |I2R  |vsysclk|vsysclk|2000.0| 31.0|    2|1730.3|rst        |inRegB/Q_reg[30]/D     
102  |I2R  |vsysclk|vsysclk|2000.0| 31.0|    2|1730.3|rst        |inRegB/Q_reg[29]/D     
103  |I2R  |vsysclk|vsysclk|2000.0| 31.0|    2|1730.3|rst        |inRegB/Q_reg[28]/D     
104  |I2R  |vsysclk|vsysclk|2000.0| 31.0|    2|1730.3|rst        |inRegB/Q_reg[27]/D     
105  |I2R  |vsysclk|vsysclk|2000.0| 31.0|    2|1730.3|rst        |inRegB/Q_reg[26]/D     
106  |I2R  |vsysclk|vsysclk|2000.0| 31.0|    2|1730.3|rst        |inRegB/Q_reg[25]/D     
107  |I2R  |vsysclk|vsysclk|2000.0| 31.0|    2|1730.3|rst        |inRegB/Q_reg[24]/D     
108  |I2R  |vsysclk|vsysclk|2000.0| 31.0|    2|1730.3|rst        |inRegB/Q_reg[23]/D     
109  |I2R  |vsysclk|vsysclk|2000.0| 31.0|    2|1730.3|rst        |inRegB/Q_reg[22]/D     
110  |I2R  |vsysclk|vsysclk|2000.0| 31.0|    2|1730.3|rst        |inRegB/Q_reg[21]/D     
111  |I2R  |vsysclk|vsysclk|2000.0| 31.0|    2|1730.3|rst        |inRegB/Q_reg[20]/D     
112  |I2R  |vsysclk|vsysclk|2000.0| 31.0|    2|1730.3|rst        |inRegB/Q_reg[19]/D     
113  |I2R  |vsysclk|vsysclk|2000.0| 31.0|    2|1730.3|rst        |inRegB/Q_reg[18]/D     
114  |I2R  |vsysclk|vsysclk|2000.0| 31.0|    2|1730.3|rst        |inRegB/Q_reg[17]/D     
115  |I2R  |vsysclk|vsysclk|2000.0| 31.0|    2|1730.3|rst        |inRegB/Q_reg[16]/D     
116  |I2R  |vsysclk|vsysclk|2000.0| 31.0|    2|1730.3|rst        |inRegB/Q_reg[15]/D     
117  |I2R  |vsysclk|vsysclk|2000.0| 31.0|    2|1730.3|rst        |inRegB/Q_reg[14]/D     
118  |I2R  |vsysclk|vsysclk|2000.0| 31.0|    2|1730.3|rst        |inRegB/Q_reg[13]/D     
119  |I2R  |vsysclk|vsysclk|2000.0| 31.0|    2|1730.3|rst        |inRegB/Q_reg[12]/D     
120  |I2R  |vsysclk|vsysclk|2000.0| 31.0|    2|1730.3|rst        |inRegB/Q_reg[11]/D     
121  |I2R  |vsysclk|vsysclk|2000.0| 31.0|    2|1730.3|rst        |inRegB/Q_reg[10]/D     
122  |I2R  |vsysclk|vsysclk|2000.0| 31.0|    2|1730.3|rst        |inRegB/Q_reg[9]/D      
123  |I2R  |vsysclk|vsysclk|2000.0| 31.0|    2|1730.3|rst        |inRegB/Q_reg[8]/D      
124  |I2R  |vsysclk|vsysclk|2000.0| 31.0|    2|1730.3|rst        |inRegB/Q_reg[7]/D      
125  |I2R  |vsysclk|vsysclk|2000.0| 31.0|    2|1730.3|rst        |inRegB/Q_reg[6]/D      
126  |I2R  |vsysclk|vsysclk|2000.0| 31.0|    2|1730.3|rst        |inRegB/Q_reg[5]/D      
127  |I2R  |vsysclk|vsysclk|2000.0| 31.0|    2|1730.3|rst        |inRegB/Q_reg[4]/D      
128  |I2R  |vsysclk|vsysclk|2000.0| 31.0|    2|1730.3|rst        |inRegB/Q_reg[3]/D      
129  |I2R  |vsysclk|vsysclk|2000.0| 31.0|    2|1730.3|rst        |inRegB/Q_reg[2]/D      
130  |I2R  |vsysclk|vsysclk|2000.0| 31.0|    2|1730.3|rst        |inRegB/Q_reg[1]/D      
131  |I2R  |vsysclk|vsysclk|2000.0| 31.0|    2|1730.3|rst        |inRegB/Q_reg[0]/D      
-----+-----+-------+-------+------+-----+-----+------+-----------+-----------------------
Report End Points: 
-----+-----+------+-------+-----+-----+-----+-----+-----------+---------
     |Group|Launch|Capture|Shift|Delay|Depth|Slack|Begin Point|End Point
-----+-----+------+-------+-----+-----+-----+-----+-----------+---------
1    |I2O  |      |       |     |     |     |     |           |         
-----+-----+------+-------+-----+-----+-----+-----+-----------+---------
Report End Points: 
-----+-----+-------+-------+------+-----+-----+------+------------------+---------
     |Group|Launch |Capture|Shift |Delay|Depth|Slack |Begin Point       |End Point
-----+-----+-------+-------+------+-----+-----+------+------------------+---------
1    |R2O  |vsysclk|vsysclk|2000.0|  0.9|    0|1384.7|outReg/Q_reg[61]/Q|c[61]    
2    |R2O  |vsysclk|vsysclk|2000.0|  0.9|    0|1384.7|outReg/Q_reg[60]/Q|c[60]    
3    |R2O  |vsysclk|vsysclk|2000.0|  0.9|    0|1384.7|outReg/Q_reg[58]/Q|c[58]    
4    |R2O  |vsysclk|vsysclk|2000.0|  0.9|    0|1384.7|outReg/Q_reg[57]/Q|c[57]    
5    |R2O  |vsysclk|vsysclk|2000.0|  0.9|    0|1384.7|outReg/Q_reg[53]/Q|c[53]    
6    |R2O  |vsysclk|vsysclk|2000.0|  0.9|    0|1384.7|outReg/Q_reg[52]/Q|c[52]    
7    |R2O  |vsysclk|vsysclk|2000.0|  0.9|    0|1384.7|outReg/Q_reg[49]/Q|c[49]    
8    |R2O  |vsysclk|vsysclk|2000.0|  0.9|    0|1384.8|outReg/Q_reg[50]/Q|c[50]    
9    |R2O  |vsysclk|vsysclk|2000.0|  0.9|    0|1384.8|outReg/Q_reg[45]/Q|c[45]    
10   |R2O  |vsysclk|vsysclk|2000.0|  0.9|    0|1384.8|outReg/Q_reg[44]/Q|c[44]    
11   |R2O  |vsysclk|vsysclk|2000.0|  0.9|    0|1384.8|outReg/Q_reg[42]/Q|c[42]    
12   |R2O  |vsysclk|vsysclk|2000.0|  0.9|    0|1384.8|outReg/Q_reg[41]/Q|c[41]    
13   |R2O  |vsysclk|vsysclk|2000.0|  0.9|    0|1384.8|outReg/Q_reg[37]/Q|c[37]    
14   |R2O  |vsysclk|vsysclk|2000.0|  0.9|    0|1384.8|outReg/Q_reg[36]/Q|c[36]    
15   |R2O  |vsysclk|vsysclk|2000.0|  0.9|    0|1384.8|outReg/Q_reg[34]/Q|c[34]    
16   |R2O  |vsysclk|vsysclk|2000.0|  0.9|    0|1384.8|outReg/Q_reg[33]/Q|c[33]    
17   |R2O  |vsysclk|vsysclk|2000.0|  0.9|    0|1384.8|outReg/Q_reg[29]/Q|c[29]    
18   |R2O  |vsysclk|vsysclk|2000.0|  0.9|    0|1384.8|outReg/Q_reg[28]/Q|c[28]    
19   |R2O  |vsysclk|vsysclk|2000.0|  0.9|    0|1384.9|outReg/Q_reg[63]/Q|c[63]    
20   |R2O  |vsysclk|vsysclk|2000.0|  0.9|    0|1384.9|outReg/Q_reg[62]/Q|c[62]    
21   |R2O  |vsysclk|vsysclk|2000.0|  0.9|    0|1384.9|outReg/Q_reg[59]/Q|c[59]    
22   |R2O  |vsysclk|vsysclk|2000.0|  0.9|    0|1384.9|outReg/Q_reg[56]/Q|c[56]    
23   |R2O  |vsysclk|vsysclk|2000.0|  0.9|    0|1384.9|outReg/Q_reg[55]/Q|c[55]    
24   |R2O  |vsysclk|vsysclk|2000.0|  0.9|    0|1384.9|outReg/Q_reg[54]/Q|c[54]    
25   |R2O  |vsysclk|vsysclk|2000.0|  0.9|    0|1384.9|outReg/Q_reg[51]/Q|c[51]    
26   |R2O  |vsysclk|vsysclk|2000.0|  0.9|    0|1384.9|outReg/Q_reg[48]/Q|c[48]    
27   |R2O  |vsysclk|vsysclk|2000.0|  0.9|    0|1384.9|outReg/Q_reg[47]/Q|c[47]    
28   |R2O  |vsysclk|vsysclk|2000.0|  0.9|    0|1384.9|outReg/Q_reg[26]/Q|c[26]    
29   |R2O  |vsysclk|vsysclk|2000.0|  0.9|    0|1384.9|outReg/Q_reg[25]/Q|c[25]    
30   |R2O  |vsysclk|vsysclk|2000.0|  0.9|    0|1384.9|outReg/Q_reg[21]/Q|c[21]    
31   |R2O  |vsysclk|vsysclk|2000.0|  0.9|    0|1384.9|outReg/Q_reg[20]/Q|c[20]    
32   |R2O  |vsysclk|vsysclk|2000.0|  0.9|    0|1384.9|outReg/Q_reg[18]/Q|c[18]    
33   |R2O  |vsysclk|vsysclk|2000.0|  0.9|    0|1384.9|outReg/Q_reg[17]/Q|c[17]    
34   |R2O  |vsysclk|vsysclk|2000.0|  0.9|    0|1384.9|outReg/Q_reg[13]/Q|c[13]    
35   |R2O  |vsysclk|vsysclk|2000.0|  0.9|    0|1384.9|outReg/Q_reg[12]/Q|c[12]    
36   |R2O  |vsysclk|vsysclk|2000.0|  0.9|    0|1384.9|outReg/Q_reg[10]/Q|c[10]    
37   |R2O  |vsysclk|vsysclk|2000.0|  0.9|    0|1384.9|outReg/Q_reg[9]/Q |c[9]     
38   |R2O  |vsysclk|vsysclk|2000.0|  0.9|    0|1385.0|outReg/Q_reg[46]/Q|c[46]    
39   |R2O  |vsysclk|vsysclk|2000.0|  0.9|    0|1385.0|outReg/Q_reg[43]/Q|c[43]    
40   |R2O  |vsysclk|vsysclk|2000.0|  0.9|    0|1385.0|outReg/Q_reg[40]/Q|c[40]    
41   |R2O  |vsysclk|vsysclk|2000.0|  0.9|    0|1385.0|outReg/Q_reg[39]/Q|c[39]    
42   |R2O  |vsysclk|vsysclk|2000.0|  0.9|    0|1385.0|outReg/Q_reg[38]/Q|c[38]    
43   |R2O  |vsysclk|vsysclk|2000.0|  0.9|    0|1385.0|outReg/Q_reg[35]/Q|c[35]    
44   |R2O  |vsysclk|vsysclk|2000.0|  0.9|    0|1385.0|outReg/Q_reg[32]/Q|c[32]    
45   |R2O  |vsysclk|vsysclk|2000.0|  0.9|    0|1385.0|outReg/Q_reg[31]/Q|c[31]    
46   |R2O  |vsysclk|vsysclk|2000.0|  0.9|    0|1385.0|outReg/Q_reg[30]/Q|c[30]    
47   |R2O  |vsysclk|vsysclk|2000.0|  0.9|    0|1385.0|outReg/Q_reg[27]/Q|c[27]    
48   |R2O  |vsysclk|vsysclk|2000.0|  0.9|    0|1385.0|outReg/Q_reg[5]/Q |c[5]     
49   |R2O  |vsysclk|vsysclk|2000.0|  0.9|    0|1385.0|outReg/Q_reg[4]/Q |c[4]     
50   |R2O  |vsysclk|vsysclk|2000.0|  0.9|    0|1385.0|outReg/Q_reg[2]/Q |c[2]     
51   |R2O  |vsysclk|vsysclk|2000.0|  0.9|    0|1385.0|outReg/Q_reg[1]/Q |c[1]     
52   |R2O  |vsysclk|vsysclk|2000.0|  0.9|    0|1385.1|outReg/Q_reg[24]/Q|c[24]    
53   |R2O  |vsysclk|vsysclk|2000.0|  0.9|    0|1385.1|outReg/Q_reg[23]/Q|c[23]    
54   |R2O  |vsysclk|vsysclk|2000.0|  0.9|    0|1385.1|outReg/Q_reg[22]/Q|c[22]    
55   |R2O  |vsysclk|vsysclk|2000.0|  0.9|    0|1385.1|outReg/Q_reg[19]/Q|c[19]    
56   |R2O  |vsysclk|vsysclk|2000.0|  0.9|    0|1385.1|outReg/Q_reg[16]/Q|c[16]    
57   |R2O  |vsysclk|vsysclk|2000.0|  0.9|    0|1385.1|outReg/Q_reg[15]/Q|c[15]    
58   |R2O  |vsysclk|vsysclk|2000.0|  0.9|    0|1385.1|outReg/Q_reg[14]/Q|c[14]    
59   |R2O  |vsysclk|vsysclk|2000.0|  0.9|    0|1385.1|outReg/Q_reg[11]/Q|c[11]    
60   |R2O  |vsysclk|vsysclk|2000.0|  0.9|    0|1385.1|outReg/Q_reg[8]/Q |c[8]     
61   |R2O  |vsysclk|vsysclk|2000.0|  0.9|    0|1385.1|outReg/Q_reg[7]/Q |c[7]     
62   |R2O  |vsysclk|vsysclk|2000.0|  0.9|    0|1385.1|outReg/Q_reg[6]/Q |c[6]     
63   |R2O  |vsysclk|vsysclk|2000.0|  0.9|    0|1385.1|outReg/Q_reg[3]/Q |c[3]     
64   |R2O  |vsysclk|vsysclk|2000.0|  0.9|    0|1385.2|outReg/Q_reg[0]/Q |c[0]     
-----+-----+-------+-------+------+-----+-----+------+------------------+---------
