Report 'report_power_summary': Power
Generated on Fri Dec 23 03:05:01 2022
  
---------------------------------------------------------------------------
|                        Power Summary (nanowatt)                         |
|-------------------------------------------------------------------------|
| Component          Internal Switching  Dynamic Leakage  Total   Percent | 
|-------------------------------------------------------------------------|
| Entire design       1457254    813926  2271180   57480  2328660  100.00 | 
|                                                                         | 
| Power of all cells  1457254    561308  2018562   57480  2076041   89.15 | 
|   Clock cells         70947     11814    82761     499    83260    3.58 | 
|   Data cells        1386306    549494  1935801   56980  1992781   85.58 | 
|     Combinational    413708    445151   858859   41424   900283   38.66 | 
|     Registers        972458    104343  1076801   15556  1092357   46.91 | 
|     Macros                0         0        0       0        0    0.00 | 
|     Physical              0         0        0       0        0    0.00 | 
|                                                                         | 
| Power of all nets              252618   252618           252618   10.85 | 
|   Clock nets                    84179    84179            84179    3.61 | 
|     Clock leaves                70430    70430            70430    3.02 | 
|   Data nets                    168439   168439           168439    7.23 | 
---------------------------------------------------------------------------


info UI33: performed report_power_summary for 0 sec (CPU time: 0 sec; MEM: RSS - 438M, CVMEM - 1788M, PVMEM - 2637M)
------------------------------------------------------------------------------------------------------------------------------------------------
| Corner     Enable Setup Hold  CRPR       SI    Power            EM   Voltage Drop DRC        Process                    RC Temp Scale Factor | 
|----------------------------------------------------------------------------------------------------------------------------------------------|
| slow       false  true  false setup_hold none  leakage          none none         trans, cap new_rcmaster_techFreePDK45 25      1            | 
| fast       false  false false setup_hold none  leakage          none none         trans, cap new_rcmaster_techFreePDK45 25      1            | 
| corner_0_0 true   true  true  setup_hold delay leakage, dynamic none none         trans, cap new_rcmaster_techFreePDK45 25      1            | 
------------------------------------------------------------------------------------------------------------------------------------------------


