Report 'report_power_summary': Power
Generated on Fri Dec 23 03:40:43 2022
  
---------------------------------------------------------------------------
|                        Power Summary (nanowatt)                         |
|-------------------------------------------------------------------------|
| Component          Internal Switching  Dynamic Leakage  Total   Percent | 
|-------------------------------------------------------------------------|
| Entire design       1253466    600403  1853869   50507  1904377  100.00 | 
|                                                                         | 
| Power of all cells  1253466    425218  1678684   50507  1729192   90.80 | 
|   Clock cells         29867      3290    33157     174    33331    1.75 | 
|   Data cells        1223554    421928  1645483   50334  1695816   89.05 | 
|     Combinational    372774    349792   722566   36982   759548   39.88 | 
|     Registers        850529     72136   922666   13351   936017   49.15 | 
|     Macros                0         0        0       0        0    0.00 | 
|     Physical              0         0        0       0        0    0.00 | 
|                                                                         | 
| Power of all nets              175185   175185           175185    9.20 | 
|   Clock nets                    51500    51500            51500    2.70 | 
|     Clock leaves                51500    51500            51500    2.70 | 
|   Data nets                    123685   123685           123685    6.49 | 
---------------------------------------------------------------------------


info UI33: performed report_power_summary for 0 sec (CPU time: 0 sec; MEM: RSS - 377M, CVMEM - 1841M, PVMEM - 2637M)
-----------------------------------------------------------------------------------------------------------------------------------------------
| Corner     Enable Setup Hold  CRPR       SI   Power            EM   Voltage Drop DRC        Process                    RC Temp Scale Factor | 
|---------------------------------------------------------------------------------------------------------------------------------------------|
| slow       false  true  false setup_hold none leakage          none none         trans, cap new_rcmaster_techFreePDK45 25      1            | 
| fast       false  false false setup_hold none leakage          none none         trans, cap new_rcmaster_techFreePDK45 25      1            | 
| corner_0_0 true   true  true  setup_hold none leakage, dynamic none none         trans, cap new_rcmaster_techFreePDK45 25      1            | 
-----------------------------------------------------------------------------------------------------------------------------------------------


