#---------------------------------------------------------------------
# start session at Tue Jan 3 18:07:36 2023
# Exec path is /home/vlsi/Installation/Nitro/nitroPack-2019.1.R2a/nitro/arch/linux/x86_64/2.12/64/bin
#---------------------------------------------------------------------
----------------------------------------------------------------------------------
|     Nitro-SoC version 2019.1.R2 1.68700.2.290 Fri Nov 29 21:06:00 PST 2019     | 
| Running on localhost.localdomain 4cores 7.3GBytes 2.6GHz 64bits mode pid 12557 | 
|              Copyright (c) 2003-2019 Mentor Graphics Corporation               | 
|                              All Rights Reserved                               | 
|          THIS WORK CONTAINS TRADE SECRET AND PROPRIETARY INFORMATION           | 
|              WHICH IS THE PROPERTY OF MENTOR GRAPHICS CORPORATION              | 
|               OR ITS LICENSORS AND IS SUBJECT TO LICENSE TERMS.                | 
----------------------------------------------------------------------------------

Nitro-SoC> start
Nitro-SoC> read_db -file /mnt/hgfs/shared/VLSI-Multipliers/Routing/Routing/Nitro/work/db/place.db -cpus 4
info UI1340: Loading folded database from '/mnt/hgfs/shared/VLSI-Multipliers/Routing/Routing/Nitro/work/db/place.db'.
Database information: 
----------------------------------------------------------------------------------------------------
| Property Name | Property Value                                                   | Property Type | 
|---------------+------------------------------------------------------------------+---------------|
| name*         |                                                                  | string        | 
|---------------+------------------------------------------------------------------+---------------|
| file          | /mnt/hgfs/shared/VLSI-Multipliers/Routing/Routing/Nitro/work/db/ | string        | 
|               | place.db/                                                        |               | 
|---------------+------------------------------------------------------------------+---------------|
| host          | Linux (localhost.localdomain)                                    | string        | 
|---------------+------------------------------------------------------------------+---------------|
| build         | 1.68700.2.290                                                    | string        | 
|---------------+------------------------------------------------------------------+---------------|
| date          | Tue Jan 3 17:57:42 2023                                          | string        | 
|---------------+------------------------------------------------------------------+---------------|
| p_version     | 2019.1.R2                                                        | string        | 
|---------------+------------------------------------------------------------------+---------------|
| comment*      |                                                                  | string        | 
|---------------+------------------------------------------------------------------+---------------|
| db_version    | 4.0.5                                                            | string        | 
|---------------+------------------------------------------------------------------+---------------|
| is_current    | true                                                             | bool          | 
----------------------------------------------------------------------------------------------------

info UI33: performed database load for 0 sec (CPU time: 0 sec; MEM: RSS - 172M, CVMEM - 762M, PVMEM - 784M)
info UI1340: Loading libraries from '/mnt/hgfs/shared/VLSI-Multipliers/Routing/Routing/Nitro/work/db/place.db/Technology/'.
info UI33: performed library load for 0 sec (CPU time: 0 sec; MEM: RSS - 177M, CVMEM - 772M, PVMEM - 784M)
info UI1340: Loading design from '/mnt/hgfs/shared/VLSI-Multipliers/Routing/Routing/Nitro/work/db/place.db/Design'.
info Reading Scan data
info Reading Trailing data
Successfully mapped 0 checks
info UI33: performed design load for 0 sec (CPU time: 0 sec; MEM: RSS - 192M, CVMEM - 784M, PVMEM - 874M)
info UI33: performed source of /mnt/hgfs/shared/VLSI-Multipliers/Routing/Routing/Nitro/work/db/place.db/init_db.tcl for 0 sec (CPU time: 0 sec; MEM: RSS - 192M, CVMEM - 784M, PVMEM - 874M)
Nitro-SoC> zoom_to -target area -xl_area -24700a -yb_area 109457a -xr_area 518700a -yt_area 662857a
Nitro-SoC> zoom_to -target area -xl_area 52894a -yb_area 166809a -xr_area 487614a -yt_area 609529a
Nitro-SoC> zoom_to -target area -xl_area -24700a -yb_area 109456a -xr_area 518700a -yt_area 662856a
Nitro-SoC> zoom_to -target area -xl_area -283346a -yb_area -81718a -xr_area 622319a -yt_area 840614a
Nitro-SoC> zoom_to -target area -xl_area -444999a -yb_area -201201a -xr_area 687081a -yt_area 951712a
Nitro-SoC> zoom_to -target area -xl_area -283345a -yb_area -81717a -xr_area 622318a -yt_area 840612a
Nitro-SoC> zoom_to -target area -xl_area -154021a -yb_area 13869a -xr_area 570508a -yt_area 751732a
Nitro-SoC> zoom_to -target area -xl_area 18409a -yb_area 141318a -xr_area 501427a -yt_area 633226a
Nitro-SoC> zoom_to -target area -xl_area 87381a -yb_area 192297a -xr_area 473795a -yt_area 585823a
Nitro-SoC> zoom_to -target area -xl_area 142558a -yb_area 233081a -xr_area 451689a -yt_area 547901a
Nitro-SoC> zoom_to -target area -xl_area 237147a -yb_area 302995a -xr_area 413793a -yt_area 482892a
Nitro-SoC> zoom_to -target area -xl_area 279187a -yb_area 334068a -xr_area 396950a -yt_area 453999a
Nitro-SoC> zoom_to -target area -xl_area 258167a -yb_area 318531a -xr_area 405370a -yt_area 468444a
Nitro-SoC> zoom_to -target area -xl_area -162225a -yb_area 7803a -xr_area 573790a -yt_area 757368a
Nitro-SoC> zoom_to -target area -xl_area -53795a -yb_area 71251a -xr_area 535016a -yt_area 670903a
Nitro-SoC> zoom_to -target area -xl_area 32949a -yb_area 122009a -xr_area 503997a -yt_area 601730a
info TA_CMDS6300: Running Multi-Core Timing Analysis using 4 CPUs.
info TA_CMDS6300: Running Multi-Core Timing Analysis using 4 CPUs.
info EXTR538: The corner corner_0_0 check passed!
info EXTR540: The extraction technology check passed!
info CTS303: A 99um clock net has a latency lower bound of 11ps in mode new_mode corner corner_0_0 using NangateOpenCellLibrary.macro:CLKBUF_X3 library cell and MGC_CLK_NDR_1.0w2.0s NDR.
info CTS303: A 99um clock net has a latency lower bound of 3ps in mode new_mode corner corner_0_0 using NangateOpenCellLibrary.macro:INV_X32 library cell and MGC_CLK_NDR_1.0w2.0s NDR.
info CTS297: Initialization: CPU time(0 seconds)  Heap(949M)
info CTS567: Creating Clock Tree Analyzer Cockpit Table.
info CTS574: Processing root pins.
info CTS575: Found 0 root pins.
info CTS568: 0 clock source(s) found.
info CTS576: Found 1 clock source pins.
info CTS564: Loading data for clocks.
info CTS574: Processing root pins.
info CTS575: Found 0 root pins.
info CTS568: 0 clock source(s) found.
info UI155: Nitro-SoC terminated with exit status of 3 (abort).
#---------------------------------------------------------------------
# end session at Tue Jan 3 18:15:05 2023
#---------------------------------------------------------------------
