warning: No library characterized for (process = 1.00 voltage = 0.85 temperature = 25.00) can be found in the database for power domain '/PD_TOP'  [NL-174]
Report Power (instances with prefix '*' are included in total) : 
-----+--------------------+--------------------+---------------------+-------------------+-----------------
     | Instance           | Internal Power(uw) | Switching Power(uw) | Leakage Power(uw) | Total Power(uw) 
-----+--------------------+--------------------+---------------------+-------------------+-----------------
1    |*clk_gate_c_reg     |            0.024896|             0.100694|           0.059138|         0.184729
2    |*c_reg[62]          |            2.386266|             3.987118|           0.086213|         6.459597
3    |*c_reg[61]          |            2.388929|             4.012481|           0.086213|         6.487624
4    |*c_reg[60]          |            2.388929|             4.012481|           0.086213|         6.487624
5    |*c_reg[59]          |            2.388840|             3.987034|           0.086213|         6.462087
6    |*c_reg[58]          |            2.388925|             4.011110|           0.086213|         6.486248
7    |*c_reg[57]          |            2.388819|             3.981035|           0.086213|         6.456068
8    |*c_reg[56]          |            2.388908|             4.006399|           0.086213|         6.481520
9    |*c_reg[55]          |            2.388829|             3.983605|           0.086213|         6.458647
10   |*c_reg[54]          |            2.388824|             3.982319|           0.086213|         6.457356
11   |*c_reg[53]          |            2.388912|             4.007682|           0.086213|         6.482808
12   |*c_reg[52]          |            2.388912|             4.007682|           0.086213|         6.482808
13   |*c_reg[51]          |            2.388824|             3.982234|           0.086213|         6.457271
14   |*c_reg[50]          |            2.388908|             4.006312|           0.086213|         6.481433
15   |*c_reg[49]          |            2.388803|             3.976236|           0.086213|         6.451252
16   |*c_reg[48]          |            2.388891|             4.001600|           0.086213|         6.476704
17   |*c_reg[47]          |            2.388812|             3.978807|           0.086213|         6.453832
18   |*c_reg[46]          |            2.388808|             3.977520|           0.086213|         6.452541
19   |*c_reg[45]          |            2.388896|             4.002884|           0.086213|         6.477993
20   |*c_reg[44]          |            2.388896|             4.002884|           0.086213|         6.477993
21   |*c_reg[43]          |            2.388807|             3.977436|           0.086213|         6.452456
22   |*c_reg[42]          |            2.388891|             4.001513|           0.086213|         6.476617
23   |*c_reg[41]          |            2.388786|             3.971438|           0.086213|         6.446437
24   |*c_reg[40]          |            2.388875|             3.996802|           0.086213|         6.471889
25   |*c_reg[39]          |            2.388795|             3.974009|           0.086213|         6.449017
26   |*c_reg[38]          |            2.388791|             3.972722|           0.086213|         6.447725
27   |*c_reg[37]          |            2.388879|             3.998085|           0.086213|         6.473177
28   |*c_reg[36]          |            2.388879|             3.998085|           0.086213|         6.473177
29   |*c_reg[35]          |            2.388789|             3.972638|           0.086213|         6.447640
30   |*c_reg[34]          |            2.388872|             3.996715|           0.086213|         6.471799
31   |*c_reg[33]          |            2.388764|             3.966640|           0.086213|         6.441617
32   |*c_reg[32]          |            2.388848|             3.992003|           0.086213|         6.467064
33   |*c_reg[31]          |            2.388758|             3.969210|           0.086213|         6.444182
34   |*c_reg[30]          |            2.388794|             3.967923|           0.086213|         6.442930
35   |*c_reg[29]          |            2.388882|             3.993287|           0.086213|         6.468382
36   |*c_reg[28]          |            2.388882|             3.993287|           0.086213|         6.468382
37   |*c_reg[27]          |            2.388794|             3.967839|           0.086213|         6.442846
38   |*c_reg[26]          |            2.388878|             3.991916|           0.086213|         6.467007
39   |*c_reg[25]          |            2.388773|             3.961841|           0.086213|         6.436827
40   |*c_reg[24]          |            2.388861|             3.987205|           0.086213|         6.462279
41   |*c_reg[23]          |            2.388782|             3.964411|           0.086213|         6.439406
42   |*c_reg[22]          |            2.388777|             3.963125|           0.086213|         6.438115
43   |*c_reg[21]          |            2.388866|             3.988488|           0.086213|         6.463567
44   |*c_reg[20]          |            2.388866|             3.988488|           0.086213|         6.463567
45   |*c_reg[19]          |            2.388777|             3.963041|           0.086213|         6.438031
46   |*c_reg[18]          |            2.388861|             3.987117|           0.086213|         6.462191
47   |*c_reg[17]          |            2.388756|             3.957042|           0.086213|         6.432011
48   |*c_reg[16]          |            2.388844|             3.982407|           0.086213|         6.457464
49   |*c_reg[15]          |            2.388765|             3.959613|           0.086213|         6.434591
50   |*c_reg[14]          |            2.388761|             3.958326|           0.086213|         6.433300
51   |*c_reg[13]          |            2.388849|             3.983690|           0.086213|         6.458752
52   |*c_reg[12]          |            2.388849|             3.983690|           0.086213|         6.458752
53   |*c_reg[11]          |            2.388761|             3.958241|           0.086213|         6.433215
54   |*c_reg[10]          |            2.388844|             3.982319|           0.086213|         6.457376
55   |*c_reg[9]           |            2.388740|             3.952244|           0.086213|         6.427196
56   |*c_reg[8]           |            2.388828|             3.977608|           0.086213|         6.452649
57   |*c_reg[7]           |            2.388748|             3.954814|           0.086213|         6.429776
58   |*c_reg[6]           |            2.388744|             3.953527|           0.086213|         6.428484
59   |*c_reg[5]           |            2.388833|             3.978892|           0.086213|         6.453937
60   |*c_reg[4]           |            2.388833|             3.978892|           0.086213|         6.453937
61   |*c_reg[3]           |            2.388743|             3.953443|           0.086213|         6.428400
62   |*c_reg[2]           |            2.388828|             3.977520|           0.086213|         6.452561
63   |*c_reg[1]           |            2.388722|             3.947445|           0.086213|         6.422380
64   |*c_reg[0]           |            2.388811|             3.972809|           0.086213|         6.447833
65   |*i_0_4              |           19.338110|            10.102751|           2.370261|        31.811119
66   |*counter_reg[6]     |            0.897468|             0.918182|           0.086213|         1.901862
67   |*counter_reg[5]     |            0.897436|             0.913753|           0.086213|         1.897401
68   |*counter_reg[4]     |            0.897232|             0.885607|           0.086213|         1.869052
69   |*counter_reg[3]     |            0.897425|             0.912261|           0.086213|         1.895899
70   |*counter_reg[2]     |            0.897346|             0.901285|           0.086213|         1.884844
71   |*counter_reg[1]     |            0.897275|             0.891538|           0.086213|         1.875026
72   |*counter_reg[0]     |            0.899779|             2.867461|           0.086213|         3.853452
73   |*B_r_reg[31]        |            0.521497|             0.119035|           0.079112|         0.719645
74   |*B_r_reg[30]        |            0.521497|             0.119035|           0.079112|         0.719645
75   |*B_r_reg[29]        |            0.521497|             0.119035|           0.079112|         0.719645
76   |*B_r_reg[28]        |            0.521497|             0.119035|           0.079112|         0.719645
77   |*B_r_reg[27]        |            0.521497|             0.119035|           0.079112|         0.719645
78   |*B_r_reg[26]        |            0.521497|             0.119035|           0.079112|         0.719645
79   |*B_r_reg[25]        |            0.521497|             0.119035|           0.079112|         0.719645
80   |*B_r_reg[24]        |            0.521497|             0.119035|           0.079112|         0.719645
81   |*B_r_reg[23]        |            0.521497|             0.119035|           0.079112|         0.719645
82   |*B_r_reg[22]        |            0.521497|             0.119035|           0.079112|         0.719645
83   |*B_r_reg[21]        |            0.521497|             0.119035|           0.079112|         0.719645
84   |*B_r_reg[20]        |            0.521497|             0.119035|           0.079112|         0.719645
85   |*B_r_reg[19]        |            0.521497|             0.119035|           0.079112|         0.719645
86   |*B_r_reg[18]        |            0.521497|             0.119035|           0.079112|         0.719645
87   |*B_r_reg[17]        |            0.521497|             0.119035|           0.079112|         0.719645
88   |*B_r_reg[16]        |            0.521497|             0.119035|           0.079112|         0.719645
89   |*B_r_reg[15]        |            0.521497|             0.119035|           0.079112|         0.719645
90   |*B_r_reg[14]        |            0.521497|             0.119035|           0.079112|         0.719645
91   |*B_r_reg[13]        |            0.521497|             0.119035|           0.079112|         0.719645
92   |*B_r_reg[12]        |            0.521497|             0.119035|           0.079112|         0.719645
93   |*B_r_reg[11]        |            0.521497|             0.119035|           0.079112|         0.719645
94   |*B_r_reg[10]        |            0.521497|             0.119035|           0.079112|         0.719645
95   |*B_r_reg[9]         |            0.521497|             0.119035|           0.079112|         0.719645
96   |*B_r_reg[8]         |            0.521497|             0.119035|           0.079112|         0.719645
97   |*B_r_reg[7]         |            0.521497|             0.119035|           0.079112|         0.719645
98   |*B_r_reg[6]         |            0.521497|             0.119035|           0.079112|         0.719645
99   |*B_r_reg[5]         |            0.521497|             0.119035|           0.079112|         0.719645
100  |*B_r_reg[4]         |            0.521497|             0.119035|           0.079112|         0.719645
101  |*B_r_reg[3]         |            0.521497|             0.119035|           0.079112|         0.719645
102  |*B_r_reg[2]         |            0.521497|             0.119035|           0.079112|         0.719645
103  |*B_r_reg[1]         |            0.521497|             0.119035|           0.079112|         0.719645
104  |*B_r_reg[0]         |            0.520965|             0.096502|           0.079112|         0.696579
105  |*A_r_reg[31]        |            0.526232|             0.229534|           0.079112|         0.834878
106  |*A_r_reg[30]        |            0.526232|             0.229534|           0.079112|         0.834878
107  |*A_r_reg[29]        |            0.526232|             0.229534|           0.079112|         0.834878
108  |*A_r_reg[28]        |            0.526232|             0.229534|           0.079112|         0.834878
109  |*A_r_reg[27]        |            0.526232|             0.229534|           0.079112|         0.834878
110  |*A_r_reg[26]        |            0.526232|             0.229534|           0.079112|         0.834878
111  |*A_r_reg[25]        |            0.526232|             0.229534|           0.079112|         0.834878
112  |*A_r_reg[24]        |            0.526232|             0.229534|           0.079112|         0.834878
113  |*A_r_reg[23]        |            0.526232|             0.229534|           0.079112|         0.834878
114  |*A_r_reg[22]        |            0.526232|             0.229534|           0.079112|         0.834878
115  |*A_r_reg[21]        |            0.526232|             0.229534|           0.079112|         0.834878
116  |*A_r_reg[20]        |            0.526232|             0.229534|           0.079112|         0.834878
117  |*A_r_reg[19]        |            0.526232|             0.229534|           0.079112|         0.834878
118  |*A_r_reg[18]        |            0.526232|             0.229534|           0.079112|         0.834878
119  |*A_r_reg[17]        |            0.526232|             0.229534|           0.079112|         0.834878
120  |*A_r_reg[16]        |            0.526232|             0.229534|           0.079112|         0.834878
121  |*A_r_reg[15]        |            0.526232|             0.229534|           0.079112|         0.834878
122  |*A_r_reg[14]        |            0.526232|             0.229534|           0.079112|         0.834878
123  |*A_r_reg[13]        |            0.526232|             0.229534|           0.079112|         0.834878
124  |*A_r_reg[12]        |            0.526232|             0.229534|           0.079112|         0.834878
125  |*A_r_reg[11]        |            0.526232|             0.229534|           0.079112|         0.834878
126  |*A_r_reg[10]        |            0.526232|             0.229534|           0.079112|         0.834878
127  |*A_r_reg[9]         |            0.526232|             0.229534|           0.079112|         0.834878
128  |*A_r_reg[8]         |            0.526232|             0.229534|           0.079112|         0.834878
129  |*A_r_reg[7]         |            0.526232|             0.229534|           0.079112|         0.834878
130  |*A_r_reg[6]         |            0.526232|             0.229534|           0.079112|         0.834878
131  |*A_r_reg[5]         |            0.526232|             0.229534|           0.079112|         0.834878
132  |*A_r_reg[4]         |            0.526232|             0.229534|           0.079112|         0.834878
133  |*A_r_reg[3]         |            0.526232|             0.229534|           0.079112|         0.834878
134  |*A_r_reg[2]         |            0.526232|             0.229534|           0.079112|         0.834878
135  |*A_r_reg[1]         |            0.526232|             0.229534|           0.079112|         0.834878
136  |*A_r_reg[0]         |            0.526232|             0.229534|           0.079112|         0.834878
137  |*Accumulator_reg[30]|            0.885425|             0.195034|           0.086213|         1.166672
138  |*Accumulator_reg[29]|            0.885713|             0.195034|           0.086213|         1.166960
139  |*Accumulator_reg[28]|            0.885713|             0.195034|           0.086213|         1.166960
140  |*Accumulator_reg[27]|            0.885713|             0.195034|           0.086213|         1.166960
141  |*Accumulator_reg[26]|            0.885713|             0.195034|           0.086213|         1.166960
142  |*Accumulator_reg[25]|            0.885713|             0.195034|           0.086213|         1.166960
143  |*Accumulator_reg[24]|            0.885713|             0.195034|           0.086213|         1.166960
144  |*Accumulator_reg[23]|            0.885713|             0.195034|           0.086213|         1.166960
145  |*Accumulator_reg[22]|            0.885713|             0.195034|           0.086213|         1.166960
146  |*Accumulator_reg[21]|            0.885713|             0.195034|           0.086213|         1.166960
147  |*Accumulator_reg[20]|            0.885713|             0.195034|           0.086213|         1.166960
148  |*Accumulator_reg[19]|            0.885713|             0.195034|           0.086213|         1.166960
149  |*Accumulator_reg[18]|            0.885713|             0.195034|           0.086213|         1.166960
150  |*Accumulator_reg[17]|            0.885713|             0.195034|           0.086213|         1.166960
151  |*Accumulator_reg[16]|            0.885713|             0.195034|           0.086213|         1.166960
152  |*Accumulator_reg[15]|            0.885713|             0.195034|           0.086213|         1.166960
153  |*Accumulator_reg[14]|            0.885713|             0.195034|           0.086213|         1.166960
154  |*Accumulator_reg[13]|            0.885713|             0.195034|           0.086213|         1.166960
155  |*Accumulator_reg[12]|            0.885713|             0.195034|           0.086213|         1.166960
156  |*Accumulator_reg[11]|            0.885713|             0.195034|           0.086213|         1.166960
157  |*Accumulator_reg[10]|            0.885713|             0.195034|           0.086213|         1.166960
158  |*Accumulator_reg[9] |            0.885713|             0.195034|           0.086213|         1.166960
159  |*Accumulator_reg[8] |            0.885713|             0.195034|           0.086213|         1.166960
160  |*Accumulator_reg[7] |            0.885713|             0.195034|           0.086213|         1.166960
161  |*Accumulator_reg[6] |            0.885713|             0.195034|           0.086213|         1.166960
162  |*Accumulator_reg[5] |            0.885713|             0.195034|           0.086213|         1.166960
163  |*Accumulator_reg[4] |            0.885713|             0.195034|           0.086213|         1.166960
164  |*Accumulator_reg[3] |            0.885713|             0.195034|           0.086213|         1.166960
165  |*Accumulator_reg[2] |            0.885713|             0.195034|           0.086213|         1.166960
166  |*Accumulator_reg[1] |            0.885713|             0.195034|           0.086213|         1.166960
167  |*Accumulator_reg[0] |            0.885712|             0.195034|           0.086213|         1.166959
168  |*clk_gate_B_r_reg   |            1.010359|             6.187729|           0.059138|         7.257226
169  |*i_0_0_0            |            0.822540|             0.531798|           0.061230|         1.415567
170  |*i_0_0_1            |            0.827882|             0.466369|           0.061230|         1.355481
171  |*i_0_0_2            |            0.756813|             0.379579|           0.061230|         1.197622
172  |*i_0_0_3            |            0.683826|             0.309140|           0.061230|         1.054195
173  |*i_0_0_4            |            0.630396|             0.263662|           0.061230|         0.955289
174  |*i_0_0_5            |            0.442608|             0.153223|           0.025066|         0.620897
175  |*i_0_0_6            |            0.464714|             0.160845|           0.025066|         0.650625
176  |*i_0_0_7            |            0.437542|             0.151476|           0.025066|         0.614085
177  |*i_0_0_8            |            0.401707|             0.139120|           0.025066|         0.565893
178  |*i_0_0_9            |            0.372674|             0.129109|           0.025066|         0.526850
179  |*i_0_0_10           |            0.220110|             0.122308|           0.021200|         0.363617
180  |*i_0_0_11           |            0.241865|             0.365202|           0.036441|         0.643508
181  |*i_0_0_12           |            0.416947|             0.125573|           0.035928|         0.578449
182  |*i_0_0_13           |            0.416947|             0.125573|           0.035928|         0.578449
183  |*i_0_0_14           |            0.416947|             0.125573|           0.035928|         0.578449
184  |*i_0_0_15           |            0.416947|             0.125573|           0.035928|         0.578449
185  |*i_0_0_16           |            0.416947|             0.125573|           0.035928|         0.578449
186  |*i_0_0_17           |            0.416947|             0.125573|           0.035928|         0.578449
187  |*i_0_0_18           |            0.416947|             0.125573|           0.035928|         0.578449
188  |*i_0_0_19           |            0.416947|             0.125573|           0.035928|         0.578449
189  |*i_0_0_20           |            0.416947|             0.125573|           0.035928|         0.578449
190  |*i_0_0_21           |            0.416947|             0.125573|           0.035928|         0.578449
191  |*i_0_0_22           |            0.416947|             0.125573|           0.035928|         0.578449
192  |*i_0_0_23           |            0.416947|             0.125573|           0.035928|         0.578449
193  |*i_0_0_24           |            0.416947|             0.125573|           0.035928|         0.578449
194  |*i_0_0_25           |            0.416947|             0.125573|           0.035928|         0.578449
195  |*i_0_0_26           |            0.416947|             0.125573|           0.035928|         0.578449
196  |*i_0_0_27           |            0.416947|             0.125573|           0.035928|         0.578449
197  |*i_0_0_28           |            0.416947|             0.125573|           0.035928|         0.578449
198  |*i_0_0_29           |            0.416947|             0.125573|           0.035928|         0.578449
199  |*i_0_0_30           |            0.416947|             0.125573|           0.035928|         0.578449
200  |*i_0_0_31           |            0.416947|             0.125573|           0.035928|         0.578449
201  |*i_0_0_32           |            0.416947|             0.125573|           0.035928|         0.578449
202  |*i_0_0_33           |            0.416947|             0.125573|           0.035928|         0.578449
203  |*i_0_0_34           |            0.416947|             0.125573|           0.035928|         0.578449
204  |*i_0_0_35           |            0.416947|             0.125573|           0.035928|         0.578449
205  |*i_0_0_36           |            0.416947|             0.125573|           0.035928|         0.578449
206  |*i_0_0_37           |            0.416947|             0.125573|           0.035928|         0.578449
207  |*i_0_0_38           |            0.416947|             0.125573|           0.035928|         0.578449
208  |*i_0_0_39           |            0.416947|             0.125573|           0.035928|         0.578449
209  |*i_0_0_40           |            0.416947|             0.125573|           0.035928|         0.578449
210  |*i_0_0_41           |            0.416947|             0.125573|           0.035928|         0.578449
211  |*i_0_0_42           |            0.416947|             0.125573|           0.035928|         0.578449
212  |*i_0_0_43           |            0.415930|             0.125573|           0.035928|         0.577432
213  |*i_0_0_44           |            0.415930|             0.125573|           0.035928|         0.577432
214  |*i_0_0_45           |            0.415930|             0.125573|           0.035928|         0.577432
215  |*i_0_0_46           |            0.415930|             0.125573|           0.035928|         0.577432
216  |*i_0_0_47           |            0.415930|             0.125573|           0.035928|         0.577432
217  |*i_0_0_48           |            0.415930|             0.125573|           0.035928|         0.577432
218  |*i_0_0_49           |            0.415930|             0.125573|           0.035928|         0.577432
219  |*i_0_0_50           |            0.415930|             0.125573|           0.035928|         0.577432
220  |*i_0_0_51           |            0.415930|             0.125573|           0.035928|         0.577432
221  |*i_0_0_52           |            0.415930|             0.125573|           0.035928|         0.577432
222  |*i_0_0_53           |            0.415930|             0.125573|           0.035928|         0.577432
223  |*i_0_0_54           |            0.415930|             0.125573|           0.035928|         0.577432
224  |*i_0_0_55           |            0.415930|             0.125573|           0.035928|         0.577432
225  |*i_0_0_56           |            0.415930|             0.125573|           0.035928|         0.577432
226  |*i_0_0_57           |            0.415930|             0.125573|           0.035928|         0.577432
227  |*i_0_0_58           |            0.415930|             0.125573|           0.035928|         0.577432
228  |*i_0_0_59           |            0.415930|             0.125573|           0.035928|         0.577432
229  |*i_0_0_60           |            0.415930|             0.125573|           0.035928|         0.577432
230  |*i_0_0_61           |            0.415930|             0.125573|           0.035928|         0.577432
231  |*i_0_0_62           |            0.415930|             0.125573|           0.035928|         0.577432
232  |*i_0_0_63           |            0.415930|             0.125573|           0.035928|         0.577432
233  |*i_0_0_64           |            0.415930|             0.125573|           0.035928|         0.577432
234  |*i_0_0_65           |            0.415930|             0.125573|           0.035928|         0.577432
235  |*i_0_0_66           |            0.415930|             0.125573|           0.035928|         0.577432
236  |*i_0_0_67           |            0.415930|             0.125573|           0.035928|         0.577432
237  |*i_0_0_68           |            0.415930|             0.125573|           0.035928|         0.577432
238  |*i_0_0_69           |            0.415930|             0.125573|           0.035928|         0.577432
239  |*i_0_0_70           |            0.415930|             0.125573|           0.035928|         0.577432
240  |*i_0_0_71           |            0.415930|             0.125573|           0.035928|         0.577432
241  |*i_0_0_72           |            0.415930|             0.125573|           0.035928|         0.577432
242  |*i_0_0_73           |            0.415930|             0.125573|           0.035928|         0.577432
243  |*i_0_0_74           |            0.415930|             0.125573|           0.035928|         0.577432
244  |*i_0_0_75           |            0.341106|             0.289964|           0.025066|         0.656136
245  |*i_0_0_76           |            0.341510|             0.294111|           0.025066|         0.660687
246  |*i_0_0_77           |            0.341510|             0.294111|           0.025066|         0.660687
247  |*i_0_0_78           |            0.341510|             0.294111|           0.025066|         0.660687
248  |*i_0_0_79           |            0.341510|             0.294111|           0.025066|         0.660687
249  |*i_0_0_80           |            0.341510|             0.294111|           0.025066|         0.660687
250  |*i_0_0_81           |            0.341510|             0.294111|           0.025066|         0.660687
251  |*i_0_0_82           |            0.341510|             0.294111|           0.025066|         0.660687
252  |*i_0_0_83           |            0.341510|             0.294111|           0.025066|         0.660687
253  |*i_0_0_84           |            0.341510|             0.294111|           0.025066|         0.660687
254  |*i_0_0_85           |            0.341510|             0.294111|           0.025066|         0.660687
255  |*i_0_0_86           |            0.341510|             0.294111|           0.025066|         0.660687
256  |*i_0_0_87           |            0.341510|             0.294111|           0.025066|         0.660687
257  |*i_0_0_88           |            0.341510|             0.294111|           0.025066|         0.660687
258  |*i_0_0_89           |            0.341510|             0.294111|           0.025066|         0.660687
259  |*i_0_0_90           |            0.341510|             0.294111|           0.025066|         0.660687
260  |*i_0_0_91           |            0.341510|             0.294111|           0.025066|         0.660687
261  |*i_0_0_92           |            0.341510|             0.294111|           0.025066|         0.660687
262  |*i_0_0_93           |            0.341510|             0.294111|           0.025066|         0.660687
263  |*i_0_0_94           |            0.341510|             0.294111|           0.025066|         0.660687
264  |*i_0_0_95           |            0.341510|             0.294111|           0.025066|         0.660687
265  |*i_0_0_96           |            0.341510|             0.294111|           0.025066|         0.660687
266  |*i_0_0_97           |            0.341510|             0.294111|           0.025066|         0.660687
267  |*i_0_0_98           |            0.341510|             0.294111|           0.025066|         0.660687
268  |*i_0_0_99           |            0.341510|             0.294111|           0.025066|         0.660687
269  |*i_0_0_100          |            0.341510|             0.294111|           0.025066|         0.660687
270  |*i_0_0_101          |            0.341510|             0.294111|           0.025066|         0.660687
271  |*i_0_0_102          |            0.341510|             0.294111|           0.025066|         0.660687
272  |*i_0_0_103          |            0.341510|             0.294111|           0.025066|         0.660687
273  |*i_0_0_104          |            0.341510|             0.294111|           0.025066|         0.660687
274  |*i_0_0_105          |            0.341510|             0.294111|           0.025066|         0.660687
275  |*i_0_0_106          |            0.041579|             0.067778|           0.014353|         0.123710
276  |*i_0_0_107          |            0.054325|             0.503377|           0.032612|         0.590314
277  |*i_0_0_108          |            0.041110|             0.079307|           0.014353|         0.134770
278  |*i_0_0_109          |            0.054325|             0.503377|           0.032612|         0.590314
279  |*i_0_0_110          |            0.041110|             0.079307|           0.014353|         0.134770
280  |*i_0_0_111          |            0.054325|             0.503377|           0.032612|         0.590314
281  |*i_0_0_112          |            0.041110|             0.079307|           0.014353|         0.134770
282  |*i_0_0_113          |            0.054325|             0.503377|           0.032612|         0.590314
283  |*i_0_0_114          |            0.041110|             0.079307|           0.014353|         0.134770
284  |*i_0_0_115          |            0.054325|             0.503377|           0.032612|         0.590314
285  |*i_0_0_116          |            0.041110|             0.079307|           0.014353|         0.134770
286  |*i_0_0_117          |            0.054325|             0.503377|           0.032612|         0.590314
287  |*i_0_0_118          |            0.041110|             0.079307|           0.014353|         0.134770
288  |*i_0_0_119          |            0.054325|             0.503377|           0.032612|         0.590314
289  |*i_0_0_120          |            0.041110|             0.079307|           0.014353|         0.134770
290  |*i_0_0_121          |            0.054325|             0.503377|           0.032612|         0.590314
291  |*i_0_0_122          |            0.041110|             0.079307|           0.014353|         0.134770
292  |*i_0_0_123          |            0.054325|             0.503377|           0.032612|         0.590314
293  |*i_0_0_124          |            0.041110|             0.079307|           0.014353|         0.134770
294  |*i_0_0_125          |            0.054325|             0.503377|           0.032612|         0.590314
295  |*i_0_0_126          |            0.041110|             0.079307|           0.014353|         0.134770
296  |*i_0_0_127          |            0.054325|             0.503377|           0.032612|         0.590314
297  |*i_0_0_128          |            0.041110|             0.079307|           0.014353|         0.134770
298  |*i_0_0_129          |            0.054325|             0.503377|           0.032612|         0.590314
299  |*i_0_0_130          |            0.041110|             0.079307|           0.014353|         0.134770
300  |*i_0_0_131          |            0.054325|             0.503377|           0.032612|         0.590314
301  |*i_0_0_132          |            0.041110|             0.079307|           0.014353|         0.134770
302  |*i_0_0_133          |            0.054325|             0.503377|           0.032612|         0.590314
303  |*i_0_0_134          |            0.041110|             0.079307|           0.014353|         0.134770
304  |*i_0_0_135          |            0.054325|             0.503377|           0.032612|         0.590314
305  |*i_0_0_136          |            0.041110|             0.079307|           0.014353|         0.134770
306  |*i_0_0_137          |            0.054325|             0.503377|           0.032612|         0.590314
307  |*i_0_0_138          |            0.041110|             0.079307|           0.014353|         0.134770
308  |*i_0_0_139          |            0.054325|             0.503377|           0.032612|         0.590314
309  |*i_0_0_140          |            0.041110|             0.079307|           0.014353|         0.134770
310  |*i_0_0_141          |            0.054325|             0.503377|           0.032612|         0.590314
311  |*i_0_0_142          |            0.041110|             0.079307|           0.014353|         0.134770
312  |*i_0_0_143          |            0.054325|             0.503377|           0.032612|         0.590314
313  |*i_0_0_144          |            0.041110|             0.079307|           0.014353|         0.134770
314  |*i_0_0_145          |            0.054325|             0.503377|           0.032612|         0.590314
315  |*i_0_0_146          |            0.041110|             0.079307|           0.014353|         0.134770
316  |*i_0_0_147          |            0.054325|             0.503377|           0.032612|         0.590314
317  |*i_0_0_148          |            0.041110|             0.079307|           0.014353|         0.134770
318  |*i_0_0_149          |            0.054325|             0.503377|           0.032612|         0.590314
319  |*i_0_0_150          |            0.041110|             0.079307|           0.014353|         0.134770
320  |*i_0_0_151          |            0.054325|             0.503377|           0.032612|         0.590314
321  |*i_0_0_152          |            0.041110|             0.079307|           0.014353|         0.134770
322  |*i_0_0_153          |            0.054325|             0.503377|           0.032612|         0.590314
323  |*i_0_0_154          |            0.041110|             0.079307|           0.014353|         0.134770
324  |*i_0_0_155          |            0.054325|             0.503377|           0.032612|         0.590314
325  |*i_0_0_156          |            0.041110|             0.079307|           0.014353|         0.134770
326  |*i_0_0_157          |            0.054325|             0.503377|           0.032612|         0.590314
327  |*i_0_0_158          |            0.041110|             0.079307|           0.014353|         0.134770
328  |*i_0_0_159          |            0.054325|             0.503377|           0.032612|         0.590314
329  |*i_0_0_160          |            0.041110|             0.079307|           0.014353|         0.134770
330  |*i_0_0_161          |            0.054325|             0.503377|           0.032612|         0.590314
331  |*i_0_0_162          |            0.041110|             0.079307|           0.014353|         0.134770
332  |*i_0_0_163          |            0.054325|             0.503377|           0.032612|         0.590314
333  |*i_0_0_164          |            0.041110|             0.079307|           0.014353|         0.134770
334  |*i_0_0_165          |            0.054325|             0.503377|           0.032612|         0.590314
335  |*i_0_0_166          |            0.041110|             0.079307|           0.014353|         0.134770
336  |*i_0_0_167          |            0.054325|             0.503377|           0.032612|         0.590314
337  |*i_0_0_168          |            0.041513|             0.069067|           0.014353|         0.124933
338  |*i_0_0_169          |            0.054325|             0.503377|           0.032612|         0.590314
339  |*i_0_0_170          |            0.008935|             0.255751|           0.026481|         0.291168
340  |*i_0_0_171          |            0.177617|             5.925078|           0.025066|         6.127761
341  |*i_0_0_172          |            0.013006|             1.363742|           0.017393|         1.394142
342  |*i_0_0_173          |            0.147848|             0.340073|           0.026832|         0.514753
343  |*i_0_0_174          |            0.118486|             0.204452|           0.032601|         0.355539
344  |*i_0_0_175          |            0.008995|             0.032593|           0.014353|         0.055942
345  |*i_0_0_176          |            0.022077|             0.214714|           0.018127|         0.254918
346  |*i_0_0_177          |            0.092166|             0.132250|           0.026832|         0.251247
347  |*i_0_0_178          |            0.164874|             0.314338|           0.017393|         0.496605
348  |*i_0_0_179          |            0.091215|            33.095291|           0.014353|        33.200863
349  |*i_0_0_180          |            0.118745|             0.109176|           0.014353|         0.242275
350  |                    |                    |                     |                   |                 
351  |*TOTAL              |          285.278625|           373.492310|          21.525539|       680.296509
-----+--------------------+--------------------+---------------------+-------------------+-----------------
