Report 'report_mcmm_variation': MCMM Variation
Generated on Tue Jan 3 14:16:32 2023
  
------------------------------------------------------
| MCMM variability report for design 'fp_mul' (nano) |
|----------------------------------------------------|
| MODE CORNER WNS TNS #Endpts WHS THS #Endpts        | 
------------------------------------------------------


info UI33: performed report_mcmm_variation for 0 sec (CPU time: 0 sec; MEM: RSS - 304M, CVMEM - 1762M, PVMEM - 1995M)
Report 'report_path_group': Path Group
Generated on Tue Jan 3 14:16:32 2023
  
-------------------------------------------------------------------------------------------
|                               PATH GROUPS (SETUP) (nano)                                |
|-----------------------------------------------------------------------------------------|
| QOR Weight Margin TNS Range Endpoints Violating Endpoints Violating Endpoints % WNS TNS | 
-------------------------------------------------------------------------------------------


info UI33: performed report_path_group for 0 sec (CPU time: 0 sec; MEM: RSS - 304M, CVMEM - 1762M, PVMEM - 1995M)
SLACK HISTOGRAM
---------------
Select : SELECT_LATE

---------------------------------------------
| Slack           # End Pts Total # End Pts | 
|-------------------------------------------|
| 0.0000 - 2.4990 208       208             | 
---------------------------------------------


info UI33: performed report_slack_histogram for 0 sec (CPU time: 0 sec; MEM: RSS - 304M, CVMEM - 1762M, PVMEM - 1995M)
Report 'report_path_group': Path Group
Generated on Tue Jan 3 14:16:32 2023
  
-------------------------------------------------------------------------------------------
|                                PATH GROUPS (HOLD) (nano)                                |
|-----------------------------------------------------------------------------------------|
| QOR Weight Margin TNS Range Endpoints Violating Endpoints Violating Endpoints % WNS TNS | 
-------------------------------------------------------------------------------------------


info UI33: performed report_path_group for 0 sec (CPU time: 0 sec; MEM: RSS - 304M, CVMEM - 1762M, PVMEM - 1995M)
SLACK HISTOGRAM
---------------
Select : SELECT_EARLY

---------------------------------------------
| Slack           # End Pts Total # End Pts | 
|-------------------------------------------|
| 0.0000 - 0.9990 175       175             | 
| 1.0000 - 1.9990 33        208             | 
---------------------------------------------


info UI33: performed report_slack_histogram for 0 sec (CPU time: 0 sec; MEM: RSS - 304M, CVMEM - 1762M, PVMEM - 1995M)
