Report End Points: 
-----+-------+-------+-------+-------+------+-----+-------+------------------+-------------------
     |Group  |Launch |Capture|Shift  |Delay |Depth|Slack  |Begin Point       |End Point          
-----+-------+-------+-------+-------+------+-----+-------+------------------+-------------------
1    |default|vsysclk|vsysclk|20000.0|3240.1|   72|16576.2|inRegA/Q_reg[24]/Q|outRegS/Q_reg[30]/D
2    |default|vsysclk|vsysclk|20000.0|3206.0|   70|16610.3|inRegA/Q_reg[24]/Q|outRegS/Q_reg[21]/D
3    |default|vsysclk|vsysclk|20000.0|3197.9|   69|16618.4|inRegA/Q_reg[24]/Q|outRegS/Q_reg[27]/D
4    |default|vsysclk|vsysclk|20000.0|3197.3|   70|16619.0|inRegA/Q_reg[24]/Q|outRegS/Q_reg[22]/D
5    |default|vsysclk|vsysclk|20000.0|3191.9|   70|16624.4|inRegA/Q_reg[24]/Q|outRegS/Q_reg[20]/D
6    |default|vsysclk|vsysclk|20000.0|3181.2|   69|16635.1|inRegA/Q_reg[24]/Q|outRegS/Q_reg[26]/D
7    |default|vsysclk|vsysclk|20000.0|3181.2|   69|16635.1|inRegA/Q_reg[24]/Q|outRegS/Q_reg[25]/D
8    |default|vsysclk|vsysclk|20000.0|3181.2|   69|16635.1|inRegA/Q_reg[24]/Q|outRegS/Q_reg[24]/D
9    |default|vsysclk|vsysclk|20000.0|3181.2|   69|16635.1|inRegA/Q_reg[24]/Q|outRegS/Q_reg[23]/D
10   |default|vsysclk|vsysclk|20000.0|3161.7|   68|16654.6|inRegA/Q_reg[24]/Q|outRegS/Q_reg[19]/D
11   |default|vsysclk|vsysclk|20000.0|3161.7|   68|16654.6|inRegA/Q_reg[24]/Q|outRegS/Q_reg[18]/D
12   |default|vsysclk|vsysclk|20000.0|3159.2|   68|16657.1|inRegA/Q_reg[24]/Q|outRegS/Q_reg[14]/D
13   |default|vsysclk|vsysclk|20000.0|3162.4|   71|16661.8|inRegA/Q_reg[24]/Q|outRegS/Q_reg[29]/D
14   |default|vsysclk|vsysclk|20000.0|3153.9|   68|16662.4|inRegA/Q_reg[24]/Q|outRegS/Q_reg[17]/D
15   |default|vsysclk|vsysclk|20000.0|3151.6|   70|16664.7|inRegA/Q_reg[24]/Q|outRegS/Q_reg[16]/D
16   |default|vsysclk|vsysclk|20000.0|3148.6|   68|16667.7|inRegA/Q_reg[24]/Q|outRegS/Q_reg[11]/D
17   |default|vsysclk|vsysclk|20000.0|3148.5|   68|16667.8|inRegA/Q_reg[24]/Q|outRegS/Q_reg[10]/D
18   |default|vsysclk|vsysclk|20000.0|3148.5|   68|16667.8|inRegA/Q_reg[24]/Q|outRegS/Q_reg[9]/D 
19   |default|vsysclk|vsysclk|20000.0|3141.4|   68|16674.9|inRegA/Q_reg[24]/Q|outRegS/Q_reg[13]/D
20   |default|vsysclk|vsysclk|20000.0|3141.4|   68|16674.9|inRegA/Q_reg[24]/Q|outRegS/Q_reg[12]/D
21   |default|vsysclk|vsysclk|20000.0|3138.1|   68|16678.2|inRegA/Q_reg[24]/Q|outRegS/Q_reg[8]/D 
22   |default|vsysclk|vsysclk|20000.0|3132.6|   68|16683.7|inRegA/Q_reg[24]/Q|outRegS/Q_reg[4]/D 
23   |default|vsysclk|vsysclk|20000.0|3127.8|   70|16688.5|inRegA/Q_reg[24]/Q|outRegS/Q_reg[28]/D
24   |default|vsysclk|vsysclk|20000.0|3110.9|   68|16705.4|inRegA/Q_reg[24]/Q|outRegS/Q_reg[15]/D
25   |default|vsysclk|vsysclk|20000.0|3099.1|   69|16717.2|inRegA/Q_reg[24]/Q|outRegS/Q_reg[0]/D 
26   |default|vsysclk|vsysclk|20000.0|3089.7|   69|16726.6|inRegA/Q_reg[24]/Q|outRegS/Q_reg[1]/D 
27   |default|vsysclk|vsysclk|20000.0|3073.7|   68|16742.6|inRegA/Q_reg[24]/Q|outRegS/Q_reg[6]/D 
28   |default|vsysclk|vsysclk|20000.0|3072.1|   68|16744.2|inRegA/Q_reg[24]/Q|outRegS/Q_reg[7]/D 
29   |default|vsysclk|vsysclk|20000.0|3068.6|   68|16748.2|inRegA/Q_reg[24]/Q|outRegU/Q_reg[0]/D 
30   |default|vsysclk|vsysclk|20000.0|3066.6|   68|16749.7|inRegA/Q_reg[24]/Q|outRegS/Q_reg[5]/D 
31   |default|vsysclk|vsysclk|20000.0|3055.2|   67|16761.1|inRegA/Q_reg[24]/Q|outRegS/Q_reg[3]/D 
32   |default|vsysclk|vsysclk|20000.0|3051.9|   67|16764.4|inRegA/Q_reg[24]/Q|outRegS/Q_reg[2]/D 
33   |default|vsysclk|vsysclk|20000.0|2650.9|   63|17165.9|inRegA/Q_reg[24]/Q|outRegO/Q_reg[0]/D 
34   |default|vsysclk|vsysclk|20000.0|1036.3|   29|18787.0|inRegA/Q_reg[1]/Q |outRegS/Q_reg[31]/D
-----+-------+-------+-------+-------+------+-----+-------+------------------+-------------------
Report End Points: 
-----+-----+-------+-------+-------+-----+-----+-------+-----------+------------------------
     |Group|Launch |Capture|Shift  |Delay|Depth|Slack  |Begin Point|End Point               
-----+-----+-------+-------+-------+-----+-----+-------+-----------+------------------------
1    |I2R  |vsysclk|vsysclk|20000.0| 32.6|    1|18882.3|rst        |inRegA/clk_gate_Q_reg/E 
2    |I2R  |vsysclk|vsysclk|20000.0| 32.6|    1|18882.3|rst        |inRegB/clk_gate_Q_reg/E 
3    |I2R  |vsysclk|vsysclk|20000.0| 32.6|    1|18882.3|rst        |outRegS/clk_gate_Q_reg/E
4    |I2R  |vsysclk|vsysclk|20000.0| 69.5|    2|18892.3|en         |outRegO/Q_reg[0]/D      
5    |I2R  |vsysclk|vsysclk|20000.0| 69.5|    2|18892.3|en         |outRegU/Q_reg[0]/D      
6    |I2R  |vsysclk|vsysclk|20000.0| 37.8|    2|18923.5|rst        |inRegA/Q_reg[31]/D      
7    |I2R  |vsysclk|vsysclk|20000.0| 37.8|    2|18923.5|rst        |inRegA/Q_reg[30]/D      
8    |I2R  |vsysclk|vsysclk|20000.0| 37.8|    2|18923.5|rst        |inRegA/Q_reg[29]/D      
9    |I2R  |vsysclk|vsysclk|20000.0| 37.8|    2|18923.5|rst        |inRegA/Q_reg[28]/D      
10   |I2R  |vsysclk|vsysclk|20000.0| 37.8|    2|18923.5|rst        |inRegA/Q_reg[27]/D      
11   |I2R  |vsysclk|vsysclk|20000.0| 37.8|    2|18923.5|rst        |inRegA/Q_reg[26]/D      
12   |I2R  |vsysclk|vsysclk|20000.0| 37.8|    2|18923.5|rst        |inRegA/Q_reg[25]/D      
13   |I2R  |vsysclk|vsysclk|20000.0| 37.8|    2|18923.5|rst        |inRegA/Q_reg[24]/D      
14   |I2R  |vsysclk|vsysclk|20000.0| 37.8|    2|18923.5|rst        |inRegA/Q_reg[23]/D      
15   |I2R  |vsysclk|vsysclk|20000.0| 37.8|    2|18923.5|rst        |inRegA/Q_reg[22]/D      
16   |I2R  |vsysclk|vsysclk|20000.0| 37.8|    2|18923.5|rst        |inRegA/Q_reg[21]/D      
17   |I2R  |vsysclk|vsysclk|20000.0| 37.8|    2|18923.5|rst        |inRegA/Q_reg[20]/D      
18   |I2R  |vsysclk|vsysclk|20000.0| 37.8|    2|18923.5|rst        |inRegA/Q_reg[19]/D      
19   |I2R  |vsysclk|vsysclk|20000.0| 37.8|    2|18923.5|rst        |inRegA/Q_reg[18]/D      
20   |I2R  |vsysclk|vsysclk|20000.0| 37.8|    2|18923.5|rst        |inRegA/Q_reg[17]/D      
21   |I2R  |vsysclk|vsysclk|20000.0| 37.8|    2|18923.5|rst        |inRegA/Q_reg[16]/D      
22   |I2R  |vsysclk|vsysclk|20000.0| 37.8|    2|18923.5|rst        |inRegA/Q_reg[15]/D      
23   |I2R  |vsysclk|vsysclk|20000.0| 37.8|    2|18923.5|rst        |inRegA/Q_reg[14]/D      
24   |I2R  |vsysclk|vsysclk|20000.0| 37.8|    2|18923.5|rst        |inRegA/Q_reg[13]/D      
25   |I2R  |vsysclk|vsysclk|20000.0| 37.8|    2|18923.5|rst        |inRegA/Q_reg[12]/D      
26   |I2R  |vsysclk|vsysclk|20000.0| 37.8|    2|18923.5|rst        |inRegA/Q_reg[11]/D      
27   |I2R  |vsysclk|vsysclk|20000.0| 37.8|    2|18923.5|rst        |inRegA/Q_reg[10]/D      
28   |I2R  |vsysclk|vsysclk|20000.0| 37.8|    2|18923.5|rst        |inRegA/Q_reg[9]/D       
29   |I2R  |vsysclk|vsysclk|20000.0| 37.8|    2|18923.5|rst        |inRegA/Q_reg[8]/D       
30   |I2R  |vsysclk|vsysclk|20000.0| 37.8|    2|18923.5|rst        |inRegA/Q_reg[7]/D       
31   |I2R  |vsysclk|vsysclk|20000.0| 37.8|    2|18923.5|rst        |inRegA/Q_reg[6]/D       
32   |I2R  |vsysclk|vsysclk|20000.0| 37.8|    2|18923.5|rst        |inRegA/Q_reg[5]/D       
33   |I2R  |vsysclk|vsysclk|20000.0| 37.8|    2|18923.5|rst        |inRegA/Q_reg[4]/D       
34   |I2R  |vsysclk|vsysclk|20000.0| 37.8|    2|18923.5|rst        |inRegA/Q_reg[3]/D       
35   |I2R  |vsysclk|vsysclk|20000.0| 37.8|    2|18923.5|rst        |inRegA/Q_reg[2]/D       
36   |I2R  |vsysclk|vsysclk|20000.0| 37.8|    2|18923.5|rst        |inRegA/Q_reg[1]/D       
37   |I2R  |vsysclk|vsysclk|20000.0| 37.8|    2|18923.5|rst        |inRegA/Q_reg[0]/D       
38   |I2R  |vsysclk|vsysclk|20000.0| 37.8|    2|18923.5|rst        |inRegB/Q_reg[31]/D      
39   |I2R  |vsysclk|vsysclk|20000.0| 37.8|    2|18923.5|rst        |inRegB/Q_reg[30]/D      
40   |I2R  |vsysclk|vsysclk|20000.0| 37.8|    2|18923.5|rst        |inRegB/Q_reg[29]/D      
41   |I2R  |vsysclk|vsysclk|20000.0| 37.8|    2|18923.5|rst        |inRegB/Q_reg[28]/D      
42   |I2R  |vsysclk|vsysclk|20000.0| 37.8|    2|18923.5|rst        |inRegB/Q_reg[27]/D      
43   |I2R  |vsysclk|vsysclk|20000.0| 37.8|    2|18923.5|rst        |inRegB/Q_reg[26]/D      
44   |I2R  |vsysclk|vsysclk|20000.0| 37.8|    2|18923.5|rst        |inRegB/Q_reg[25]/D      
45   |I2R  |vsysclk|vsysclk|20000.0| 37.8|    2|18923.5|rst        |inRegB/Q_reg[24]/D      
46   |I2R  |vsysclk|vsysclk|20000.0| 37.8|    2|18923.5|rst        |inRegB/Q_reg[23]/D      
47   |I2R  |vsysclk|vsysclk|20000.0| 37.8|    2|18923.5|rst        |inRegB/Q_reg[22]/D      
48   |I2R  |vsysclk|vsysclk|20000.0| 37.8|    2|18923.5|rst        |inRegB/Q_reg[21]/D      
49   |I2R  |vsysclk|vsysclk|20000.0| 37.8|    2|18923.5|rst        |inRegB/Q_reg[20]/D      
50   |I2R  |vsysclk|vsysclk|20000.0| 37.8|    2|18923.5|rst        |inRegB/Q_reg[19]/D      
51   |I2R  |vsysclk|vsysclk|20000.0| 37.8|    2|18923.5|rst        |inRegB/Q_reg[18]/D      
52   |I2R  |vsysclk|vsysclk|20000.0| 37.8|    2|18923.5|rst        |inRegB/Q_reg[17]/D      
53   |I2R  |vsysclk|vsysclk|20000.0| 37.8|    2|18923.5|rst        |inRegB/Q_reg[16]/D      
54   |I2R  |vsysclk|vsysclk|20000.0| 37.8|    2|18923.5|rst        |inRegB/Q_reg[15]/D      
55   |I2R  |vsysclk|vsysclk|20000.0| 37.8|    2|18923.5|rst        |inRegB/Q_reg[14]/D      
56   |I2R  |vsysclk|vsysclk|20000.0| 37.8|    2|18923.5|rst        |inRegB/Q_reg[13]/D      
57   |I2R  |vsysclk|vsysclk|20000.0| 37.8|    2|18923.5|rst        |inRegB/Q_reg[12]/D      
58   |I2R  |vsysclk|vsysclk|20000.0| 37.8|    2|18923.5|rst        |inRegB/Q_reg[11]/D      
59   |I2R  |vsysclk|vsysclk|20000.0| 37.8|    2|18923.5|rst        |inRegB/Q_reg[10]/D      
60   |I2R  |vsysclk|vsysclk|20000.0| 37.8|    2|18923.5|rst        |inRegB/Q_reg[9]/D       
61   |I2R  |vsysclk|vsysclk|20000.0| 37.8|    2|18923.5|rst        |inRegB/Q_reg[8]/D       
62   |I2R  |vsysclk|vsysclk|20000.0| 37.8|    2|18923.5|rst        |inRegB/Q_reg[7]/D       
63   |I2R  |vsysclk|vsysclk|20000.0| 37.8|    2|18923.5|rst        |inRegB/Q_reg[6]/D       
64   |I2R  |vsysclk|vsysclk|20000.0| 37.8|    2|18923.5|rst        |inRegB/Q_reg[5]/D       
65   |I2R  |vsysclk|vsysclk|20000.0| 37.8|    2|18923.5|rst        |inRegB/Q_reg[4]/D       
66   |I2R  |vsysclk|vsysclk|20000.0| 37.8|    2|18923.5|rst        |inRegB/Q_reg[3]/D       
67   |I2R  |vsysclk|vsysclk|20000.0| 37.8|    2|18923.5|rst        |inRegB/Q_reg[2]/D       
68   |I2R  |vsysclk|vsysclk|20000.0| 37.8|    2|18923.5|rst        |inRegB/Q_reg[1]/D       
69   |I2R  |vsysclk|vsysclk|20000.0| 37.8|    2|18923.5|rst        |inRegB/Q_reg[0]/D       
70   |I2R  |vsysclk|vsysclk|20000.0| 37.8|    2|18923.5|rst        |outRegS/Q_reg[31]/D     
71   |I2R  |vsysclk|vsysclk|20000.0| 37.8|    2|18923.5|rst        |outRegS/Q_reg[30]/D     
72   |I2R  |vsysclk|vsysclk|20000.0| 37.8|    2|18923.5|rst        |outRegS/Q_reg[29]/D     
73   |I2R  |vsysclk|vsysclk|20000.0| 37.8|    2|18923.5|rst        |outRegS/Q_reg[28]/D     
74   |I2R  |vsysclk|vsysclk|20000.0| 37.8|    2|18923.5|rst        |outRegS/Q_reg[27]/D     
75   |I2R  |vsysclk|vsysclk|20000.0| 37.8|    2|18923.5|rst        |outRegS/Q_reg[26]/D     
76   |I2R  |vsysclk|vsysclk|20000.0| 37.8|    2|18923.5|rst        |outRegS/Q_reg[25]/D     
77   |I2R  |vsysclk|vsysclk|20000.0| 37.8|    2|18923.5|rst        |outRegS/Q_reg[24]/D     
78   |I2R  |vsysclk|vsysclk|20000.0| 37.8|    2|18923.5|rst        |outRegS/Q_reg[23]/D     
79   |I2R  |vsysclk|vsysclk|20000.0| 37.8|    2|18923.5|rst        |outRegS/Q_reg[22]/D     
80   |I2R  |vsysclk|vsysclk|20000.0| 37.8|    2|18923.5|rst        |outRegS/Q_reg[21]/D     
81   |I2R  |vsysclk|vsysclk|20000.0| 37.8|    2|18923.5|rst        |outRegS/Q_reg[20]/D     
82   |I2R  |vsysclk|vsysclk|20000.0| 37.8|    2|18923.5|rst        |outRegS/Q_reg[19]/D     
83   |I2R  |vsysclk|vsysclk|20000.0| 37.8|    2|18923.5|rst        |outRegS/Q_reg[18]/D     
84   |I2R  |vsysclk|vsysclk|20000.0| 37.8|    2|18923.5|rst        |outRegS/Q_reg[17]/D     
85   |I2R  |vsysclk|vsysclk|20000.0| 37.8|    2|18923.5|rst        |outRegS/Q_reg[16]/D     
86   |I2R  |vsysclk|vsysclk|20000.0| 37.8|    2|18923.5|rst        |outRegS/Q_reg[15]/D     
87   |I2R  |vsysclk|vsysclk|20000.0| 37.8|    2|18923.5|rst        |outRegS/Q_reg[14]/D     
88   |I2R  |vsysclk|vsysclk|20000.0| 37.8|    2|18923.5|rst        |outRegS/Q_reg[13]/D     
89   |I2R  |vsysclk|vsysclk|20000.0| 37.8|    2|18923.5|rst        |outRegS/Q_reg[12]/D     
90   |I2R  |vsysclk|vsysclk|20000.0| 37.8|    2|18923.5|rst        |outRegS/Q_reg[11]/D     
91   |I2R  |vsysclk|vsysclk|20000.0| 37.8|    2|18923.5|rst        |outRegS/Q_reg[10]/D     
92   |I2R  |vsysclk|vsysclk|20000.0| 37.8|    2|18923.5|rst        |outRegS/Q_reg[9]/D      
93   |I2R  |vsysclk|vsysclk|20000.0| 37.8|    2|18923.5|rst        |outRegS/Q_reg[8]/D      
94   |I2R  |vsysclk|vsysclk|20000.0| 37.8|    2|18923.5|rst        |outRegS/Q_reg[7]/D      
95   |I2R  |vsysclk|vsysclk|20000.0| 37.8|    2|18923.5|rst        |outRegS/Q_reg[6]/D      
96   |I2R  |vsysclk|vsysclk|20000.0| 37.8|    2|18923.5|rst        |outRegS/Q_reg[5]/D      
97   |I2R  |vsysclk|vsysclk|20000.0| 37.8|    2|18923.5|rst        |outRegS/Q_reg[4]/D      
98   |I2R  |vsysclk|vsysclk|20000.0| 37.8|    2|18923.5|rst        |outRegS/Q_reg[3]/D      
99   |I2R  |vsysclk|vsysclk|20000.0| 37.8|    2|18923.5|rst        |outRegS/Q_reg[2]/D      
100  |I2R  |vsysclk|vsysclk|20000.0| 37.8|    2|18923.5|rst        |outRegS/Q_reg[1]/D      
101  |I2R  |vsysclk|vsysclk|20000.0| 37.8|    2|18923.5|rst        |outRegS/Q_reg[0]/D      
-----+-----+-------+-------+-------+-----+-----+-------+-----------+------------------------
Report End Points: 
-----+-----+------+-------+-----+-----+-----+-----+-----------+---------
     |Group|Launch|Capture|Shift|Delay|Depth|Slack|Begin Point|End Point
-----+-----+------+-------+-----+-----+-----+-----+-----------+---------
1    |I2O  |      |       |     |     |     |     |           |         
-----+-----+------+-------+-----+-----+-----+-----+-----------+---------
Report End Points: 
-----+-----+-------+-------+-------+-----+-----+-------+-------------------+---------
     |Group|Launch |Capture|Shift  |Delay|Depth|Slack  |Begin Point        |End Point
-----+-----+-------+-------+-------+-----+-----+-------+-------------------+---------
1    |R2O  |vsysclk|vsysclk|20000.0|  0.5|    0|19397.7|outRegO/Q_reg[0]/Q |overflow 
2    |R2O  |vsysclk|vsysclk|20000.0|  0.5|    0|19397.7|outRegU/Q_reg[0]/Q |underflow
3    |R2O  |vsysclk|vsysclk|20000.0|  0.5|    0|19403.4|outRegS/Q_reg[31]/Q|sum[31]  
4    |R2O  |vsysclk|vsysclk|20000.0|  0.5|    0|19403.4|outRegS/Q_reg[30]/Q|sum[30]  
5    |R2O  |vsysclk|vsysclk|20000.0|  0.5|    0|19403.4|outRegS/Q_reg[29]/Q|sum[29]  
6    |R2O  |vsysclk|vsysclk|20000.0|  0.5|    0|19403.4|outRegS/Q_reg[26]/Q|sum[26]  
7    |R2O  |vsysclk|vsysclk|20000.0|  0.5|    0|19403.4|outRegS/Q_reg[23]/Q|sum[23]  
8    |R2O  |vsysclk|vsysclk|20000.0|  0.5|    0|19403.4|outRegS/Q_reg[22]/Q|sum[22]  
9    |R2O  |vsysclk|vsysclk|20000.0|  0.5|    0|19403.4|outRegS/Q_reg[21]/Q|sum[21]  
10   |R2O  |vsysclk|vsysclk|20000.0|  0.5|    0|19403.4|outRegS/Q_reg[18]/Q|sum[18]  
11   |R2O  |vsysclk|vsysclk|20000.0|  0.5|    0|19403.4|outRegS/Q_reg[15]/Q|sum[15]  
12   |R2O  |vsysclk|vsysclk|20000.0|  0.5|    0|19403.4|outRegS/Q_reg[14]/Q|sum[14]  
13   |R2O  |vsysclk|vsysclk|20000.0|  0.5|    0|19403.4|outRegS/Q_reg[13]/Q|sum[13]  
14   |R2O  |vsysclk|vsysclk|20000.0|  0.5|    0|19403.4|outRegS/Q_reg[7]/Q |sum[7]   
15   |R2O  |vsysclk|vsysclk|20000.0|  0.5|    0|19403.4|outRegS/Q_reg[5]/Q |sum[5]   
16   |R2O  |vsysclk|vsysclk|20000.0|  0.5|    0|19403.5|outRegS/Q_reg[10]/Q|sum[10]  
17   |R2O  |vsysclk|vsysclk|20000.0|  0.5|    0|19403.5|outRegS/Q_reg[6]/Q |sum[6]   
18   |R2O  |vsysclk|vsysclk|20000.0|  0.5|    0|19403.5|outRegS/Q_reg[2]/Q |sum[2]   
19   |R2O  |vsysclk|vsysclk|20000.0|  0.5|    0|19403.5|outRegS/Q_reg[0]/Q |sum[0]   
20   |R2O  |vsysclk|vsysclk|20000.0|  0.4|    0|19403.9|outRegS/Q_reg[28]/Q|sum[28]  
21   |R2O  |vsysclk|vsysclk|20000.0|  0.4|    0|19403.9|outRegS/Q_reg[27]/Q|sum[27]  
22   |R2O  |vsysclk|vsysclk|20000.0|  0.4|    0|19403.9|outRegS/Q_reg[25]/Q|sum[25]  
23   |R2O  |vsysclk|vsysclk|20000.0|  0.4|    0|19403.9|outRegS/Q_reg[24]/Q|sum[24]  
24   |R2O  |vsysclk|vsysclk|20000.0|  0.4|    0|19403.9|outRegS/Q_reg[20]/Q|sum[20]  
25   |R2O  |vsysclk|vsysclk|20000.0|  0.4|    0|19403.9|outRegS/Q_reg[19]/Q|sum[19]  
26   |R2O  |vsysclk|vsysclk|20000.0|  0.4|    0|19403.9|outRegS/Q_reg[16]/Q|sum[16]  
27   |R2O  |vsysclk|vsysclk|20000.0|  0.4|    0|19403.9|outRegS/Q_reg[12]/Q|sum[12]  
28   |R2O  |vsysclk|vsysclk|20000.0|  0.4|    0|19403.9|outRegS/Q_reg[4]/Q |sum[4]   
29   |R2O  |vsysclk|vsysclk|20000.0|  0.4|    0|19404.0|outRegS/Q_reg[17]/Q|sum[17]  
30   |R2O  |vsysclk|vsysclk|20000.0|  0.4|    0|19404.0|outRegS/Q_reg[11]/Q|sum[11]  
31   |R2O  |vsysclk|vsysclk|20000.0|  0.4|    0|19404.0|outRegS/Q_reg[9]/Q |sum[9]   
32   |R2O  |vsysclk|vsysclk|20000.0|  0.4|    0|19404.0|outRegS/Q_reg[8]/Q |sum[8]   
33   |R2O  |vsysclk|vsysclk|20000.0|  0.4|    0|19404.0|outRegS/Q_reg[3]/Q |sum[3]   
34   |R2O  |vsysclk|vsysclk|20000.0|  0.4|    0|19404.0|outRegS/Q_reg[1]/Q |sum[1]   
-----+-----+-------+-------+-------+-----+-----+-------+-------------------+---------
