Report for group default
------------------------------------------------------------------------------------------------------------------------------------------------------------
Startpoint: inRegA/Q_reg[24]/Q
    (Clocked by vsysclk R)
Endpoint: outRegS/Q_reg[30]/D
    (Clocked by vsysclk R)
Path Group: default
Data required time: 19961.3
    (Clock shift: 20000.0, minus Uncertainty: 0.0, plus Latency 0.0, minus Setup time: 38.7)
Data arrival time: 3385.1
Slack: 16576.2
Logic depth: 72
------------------------------------------------------------------------------------------------------------------------------------------------------------
                                                     Arrival               Arc      Net               Net    Total   fan-                                   
Path                     Module/Cell           Edge     Time    Delay    Delay    Delay     Slew     Load     Load    out     Location Power Domain      (V)
                                                        (ps)     (ps)     (ps)     (ps)     (ps)     (ff)     (ff)    (#)      (um,um)                      
------------------------------------------------------------------------------------------------------------------------------------------------------------
clk                      {create_clock}           r      0.0      0.0      0.0                        0.0      0.0      5    56,  112                       
inRegA/clk_gate_Q_reg/CK->GCK
                         CLKGATETST_X1           rr      0.0      0.0      0.0      0.0      0.0      0.0      0.0     32    57,   56  /PD_TOP        (1.10)
inRegA/Q_reg[24]/CK->Q   DFF_X1*                 rr    145.0    145.0    145.0      0.0      0.0      0.6     29.9      2    57,   56  /PD_TOP        (1.10)
A32/i_0_516/A->ZN        INV_X8                  rf    154.7      9.7      9.7      0.0     15.3      0.9     13.5      3    57,   56  /PD_TOP        (1.10)
A32/i_0_633/A2->ZN       NOR2_X4                 fr    191.8     37.1     37.1      0.0      4.5      0.9     12.9      3    57,   56  /PD_TOP        (1.10)
A32/i_0_630/A->ZN        AOI21_X4*               rf    222.4     30.6     30.6      0.0     25.3      0.9     34.0      3    57,   56  /PD_TOP        (1.10)
A32/i_0_628/B2->ZN       AOI21_X4                fr    261.1     38.7     38.7      0.0     15.3      0.6      8.1      2    57,   56  /PD_TOP        (1.10)
A32/i_0_627/B2->ZN       OAI22_X4                rf    289.7     28.6     28.6      0.0     26.2      0.7      8.2      2    57,   56  /PD_TOP        (1.10)
A32/i_0_626/B2->ZN       AOI22_X4                fr    342.6     52.9     52.9      0.0     12.6      0.6      8.1      2    57,   56  /PD_TOP        (1.10)
A32/i_0_610/A->Z         XOR2_X2                 rr    442.2     99.6     99.6      0.0     29.4      1.4     21.3      5    57,   56  /PD_TOP        (1.10)
A32/i_0_334/A2->ZN       NOR2_X4                 rf    463.7     21.5     21.5      0.0     65.8      1.0     13.4      3    57,   56  /PD_TOP        (1.10)
A32/i_0_332/B2->ZN       AOI22_X4                fr    509.2     45.5     45.5      0.0      7.7      0.3      4.3      1    57,   56  /PD_TOP        (1.10)
A32/i_0_331/A->ZN        OAI21_X4                rf    533.3     24.1     24.1      0.0     24.8      0.7      7.4      2    57,   56  /PD_TOP        (1.10)
A32/i_0_330/C2->ZN       AOI222_X2               fr    654.3    121.0    121.0      0.0     10.7      0.8      9.1      2    57,   56  /PD_TOP        (1.10)
A32/i_0_329/A2->ZN       AOI22_X4                rf    678.5     24.2     24.2      0.0     72.7      0.8      5.7      2    57,   56  /PD_TOP        (1.10)
A32/i_0_328/C2->ZN       AOI222_X4               fr    835.6    157.1    157.1      0.0     12.9      1.0     34.7      3    57,   56  /PD_TOP        (1.10)
A32/i_0_327/A->ZN        INV_X8                  rf    844.6      9.0      9.0      0.0     23.2      1.0      9.5      3    57,   56  /PD_TOP        (1.10)
A32/i_0_266/C2->ZN       AOI222_X2               fr    937.8     93.2     93.2      0.0      4.0      0.4      3.0      1    57,   56  /PD_TOP        (1.10)
A32/i_0_265/A->ZN        OAI221_X2               rf    982.0     44.2     44.2      0.0     50.2      0.4      3.0      1    57,   56  /PD_TOP        (1.10)
A32/i_0_264/A->ZN        AOI221_X2               fr   1064.4     82.4     82.4      0.0     17.5      0.4      4.5      1    57,   56  /PD_TOP        (1.10)
A32/i_0_263/B->ZN        OAI211_X2               rf   1097.7     33.3     33.3      0.0     48.9      0.4      3.0      1    57,   56  /PD_TOP        (1.10)
A32/i_0_262/A->ZN        AOI221_X2               fr   1172.7     75.0     75.0      0.0     13.8      0.4      3.0      1    57,   56  /PD_TOP        (1.10)
A32/i_0_261/A->ZN        OAI221_X2               rf   1217.8     45.1     45.1      0.0     43.5      0.4      4.4      1    57,   56  /PD_TOP        (1.10)
A32/i_0_246/B1->ZN       OAI21_X4*               fr   1318.9    101.1    101.1      0.0     19.3     13.6    226.9     46    57,   56  /PD_TOP        (1.10)
A32/i_0_172/B2->ZN       AOI21_X4                rf   1340.4     21.5     21.0      0.5     15.3      0.8     12.4      3    57,   56  /PD_TOP        (1.10)
A32/CLA_dut/cla1/i_0_13/A2->ZN
                         NOR2_X4                 fr   1369.2     28.8     28.8      0.0     11.0      0.3      4.3      1    57,   56  /PD_TOP        (1.10)
A32/CLA_dut/cla1/i_0_10/B1->ZN
                         OAI21_X4                rf   1387.1     17.9     17.9      0.0     15.5      0.6      7.6      2    57,   56  /PD_TOP        (1.10)
A32/CLA_dut/cla1/i_0_9/A->ZN
                         AOI21_X4                fr   1454.5     67.4     67.4      0.0     10.8      0.3     25.7      1    57,   56  /PD_TOP        (1.10)
A32/CLA_dut/cla1/i_0_8/A->ZN
                         INV_X8                  rf   1460.9      6.4      6.4      0.0     46.8      0.3      4.2      1    57,   56  /PD_TOP        (1.10)
A32/CLA_dut/cla1/i_0_7/A->ZN
                         OAI21_X4                fr   1480.8     19.9     19.9      0.0      3.4      0.6      8.5      2    57,   56  /PD_TOP        (1.10)
A32/CLA_dut/cla1/i_0_0/B2->ZN
                         AOI21_X4                rf   1500.9     20.1     20.1      0.0     23.3      0.6      7.8      2    57,   56  /PD_TOP        (1.10)
A32/CLA_dut/genblk1_4_cla/i_0_13/B1->ZN
                         AOI22_X4*               fr   1573.1     72.2     72.2      0.0      9.1      0.6     29.2      2    57,   56  /PD_TOP        (1.10)
A32/CLA_dut/genblk1_4_cla/i_0_12/A->ZN
                         INV_X8                  rf   1580.0      6.9      6.9      0.0     15.3      0.3      4.2      1    57,   56  /PD_TOP        (1.10)
A32/CLA_dut/genblk1_4_cla/i_0_10/B1->ZN
                         AOI22_X4*               fr   1649.6     69.6     69.6      0.0      3.4      0.6     29.2      2    57,   56  /PD_TOP        (1.10)
A32/CLA_dut/genblk1_4_cla/i_0_9/A->ZN
                         INV_X8                  rf   1656.5      6.9      6.9      0.0     15.3      0.3      4.2      1    57,   56  /PD_TOP        (1.10)
A32/CLA_dut/genblk1_4_cla/i_0_7/B1->ZN
                         AOI22_X4                fr   1699.9     43.4     43.4      0.0      3.4      0.6      7.9      2    57,   56  /PD_TOP        (1.10)
A32/CLA_dut/genblk1_4_cla/i_0_0/B1->ZN
                         OAI21_X4                rf   1720.8     20.9     20.9      0.0     29.2      0.6      7.8      2    57,   56  /PD_TOP        (1.10)
A32/CLA_dut/genblk1_8_cla/i_0_13/B1->ZN
                         AOI22_X4*               fr   1793.8     73.0     73.0      0.0     10.8      0.6     29.2      2    57,   56  /PD_TOP        (1.10)
A32/CLA_dut/genblk1_8_cla/i_0_12/A->ZN
                         INV_X8                  rf   1800.7      6.9      6.9      0.0     15.3      0.3      4.2      1    57,   56  /PD_TOP        (1.10)
A32/CLA_dut/genblk1_8_cla/i_0_10/B1->ZN
                         AOI22_X4*               fr   1870.3     69.6     69.6      0.0      3.4      0.6     29.2      2    57,   56  /PD_TOP        (1.10)
A32/CLA_dut/genblk1_8_cla/i_0_9/A->ZN
                         INV_X8                  rf   1877.2      6.9      6.9      0.0     15.3      0.3      4.2      1    57,   56  /PD_TOP        (1.10)
A32/CLA_dut/genblk1_8_cla/i_0_7/B1->ZN
                         AOI22_X4                fr   1920.6     43.4     43.4      0.0      3.4      0.6      7.9      2    57,   56  /PD_TOP        (1.10)
A32/CLA_dut/genblk1_8_cla/i_0_0/B1->ZN
                         OAI21_X4                rf   1941.5     20.9     20.9      0.0     29.2      0.6      7.8      2    57,   56  /PD_TOP        (1.10)
A32/CLA_dut/genblk1_12_cla/i_0_13/B1->ZN
                         AOI22_X4*               fr   2014.5     73.0     73.0      0.0     10.8      0.6     29.2      2    57,   56  /PD_TOP        (1.10)
A32/CLA_dut/genblk1_12_cla/i_0_12/A->ZN
                         INV_X8                  rf   2021.4      6.9      6.9      0.0     15.3      0.3      4.2      1    57,   56  /PD_TOP        (1.10)
A32/CLA_dut/genblk1_12_cla/i_0_10/B1->ZN
                         AOI22_X4*               fr   2091.0     69.6     69.6      0.0      3.4      0.6     29.2      2    57,   56  /PD_TOP        (1.10)
A32/CLA_dut/genblk1_12_cla/i_0_9/A->ZN
                         INV_X8                  rf   2097.9      6.9      6.9      0.0     15.3      0.3      4.2      1    57,   56  /PD_TOP        (1.10)
A32/CLA_dut/genblk1_12_cla/i_0_7/B1->ZN
                         AOI22_X4                fr   2141.3     43.4     43.4      0.0      3.4      0.6      7.9      2    57,   56  /PD_TOP        (1.10)
A32/CLA_dut/genblk1_12_cla/i_0_0/B1->ZN
                         OAI21_X4                rf   2162.2     20.9     20.9      0.0     29.2      0.6      7.8      2    57,   56  /PD_TOP        (1.10)
A32/CLA_dut/genblk1_16_cla/i_0_13/B1->ZN
                         AOI22_X4*               fr   2235.2     73.0     73.0      0.0     10.8      0.6     29.2      2    57,   56  /PD_TOP        (1.10)
A32/CLA_dut/genblk1_16_cla/i_0_12/A->ZN
                         INV_X8                  rf   2242.1      6.9      6.9      0.0     15.3      0.3      4.2      1    57,   56  /PD_TOP        (1.10)
A32/CLA_dut/genblk1_16_cla/i_0_10/B1->ZN
                         AOI22_X4*               fr   2311.7     69.6     69.6      0.0      3.4      0.6     29.2      2    57,   56  /PD_TOP        (1.10)
A32/CLA_dut/genblk1_16_cla/i_0_9/A->ZN
                         INV_X8                  rf   2318.6      6.9      6.9      0.0     15.3      0.3      4.2      1    57,   56  /PD_TOP        (1.10)
A32/CLA_dut/genblk1_16_cla/i_0_7/B1->ZN
                         AOI22_X4                fr   2362.0     43.4     43.4      0.0      3.4      0.6      7.9      2    57,   56  /PD_TOP        (1.10)
A32/CLA_dut/genblk1_16_cla/i_0_0/B1->ZN
                         OAI21_X4                rf   2382.9     20.9     20.9      0.0     29.2      0.6      7.8      2    57,   56  /PD_TOP        (1.10)
A32/CLA_dut/genblk1_20_cla/i_0_13/B1->ZN
                         AOI22_X4*               fr   2455.9     73.0     73.0      0.0     10.8      0.6     29.2      2    57,   56  /PD_TOP        (1.10)
A32/CLA_dut/genblk1_20_cla/i_0_12/A->ZN
                         INV_X8                  rf   2462.8      6.9      6.9      0.0     15.3      0.3      4.2      1    57,   56  /PD_TOP        (1.10)
A32/CLA_dut/genblk1_20_cla/i_0_10/B1->ZN
                         AOI22_X4*               fr   2532.4     69.6     69.6      0.0      3.4      0.6     29.2      2    57,   56  /PD_TOP        (1.10)
A32/CLA_dut/genblk1_20_cla/i_0_3/A->ZN
                         XNOR2_X2                rf   2573.8     41.4     41.4      0.0     15.3      2.0     26.3      6    57,   56  /PD_TOP        (1.10)
A32/count_leading_zeros_instance/i_0_40/A1->ZN
                         NOR4_X4*                fr   2692.3    118.5    118.5      0.0     30.8      0.9     32.4      3    57,   56  /PD_TOP        (1.10)
A32/count_leading_zeros_instance/i_0_39/A->ZN
                         INV_X8                  rf   2699.2      6.9      6.9      0.0     15.3      0.3      4.2      1    57,   56  /PD_TOP        (1.10)
A32/count_leading_zeros_instance/i_0_35/A->ZN
                         AOI21_X4                fr   2745.7     46.5     46.5      0.0      3.4      0.9     12.1      3    57,   56  /PD_TOP        (1.10)
A32/i_17/i_2/A->S        HA_X1*                  rr   2943.0    197.3    197.3      0.0     30.8      4.0     73.1     12    57,   56  /PD_TOP        (1.10)
A32/i_0_540/A->ZN        INV_X32                 rf   2953.6     10.6     10.5      0.1     15.3      3.8     47.5     11    57,   56  /PD_TOP        (1.10)
A32/i_0_168/B1->ZN       AOI22_X4*               fr   3024.2     70.6     70.5      0.1      5.0      0.6     29.3      2    57,   56  /PD_TOP        (1.10)
A32/i_0_167/A->ZN        INV_X8                  rf   3031.1      6.9      6.9      0.0     15.3      0.3      4.4      1    57,   56  /PD_TOP        (1.10)
A32/i_0_162/B1->ZN       OAI22_X4                fr   3072.9     41.8     41.8      0.0      3.5      0.7      8.5      2    57,   56  /PD_TOP        (1.10)
A32/i_0_161/B2->ZN       AOI22_X4                rf   3102.4     29.5     29.5      0.0     35.4      0.7      8.2      2    57,   56  /PD_TOP        (1.10)
A32/i_0_160/B2->ZN       AOI22_X4                fr   3156.6     54.2     54.2      0.0     14.0      0.6      8.6      2    57,   56  /PD_TOP        (1.10)
A32/i_0_159/A2->ZN       NAND2_X4                rf   3180.1     23.5     23.5      0.0     30.0      0.9     13.2      3    57,   56  /PD_TOP        (1.10)
A32/i_0_158/A2->ZN       NOR2_X4*                fr   3239.8     59.7     59.7      0.0     10.5      0.5     29.9      2    57,   56  /PD_TOP        (1.10)
A32/i_0_157/A->ZN        INV_X8                  rf   3246.2      6.4      6.4      0.0     15.3      0.3      2.7      1    57,   56  /PD_TOP        (1.10)
A32/i_0_152/B2->ZN       AOI221_X2               fr   3328.5     82.3     82.3      0.0      3.3      0.4      4.5      1    57,   56  /PD_TOP        (1.10)
A32/i_0_151/B2->ZN       AOI22_X2                rf   3356.7     28.2     28.2      0.0     49.0      0.3      2.6      1    57,   56  /PD_TOP        (1.10)
outRegS/i_0_32/A2->ZN    AND2_X4                 ff   3385.1     28.4     28.4      0.0     11.8      0.3      1.4      1    57,   56  /PD_TOP        (1.10)
outRegS/Q_reg[30]/D      DFF_X1                   f   3385.1      0.0               0.0      4.8                             57,   56  /PD_TOP        (1.10)
------------------------------------------------------------------------------------------------------------------------------------------------------------
Report for group I2R
------------------------------------------------------------------------------------------------------------------------------------------------------------
Startpoint: rst
    (Clocked by vsysclk R)
Endpoint: inRegA/clk_gate_Q_reg/E
    (Clocked by vsysclk R)
Path Group: I2R
Data required time: 19914.9
    (Clock shift: 20000.0, minus Uncertainty: 0.0, plus Latency 0.0, minus Setup time: 85.1)
Data arrival time: 1032.6
Slack: 18882.3
Logic depth: 1
------------------------------------------------------------------------------------------------------------------------------------------------------------
                                                     Arrival               Arc      Net               Net    Total   fan-                                   
Path                     Module/Cell           Edge     Time    Delay    Delay    Delay     Slew     Load     Load    out     Location Power Domain      (V)
                                                        (ps)     (ps)     (ps)     (ps)     (ps)     (ff)     (ff)    (#)      (um,um)                      
------------------------------------------------------------------------------------------------------------------------------------------------------------
rst                      {set_input_delay}        r   1000.0   1000.0   1000.0                        5.2     92.8      8    56,    0                       
inRegA/i_0_0/A2->ZN      OR2_X4                  rr   1032.6     32.2     32.2      0.0    100.0      0.3      1.2      1    57,   56  /PD_TOP        (1.10)
inRegA/clk_gate_Q_reg/E  CLKGATETST_X2            r   1032.6      0.4               0.4      5.2                             57,   56  /PD_TOP        (1.10)
------------------------------------------------------------------------------------------------------------------------------------------------------------
Report for group I2O
Report for group R2O
------------------------------------------------------------------------------------------------------------------------------------------------------------
Startpoint: outRegO/Q_reg[0]/Q
    (Clocked by vsysclk R)
Endpoint: overflow
    (Clocked by vsysclk R)
Path Group: R2O
Data required time: 19500.0
    (Clock shift: 20000.0, minus Uncertainty: 0.0, plus Latency 0.0, minus Out delay: 500.0)
Data arrival time: 102.3
Slack: 19397.7
Logic depth: 0
------------------------------------------------------------------------------------------------------------------------------------------------------------
                                                     Arrival               Arc      Net               Net    Total   fan-                                   
Path                     Module/Cell           Edge     Time    Delay    Delay    Delay     Slew     Load     Load    out     Location Power Domain      (V)
                                                        (ps)     (ps)     (ps)     (ps)     (ps)     (ff)     (ff)    (#)      (um,um)                      
------------------------------------------------------------------------------------------------------------------------------------------------------------
clk                      {create_clock}           r      0.0      0.0      0.0                        0.0      0.0      5    56,  112                       
outRegO/Q_reg[0]/CK->Q   DFF_X1                  rf    101.8    101.8    101.8      0.0      0.0      3.8     18.0      2    57,   56  /PD_TOP        (1.10)
overflow                                          f    102.3      0.5               0.5     21.9                              0,   61                       
------------------------------------------------------------------------------------------------------------------------------------------------------------
