Report Physical info: 
------------------------+-------------+-----------+------------
                        |             |Area (squm)|Leakage (uW)
------------------------+-------------+-----------+------------
Design Name             |Radix4       |           |            
  Total Instances       |         1372|       2726|      55.030
    Macros              |            0|          0|       0.000
    Pads                |            0|          0|       0.000
    Phys                |            0|          0|       0.000
    Blackboxes          |            0|          0|       0.000
    Cells               |         1372|       2726|      55.030
      Buffers           |            0|          0|       0.000
      Inverters         |          129|         69|       1.852
      Clock-Gates       |            3|         12|       0.177
      Combinational     |          884|       1036|      24.837
      Latches           |            0|          0|       0.000
      FlipFlops         |          356|       1610|      28.164
       Single-Bit FF    |          356|       1610|      28.164
       Multi-Bit FF     |            0|          0|       0.000
       Clock-Gated      |          228|           |            
       Bits             |          356|       1610|      28.164
         Load-Enabled   |            0|           |            
         Clock-Gated    |          228|           |            
  Tristate Pin Count    |            0|           |            
Physical Info           |Placed       |           |            
  Chip Size (mm x mm)   |0.134 x 0.134|      17913|            
  Fixed Cell Area       |             |          0|            
    Phys Only           |            0|          0|            
  Placeable Area        |             |       5367|            
  Movable Cell Area     |             |       2726|            
  Utilization (%)       |           50|           |            
  Chip Utilization (%)  |           50|           |            
  Total Wire Length (mm)|        8.956|           |            
  Longest Wire (mm)     |        0.074|           |            
  Average Wire (mm)     |        0.069|           |            
------------------------+-------------+-----------+------------
