Report End Points: 
-----+-------+-------+-------+------+------+-----+-----+----------------------------+-------------------------
     |Group  |Launch |Capture|Shift |Delay |Depth|Slack|Begin Point                 |End Point                
-----+-------+-------+-------+------+------+-----+-----+----------------------------+-------------------------
1    |default|vsysclk|vsysclk|2000.0|1702.6|   38| 83.2|mult/shiftingAmount_reg[3]/Q|mult/tempResult_reg[63]/D
2    |default|vsysclk|vsysclk|2000.0|1683.2|   36|102.6|mult/shiftingAmount_reg[3]/Q|mult/tempResult_reg[62]/D
3    |default|vsysclk|vsysclk|2000.0|1632.1|   35|153.7|mult/shiftingAmount_reg[3]/Q|mult/tempResult_reg[61]/D
-----+-------+-------+-------+------+------+-----+-----+----------------------------+-------------------------
Report End Points: 
-----+-----+-------+-------+------+-----+-----+------+-----------+-------------------------------------
     |Group|Launch |Capture|Shift |Delay|Depth|Slack |Begin Point|End Point                            
-----+-----+-------+-------+------+-----+-----+------+-----------+-------------------------------------
1    |I2R  |vsysclk|vsysclk|2000.0| 25.9|    2|1689.1|start      |mult/clk_gate_tempResult_reg/E       
2    |I2R  |vsysclk|vsysclk|2000.0|  0.5|    0|1715.7|start      |mult/clk_gate_Input1_1_Positive_reg/E
3    |I2R  |vsysclk|vsysclk|2000.0| 14.9|    1|1719.3|start      |mult/clk_gate_result_reg/E           
-----+-----+-------+-------+------+-----+-----+------+-----------+-------------------------------------
Report End Points: 
-----+-----+------+-------+-----+-----+-----+-----+-----------+---------
     |Group|Launch|Capture|Shift|Delay|Depth|Slack|Begin Point|End Point
-----+-----+------+-------+-----+-----+-----+-----+-----------+---------
1    |I2O  |      |       |     |     |     |     |           |         
-----+-----+------+-------+-----+-----+-----+-----+-----------+---------
Report End Points: 
-----+-----+-------+-------+------+-----+-----+------+-------------------+-------------
     |Group|Launch |Capture|Shift |Delay|Depth|Slack |Begin Point        |End Point    
-----+-----+-------+-------+------+-----+-----+------+-------------------+-------------
1    |R2O  |vsysclk|vsysclk|2000.0|  0.7|    0|1386.5|outResult_reg[62]/Q|outResult[62]
2    |R2O  |vsysclk|vsysclk|2000.0|  0.7|    0|1386.5|outResult_reg[56]/Q|outResult[56]
3    |R2O  |vsysclk|vsysclk|2000.0|  0.7|    0|1386.5|outResult_reg[54]/Q|outResult[54]
-----+-----+-------+-------+------+-----+-----+------+-------------------+-------------
