warning: No library characterized for (process = 1.00 voltage = 0.85 temperature = 25.00) can be found in the database for power domain '/PD_TOP'  [NL-174]
Report Power (instances with prefix '*' are included in total) : 
-----+------------------+--------------------+---------------------+-------------------+-----------------
     | Instance         | Internal Power(uw) | Switching Power(uw) | Leakage Power(uw) | Total Power(uw) 
-----+------------------+--------------------+---------------------+-------------------+-----------------
1    |*mult             |          634.570984|          1382.991089|          44.903545|      2062.465576
2    |*outResult_reg[63]|            0.049964|             0.049805|           0.079112|         0.178881
3    |*outResult_reg[62]|            0.049970|             0.050323|           0.079112|         0.179405
4    |*outResult_reg[61]|            0.049964|             0.049759|           0.079112|         0.178835
5    |*outResult_reg[60]|            0.049958|             0.049212|           0.079112|         0.178282
6    |*outResult_reg[59]|            0.049958|             0.049226|           0.079112|         0.178296
7    |*outResult_reg[58]|            0.049964|             0.049745|           0.079112|         0.178820
8    |*outResult_reg[57]|            0.049964|             0.049749|           0.079112|         0.178825
9    |*outResult_reg[56]|            0.049970|             0.050295|           0.079112|         0.179377
10   |*outResult_reg[55]|            0.049964|             0.049749|           0.079112|         0.178825
11   |*outResult_reg[54]|            0.049969|             0.050267|           0.079112|         0.179349
12   |*outResult_reg[53]|            0.049963|             0.049702|           0.079112|         0.178778
13   |*outResult_reg[52]|            0.049957|             0.049156|           0.079112|         0.178225
14   |*outResult_reg[51]|            0.049957|             0.049170|           0.079112|         0.178240
15   |*outResult_reg[50]|            0.049963|             0.049688|           0.079112|         0.178764
16   |*outResult_reg[49]|            0.049963|             0.049692|           0.079112|         0.178768
17   |*outResult_reg[48]|            0.049969|             0.050239|           0.079112|         0.179320
18   |*outResult_reg[47]|            0.049963|             0.049692|           0.079112|         0.178768
19   |*outResult_reg[46]|            0.049969|             0.050211|           0.079112|         0.179292
20   |*outResult_reg[45]|            0.049962|             0.049646|           0.079112|         0.178721
21   |*outResult_reg[44]|            0.049956|             0.049100|           0.079112|         0.178169
22   |*outResult_reg[43]|            0.049956|             0.049114|           0.079112|         0.178183
23   |*outResult_reg[42]|            0.049962|             0.049632|           0.079112|         0.178707
24   |*outResult_reg[41]|            0.049962|             0.049636|           0.079112|         0.178711
25   |*outResult_reg[40]|            0.049969|             0.050182|           0.079112|         0.179263
26   |*outResult_reg[39]|            0.049962|             0.049636|           0.079112|         0.178711
27   |*outResult_reg[38]|            0.049968|             0.050154|           0.079112|         0.179235
28   |*outResult_reg[37]|            0.049962|             0.049590|           0.079112|         0.178664
29   |*outResult_reg[36]|            0.049956|             0.049044|           0.079112|         0.178112
30   |*outResult_reg[35]|            0.049956|             0.049058|           0.079112|         0.178126
31   |*outResult_reg[34]|            0.049962|             0.049576|           0.079112|         0.178650
32   |*outResult_reg[33]|            0.049962|             0.049580|           0.079112|         0.178654
33   |*outResult_reg[32]|            0.049968|             0.050126|           0.079112|         0.179206
34   |*outResult_reg[31]|            0.049962|             0.049580|           0.079112|         0.178654
35   |*outResult_reg[30]|            0.049968|             0.050098|           0.079112|         0.179178
36   |*outResult_reg[29]|            0.049961|             0.049534|           0.079112|         0.178607
37   |*outResult_reg[28]|            0.049955|             0.048987|           0.079112|         0.178055
38   |*outResult_reg[27]|            0.049955|             0.049001|           0.079112|         0.178069
39   |*outResult_reg[26]|            0.049961|             0.049520|           0.079112|         0.178593
40   |*outResult_reg[25]|            0.049961|             0.049524|           0.079112|         0.178597
41   |*outResult_reg[24]|            0.049967|             0.050070|           0.079112|         0.179149
42   |*outResult_reg[23]|            0.049961|             0.049524|           0.079112|         0.178597
43   |*outResult_reg[22]|            0.049967|             0.050042|           0.079112|         0.179121
44   |*outResult_reg[21]|            0.049961|             0.049477|           0.079112|         0.178550
45   |*outResult_reg[20]|            0.049954|             0.048931|           0.079112|         0.177998
46   |*outResult_reg[19]|            0.049955|             0.048945|           0.079112|         0.178012
47   |*outResult_reg[18]|            0.049960|             0.049463|           0.079112|         0.178536
48   |*outResult_reg[17]|            0.049960|             0.049467|           0.079112|         0.178540
49   |*outResult_reg[16]|            0.049967|             0.050014|           0.079112|         0.179093
50   |*outResult_reg[15]|            0.049960|             0.049467|           0.079112|         0.178540
51   |*outResult_reg[14]|            0.049966|             0.049986|           0.079112|         0.179064
52   |*outResult_reg[13]|            0.049960|             0.049421|           0.079112|         0.178493
53   |*outResult_reg[12]|            0.049954|             0.048875|           0.079112|         0.177941
54   |*outResult_reg[11]|            0.049954|             0.048889|           0.079112|         0.177955
55   |*outResult_reg[10]|            0.049960|             0.049407|           0.079112|         0.178479
56   |*outResult_reg[9] |            0.049960|             0.049411|           0.079112|         0.178483
57   |*outResult_reg[8] |            0.049966|             0.049957|           0.079112|         0.179036
58   |*outResult_reg[7] |            0.049960|             0.049411|           0.079112|         0.178483
59   |*outResult_reg[6] |            0.049966|             0.049929|           0.079112|         0.179007
60   |*outResult_reg[5] |            0.049959|             0.049365|           0.079112|         0.178437
61   |*outResult_reg[4] |            0.049953|             0.048819|           0.079112|         0.177884
62   |*outResult_reg[3] |            0.049953|             0.048833|           0.079112|         0.177898
63   |*outResult_reg[2] |            0.049960|             0.049423|           0.079112|         0.178495
64   |*outResult_reg[1] |            0.049959|             0.049355|           0.079112|         0.178426
65   |*outResult_reg[0] |            0.049965|             0.049901|           0.079112|         0.178979
66   |*B_reg[31]        |            2.090493|             0.221879|           0.079112|         2.391485
67   |*B_reg[30]        |            2.090493|             0.221879|           0.079112|         2.391485
68   |*B_reg[29]        |            2.090493|             0.221879|           0.079112|         2.391485
69   |*B_reg[28]        |            2.090493|             0.221879|           0.079112|         2.391485
70   |*B_reg[27]        |            2.090493|             0.221879|           0.079112|         2.391485
71   |*B_reg[26]        |            2.090493|             0.221879|           0.079112|         2.391485
72   |*B_reg[25]        |            2.090493|             0.221879|           0.079112|         2.391485
73   |*B_reg[24]        |            2.090493|             0.221879|           0.079112|         2.391485
74   |*B_reg[23]        |            2.090493|             0.221879|           0.079112|         2.391485
75   |*B_reg[22]        |            2.090493|             0.221879|           0.079112|         2.391485
76   |*B_reg[21]        |            2.090493|             0.221879|           0.079112|         2.391485
77   |*B_reg[20]        |            2.090493|             0.221879|           0.079112|         2.391485
78   |*B_reg[19]        |            2.090493|             0.221879|           0.079112|         2.391485
79   |*B_reg[18]        |            2.090493|             0.221879|           0.079112|         2.391485
80   |*B_reg[17]        |            2.090493|             0.221879|           0.079112|         2.391485
81   |*B_reg[16]        |            2.090493|             0.221879|           0.079112|         2.391485
82   |*B_reg[15]        |            2.090493|             0.221879|           0.079112|         2.391485
83   |*B_reg[14]        |            2.090493|             0.221879|           0.079112|         2.391485
84   |*B_reg[13]        |            2.090493|             0.221879|           0.079112|         2.391485
85   |*B_reg[12]        |            2.090493|             0.221879|           0.079112|         2.391485
86   |*B_reg[11]        |            2.090493|             0.221879|           0.079112|         2.391485
87   |*B_reg[10]        |            2.090493|             0.221879|           0.079112|         2.391485
88   |*B_reg[9]         |            2.090493|             0.221879|           0.079112|         2.391485
89   |*B_reg[8]         |            2.090493|             0.221879|           0.079112|         2.391485
90   |*B_reg[7]         |            2.090493|             0.221879|           0.079112|         2.391485
91   |*B_reg[6]         |            2.090493|             0.221879|           0.079112|         2.391485
92   |*B_reg[5]         |            2.090493|             0.221879|           0.079112|         2.391485
93   |*B_reg[4]         |            2.090493|             0.221879|           0.079112|         2.391485
94   |*B_reg[3]         |            2.090493|             0.221879|           0.079112|         2.391485
95   |*B_reg[2]         |            2.090493|             0.221879|           0.079112|         2.391485
96   |*B_reg[1]         |            2.090493|             0.221879|           0.079112|         2.391485
97   |*B_reg[0]         |            2.090493|             0.221879|           0.079112|         2.391485
98   |*A_reg[31]        |            2.105474|             0.737090|           0.079112|         2.921676
99   |*A_reg[30]        |            2.123260|             1.368656|           0.079112|         3.571029
100  |*A_reg[29]        |            2.130485|             2.007890|           0.079112|         4.217487
101  |*A_reg[28]        |            2.134109|             2.725003|           0.079112|         4.938223
102  |*A_reg[27]        |            2.121811|             1.240444|           0.079112|         3.441368
103  |*A_reg[26]        |            2.128074|             1.794641|           0.079112|         4.001828
104  |*A_reg[25]        |            2.135948|             4.625541|           0.079112|         6.840601
105  |*A_reg[24]        |            2.123268|             1.369306|           0.079112|         3.571687
106  |*A_reg[23]        |            2.131235|             2.074304|           0.079112|         4.284652
107  |*A_reg[22]        |            2.120382|             1.135816|           0.079112|         3.335310
108  |*A_reg[21]        |            2.135948|             4.625541|           0.079112|         6.840601
109  |*A_reg[20]        |            2.123260|             1.368656|           0.079112|         3.571029
110  |*A_reg[19]        |            2.130485|             2.007890|           0.079112|         4.217487
111  |*A_reg[18]        |            2.134109|             2.725003|           0.079112|         4.938223
112  |*A_reg[17]        |            2.120382|             1.135816|           0.079112|         3.335310
113  |*A_reg[16]        |            2.121811|             1.240444|           0.079112|         3.441368
114  |*A_reg[15]        |            2.128074|             1.794641|           0.079112|         4.001828
115  |*A_reg[14]        |            2.135948|             4.625541|           0.079112|         6.840601
116  |*A_reg[13]        |            2.123268|             1.369306|           0.079112|         3.571687
117  |*A_reg[12]        |            2.131235|             2.074304|           0.079112|         4.284652
118  |*A_reg[11]        |            2.135948|             4.625541|           0.079112|         6.840601
119  |*A_reg[10]        |            2.123995|             1.433635|           0.079112|         3.636742
120  |*A_reg[9]         |            2.121811|             1.240444|           0.079112|         3.441368
121  |*A_reg[8]         |            2.128074|             1.794641|           0.079112|         4.001828
122  |*A_reg[7]         |            2.120382|             1.135816|           0.079112|         3.335310
123  |*A_reg[6]         |            2.121811|             1.240444|           0.079112|         3.441368
124  |*A_reg[5]         |            2.128074|             1.794641|           0.079112|         4.001828
125  |*A_reg[4]         |            2.120382|             1.135816|           0.079112|         3.335310
126  |*A_reg[3]         |            2.120382|             1.135816|           0.079112|         3.335310
127  |*A_reg[2]         |            2.121826|             1.241788|           0.079112|         3.442727
128  |*A_reg[1]         |            2.128025|             1.790200|           0.079112|         3.997337
129  |*A_reg[0]         |            2.128372|             1.821013|           0.079112|         4.028498
130  |                  |                    |                     |                   |                 
131  |*TOTAL            |          772.703369|          1455.698364|          55.029881|      2283.431396
-----+------------------+--------------------+---------------------+-------------------+-----------------
