Report for group default
------------------------------------------------------------------------------------------------------------------------------------------------------------
Startpoint: mult/shiftingAmount_reg[3]/Q
    (Clocked by vsysclk R)
Endpoint: mult/tempResult_reg[63]/D
    (Clocked by vsysclk R)
Path Group: default
Data required time: 1969.2
    (Clock shift: 2000.0, minus Uncertainty: 0.0, plus Latency 0.0, minus Setup time: 30.8)
Data arrival time: 1886.0
Slack: 83.2
Logic depth: 38
------------------------------------------------------------------------------------------------------------------------------------------------------------
                                                     Arrival               Arc      Net               Net    Total   fan-                                   
Path                     Module/Cell           Edge     Time    Delay    Delay    Delay     Slew     Load     Load    out     Location Power Domain      (V)
                                                        (ps)     (ps)     (ps)     (ps)     (ps)     (ff)     (ff)    (#)      (um,um)                      
------------------------------------------------------------------------------------------------------------------------------------------------------------
clk                      {create_clock}           r      0.0      0.0      0.0                        0.0      0.0    131     0,   64                       
mult/clk_gate_tempResult_reg/CK->GCK
                         CLKGATETST_X1           rr      0.0      0.0      0.0      0.0      0.0      0.0      0.0     69    69,   64  /PD_TOP        (1.10)
mult/shiftingAmount_reg[3]/CK->Q
                         DFF_X1*                 rr    183.4    183.4    183.4      0.0      0.0     15.8    217.1     45    69,   64  /PD_TOP        (1.10)
mult/i_0_84/A->ZN        INV_X32                 rf    198.3     14.9     14.3      0.6     15.3      9.6    117.9     27    69,   64  /PD_TOP        (1.10)
mult/i_0_96/A1->ZN       NAND2_X4*               fr    228.2     29.9     29.5      0.4      7.0      0.6     30.1      2    69,   64  /PD_TOP        (1.10)
mult/i_0_97/A->ZN        INV_X8                  rf    239.6     11.4     11.4      0.0     15.3      2.1     20.5      6    69,   64  /PD_TOP        (1.10)
mult/i_0_115/B1->ZN      AOI22_X4                fr    277.2     37.6     37.5      0.1      5.3      0.4      2.8      1    69,   64  /PD_TOP        (1.10)
mult/i_0_117/B1->ZN      OAI222_X4               rf    359.8     82.6     82.6      0.0     23.4      0.3     25.8      1    69,   64  /PD_TOP        (1.10)
mult/i_0_118/A->ZN       INV_X8                  fr    372.3     12.5     12.5      0.0     10.7      0.7      8.8      2    69,   64  /PD_TOP        (1.10)
mult/i_0_120/A1->ZN      OAI22_X2                rf    386.7     14.4     14.4      0.0      6.4      0.4      2.8      1    69,   64  /PD_TOP        (1.10)
mult/i_0_132/B2->ZN      AOI221_X4               fr    528.9    142.2    142.2      0.0     10.2      1.0     34.8      3    69,   64  /PD_TOP        (1.10)
mult/i_0_133/A->ZN       INV_X8                  rf    537.6      8.7      8.7      0.0     23.2      0.6      9.0      2    69,   64  /PD_TOP        (1.10)
mult/i_0_135/A2->ZN      OAI22_X4                fr    577.5     39.9     39.9      0.0      4.0      0.9     11.5      3    69,   64  /PD_TOP        (1.10)
mult/i_0_157/A1->ZN      NOR2_X4*                rf    633.8     56.3     56.3      0.0     39.2     11.5    135.5     31    69,   64  /PD_TOP        (1.10)
mult/i_0_159/B1->ZN      AOI221_X4               fr    773.2    139.4    138.9      0.5     15.3      1.3     39.2      4    69,   64  /PD_TOP        (1.10)
mult/i_0_160/A1->ZN      NOR2_X4                 rf    788.7     15.5     15.5      0.0     25.7      0.8     12.9      3    69,   64  /PD_TOP        (1.10)
mult/i_12/i_431/A1->ZN   NOR2_X4                 fr    811.0     22.3     22.3      0.0      7.6      0.3      4.2      1    69,   64  /PD_TOP        (1.10)
mult/i_12/i_428/A->ZN    AOI21_X4                rf    827.0     16.0     16.0      0.0     15.3      0.6      7.8      2    69,   64  /PD_TOP        (1.10)
mult/i_12/i_427/B2->ZN   OAI22_X4                fr    874.8     47.8     47.8      0.0      9.1      0.6      7.9      2    69,   64  /PD_TOP        (1.10)
mult/i_12/i_426/A->ZN    OAI21_X4                rf    899.0     24.2     24.2      0.0     34.6      0.3      4.2      1    69,   64  /PD_TOP        (1.10)
mult/i_12/i_425/A2->ZN   NAND2_X4                fr    920.7     21.7     21.7      0.0      9.4      0.9     12.0      3    69,   64  /PD_TOP        (1.10)
mult/i_12/i_419/A3->ZN   NOR3_X4                 rf    933.0     12.3     12.3      0.0     13.6      0.3      4.2      1    69,   64  /PD_TOP        (1.10)
mult/i_12/i_411/A4->ZN   NOR4_X4                 fr   1034.1    101.1    101.1      0.0      6.6      1.0     12.0      3    69,   64  /PD_TOP        (1.10)
mult/i_12/i_405/A3->ZN   NOR3_X4                 rf   1051.9     17.8     17.8      0.0     61.3      0.3      4.2      1    69,   64  /PD_TOP        (1.10)
mult/i_12/i_397/A4->ZN   NOR4_X4                 fr   1153.5    101.6    101.6      0.0      6.6      1.0     12.1      3    69,   64  /PD_TOP        (1.10)
mult/i_12/i_391/A3->ZN   NOR3_X4                 rf   1171.3     17.8     17.8      0.0     61.7      0.3      4.2      1    69,   64  /PD_TOP        (1.10)
mult/i_12/i_383/A4->ZN   NOR4_X4                 fr   1284.7    113.4    113.4      0.0      6.6      1.3     16.5      4    69,   64  /PD_TOP        (1.10)
mult/i_12/i_344/A3->ZN   NOR3_X4                 rf   1302.7     18.0     18.0      0.0     72.2      0.3      4.2      1    69,   64  /PD_TOP        (1.10)
mult/i_12/i_318/A3->ZN   NOR3_X4                 fr   1377.3     74.6     74.6      0.0      6.6      1.2     16.4      4    69,   64  /PD_TOP        (1.10)
mult/i_12/i_282/A3->ZN   NOR3_X4                 rf   1394.8     17.5     17.5      0.0     49.3      0.3      4.2      1    69,   64  /PD_TOP        (1.10)
mult/i_12/i_253/A3->ZN   NOR3_X4                 fr   1460.8     66.0     66.0      0.0      6.6      0.9     12.1      3    69,   64  /PD_TOP        (1.10)
mult/i_12/i_247/A3->ZN   NOR3_X4                 rf   1478.1     17.3     17.3      0.0     41.6      0.3      4.2      1    69,   64  /PD_TOP        (1.10)
mult/i_12/i_239/A4->ZN   NOR4_X4                 fr   1591.5    113.4    113.4      0.0      6.6      1.3     16.5      4    69,   64  /PD_TOP        (1.10)
mult/i_12/i_223/A3->ZN   NOR3_X4                 rf   1609.5     18.0     18.0      0.0     72.2      0.3      4.2      1    69,   64  /PD_TOP        (1.10)
mult/i_12/i_207/A4->ZN   NOR4_X4                 fr   1699.3     89.8     89.8      0.0      6.6      0.6      7.8      2    69,   64  /PD_TOP        (1.10)
mult/i_12/i_205/B1->ZN   AOI21_X4*               rf   1743.2     43.9     43.9      0.0     51.2      1.0     34.1      3    69,   64  /PD_TOP        (1.10)
mult/i_12/i_204/A->ZN    INV_X8                  fr   1757.8     14.6     14.6      0.0     15.3      0.6      9.1      2    69,   64  /PD_TOP        (1.10)
mult/i_12/i_198/A3->ZN   NAND3_X2                rf   1777.6     19.8     19.8      0.0      6.5      0.4      2.9      1    69,   64  /PD_TOP        (1.10)
mult/i_12/i_197/A->ZN    OAI221_X2               fr   1801.9     24.3     24.3      0.0     10.3      0.3      3.6      1    69,   64  /PD_TOP        (1.10)
mult/i_12/i_195/A->Z     XOR2_X2                 rr   1855.9     54.0     54.0      0.0     39.1      0.3      2.5      1    69,   64  /PD_TOP        (1.10)
mult/i_0_67/A2->ZN       AND2_X4                 rr   1886.0     30.1     30.1      0.0     22.3      0.3      1.4      1    69,   64  /PD_TOP        (1.10)
mult/tempResult_reg[63]/D
                         DFF_X1                   r   1886.0      0.0               0.0      6.3                             69,   64  /PD_TOP        (1.10)
------------------------------------------------------------------------------------------------------------------------------------------------------------
Report for group I2R
------------------------------------------------------------------------------------------------------------------------------------------------------------
Startpoint: start
    (Clocked by vsysclk R)
Endpoint: mult/clk_gate_tempResult_reg/E
    (Clocked by vsysclk R)
Path Group: I2R
Data required time: 1915.0
    (Clock shift: 2000.0, minus Uncertainty: 0.0, plus Latency 0.0, minus Setup time: 85.0)
Data arrival time: 225.9
Slack: 1689.1
Logic depth: 2
------------------------------------------------------------------------------------------------------------------------------------------------------------
                                                     Arrival               Arc      Net               Net    Total   fan-                                   
Path                     Module/Cell           Edge     Time    Delay    Delay    Delay     Slew     Load     Load    out     Location Power Domain      (V)
                                                        (ps)     (ps)     (ps)     (ps)     (ps)     (ff)     (ff)    (#)      (um,um)                      
------------------------------------------------------------------------------------------------------------------------------------------------------------
start                    {set_input_delay}        r    200.0    200.0    200.0                        5.0     42.1      5    68,    0                       
mult/i_0_79/A2->ZN       NOR3_X4*                rf    214.9     14.4     14.4      0.0      0.0      0.6     26.9      2    69,   64  /PD_TOP        (1.10)
mult/i_14/A->ZN          INV_X4                  fr    225.9     11.0     11.0      0.0     15.3      0.3      1.2      1    69,   64  /PD_TOP        (1.10)
mult/clk_gate_tempResult_reg/E
                         CLKGATETST_X2            r    225.9      0.0               0.0      4.7                             69,   64  /PD_TOP        (1.10)
------------------------------------------------------------------------------------------------------------------------------------------------------------
Report for group I2O
Report for group R2O
------------------------------------------------------------------------------------------------------------------------------------------------------------
Startpoint: outResult_reg[62]/Q
    (Clocked by vsysclk R)
Endpoint: outResult[62]
    (Clocked by vsysclk R)
Path Group: R2O
Data required time: 1500.0
    (Clock shift: 2000.0, minus Uncertainty: 0.0, plus Latency 0.0, minus Out delay: 500.0)
Data arrival time: 113.5
Slack: 1386.5
Logic depth: 0
------------------------------------------------------------------------------------------------------------------------------------------------------------
                                                     Arrival               Arc      Net               Net    Total   fan-                                   
Path                     Module/Cell           Edge     Time    Delay    Delay    Delay     Slew     Load     Load    out     Location Power Domain      (V)
                                                        (ps)     (ps)     (ps)     (ps)     (ps)     (ff)     (ff)    (#)      (um,um)                      
------------------------------------------------------------------------------------------------------------------------------------------------------------
clk                      {create_clock}           r      0.0      0.0      0.0                        0.0      0.0    131     0,   64                       
outResult_reg[62]/CK->Q  DFF_X1                  rr    112.8    112.8    112.8      0.0      0.0      4.2     14.2      1    69,   64  /PD_TOP        (1.10)
outResult[62]                                     r    113.5      0.7               0.7     35.2                             65,  134                       
------------------------------------------------------------------------------------------------------------------------------------------------------------
