Report 'report_power_summary': Power
Generated on Fri Dec 23 02:51:49 2022
  
---------------------------------------------------------------------------
|                        Power Summary (nanowatt)                         |
|-------------------------------------------------------------------------|
| Component          Internal Switching  Dynamic Leakage  Total   Percent | 
|-------------------------------------------------------------------------|
| Entire design       1493794    867195  2360989   57540  2418529  100.00 | 
|                                                                         | 
| Power of all cells  1493794    562801  2056595   57540  2114135   87.41 | 
|   Clock cells         71727     11814    83541     499    84040    3.47 | 
|   Data cells        1422067    550987  1973054   57041  2030095   83.94 | 
|     Combinational    415213    446644   861858   41485   903342   37.35 | 
|     Registers       1006768    104343  1111111   15556  1126668   46.58 | 
|     Macros                0         0        0       0        0    0.00 | 
|     Physical              0         0        0       0        0    0.00 | 
|                                                                         | 
| Power of all nets              304394   304394           304394   12.59 | 
|   Clock nets                   125077   125077           125077    5.17 | 
|     Clock leaves               105543   105543           105543    4.36 | 
|   Data nets                    179317   179317           179317    7.41 | 
---------------------------------------------------------------------------


info UI33: performed report_power_summary for 0 sec (CPU time: 0 sec; MEM: RSS - 372M, CVMEM - 1788M, PVMEM - 2637M)
-----------------------------------------------------------------------------------------------------------------------------------------------
| Corner     Enable Setup Hold  CRPR       SI   Power            EM   Voltage Drop DRC        Process                    RC Temp Scale Factor | 
|---------------------------------------------------------------------------------------------------------------------------------------------|
| slow       false  true  false setup_hold none leakage          none none         trans, cap new_rcmaster_techFreePDK45 25      1            | 
| fast       false  false false setup_hold none leakage          none none         trans, cap new_rcmaster_techFreePDK45 25      1            | 
| corner_0_0 true   true  true  setup_hold none leakage, dynamic none none         trans, cap new_rcmaster_techFreePDK45 25      1            | 
-----------------------------------------------------------------------------------------------------------------------------------------------


