Report End Points: 
-----+-------+------+-------+------+------+-----+------+----------------+---------------------
     |Group  |Launch|Capture|Shift |Delay |Depth|Slack |Begin Point     |End Point            
-----+-------+------+-------+------+------+-----+------+----------------+---------------------
1    |default|sysclk|sysclk |2000.0|1390.1|   31| 422.5|counter_reg[6]/Q|c_reg[58]/D          
2    |default|sysclk|sysclk |2000.0|1391.4|   32| 428.8|counter_reg[6]/Q|c_reg[59]/D          
3    |default|sysclk|sysclk |2000.0|1382.7|   33| 429.9|counter_reg[6]/Q|c_reg[56]/D          
4    |default|sysclk|sysclk |2000.0|1374.5|   32| 445.7|counter_reg[6]/Q|c_reg[57]/D          
5    |default|sysclk|sysclk |2000.0|1371.0|   32| 448.3|counter_reg[6]/Q|c_reg[62]/D          
6    |default|sysclk|sysclk |2000.0|1359.9|   33| 451.6|counter_reg[6]/Q|c_reg[61]/D          
7    |default|sysclk|sysclk |2000.0|1343.0|   30| 468.9|counter_reg[6]/Q|c_reg[63]/D          
8    |default|sysclk|sysclk |2000.0|1336.9|   31| 475.7|counter_reg[6]/Q|c_reg[55]/D          
9    |default|sysclk|sysclk |2000.0|1318.0|   33| 493.5|counter_reg[6]/Q|c_reg[60]/D          
10   |default|sysclk|sysclk |2000.0|1267.1|   31| 545.5|counter_reg[6]/Q|c_reg[53]/D          
11   |default|sysclk|sysclk |2000.0|1239.4|   30| 580.8|counter_reg[6]/Q|c_reg[54]/D          
12   |default|sysclk|sysclk |2000.0|1200.5|   30| 612.1|counter_reg[6]/Q|c_reg[52]/D          
13   |default|sysclk|sysclk |2000.0|1200.3|   32| 612.3|counter_reg[6]/Q|c_reg[38]/D          
14   |default|sysclk|sysclk |2000.0|1201.6|   33| 618.6|counter_reg[6]/Q|c_reg[39]/D          
15   |default|sysclk|sysclk |2000.0|1181.8|   30| 630.1|counter_reg[6]/Q|Accumulator_reg[29]/D
16   |default|sysclk|sysclk |2000.0|1171.6|   30| 641.0|counter_reg[6]/Q|c_reg[51]/D          
17   |default|sysclk|sysclk |2000.0|1149.2|   32| 663.4|counter_reg[6]/Q|c_reg[50]/D          
18   |default|sysclk|sysclk |2000.0|1150.5|   32| 669.3|counter_reg[6]/Q|Accumulator_reg[30]/D
19   |default|sysclk|sysclk |2000.0|1141.6|   32| 671.0|counter_reg[6]/Q|c_reg[49]/D          
20   |default|sysclk|sysclk |2000.0|1140.0|   30| 672.6|counter_reg[6]/Q|c_reg[34]/D          
21   |default|sysclk|sysclk |2000.0|1146.4|   28| 673.4|counter_reg[6]/Q|Accumulator_reg[26]/D
22   |default|sysclk|sysclk |2000.0|1135.0|   30| 677.6|counter_reg[6]/Q|c_reg[37]/D          
23   |default|sysclk|sysclk |2000.0|1141.3|   31| 678.9|counter_reg[6]/Q|c_reg[35]/D          
24   |default|sysclk|sysclk |2000.0|1131.8|   32| 680.8|counter_reg[6]/Q|c_reg[48]/D          
25   |default|sysclk|sysclk |2000.0|1120.4|   27| 699.4|counter_reg[6]/Q|Accumulator_reg[28]/D
26   |default|sysclk|sysclk |2000.0|1098.4|   27| 721.4|counter_reg[6]/Q|Accumulator_reg[25]/D
27   |default|sysclk|sysclk |2000.0|1087.7|   30| 724.9|counter_reg[6]/Q|c_reg[47]/D          
28   |default|sysclk|sysclk |2000.0|1074.7|   28| 737.9|counter_reg[6]/Q|c_reg[33]/D          
29   |default|sysclk|sysclk |2000.0|1069.7|   28| 742.9|counter_reg[6]/Q|c_reg[36]/D          
30   |default|sysclk|sysclk |2000.0|1075.9|   25| 743.9|counter_reg[6]/Q|Accumulator_reg[24]/D
31   |default|sysclk|sysclk |2000.0|1066.3|   26| 753.5|counter_reg[6]/Q|Accumulator_reg[27]/D
32   |default|sysclk|sysclk |2000.0|1057.7|   23| 762.1|counter_reg[6]/Q|Accumulator_reg[21]/D
33   |default|sysclk|sysclk |2000.0|1052.6|   24| 767.2|counter_reg[6]/Q|Accumulator_reg[22]/D
34   |default|sysclk|sysclk |2000.0|1038.0|   28| 774.6|counter_reg[6]/Q|c_reg[46]/D          
35   |default|sysclk|sysclk |2000.0|1030.1|   27| 782.5|counter_reg[6]/Q|c_reg[41]/D          
36   |default|sysclk|sysclk |2000.0|1031.4|   28| 788.8|counter_reg[6]/Q|c_reg[42]/D          
37   |default|sysclk|sysclk |2000.0|1013.4|   28| 799.2|counter_reg[6]/Q|c_reg[44]/D          
38   |default|sysclk|sysclk |2000.0|1009.4|   26| 803.2|counter_reg[6]/Q|c_reg[32]/D          
39   |default|sysclk|sysclk |2000.0|1004.0|   27| 816.2|counter_reg[6]/Q|c_reg[45]/D          
40   |default|sysclk|sysclk |2000.0| 995.3|   20| 824.5|counter_reg[6]/Q|Accumulator_reg[19]/D
41   |default|sysclk|sysclk |2000.0| 987.4|   23| 832.4|counter_reg[6]/Q|Accumulator_reg[23]/D
42   |default|sysclk|sysclk |2000.0| 975.7|   26| 836.9|counter_reg[6]/Q|c_reg[43]/D          
43   |default|sysclk|sysclk |2000.0| 979.6|   22| 840.2|counter_reg[6]/Q|Accumulator_reg[18]/D
44   |default|sysclk|sysclk |2000.0| 977.9|   21| 841.9|counter_reg[6]/Q|Accumulator_reg[20]/D
45   |default|sysclk|sysclk |2000.0| 964.8|   25| 847.8|counter_reg[6]/Q|c_reg[40]/D          
46   |default|sysclk|sysclk |2000.0| 956.2|   26| 856.4|counter_reg[6]/Q|c_reg[31]/D          
47   |default|sysclk|sysclk |2000.0| 954.1|   21| 865.7|counter_reg[6]/Q|Accumulator_reg[17]/D
48   |default|sysclk|sysclk |2000.0| 928.2|   19| 891.6|counter_reg[6]/Q|Accumulator_reg[16]/D
49   |default|sysclk|sysclk |2000.0| 913.4|   24| 899.2|counter_reg[6]/Q|c_reg[30]/D          
50   |default|sysclk|sysclk |2000.0| 908.0|   24| 904.6|counter_reg[6]/Q|c_reg[28]/D          
51   |default|sysclk|sysclk |2000.0| 910.0|   18| 909.8|counter_reg[6]/Q|Accumulator_reg[15]/D
52   |default|sysclk|sysclk |2000.0| 905.9|   25| 914.3|counter_reg[6]/Q|c_reg[29]/D          
53   |default|sysclk|sysclk |2000.0| 860.8|   22| 951.8|counter_reg[6]/Q|c_reg[27]/D          
54   |default|sysclk|sysclk |2000.0| 859.0|   20| 960.8|counter_reg[6]/Q|Accumulator_reg[14]/D
55   |default|sysclk|sysclk |2000.0| 836.5|   22| 976.1|counter_reg[6]/Q|c_reg[25]/D          
56   |default|sysclk|sysclk |2000.0| 833.4|   19| 986.4|counter_reg[6]/Q|Accumulator_reg[13]/D
57   |default|sysclk|sysclk |2000.0| 822.8|   21| 997.4|counter_reg[6]/Q|c_reg[26]/D          
58   |default|sysclk|sysclk |2000.0| 807.5|   17|1012.3|counter_reg[6]/Q|Accumulator_reg[12]/D
59   |default|sysclk|sysclk |2000.0| 798.9|   20|1013.7|counter_reg[6]/Q|c_reg[24]/D          
60   |default|sysclk|sysclk |2000.0| 758.5|   20|1054.1|counter_reg[6]/Q|c_reg[22]/D          
61   |default|sysclk|sysclk |2000.0| 757.5|   16|1062.3|counter_reg[6]/Q|Accumulator_reg[11]/D
62   |default|sysclk|sysclk |2000.0| 744.8|   19|1075.4|counter_reg[6]/Q|c_reg[23]/D          
63   |default|sysclk|sysclk |2000.0| 720.8|   18|1091.8|counter_reg[6]/Q|c_reg[21]/D          
64   |default|sysclk|sysclk |2000.0| 723.5|   18|1096.3|counter_reg[6]/Q|Accumulator_reg[10]/D
65   |default|sysclk|sysclk |2000.0| 696.1|   18|1116.5|counter_reg[6]/Q|c_reg[19]/D          
66   |default|sysclk|sysclk |2000.0| 687.6|   17|1124.3|counter_reg[6]/Q|Accumulator_reg[9]/D 
67   |default|sysclk|sysclk |2000.0| 682.4|   17|1137.8|counter_reg[6]/Q|c_reg[20]/D          
68   |default|sysclk|sysclk |2000.0| 670.7|   17|1141.9|counter_reg[6]/Q|c_reg[13]/D          
69   |default|sysclk|sysclk |2000.0| 662.1|   15|1149.8|counter_reg[6]/Q|Accumulator_reg[8]/D 
70   |default|sysclk|sysclk |2000.0| 667.6|   18|1152.6|counter_reg[6]/Q|c_reg[14]/D          
71   |default|sysclk|sysclk |2000.0| 656.3|   16|1156.3|counter_reg[6]/Q|c_reg[18]/D          
72   |default|sysclk|sysclk |2000.0| 637.0|   15|1175.6|counter_reg[6]/Q|c_reg[9]/D           
73   |default|sysclk|sysclk |2000.0| 633.5|   16|1179.1|counter_reg[6]/Q|c_reg[16]/D          
74   |default|sysclk|sysclk |2000.0| 633.9|   16|1186.3|counter_reg[6]/Q|c_reg[10]/D          
75   |default|sysclk|sysclk |2000.0| 687.4|   16|1187.9|counter_reg[3]/Q|Accumulator_reg[6]/D 
76   |default|sysclk|sysclk |2000.0| 631.4|   17|1188.8|counter_reg[6]/Q|c_reg[17]/D          
77   |default|sysclk|sysclk |2000.0| 679.5|   15|1195.8|counter_reg[3]/Q|Accumulator_reg[5]/D 
78   |default|sysclk|sysclk |2000.0| 609.2|   15|1203.4|counter_reg[6]/Q|c_reg[5]/D           
79   |default|sysclk|sysclk |2000.0| 615.8|   14|1204.0|counter_reg[6]/Q|Accumulator_reg[7]/D 
80   |default|sysclk|sysclk |2000.0| 605.4|   15|1207.2|counter_reg[6]/Q|c_reg[12]/D          
81   |default|sysclk|sysclk |2000.0| 606.1|   16|1214.1|counter_reg[6]/Q|c_reg[6]/D           
82   |default|sysclk|sysclk |2000.0| 597.6|   16|1222.6|counter_reg[6]/Q|c_reg[15]/D          
83   |default|sysclk|sysclk |2000.0| 636.4|   13|1238.9|counter_reg[3]/Q|Accumulator_reg[4]/D 
84   |default|sysclk|sysclk |2000.0| 571.7|   13|1240.9|counter_reg[6]/Q|c_reg[8]/D           
85   |default|sysclk|sysclk |2000.0| 563.6|   14|1256.6|counter_reg[6]/Q|c_reg[11]/D          
86   |default|sysclk|sysclk |2000.0| 543.9|   13|1268.7|counter_reg[6]/Q|c_reg[4]/D           
87   |default|sysclk|sysclk |2000.0| 536.1|   14|1284.1|counter_reg[6]/Q|c_reg[7]/D           
88   |default|sysclk|sysclk |2000.0| 517.8|   12|1302.0|counter_reg[6]/Q|Accumulator_reg[3]/D 
89   |default|sysclk|sysclk |2000.0| 489.0|   10|1330.8|counter_reg[6]/Q|Accumulator_reg[2]/D 
90   |default|sysclk|sysclk |2000.0| 478.6|   13|1334.0|counter_reg[6]/Q|c_reg[2]/D           
91   |default|sysclk|sysclk |2000.0| 475.7|   11|1336.9|counter_reg[6]/Q|c_reg[3]/D           
92   |default|sysclk|sysclk |2000.0| 440.9|   11|1371.7|counter_reg[6]/Q|c_reg[1]/D           
93   |default|sysclk|sysclk |2000.0| 492.3|    9|1383.0|counter_reg[3]/Q|Accumulator_reg[0]/D 
94   |default|sysclk|sysclk |2000.0| 432.2|    9|1387.6|counter_reg[6]/Q|Accumulator_reg[1]/D 
95   |default|sysclk|sysclk |2000.0| 384.1|    9|1483.3|counter_reg[3]/Q|B_r_reg[31]/D        
96   |default|sysclk|sysclk |2000.0| 301.9|    5|1509.8|counter_reg[6]/Q|c_reg[0]/D           
97   |default|sysclk|sysclk |2000.0| 301.9|    5|1509.8|counter_reg[6]/Q|B_r_reg[0]/D         
98   |default|sysclk|sysclk |2000.0| 330.7|    7|1510.1|counter_reg[0]/Q|counter_reg[6]/D     
99   |default|sysclk|sysclk |2000.0| 300.5|    5|1511.4|counter_reg[6]/Q|B_r_reg[29]/D        
100  |default|sysclk|sysclk |2000.0| 300.5|    5|1511.4|counter_reg[6]/Q|B_r_reg[28]/D        
101  |default|sysclk|sysclk |2000.0| 300.5|    5|1511.4|counter_reg[6]/Q|B_r_reg[27]/D        
102  |default|sysclk|sysclk |2000.0| 300.5|    5|1511.4|counter_reg[6]/Q|B_r_reg[26]/D        
103  |default|sysclk|sysclk |2000.0| 300.5|    5|1511.4|counter_reg[6]/Q|B_r_reg[25]/D        
104  |default|sysclk|sysclk |2000.0| 300.5|    5|1511.4|counter_reg[6]/Q|B_r_reg[24]/D        
105  |default|sysclk|sysclk |2000.0| 300.5|    5|1511.4|counter_reg[6]/Q|B_r_reg[23]/D        
106  |default|sysclk|sysclk |2000.0| 300.5|    5|1511.4|counter_reg[6]/Q|B_r_reg[22]/D        
107  |default|sysclk|sysclk |2000.0| 300.5|    5|1511.4|counter_reg[6]/Q|B_r_reg[21]/D        
108  |default|sysclk|sysclk |2000.0| 300.5|    5|1511.4|counter_reg[6]/Q|B_r_reg[20]/D        
109  |default|sysclk|sysclk |2000.0| 300.5|    5|1511.4|counter_reg[6]/Q|B_r_reg[19]/D        
110  |default|sysclk|sysclk |2000.0| 300.5|    5|1511.4|counter_reg[6]/Q|B_r_reg[18]/D        
111  |default|sysclk|sysclk |2000.0| 300.5|    5|1511.4|counter_reg[6]/Q|B_r_reg[17]/D        
112  |default|sysclk|sysclk |2000.0| 300.5|    5|1511.4|counter_reg[6]/Q|B_r_reg[16]/D        
113  |default|sysclk|sysclk |2000.0| 300.5|    5|1511.4|counter_reg[6]/Q|B_r_reg[15]/D        
114  |default|sysclk|sysclk |2000.0| 300.5|    5|1511.4|counter_reg[6]/Q|B_r_reg[14]/D        
115  |default|sysclk|sysclk |2000.0| 300.5|    5|1511.4|counter_reg[6]/Q|B_r_reg[13]/D        
116  |default|sysclk|sysclk |2000.0| 300.5|    5|1511.4|counter_reg[6]/Q|B_r_reg[12]/D        
117  |default|sysclk|sysclk |2000.0| 300.5|    5|1511.4|counter_reg[6]/Q|B_r_reg[5]/D         
118  |default|sysclk|sysclk |2000.0| 300.5|    5|1511.4|counter_reg[6]/Q|B_r_reg[4]/D         
119  |default|sysclk|sysclk |2000.0| 300.5|    5|1511.4|counter_reg[6]/Q|B_r_reg[3]/D         
120  |default|sysclk|sysclk |2000.0| 300.5|    5|1511.4|counter_reg[6]/Q|B_r_reg[2]/D         
121  |default|sysclk|sysclk |2000.0| 334.7|    6|1539.2|counter_reg[3]/Q|B_r_reg[11]/D        
122  |default|sysclk|sysclk |2000.0| 334.7|    6|1539.2|counter_reg[3]/Q|B_r_reg[10]/D        
123  |default|sysclk|sysclk |2000.0| 334.7|    6|1539.2|counter_reg[3]/Q|B_r_reg[9]/D         
124  |default|sysclk|sysclk |2000.0| 334.7|    6|1539.2|counter_reg[3]/Q|B_r_reg[8]/D         
125  |default|sysclk|sysclk |2000.0| 334.7|    6|1539.2|counter_reg[3]/Q|B_r_reg[7]/D         
126  |default|sysclk|sysclk |2000.0| 334.7|    6|1539.2|counter_reg[3]/Q|B_r_reg[6]/D         
127  |default|sysclk|sysclk |2000.0| 334.7|    6|1539.2|counter_reg[3]/Q|B_r_reg[1]/D         
128  |default|sysclk|sysclk |2000.0| 266.8|    5|1545.1|counter_reg[6]/Q|A_r_reg[30]/D        
129  |default|sysclk|sysclk |2000.0| 266.8|    5|1545.1|counter_reg[6]/Q|A_r_reg[29]/D        
130  |default|sysclk|sysclk |2000.0| 266.8|    5|1545.1|counter_reg[6]/Q|A_r_reg[28]/D        
131  |default|sysclk|sysclk |2000.0| 266.8|    5|1545.1|counter_reg[6]/Q|A_r_reg[27]/D        
132  |default|sysclk|sysclk |2000.0| 266.8|    5|1545.1|counter_reg[6]/Q|A_r_reg[26]/D        
133  |default|sysclk|sysclk |2000.0| 266.8|    5|1545.1|counter_reg[6]/Q|A_r_reg[25]/D        
134  |default|sysclk|sysclk |2000.0| 266.8|    5|1545.1|counter_reg[6]/Q|A_r_reg[24]/D        
135  |default|sysclk|sysclk |2000.0| 266.8|    5|1545.1|counter_reg[6]/Q|A_r_reg[23]/D        
136  |default|sysclk|sysclk |2000.0| 266.8|    5|1545.1|counter_reg[6]/Q|A_r_reg[22]/D        
137  |default|sysclk|sysclk |2000.0| 266.8|    5|1545.1|counter_reg[6]/Q|A_r_reg[21]/D        
138  |default|sysclk|sysclk |2000.0| 266.8|    5|1545.1|counter_reg[6]/Q|A_r_reg[20]/D        
139  |default|sysclk|sysclk |2000.0| 266.8|    5|1545.1|counter_reg[6]/Q|A_r_reg[19]/D        
140  |default|sysclk|sysclk |2000.0| 266.8|    5|1545.1|counter_reg[6]/Q|A_r_reg[18]/D        
141  |default|sysclk|sysclk |2000.0| 266.8|    5|1545.1|counter_reg[6]/Q|A_r_reg[17]/D        
142  |default|sysclk|sysclk |2000.0| 266.8|    5|1545.1|counter_reg[6]/Q|A_r_reg[16]/D        
143  |default|sysclk|sysclk |2000.0| 266.8|    5|1545.1|counter_reg[6]/Q|A_r_reg[15]/D        
144  |default|sysclk|sysclk |2000.0| 266.8|    5|1545.1|counter_reg[6]/Q|A_r_reg[14]/D        
145  |default|sysclk|sysclk |2000.0| 266.8|    5|1545.1|counter_reg[6]/Q|A_r_reg[13]/D        
146  |default|sysclk|sysclk |2000.0| 266.8|    5|1545.1|counter_reg[6]/Q|A_r_reg[12]/D        
147  |default|sysclk|sysclk |2000.0| 266.8|    5|1545.1|counter_reg[6]/Q|A_r_reg[11]/D        
148  |default|sysclk|sysclk |2000.0| 266.8|    5|1545.1|counter_reg[6]/Q|A_r_reg[10]/D        
149  |default|sysclk|sysclk |2000.0| 266.8|    5|1545.1|counter_reg[6]/Q|A_r_reg[9]/D         
150  |default|sysclk|sysclk |2000.0| 266.8|    5|1545.1|counter_reg[6]/Q|A_r_reg[8]/D         
151  |default|sysclk|sysclk |2000.0| 266.8|    5|1545.1|counter_reg[6]/Q|A_r_reg[7]/D         
152  |default|sysclk|sysclk |2000.0| 266.8|    5|1545.1|counter_reg[6]/Q|A_r_reg[6]/D         
153  |default|sysclk|sysclk |2000.0| 266.8|    5|1545.1|counter_reg[6]/Q|A_r_reg[5]/D         
154  |default|sysclk|sysclk |2000.0| 266.8|    5|1545.1|counter_reg[6]/Q|A_r_reg[4]/D         
155  |default|sysclk|sysclk |2000.0| 266.8|    5|1545.1|counter_reg[6]/Q|A_r_reg[3]/D         
156  |default|sysclk|sysclk |2000.0| 266.8|    5|1545.1|counter_reg[6]/Q|A_r_reg[2]/D         
157  |default|sysclk|sysclk |2000.0| 266.8|    5|1545.1|counter_reg[6]/Q|A_r_reg[1]/D         
158  |default|sysclk|sysclk |2000.0| 318.2|    5|1555.7|counter_reg[3]/Q|B_r_reg[30]/D        
159  |default|sysclk|sysclk |2000.0| 303.5|    5|1570.4|counter_reg[3]/Q|A_r_reg[31]/D        
160  |default|sysclk|sysclk |2000.0| 209.6|    4|1583.0|counter_reg[0]/Q|clk_gate_c_reg/E     
161  |default|sysclk|sysclk |2000.0| 243.6|    6|1598.0|counter_reg[0]/Q|counter_reg[5]/D     
162  |default|sysclk|sysclk |2000.0| 243.6|    6|1598.0|counter_reg[0]/Q|counter_reg[4]/D     
163  |default|sysclk|sysclk |2000.0| 243.6|    6|1598.0|counter_reg[0]/Q|counter_reg[3]/D     
164  |default|sysclk|sysclk |2000.0| 243.6|    6|1598.0|counter_reg[0]/Q|counter_reg[2]/D     
165  |default|sysclk|sysclk |2000.0| 243.6|    6|1598.0|counter_reg[0]/Q|counter_reg[1]/D     
166  |default|sysclk|sysclk |2000.0| 265.1|    4|1601.1|counter_reg[3]/Q|negative_reg/D       
167  |default|sysclk|sysclk |2000.0| 225.7|    4|1641.7|counter_reg[3]/Q|A_r_reg[0]/D         
168  |default|sysclk|sysclk |2000.0|  11.4|    1|1830.2|counter_reg[0]/Q|counter_reg[0]/D     
-----+-------+------+-------+------+------+-----+------+----------------+---------------------
Report End Points: 
-----+-----+--------------+-------+------+------+-----+------+-----------+---------------------
     |Group|Launch        |Capture|Shift |Delay |Depth|Slack |Begin Point|End Point            
-----+-----+--------------+-------+------+------+-----+------+-----------+---------------------
1    |I2R  |rtDefaultClock|sysclk |2000.0|1595.0|   34| 167.0|b[14]      |c_reg[53]/D          
2    |I2R  |rtDefaultClock|sysclk |2000.0|1561.8|   33| 200.2|b[14]      |c_reg[38]/D          
3    |I2R  |rtDefaultClock|sysclk |2000.0|1567.3|   33| 202.3|b[14]      |c_reg[54]/D          
4    |I2R  |rtDefaultClock|sysclk |2000.0|1563.1|   34| 206.5|b[14]      |c_reg[39]/D          
5    |I2R  |rtDefaultClock|sysclk |2000.0|1554.0|   34| 215.6|b[14]      |c_reg[55]/D          
6    |I2R  |rtDefaultClock|sysclk |2000.0|1545.5|   29| 216.5|a[4]       |c_reg[58]/D          
7    |I2R  |rtDefaultClock|sysclk |2000.0|1546.8|   30| 222.8|a[4]       |c_reg[59]/D          
8    |I2R  |rtDefaultClock|sysclk |2000.0|1538.1|   31| 223.9|a[4]       |c_reg[56]/D          
9    |I2R  |rtDefaultClock|sysclk |2000.0|1528.4|   33| 233.6|b[14]      |c_reg[52]/D          
10   |I2R  |rtDefaultClock|sysclk |2000.0|1529.9|   30| 239.7|a[4]       |c_reg[57]/D          
11   |I2R  |rtDefaultClock|sysclk |2000.0|1526.4|   30| 242.3|a[4]       |c_reg[62]/D          
12   |I2R  |rtDefaultClock|sysclk |2000.0|1515.3|   31| 245.6|a[4]       |c_reg[61]/D          
13   |I2R  |rtDefaultClock|sysclk |2000.0|1510.7|   33| 251.3|b[14]      |c_reg[50]/D          
14   |I2R  |rtDefaultClock|sysclk |2000.0|1503.1|   33| 258.9|b[14]      |c_reg[49]/D          
15   |I2R  |rtDefaultClock|sysclk |2000.0|1501.5|   31| 260.5|b[14]      |c_reg[34]/D          
16   |I2R  |rtDefaultClock|sysclk |2000.0|1499.5|   33| 262.5|b[14]      |c_reg[51]/D          
17   |I2R  |rtDefaultClock|sysclk |2000.0|1498.4|   28| 262.9|a[4]       |c_reg[63]/D          
18   |I2R  |rtDefaultClock|sysclk |2000.0|1496.5|   31| 265.5|b[14]      |c_reg[37]/D          
19   |I2R  |rtDefaultClock|sysclk |2000.0|1502.8|   32| 266.8|b[14]      |c_reg[35]/D          
20   |I2R  |rtDefaultClock|sysclk |2000.0|1493.3|   33| 268.7|b[14]      |c_reg[48]/D          
21   |I2R  |rtDefaultClock|sysclk |2000.0|1473.4|   31| 287.5|a[4]       |c_reg[60]/D          
22   |I2R  |rtDefaultClock|sysclk |2000.0|1449.2|   31| 312.8|b[14]      |c_reg[47]/D          
23   |I2R  |rtDefaultClock|sysclk |2000.0|1436.2|   29| 325.8|b[14]      |c_reg[33]/D          
24   |I2R  |rtDefaultClock|sysclk |2000.0|1431.2|   29| 330.8|b[14]      |c_reg[36]/D          
25   |I2R  |rtDefaultClock|sysclk |2000.0|1423.7|   26| 338.3|b[14]      |c_reg[41]/D          
26   |I2R  |rtDefaultClock|sysclk |2000.0|1425.0|   27| 344.6|b[14]      |c_reg[42]/D          
27   |I2R  |rtDefaultClock|sysclk |2000.0|1399.5|   29| 362.5|b[14]      |c_reg[46]/D          
28   |I2R  |rtDefaultClock|sysclk |2000.0|1374.9|   29| 387.1|b[14]      |c_reg[44]/D          
29   |I2R  |rtDefaultClock|sysclk |2000.0|1370.9|   27| 391.1|b[14]      |c_reg[32]/D          
30   |I2R  |rtDefaultClock|sysclk |2000.0|1367.7|   26| 394.3|b[14]      |c_reg[45]/D          
31   |I2R  |rtDefaultClock|sysclk |2000.0|1358.4|   24| 403.6|b[14]      |c_reg[40]/D          
32   |I2R  |rtDefaultClock|sysclk |2000.0|1359.7|   25| 409.9|b[14]      |c_reg[43]/D          
33   |I2R  |rtDefaultClock|sysclk |2000.0|1337.2|   28| 424.1|a[4]       |Accumulator_reg[29]/D
34   |I2R  |rtDefaultClock|sysclk |2000.0|1317.7|   27| 444.3|b[14]      |c_reg[31]/D          
35   |I2R  |rtDefaultClock|sysclk |2000.0|1305.9|   30| 463.3|a[4]       |Accumulator_reg[30]/D
36   |I2R  |rtDefaultClock|sysclk |2000.0|1301.8|   26| 467.4|a[4]       |Accumulator_reg[26]/D
37   |I2R  |rtDefaultClock|sysclk |2000.0|1274.9|   25| 487.1|b[14]      |c_reg[30]/D          
38   |I2R  |rtDefaultClock|sysclk |2000.0|1269.5|   25| 492.5|b[14]      |c_reg[28]/D          
39   |I2R  |rtDefaultClock|sysclk |2000.0|1275.8|   25| 493.4|a[4]       |Accumulator_reg[28]/D
40   |I2R  |rtDefaultClock|sysclk |2000.0|1267.4|   26| 502.2|b[14]      |c_reg[29]/D          
41   |I2R  |rtDefaultClock|sysclk |2000.0|1253.8|   25| 515.4|a[4]       |Accumulator_reg[25]/D
42   |I2R  |rtDefaultClock|sysclk |2000.0|1231.3|   23| 537.9|a[4]       |Accumulator_reg[24]/D
43   |I2R  |rtDefaultClock|sysclk |2000.0|1222.3|   23| 539.7|b[14]      |c_reg[27]/D          
44   |I2R  |rtDefaultClock|sysclk |2000.0|1221.7|   24| 547.5|a[4]       |Accumulator_reg[27]/D
45   |I2R  |rtDefaultClock|sysclk |2000.0|1213.1|   21| 556.1|a[4]       |Accumulator_reg[21]/D
46   |I2R  |rtDefaultClock|sysclk |2000.0|1208.0|   22| 561.2|a[4]       |Accumulator_reg[22]/D
47   |I2R  |rtDefaultClock|sysclk |2000.0|1198.0|   23| 564.0|b[14]      |c_reg[25]/D          
48   |I2R  |rtDefaultClock|sysclk |2000.0|1184.3|   22| 585.3|b[14]      |c_reg[26]/D          
49   |I2R  |rtDefaultClock|sysclk |2000.0|1160.4|   21| 601.6|b[14]      |c_reg[24]/D          
50   |I2R  |rtDefaultClock|sysclk |2000.0|1150.7|   18| 618.5|a[4]       |Accumulator_reg[19]/D
51   |I2R  |rtDefaultClock|sysclk |2000.0|1142.8|   21| 626.4|a[4]       |Accumulator_reg[23]/D
52   |I2R  |rtDefaultClock|sysclk |2000.0|1135.0|   20| 634.2|a[4]       |Accumulator_reg[18]/D
53   |I2R  |rtDefaultClock|sysclk |2000.0|1133.3|   19| 635.9|a[4]       |Accumulator_reg[20]/D
54   |I2R  |rtDefaultClock|sysclk |2000.0|1109.5|   19| 659.7|a[4]       |Accumulator_reg[17]/D
55   |I2R  |rtDefaultClock|sysclk |2000.0|1082.1|   16| 679.2|b[14]      |B_r_reg[28]/D        
56   |I2R  |rtDefaultClock|sysclk |2000.0|1080.4|   16| 680.9|b[14]      |B_r_reg[29]/D        
57   |I2R  |rtDefaultClock|sysclk |2000.0|1083.6|   17| 685.6|a[4]       |Accumulator_reg[16]/D
58   |I2R  |rtDefaultClock|sysclk |2000.0|1075.6|   20| 686.4|b[14]      |c_reg[23]/D          
59   |I2R  |rtDefaultClock|sysclk |2000.0|1065.4|   16| 703.8|a[4]       |Accumulator_reg[15]/D
60   |I2R  |rtDefaultClock|sysclk |2000.0|1042.5|   16| 718.8|b[14]      |B_r_reg[27]/D        
61   |I2R  |rtDefaultClock|sysclk |2000.0|1028.4|   16| 732.9|b[14]      |B_r_reg[30]/D        
62   |I2R  |rtDefaultClock|sysclk |2000.0|1013.4|   25| 748.6|b[7]       |c_reg[22]/D          
63   |I2R  |rtDefaultClock|sysclk |2000.0|1014.4|   18| 754.8|a[4]       |Accumulator_reg[14]/D
64   |I2R  |rtDefaultClock|sysclk |2000.0| 988.8|   17| 780.4|a[4]       |Accumulator_reg[13]/D
65   |I2R  |rtDefaultClock|sysclk |2000.0| 977.4|   15| 783.9|b[14]      |B_r_reg[24]/D        
66   |I2R  |rtDefaultClock|sysclk |2000.0| 975.7|   23| 786.3|b[7]       |c_reg[21]/D          
67   |I2R  |rtDefaultClock|sysclk |2000.0| 974.5|   14| 786.8|b[14]      |B_r_reg[26]/D        
68   |I2R  |rtDefaultClock|sysclk |2000.0| 962.9|   15| 806.3|a[4]       |Accumulator_reg[12]/D
69   |I2R  |rtDefaultClock|sysclk |2000.0| 951.0|   23| 811.0|b[7]       |c_reg[19]/D          
70   |I2R  |rtDefaultClock|sysclk |2000.0| 934.9|   14| 826.4|b[14]      |B_r_reg[25]/D        
71   |I2R  |rtDefaultClock|sysclk |2000.0| 937.3|   22| 832.3|b[7]       |c_reg[20]/D          
72   |I2R  |rtDefaultClock|sysclk |2000.0| 911.2|   21| 850.8|b[7]       |c_reg[18]/D          
73   |I2R  |rtDefaultClock|sysclk |2000.0| 910.4|   14| 850.9|b[14]      |B_r_reg[23]/D        
74   |I2R  |rtDefaultClock|sysclk |2000.0| 912.9|   14| 856.3|a[4]       |Accumulator_reg[11]/D
75   |I2R  |rtDefaultClock|sysclk |2000.0| 888.4|   21| 873.6|b[7]       |c_reg[16]/D          
76   |I2R  |rtDefaultClock|sysclk |2000.0| 886.3|   22| 883.3|b[7]       |c_reg[17]/D          
77   |I2R  |rtDefaultClock|sysclk |2000.0| 878.9|   16| 890.3|a[4]       |Accumulator_reg[10]/D
78   |I2R  |rtDefaultClock|sysclk |2000.0| 866.1|   12| 895.2|b[14]      |B_r_reg[22]/D        
79   |I2R  |rtDefaultClock|sysclk |2000.0| 850.0|   23| 912.0|b[7]       |c_reg[13]/D          
80   |I2R  |rtDefaultClock|sysclk |2000.0| 843.0|   15| 918.3|a[4]       |Accumulator_reg[9]/D 
81   |I2R  |rtDefaultClock|sysclk |2000.0| 846.9|   24| 922.7|b[7]       |c_reg[14]/D          
82   |I2R  |rtDefaultClock|sysclk |2000.0| 839.1|   19| 922.9|b[7]       |c_reg[15]/D          
83   |I2R  |rtDefaultClock|sysclk |2000.0| 817.5|   13| 943.8|a[4]       |Accumulator_reg[8]/D 
84   |I2R  |rtDefaultClock|sysclk |2000.0| 800.8|   10| 960.5|b[14]      |B_r_reg[21]/D        
85   |I2R  |rtDefaultClock|sysclk |2000.0| 784.7|   21| 977.3|b[7]       |c_reg[12]/D          
86   |I2R  |rtDefaultClock|sysclk |2000.0| 772.0|   19| 990.0|b[0]       |c_reg[9]/D           
87   |I2R  |rtDefaultClock|sysclk |2000.0| 771.2|   12| 998.0|a[4]       |Accumulator_reg[7]/D 
88   |I2R  |rtDefaultClock|sysclk |2000.0| 768.9|   20|1000.7|b[0]       |c_reg[10]/D          
89   |I2R  |rtDefaultClock|sysclk |2000.0| 754.6|   10|1006.7|b[14]      |B_r_reg[20]/D        
90   |I2R  |rtDefaultClock|sysclk |2000.0| 745.0|   14|1024.2|a[31]      |Accumulator_reg[6]/D 
91   |I2R  |rtDefaultClock|sysclk |2000.0| 735.4|   20|1026.6|b[0]       |c_reg[5]/D           
92   |I2R  |rtDefaultClock|sysclk |2000.0| 737.1|   13|1032.1|a[31]      |Accumulator_reg[5]/D 
93   |I2R  |rtDefaultClock|sysclk |2000.0| 732.3|   21|1037.3|b[0]       |c_reg[6]/D           
94   |I2R  |rtDefaultClock|sysclk |2000.0| 717.3|   19|1044.7|b[7]       |c_reg[11]/D          
95   |I2R  |rtDefaultClock|sysclk |2000.0| 715.0|   10|1046.3|b[14]      |B_r_reg[19]/D        
96   |I2R  |rtDefaultClock|sysclk |2000.0| 706.7|   17|1055.3|b[0]       |c_reg[8]/D           
97   |I2R  |rtDefaultClock|sysclk |2000.0| 694.0|   11|1075.2|a[31]      |Accumulator_reg[4]/D 
98   |I2R  |rtDefaultClock|sysclk |2000.0| 670.1|   18|1091.9|b[0]       |c_reg[4]/D           
99   |I2R  |rtDefaultClock|sysclk |2000.0| 658.1|    9|1103.2|a[26]      |A_r_reg[29]/D        
100  |I2R  |rtDefaultClock|sysclk |2000.0| 656.1|    9|1105.2|a[26]      |A_r_reg[30]/D        
101  |I2R  |rtDefaultClock|sysclk |2000.0| 662.3|   19|1107.3|b[0]       |c_reg[7]/D           
102  |I2R  |rtDefaultClock|sysclk |2000.0| 647.0|    8|1114.3|b[14]      |B_r_reg[18]/D        
103  |I2R  |rtDefaultClock|sysclk |2000.0| 615.8|    9|1152.0|a[26]      |A_r_reg[31]/D        
104  |I2R  |rtDefaultClock|sysclk |2000.0| 604.3|   10|1157.0|a[31]      |Accumulator_reg[3]/D 
105  |I2R  |rtDefaultClock|sysclk |2000.0| 602.9|   11|1158.4|b[7]       |B_r_reg[12]/D        
106  |I2R  |rtDefaultClock|sysclk |2000.0| 602.7|    8|1158.6|b[14]      |B_r_reg[17]/D        
107  |I2R  |rtDefaultClock|sysclk |2000.0| 602.2|    8|1159.1|b[14]      |B_r_reg[16]/D        
108  |I2R  |rtDefaultClock|sysclk |2000.0| 601.9|   16|1160.1|b[0]       |c_reg[3]/D           
109  |I2R  |rtDefaultClock|sysclk |2000.0| 591.4|    9|1169.9|a[26]      |A_r_reg[28]/D        
110  |I2R  |rtDefaultClock|sysclk |2000.0| 574.9|    8|1186.4|b[14]      |B_r_reg[15]/D        
111  |I2R  |rtDefaultClock|sysclk |2000.0| 568.2|    8|1193.1|a[31]      |Accumulator_reg[2]/D 
112  |I2R  |rtDefaultClock|sysclk |2000.0| 565.6|    9|1195.7|a[26]      |A_r_reg[27]/D        
113  |I2R  |rtDefaultClock|sysclk |2000.0| 572.6|   11|1197.0|b[31]      |c_reg[2]/D           
114  |I2R  |rtDefaultClock|sysclk |2000.0| 558.6|   10|1202.7|b[7]       |B_r_reg[13]/D        
115  |I2R  |rtDefaultClock|sysclk |2000.0| 549.9|    7|1219.3|a[31]      |Accumulator_reg[0]/D 
116  |I2R  |rtDefaultClock|sysclk |2000.0| 537.5|   10|1223.8|a[0]       |A_r_reg[21]/D        
117  |I2R  |rtDefaultClock|sysclk |2000.0| 531.8|    6|1229.5|b[14]      |B_r_reg[14]/D        
118  |I2R  |rtDefaultClock|sysclk |2000.0| 537.9|    9|1231.7|b[31]      |c_reg[1]/D           
119  |I2R  |rtDefaultClock|sysclk |2000.0| 537.3|    7|1231.9|a[31]      |Accumulator_reg[1]/D 
120  |I2R  |rtDefaultClock|sysclk |2000.0| 523.7|   10|1237.6|a[12]      |A_r_reg[17]/D        
121  |I2R  |rtDefaultClock|sysclk |2000.0| 511.5|   12|1249.8|a[12]      |A_r_reg[24]/D        
122  |I2R  |rtDefaultClock|sysclk |2000.0| 508.7|   10|1252.6|a[8]       |A_r_reg[13]/D        
123  |I2R  |rtDefaultClock|sysclk |2000.0| 505.2|   12|1256.1|a[0]       |A_r_reg[25]/D        
124  |I2R  |rtDefaultClock|sysclk |2000.0| 498.3|   10|1263.0|a[0]       |A_r_reg[9]/D         
125  |I2R  |rtDefaultClock|sysclk |2000.0| 498.1|   10|1263.2|a[0]       |A_r_reg[20]/D        
126  |I2R  |rtDefaultClock|sysclk |2000.0| 494.0|    6|1267.3|a[4]       |A_r_reg[5]/D         
127  |I2R  |rtDefaultClock|sysclk |2000.0| 499.4|   11|1268.4|a[0]       |A_r_reg[22]/D        
128  |I2R  |rtDefaultClock|sysclk |2000.0| 482.3|   10|1279.0|a[12]      |A_r_reg[26]/D        
129  |I2R  |rtDefaultClock|sysclk |2000.0| 485.6|   11|1282.2|a[12]      |A_r_reg[18]/D        
130  |I2R  |rtDefaultClock|sysclk |2000.0| 473.9|   10|1287.4|a[12]      |A_r_reg[23]/D        
131  |I2R  |rtDefaultClock|sysclk |2000.0| 468.1|   12|1293.2|b[7]       |B_r_reg[11]/D        
132  |I2R  |rtDefaultClock|sysclk |2000.0| 472.6|   11|1295.2|b[7]       |B_r_reg[10]/D        
133  |I2R  |rtDefaultClock|sysclk |2000.0| 470.6|   11|1297.2|a[8]       |A_r_reg[14]/D        
134  |I2R  |rtDefaultClock|sysclk |2000.0| 458.4|    8|1302.9|a[12]      |A_r_reg[16]/D        
135  |I2R  |rtDefaultClock|sysclk |2000.0| 463.8|   11|1304.0|b[7]       |B_r_reg[9]/D         
136  |I2R  |rtDefaultClock|sysclk |2000.0| 460.2|   11|1307.6|a[0]       |A_r_reg[10]/D        
137  |I2R  |rtDefaultClock|sysclk |2000.0| 455.9|    7|1311.9|a[4]       |A_r_reg[6]/D         
138  |I2R  |rtDefaultClock|sysclk |2000.0| 447.2|   10|1314.1|a[0]       |A_r_reg[19]/D        
139  |I2R  |rtDefaultClock|sysclk |2000.0| 445.0|   10|1316.3|b[7]       |B_r_reg[8]/D         
140  |I2R  |rtDefaultClock|sysclk |2000.0| 443.4|    8|1317.9|a[8]       |A_r_reg[12]/D        
141  |I2R  |rtDefaultClock|sysclk |2000.0| 441.1|    9|1320.2|b[0]       |B_r_reg[4]/D         
142  |I2R  |rtDefaultClock|sysclk |2000.0| 436.7|   10|1324.6|b[0]       |B_r_reg[3]/D         
143  |I2R  |rtDefaultClock|sysclk |2000.0| 433.0|    8|1328.3|a[0]       |A_r_reg[8]/D         
144  |I2R  |rtDefaultClock|sysclk |2000.0| 438.2|   13|1329.6|b[0]       |B_r_reg[5]/D         
145  |I2R  |rtDefaultClock|sysclk |2000.0| 428.7|    4|1332.6|a[4]       |A_r_reg[4]/D         
146  |I2R  |rtDefaultClock|sysclk |2000.0| 421.5|    5|1339.8|b[0]       |B_r_reg[31]/D        
147  |I2R  |rtDefaultClock|sysclk |2000.0| 413.7|    3|1353.4|b[31]      |c_reg[0]/D           
148  |I2R  |rtDefaultClock|sysclk |2000.0| 413.7|    3|1353.4|b[31]      |B_r_reg[0]/D         
149  |I2R  |rtDefaultClock|sysclk |2000.0| 407.5|    8|1353.8|a[12]      |A_r_reg[15]/D        
150  |I2R  |rtDefaultClock|sysclk |2000.0| 410.6|    3|1357.2|b[31]      |B_r_reg[2]/D         
151  |I2R  |rtDefaultClock|sysclk |2000.0| 395.0|    7|1366.3|b[7]       |B_r_reg[7]/D         
152  |I2R  |rtDefaultClock|sysclk |2000.0| 392.5|    8|1368.8|a[8]       |A_r_reg[11]/D        
153  |I2R  |rtDefaultClock|sysclk |2000.0| 396.1|    4|1371.7|b[31]      |B_r_reg[6]/D         
154  |I2R  |rtDefaultClock|sysclk |2000.0| 396.1|    4|1371.7|b[31]      |B_r_reg[1]/D         
155  |I2R  |rtDefaultClock|sysclk |2000.0| 382.1|    8|1379.2|a[0]       |A_r_reg[7]/D         
156  |I2R  |rtDefaultClock|sysclk |2000.0| 373.9|    3|1393.9|a[31]      |A_r_reg[3]/D         
157  |I2R  |rtDefaultClock|sysclk |2000.0| 373.9|    3|1393.9|a[31]      |A_r_reg[2]/D         
158  |I2R  |rtDefaultClock|sysclk |2000.0| 373.9|    3|1393.9|a[31]      |A_r_reg[1]/D         
159  |I2R  |rtDefaultClock|sysclk |2000.0| 331.2|    2|1428.9|b[31]      |negative_reg/D       
160  |I2R  |rtDefaultClock|sysclk |2000.0| 232.0|    2|1529.3|a[0]       |A_r_reg[0]/D         
-----+-----+--------------+-------+------+------+-----+------+-----------+---------------------
Report End Points: 
-----+-----+------+-------+-----+-----+-----+-----+-----------+---------
     |Group|Launch|Capture|Shift|Delay|Depth|Slack|Begin Point|End Point
-----+-----+------+-------+-----+-----+-----+-----+-----------+---------
1    |I2O  |      |       |     |     |     |     |           |         
-----+-----+------+-------+-----+-----+-----+-----+-----------+---------
Report End Points: 
-----+-----+------+-------+------+-----+-----+-----+-----------+---------
     |Group|Launch|Capture|Shift |Delay|Depth|Slack|Begin Point|End Point
-----+-----+------+-------+------+-----+-----+-----+-----------+---------
1    |R2O  |sysclk|sysclk |2000.0|  0.5|    0|888.1|c_reg[60]/Q|c[60]    
2    |R2O  |sysclk|sysclk |2000.0|  0.5|    0|888.1|c_reg[59]/Q|c[59]    
3    |R2O  |sysclk|sysclk |2000.0|  0.5|    0|888.1|c_reg[58]/Q|c[58]    
4    |R2O  |sysclk|sysclk |2000.0|  0.5|    0|888.2|c_reg[56]/Q|c[56]    
5    |R2O  |sysclk|sysclk |2000.0|  0.5|    0|888.2|c_reg[52]/Q|c[52]    
6    |R2O  |sysclk|sysclk |2000.0|  0.5|    0|888.2|c_reg[51]/Q|c[51]    
7    |R2O  |sysclk|sysclk |2000.0|  0.5|    0|888.2|c_reg[50]/Q|c[50]    
8    |R2O  |sysclk|sysclk |2000.0|  0.5|    0|888.2|c_reg[48]/Q|c[48]    
9    |R2O  |sysclk|sysclk |2000.0|  0.5|    0|888.2|c_reg[44]/Q|c[44]    
10   |R2O  |sysclk|sysclk |2000.0|  0.5|    0|888.2|c_reg[43]/Q|c[43]    
11   |R2O  |sysclk|sysclk |2000.0|  0.5|    0|888.2|c_reg[42]/Q|c[42]    
12   |R2O  |sysclk|sysclk |2000.0|  0.5|    0|888.2|c_reg[40]/Q|c[40]    
13   |R2O  |sysclk|sysclk |2000.0|  0.5|    0|888.2|c_reg[36]/Q|c[36]    
14   |R2O  |sysclk|sysclk |2000.0|  0.5|    0|888.2|c_reg[35]/Q|c[35]    
15   |R2O  |sysclk|sysclk |2000.0|  0.5|    0|888.2|c_reg[34]/Q|c[34]    
16   |R2O  |sysclk|sysclk |2000.0|  0.5|    0|888.3|c_reg[63]/Q|c[63]    
17   |R2O  |sysclk|sysclk |2000.0|  0.5|    0|888.3|c_reg[62]/Q|c[62]    
18   |R2O  |sysclk|sysclk |2000.0|  0.5|    0|888.3|c_reg[61]/Q|c[61]    
19   |R2O  |sysclk|sysclk |2000.0|  0.5|    0|888.3|c_reg[57]/Q|c[57]    
20   |R2O  |sysclk|sysclk |2000.0|  0.5|    0|888.3|c_reg[55]/Q|c[55]    
21   |R2O  |sysclk|sysclk |2000.0|  0.5|    0|888.3|c_reg[54]/Q|c[54]    
22   |R2O  |sysclk|sysclk |2000.0|  0.5|    0|888.3|c_reg[53]/Q|c[53]    
23   |R2O  |sysclk|sysclk |2000.0|  0.5|    0|888.3|c_reg[32]/Q|c[32]    
24   |R2O  |sysclk|sysclk |2000.0|  0.5|    0|888.3|c_reg[28]/Q|c[28]    
25   |R2O  |sysclk|sysclk |2000.0|  0.5|    0|888.3|c_reg[27]/Q|c[27]    
26   |R2O  |sysclk|sysclk |2000.0|  0.5|    0|888.3|c_reg[26]/Q|c[26]    
27   |R2O  |sysclk|sysclk |2000.0|  0.5|    0|888.3|c_reg[24]/Q|c[24]    
28   |R2O  |sysclk|sysclk |2000.0|  0.5|    0|888.3|c_reg[20]/Q|c[20]    
29   |R2O  |sysclk|sysclk |2000.0|  0.5|    0|888.3|c_reg[19]/Q|c[19]    
30   |R2O  |sysclk|sysclk |2000.0|  0.5|    0|888.3|c_reg[18]/Q|c[18]    
31   |R2O  |sysclk|sysclk |2000.0|  0.5|    0|888.3|c_reg[16]/Q|c[16]    
32   |R2O  |sysclk|sysclk |2000.0|  0.5|    0|888.3|c_reg[12]/Q|c[12]    
33   |R2O  |sysclk|sysclk |2000.0|  0.5|    0|888.3|c_reg[11]/Q|c[11]    
34   |R2O  |sysclk|sysclk |2000.0|  0.5|    0|888.3|c_reg[10]/Q|c[10]    
35   |R2O  |sysclk|sysclk |2000.0|  0.5|    0|888.4|c_reg[49]/Q|c[49]    
36   |R2O  |sysclk|sysclk |2000.0|  0.5|    0|888.4|c_reg[47]/Q|c[47]    
37   |R2O  |sysclk|sysclk |2000.0|  0.5|    0|888.4|c_reg[46]/Q|c[46]    
38   |R2O  |sysclk|sysclk |2000.0|  0.5|    0|888.4|c_reg[45]/Q|c[45]    
39   |R2O  |sysclk|sysclk |2000.0|  0.5|    0|888.4|c_reg[41]/Q|c[41]    
40   |R2O  |sysclk|sysclk |2000.0|  0.5|    0|888.4|c_reg[39]/Q|c[39]    
41   |R2O  |sysclk|sysclk |2000.0|  0.5|    0|888.4|c_reg[38]/Q|c[38]    
42   |R2O  |sysclk|sysclk |2000.0|  0.5|    0|888.4|c_reg[37]/Q|c[37]    
43   |R2O  |sysclk|sysclk |2000.0|  0.5|    0|888.4|c_reg[31]/Q|c[31]    
44   |R2O  |sysclk|sysclk |2000.0|  0.5|    0|888.4|c_reg[30]/Q|c[30]    
45   |R2O  |sysclk|sysclk |2000.0|  0.5|    0|888.4|c_reg[8]/Q |c[8]     
46   |R2O  |sysclk|sysclk |2000.0|  0.5|    0|888.4|c_reg[4]/Q |c[4]     
47   |R2O  |sysclk|sysclk |2000.0|  0.5|    0|888.4|c_reg[3]/Q |c[3]     
48   |R2O  |sysclk|sysclk |2000.0|  0.5|    0|888.4|c_reg[2]/Q |c[2]     
49   |R2O  |sysclk|sysclk |2000.0|  0.5|    0|888.4|c_reg[0]/Q |c[0]     
50   |R2O  |sysclk|sysclk |2000.0|  0.5|    0|888.5|c_reg[33]/Q|c[33]    
51   |R2O  |sysclk|sysclk |2000.0|  0.5|    0|888.5|c_reg[29]/Q|c[29]    
52   |R2O  |sysclk|sysclk |2000.0|  0.5|    0|888.5|c_reg[25]/Q|c[25]    
53   |R2O  |sysclk|sysclk |2000.0|  0.5|    0|888.5|c_reg[23]/Q|c[23]    
54   |R2O  |sysclk|sysclk |2000.0|  0.5|    0|888.5|c_reg[22]/Q|c[22]    
55   |R2O  |sysclk|sysclk |2000.0|  0.5|    0|888.5|c_reg[21]/Q|c[21]    
56   |R2O  |sysclk|sysclk |2000.0|  0.5|    0|888.5|c_reg[17]/Q|c[17]    
57   |R2O  |sysclk|sysclk |2000.0|  0.5|    0|888.5|c_reg[15]/Q|c[15]    
58   |R2O  |sysclk|sysclk |2000.0|  0.5|    0|888.5|c_reg[14]/Q|c[14]    
59   |R2O  |sysclk|sysclk |2000.0|  0.5|    0|888.5|c_reg[13]/Q|c[13]    
60   |R2O  |sysclk|sysclk |2000.0|  0.5|    0|888.5|c_reg[6]/Q |c[6]     
61   |R2O  |sysclk|sysclk |2000.0|  0.5|    0|888.6|c_reg[9]/Q |c[9]     
62   |R2O  |sysclk|sysclk |2000.0|  0.5|    0|888.6|c_reg[7]/Q |c[7]     
63   |R2O  |sysclk|sysclk |2000.0|  0.5|    0|888.6|c_reg[5]/Q |c[5]     
64   |R2O  |sysclk|sysclk |2000.0|  0.4|    0|888.7|c_reg[1]/Q |c[1]     
-----+-----+------+-------+------+-----+-----+-----+-----------+---------
