Report for group default
------------------------------------------------------------------------------------------------------------------------------------------------------------
Startpoint: counter_reg[6]/Q
    (Clocked by sysclk R)
Endpoint: c_reg[58]/D
    (Clocked by sysclk R)
Path Group: default
Data required time: 1962.0
    (Clock shift: 2000.0, minus Uncertainty: 0.0, plus Latency 0.0, minus Setup time: 38.0)
Data arrival time: 1539.5
Slack: 422.5
Logic depth: 31
------------------------------------------------------------------------------------------------------------------------------------------------------------
                                                     Arrival               Arc      Net               Net    Total   fan-                                   
Path                     Module/Cell           Edge     Time    Delay    Delay    Delay     Slew     Load     Load    out     Location Power Domain      (V)
                                                        (ps)     (ps)     (ps)     (ps)     (ps)     (ff)     (ff)    (#)      (um,um)                      
------------------------------------------------------------------------------------------------------------------------------------------------------------
clk                      {create_clock}           r      0.0      0.0      0.0                        0.0      0.0    104   116,   59                       
counter_reg[6]/CK->Q     DFF_X1*                 rr    149.4    149.4    149.4      0.0      0.0      1.4     37.5      4    58,   57  /PD_TOP        (1.10)
i_0_0_400/A1->ZN         NOR4_X4                 rf    161.0     11.6     11.6      0.0     15.3      0.3      4.1      1    58,   57  /PD_TOP        (1.10)
i_0_0_430/A1->ZN         NAND2_X4*               fr    236.9     75.9     75.9      0.0      7.2     36.7    329.8    102    58,   57  /PD_TOP        (1.10)
i_0_0_397/A2->ZN         NOR2_X4*                rf    282.2     45.3     43.6      1.7     15.3     12.5     90.2     31    58,   57  /PD_TOP        (1.10)
i_0_0_335/C2->ZN         AOI222_X2               fr    405.7    123.5    122.9      0.6     15.3      0.6      9.0      2    58,   57  /PD_TOP        (1.10)
i_0_0_236/A1->ZN         NOR2_X4                 rf    423.4     17.7     17.7      0.0     72.5      0.8     12.9      3    58,   57  /PD_TOP        (1.10)
i_0_8/i_192/A1->ZN       NOR2_X4                 fr    445.7     22.3     22.3      0.0      7.6      0.3      4.2      1    58,   57  /PD_TOP        (1.10)
i_0_8/i_189/A->ZN        AOI21_X4                rf    461.7     16.0     16.0      0.0     15.3      0.6      7.8      2    58,   57  /PD_TOP        (1.10)
i_0_8/i_188/B2->ZN       OAI22_X4                fr    509.5     47.8     47.8      0.0      9.1      0.6      7.9      2    58,   57  /PD_TOP        (1.10)
i_0_8/i_187/A->ZN        OAI21_X4                rf    533.7     24.2     24.2      0.0     34.6      0.3      4.2      1    58,   57  /PD_TOP        (1.10)
i_0_8/i_186/A2->ZN       NAND2_X4                fr    555.4     21.7     21.7      0.0      9.4      0.9     12.0      3    58,   57  /PD_TOP        (1.10)
i_0_8/i_180/A3->ZN       NOR3_X4                 rf    567.7     12.3     12.3      0.0     13.6      0.3      4.2      1    58,   57  /PD_TOP        (1.10)
i_0_8/i_172/A4->ZN       NOR4_X4                 fr    668.8    101.1    101.1      0.0      6.6      1.0     12.0      3    58,   57  /PD_TOP        (1.10)
i_0_8/i_166/A3->ZN       NOR3_X4                 rf    686.6     17.8     17.8      0.0     61.3      0.3      4.2      1    58,   57  /PD_TOP        (1.10)
i_0_8/i_158/A4->ZN       NOR4_X4                 fr    788.2    101.6    101.6      0.0      6.6      1.0     12.1      3    58,   57  /PD_TOP        (1.10)
i_0_8/i_152/A3->ZN       NOR3_X4                 rf    806.0     17.8     17.8      0.0     61.7      0.3      4.2      1    58,   57  /PD_TOP        (1.10)
i_0_8/i_144/A4->ZN       NOR4_X4                 fr    907.6    101.6    101.6      0.0      6.6      1.0     12.1      3    58,   57  /PD_TOP        (1.10)
i_0_8/i_138/A3->ZN       NOR3_X4                 rf    925.7     18.1     18.1      0.0     61.7      0.3      4.5      1    58,   57  /PD_TOP        (1.10)
i_0_8/i_205/A1->ZN       NOR4_X4                 fr    992.7     67.0     67.0      0.0      6.7      0.9     12.5      3    58,   57  /PD_TOP        (1.10)
i_0_8/i_65/B1->ZN        AOI21_X4                rf   1017.3     24.6     24.6      0.0     62.5      0.6      7.9      2    58,   57  /PD_TOP        (1.10)
i_0_8/i_64/B2->ZN        OAI21_X4                fr   1076.6     59.3     59.3      0.0      9.2      0.3     25.7      1    58,   57  /PD_TOP        (1.10)
i_0_8/i_63/A->ZN         INV_X8                  rf   1085.0      8.4      8.4      0.0     43.3      0.6      7.9      2    58,   57  /PD_TOP        (1.10)
i_0_8/i_58/A->Z          XOR2_X2*                ff   1160.5     75.5     75.5      0.0      3.9      1.5     37.4      5    58,   57  /PD_TOP        (1.10)
i_0_11/i_124/A1->ZN      OR3_X4                  ff   1221.7     61.2     61.2      0.0     15.3      0.6      7.0      2    58,   57  /PD_TOP        (1.10)
i_0_11/i_122/A1->ZN      OR2_X4                  ff   1262.3     40.6     40.6      0.0     12.6      0.3      2.5      1    58,   57  /PD_TOP        (1.10)
i_0_11/i_214/A2->ZN      OR2_X4                  ff   1318.0     55.7     55.7      0.0      7.7      0.3     25.7      1    58,   57  /PD_TOP        (1.10)
i_0_11/i_213/A->ZN       INV_X8                  fr   1331.6     13.6     13.6      0.0     13.8      0.7      8.3      2    58,   57  /PD_TOP        (1.10)
i_0_11/i_212/A4->ZN      NAND4_X4*               rf   1400.1     68.5     68.5      0.0      6.3      1.2     60.4      4    58,   57  /PD_TOP        (1.10)
i_0_11/i_113/A2->ZN      NOR2_X4*                fr   1461.7     61.6     61.6      0.0     15.3      0.6     29.9      2    58,   57  /PD_TOP        (1.10)
i_0_11/i_109/A->ZN       AOI21_X4                rf   1476.3     14.6     14.6      0.0     15.3      0.3      4.4      1    58,   57  /PD_TOP        (1.10)
i_0_0_129/A1->ZN         AOI22_X4                fr   1534.9     58.6     58.6      0.0      7.8      0.3     25.8      1    58,   57  /PD_TOP        (1.10)
i_0_0_128/A->ZN          INV_X4                  rf   1539.5      4.6      4.6      0.0     50.3      0.3      1.4      1    58,   57  /PD_TOP        (1.10)
c_reg[58]/D              DFF_X1                   f   1539.5      0.0               0.0      3.2                             58,   57  /PD_TOP        (1.10)
------------------------------------------------------------------------------------------------------------------------------------------------------------
Report for group I2R
------------------------------------------------------------------------------------------------------------------------------------------------------------
Startpoint: b[14]
    (Clocked by rtDefaultClock R)
Endpoint: c_reg[53]/D
    (Clocked by sysclk R)
Path Group: I2R
Data required time: 1962.0
    (Clock shift: 2000.0, minus Uncertainty: 0.0, plus Latency 0.0, minus Setup time: 38.0)
Data arrival time: 1795.0
Slack: 167.0
Logic depth: 34
------------------------------------------------------------------------------------------------------------------------------------------------------------
                                                     Arrival               Arc      Net               Net    Total   fan-                                   
Path                     Module/Cell           Edge     Time    Delay    Delay    Delay     Slew     Load     Load    out     Location Power Domain      (V)
                                                        (ps)     (ps)     (ps)     (ps)     (ps)     (ff)     (ff)    (#)      (um,um)                      
------------------------------------------------------------------------------------------------------------------------------------------------------------
b[14]                    {set_input_delay}        f    200.0    200.0    200.0                        4.1     12.7      3     0,   56                       
i_0_4/i_93/A1->ZN        OR3_X4                  ff    502.1    301.7    301.7      0.0    707.3      0.6      4.9      2    58,   57  /PD_TOP        (1.10)
i_0_4/i_6/A1->ZN         OR2_X4                  ff    554.8     52.7     52.7      0.0     12.0      0.3     25.7      1    58,   57  /PD_TOP        (1.10)
i_0_4/i_128/A->ZN        INV_X8                  fr    571.8     17.0     17.0      0.0     13.8      1.3     16.6      4    58,   57  /PD_TOP        (1.10)
i_0_4/i_98/A1->ZN        NAND2_X4                rf    588.5     16.7     16.7      0.0      8.4      0.8     12.7      3    58,   57  /PD_TOP        (1.10)
i_0_4/i_76/A3->ZN        NOR3_X4*                fr    687.5     99.0     99.0      0.0     10.3      0.6     29.9      2    58,   57  /PD_TOP        (1.10)
i_0_4/i_75/A->ZN         INV_X8                  rf    698.2     10.7     10.7      0.0     15.3      1.2     17.3      4    58,   57  /PD_TOP        (1.10)
i_0_4/i_74/A4->ZN        NOR4_X4*                fr    841.3    143.1    143.1      0.0      4.9      0.6     30.0      2    58,   57  /PD_TOP        (1.10)
i_0_4/i_73/A->ZN         INV_X8                  rf    849.6      8.3      8.3      0.0     15.3      0.6      8.9      2    58,   57  /PD_TOP        (1.10)
i_0_4/i_72/A2->ZN        NOR2_X4*                fr    906.6     57.0     57.0      0.0      4.0      0.6     29.9      2    58,   57  /PD_TOP        (1.10)
i_0_4/i_71/A->ZN         INV_X8                  rf    917.9     11.3     11.3      0.0     15.3      1.5     20.0      5    58,   57  /PD_TOP        (1.10)
i_0_4/i_56/A3->ZN        OR3_X4                  ff    991.9     74.0     74.0      0.0      5.2      0.6      8.8      2    58,   57  /PD_TOP        (1.10)
i_0_4/i_53/A->ZN         OAI21_X4                fr   1027.2     35.3     35.3      0.0     13.2      0.3     25.7      1    58,   57  /PD_TOP        (1.10)
i_0_4/i_52/A->ZN         INV_X8                  rf   1033.1      5.9      5.9      0.0     43.3      0.3      2.6      1    58,   57  /PD_TOP        (1.10)
i_0_0_317/B1->ZN         AOI222_X4               fr   1167.1    134.0    134.0      0.0      3.3      0.6     30.2      2    58,   57  /PD_TOP        (1.10)
i_0_0_316/A->ZN          INV_X8                  rf   1182.7     15.6     15.6      0.0     20.7      0.9     34.4      3    58,   57  /PD_TOP        (1.10)
i_0_11/i_263/A->ZN       INV_X8                  fr   1193.4     10.7     10.7      0.0      6.9      0.7      8.2      2    58,   57  /PD_TOP        (1.10)
i_0_11/i_190/A2->ZN      NAND4_X4                rf   1240.9     47.5     47.5      0.0      6.3      0.3     25.8      1    58,   57  /PD_TOP        (1.10)
i_0_11/i_189/A->ZN       INV_X8                  fr   1273.5     32.6     32.6      0.0     33.5      1.2     37.9      4    58,   57  /PD_TOP        (1.10)
i_0_11/i_188/A1->ZN      NAND4_X4*               rf   1322.1     48.6     48.6      0.0     13.7      0.6     30.3      2    58,   57  /PD_TOP        (1.10)
i_0_11/i_187/A->ZN       INV_X8                  fr   1338.0     15.9     15.9      0.0     15.3      0.9     12.2      3    58,   57  /PD_TOP        (1.10)
i_0_11/i_186/A1->ZN      NAND4_X4*               rf   1384.4     46.4     46.4      0.0      7.3      0.6     30.3      2    58,   57  /PD_TOP        (1.10)
i_0_11/i_185/A->ZN       INV_X8                  fr   1400.3     15.9     15.9      0.0     15.3      0.9     12.2      3    58,   57  /PD_TOP        (1.10)
i_0_11/i_184/A1->ZN      NAND4_X4*               rf   1446.7     46.4     46.4      0.0      7.3      0.6     30.3      2    58,   57  /PD_TOP        (1.10)
i_0_11/i_183/A->ZN       INV_X8                  fr   1462.6     15.9     15.9      0.0     15.3      0.9     12.2      3    58,   57  /PD_TOP        (1.10)
i_0_11/i_182/A1->ZN      NAND4_X4*               rf   1509.0     46.4     46.4      0.0      7.3      0.6     30.3      2    58,   57  /PD_TOP        (1.10)
i_0_11/i_181/A->ZN       INV_X8                  fr   1524.9     15.9     15.9      0.0     15.3      0.9     12.2      3    58,   57  /PD_TOP        (1.10)
i_0_11/i_166/A1->ZN      NAND2_X4*               rf   1563.0     38.1     38.1      0.0      7.3      0.8     55.9      3    58,   57  /PD_TOP        (1.10)
i_0_11/i_165/A->ZN       INV_X8                  fr   1580.6     17.6     17.6      0.0     15.3      1.2     16.2      4    58,   57  /PD_TOP        (1.10)
i_0_11/i_164/A1->ZN      NAND2_X4*               rf   1613.3     32.7     32.7      0.0      8.3      1.4     41.5      5    58,   57  /PD_TOP        (1.10)
i_0_11/i_100/A3->ZN      OR3_X4                  ff   1691.3     78.0     78.0      0.0     15.3      0.6      8.8      2    58,   57  /PD_TOP        (1.10)
i_0_11/i_97/A->ZN        OAI21_X4                fr   1726.6     35.3     35.3      0.0     13.2      0.3     25.7      1    58,   57  /PD_TOP        (1.10)
i_0_11/i_96/A->ZN        INV_X8                  rf   1733.3      6.7      6.7      0.0     43.3      0.3      4.4      1    58,   57  /PD_TOP        (1.10)
i_0_0_119/A1->ZN         AOI22_X4                fr   1790.4     57.1     57.1      0.0      3.5      0.3     25.8      1    58,   57  /PD_TOP        (1.10)
i_0_0_118/A->ZN          INV_X4                  rf   1795.0      4.6      4.6      0.0     50.3      0.3      1.4      1    58,   57  /PD_TOP        (1.10)
c_reg[53]/D              DFF_X1                   f   1795.0      0.4               0.4      3.2                             58,   57  /PD_TOP        (1.10)
------------------------------------------------------------------------------------------------------------------------------------------------------------
Report for group I2O
Report for group R2O
------------------------------------------------------------------------------------------------------------------------------------------------------------
Startpoint: c_reg[60]/Q
    (Clocked by sysclk R)
Endpoint: c[60]
    (Clocked by sysclk R)
Path Group: R2O
Data required time: 1000.0
    (Clock shift: 2000.0, minus Uncertainty: 0.0, plus Latency 0.0, minus Out delay: 1000.0)
Data arrival time: 111.9
Slack: 888.1
Logic depth: 0
------------------------------------------------------------------------------------------------------------------------------------------------------------
                                                     Arrival               Arc      Net               Net    Total   fan-                                   
Path                     Module/Cell           Edge     Time    Delay    Delay    Delay     Slew     Load     Load    out     Location Power Domain      (V)
                                                        (ps)     (ps)     (ps)     (ps)     (ps)     (ff)     (ff)    (#)      (um,um)                      
------------------------------------------------------------------------------------------------------------------------------------------------------------
clk                      {create_clock}           r      0.0      0.0      0.0                        0.0      0.0    104   116,   59                       
clk_gate_c_reg/CK->GCK   CLKGATETST_X1           rr      0.0      0.0      0.0      0.0      0.0      0.0      0.0     64    58,   57  /PD_TOP        (1.10)
c_reg[60]/CK->Q          DFF_X1                  rr    111.4    111.4    111.4      0.0      0.0      3.6     13.6      1    58,   57  /PD_TOP        (1.10)
c[60]                                             r    111.9      0.5               0.5     33.8                             52,    0                       
------------------------------------------------------------------------------------------------------------------------------------------------------------
