Report 'report_power_summary': Power
Generated on Thu Dec 22 21:53:07 2022
  
---------------------------------------------------------------------------
|                        Power Summary (nanowatt)                         |
|-------------------------------------------------------------------------|
| Component          Internal Switching  Dynamic Leakage  Total   Percent | 
|-------------------------------------------------------------------------|
| Entire design       3256792   4103808  7360601  202496  7563096  100.00 | 
|                                                                         | 
| Power of all cells  3256792   2923480  6180273  202496  6382769   84.39 | 
|   Clock cells        113602     23337   136938    1003   137942    1.82 | 
|   Data cells        3143181   2900144  6043325  201492  6244817   82.57 | 
|     Combinational   2583637   2832227  5415864  191497  5607361   74.14 | 
|     Registers        555856     67917   623773    9995   633768    8.38 | 
|     Macros                0         0        0       0        0    0.00 | 
|     Physical              0         0        0       0        0    0.00 | 
|                                                                         | 
| Power of all nets             1180328  1180328          1180328   15.61 | 
|   Clock nets                   122176   122176           122176    1.62 | 
|     Clock leaves                69729    69729            69729    0.92 | 
|   Data nets                   1058152  1058152          1058152   13.99 | 
---------------------------------------------------------------------------


info UI33: performed report_power_summary for 0 sec (CPU time: 0 sec; MEM: RSS - 563M, CVMEM - 2128M, PVMEM - 2982M)
------------------------------------------------------------------------------------------------------------------------------------------------
| Corner     Enable Setup Hold  CRPR       SI    Power            EM   Voltage Drop DRC        Process                    RC Temp Scale Factor | 
|----------------------------------------------------------------------------------------------------------------------------------------------|
| slow       false  true  false setup_hold none  leakage          none none         trans, cap new_rcmaster_techFreePDK45 25      1            | 
| fast       false  false false setup_hold none  leakage          none none         trans, cap new_rcmaster_techFreePDK45 25      1            | 
| corner_0_0 true   true  true  setup_hold delay leakage, dynamic none none         trans, cap new_rcmaster_techFreePDK45 25      1            | 
------------------------------------------------------------------------------------------------------------------------------------------------


