Report 'report_power_summary': Power
Generated on Thu Dec 22 21:28:07 2022
  
---------------------------------------------------------------------------
|                        Power Summary (nanowatt)                         |
|-------------------------------------------------------------------------|
| Component          Internal Switching  Dynamic Leakage  Total   Percent | 
|-------------------------------------------------------------------------|
| Entire design       3382860   4215093  7597953  198146  7796099  100.00 | 
|                                                                         | 
| Power of all cells  3382860   2870118  6252978  198146  6451124   82.75 | 
|   Clock cells         34347      3492    37839     171    38010    0.49 | 
|   Data cells        3348467   2866626  6215093  197975  6413068   82.26 | 
|     Combinational   2563953   2798709  5362662  187979  5550642   71.20 | 
|     Registers        780990     67917   848907    9995   858903   11.02 | 
|     Macros                0         0        0       0        0    0.00 | 
|     Physical              0         0        0       0        0    0.00 | 
|                                                                         | 
| Power of all nets             1344975  1344975          1344975   17.25 | 
|   Clock nets                    99323    99323            99323    1.27 | 
|     Clock leaves                96814    96814            96814    1.24 | 
|   Data nets                   1245652  1245652          1245652   15.98 | 
---------------------------------------------------------------------------


info UI33: performed report_power_summary for 0 sec (CPU time: 0 sec; MEM: RSS - 482M, CVMEM - 2189M, PVMEM - 2982M)
-----------------------------------------------------------------------------------------------------------------------------------------------
| Corner     Enable Setup Hold  CRPR       SI   Power            EM   Voltage Drop DRC        Process                    RC Temp Scale Factor | 
|---------------------------------------------------------------------------------------------------------------------------------------------|
| slow       false  true  false setup_hold none leakage          none none         trans, cap new_rcmaster_techFreePDK45 25      1            | 
| fast       false  false false setup_hold none leakage          none none         trans, cap new_rcmaster_techFreePDK45 25      1            | 
| corner_0_0 true   true  true  setup_hold none leakage, dynamic none none         trans, cap new_rcmaster_techFreePDK45 25      1            | 
-----------------------------------------------------------------------------------------------------------------------------------------------


