Report 'report_power_summary': Power
Generated on Thu Dec 22 21:43:28 2022
  
---------------------------------------------------------------------------
|                        Power Summary (nanowatt)                         |
|-------------------------------------------------------------------------|
| Component          Internal Switching  Dynamic Leakage  Total   Percent | 
|-------------------------------------------------------------------------|
| Entire design       3256630   4103325  7359955  202496  7562451  100.00 | 
|                                                                         | 
| Power of all cells  3256630   2923480  6180111  202496  6382607   84.40 | 
|   Clock cells        113602     23337   136938    1003   137942    1.82 | 
|   Data cells        3143019   2900144  6043163  201492  6244655   82.57 | 
|     Combinational   2583477   2832227  5415704  191497  5607201   74.15 | 
|     Registers        555856     67917   623773    9995   633768    8.38 | 
|     Macros                0         0        0       0        0    0.00 | 
|     Physical              0         0        0       0        0    0.00 | 
|                                                                         | 
| Power of all nets             1179844  1179844          1179844   15.60 | 
|   Clock nets                   122176   122176           122176    1.62 | 
|     Clock leaves                69729    69729            69729    0.92 | 
|   Data nets                   1057668  1057668          1057668   13.99 | 
---------------------------------------------------------------------------


info UI33: performed report_power_summary for 0 sec (CPU time: 0 sec; MEM: RSS - 553M, CVMEM - 2128M, PVMEM - 2982M)
------------------------------------------------------------------------------------------------------------------------------------------------
| Corner     Enable Setup Hold  CRPR       SI    Power            EM   Voltage Drop DRC        Process                    RC Temp Scale Factor | 
|----------------------------------------------------------------------------------------------------------------------------------------------|
| slow       false  true  false setup_hold none  leakage          none none         trans, cap new_rcmaster_techFreePDK45 25      1            | 
| fast       false  false false setup_hold none  leakage          none none         trans, cap new_rcmaster_techFreePDK45 25      1            | 
| corner_0_0 true   true  true  setup_hold delay leakage, dynamic none none         trans, cap new_rcmaster_techFreePDK45 25      1            | 
------------------------------------------------------------------------------------------------------------------------------------------------


