Report 'report_power_summary': Power
Generated on Wed Jan 4 06:09:19 2023
  
---------------------------------------------------------------------------
|                        Power Summary (nanowatt)                         |
|-------------------------------------------------------------------------|
| Component          Internal Switching  Dynamic Leakage  Total   Percent | 
|-------------------------------------------------------------------------|
| Entire design       2051620    954106  3005726   60404  3066130  100.00 | 
|                                                                         | 
| Power of all cells  2051620    565878  2617498   60404  2677902   87.34 | 
|   Clock cells         87411     20992   108403     911   109313    3.57 | 
|   Data cells        1964176    544886  2509063   59493  2568556   83.77 | 
|     Combinational    343531    367800   711331   31369   742700   24.22 | 
|     Registers       1620601    177086  1797687   28124  1825812   59.55 | 
|     Macros                0         0        0       0        0    0.00 | 
|     Physical              0         0        0       0        0    0.00 | 
|                                                                         | 
| Power of all nets              388228   388228           388228   12.66 | 
|   Clock nets                   198467   198467           198467    6.47 | 
|     Clock leaves               159369   159369           159369    5.20 | 
|   Data nets                    189761   189761           189761    6.19 | 
---------------------------------------------------------------------------


info UI33: performed report_power_summary for 0 sec (CPU time: 0 sec; MEM: RSS - 348M, CVMEM - 1770M, PVMEM - 2633M)
-----------------------------------------------------------------------------------------------------------------------------------------------
| Corner     Enable Setup Hold  CRPR       SI   Power            EM   Voltage Drop DRC        Process                    RC Temp Scale Factor | 
|---------------------------------------------------------------------------------------------------------------------------------------------|
| slow       false  true  false setup_hold none leakage          none none         trans, cap new_rcmaster_techFreePDK45 25      1            | 
| fast       false  false false setup_hold none leakage          none none         trans, cap new_rcmaster_techFreePDK45 25      1            | 
| corner_0_0 true   true  true  setup_hold none leakage, dynamic none none         trans, cap new_rcmaster_techFreePDK45 25      1            | 
-----------------------------------------------------------------------------------------------------------------------------------------------


