Report 'report_mcmm_variation': MCMM Variation
Generated on Wed Jan 4 06:09:18 2023
  
------------------------------------------------------
| MCMM variability report for design 'Radix4' (nano) |
|----------------------------------------------------|
| MODE CORNER WNS TNS #Endpts WHS THS #Endpts        | 
------------------------------------------------------


info UI33: performed report_mcmm_variation for 0 sec (CPU time: 0 sec; MEM: RSS - 346M, CVMEM - 1770M, PVMEM - 2633M)
Report 'report_path_group': Path Group
Generated on Wed Jan 4 06:09:18 2023
  
-------------------------------------------------------------------------------------------
|                               PATH GROUPS (SETUP) (nano)                                |
|-----------------------------------------------------------------------------------------|
| QOR Weight Margin TNS Range Endpoints Violating Endpoints Violating Endpoints % WNS TNS | 
-------------------------------------------------------------------------------------------


info UI33: performed report_path_group for 0 sec (CPU time: 0 sec; MEM: RSS - 346M, CVMEM - 1770M, PVMEM - 2633M)
SLACK HISTOGRAM
---------------
Select : SELECT_LATE

---------------------------------------------
| Slack           # End Pts Total # End Pts | 
|-------------------------------------------|
| 0.0000 - 2.4990 423       423             | 
---------------------------------------------


info UI33: performed report_slack_histogram for 0 sec (CPU time: 0 sec; MEM: RSS - 346M, CVMEM - 1770M, PVMEM - 2633M)
Report 'report_path_group': Path Group
Generated on Wed Jan 4 06:09:18 2023
  
-------------------------------------------------------------------------------------------
|                                PATH GROUPS (HOLD) (nano)                                |
|-----------------------------------------------------------------------------------------|
| QOR Weight Margin TNS Range Endpoints Violating Endpoints Violating Endpoints % WNS TNS | 
-------------------------------------------------------------------------------------------


info UI33: performed report_path_group for 0 sec (CPU time: 0 sec; MEM: RSS - 346M, CVMEM - 1770M, PVMEM - 2633M)
SLACK HISTOGRAM
---------------
Select : SELECT_EARLY

---------------------------------------------
| Slack           # End Pts Total # End Pts | 
|-------------------------------------------|
| 0.0000 - 0.9990 359       359             | 
| 1.0000 - 1.9990 64        423             | 
---------------------------------------------


info UI33: performed report_slack_histogram for 0 sec (CPU time: 0 sec; MEM: RSS - 346M, CVMEM - 1770M, PVMEM - 2633M)
