Report 'report_power_summary': Power
Generated on Fri Dec 23 03:41:32 2022
  
---------------------------------------------------------------------------
|                        Power Summary (nanowatt)                         |
|-------------------------------------------------------------------------|
| Component          Internal Switching  Dynamic Leakage  Total   Percent | 
|-------------------------------------------------------------------------|
| Entire design       1187703    691187  1878890   51620  1930510  100.00 | 
|                                                                         | 
| Power of all cells  1187703    442613  1630315   51620  1681935   87.12 | 
|   Clock cells         87631     18441   106072     828   106900    5.54 | 
|   Data cells        1100043    424171  1524215   50793  1575007   81.59 | 
|     Combinational    386837    352035   738873   37441   776314   40.21 | 
|     Registers        713066     72136   785202   13351   798553   41.36 | 
|     Macros                0         0        0       0        0    0.00 | 
|     Physical              0         0        0       0        0    0.00 | 
|                                                                         | 
| Power of all nets              248575   248575           248575   12.88 | 
|   Clock nets                   120486   120486           120486    6.24 | 
|     Clock leaves               104245   104245           104245    5.40 | 
|   Data nets                    128088   128088           128088    6.63 | 
---------------------------------------------------------------------------


info UI33: performed report_power_summary for 0 sec (CPU time: 0 sec; MEM: RSS - 367M, CVMEM - 1780M, PVMEM - 2637M)
-----------------------------------------------------------------------------------------------------------------------------------------------
| Corner     Enable Setup Hold  CRPR       SI   Power            EM   Voltage Drop DRC        Process                    RC Temp Scale Factor | 
|---------------------------------------------------------------------------------------------------------------------------------------------|
| slow       false  true  false setup_hold none leakage          none none         trans, cap new_rcmaster_techFreePDK45 25      1            | 
| fast       false  false false setup_hold none leakage          none none         trans, cap new_rcmaster_techFreePDK45 25      1            | 
| corner_0_0 true   true  true  setup_hold none leakage, dynamic none none         trans, cap new_rcmaster_techFreePDK45 25      1            | 
-----------------------------------------------------------------------------------------------------------------------------------------------


