Report 'report_drc': DRC Violations
Generated on Fri Dec 23 03:44:08 2022
  
-----------------------------
| Constraint Max Transition | 
| Total Cost -34.0360       | 
| Violators  67             | 
-----------------------------


  
-------------------------------------------------
| Pin                 Actual Limit Slack   Edge | 
|-----------------------------------------------|
| CTS_L1_c_tid0_294/A 707    199   -0.5080 Fall | 
| drc_ipo_c24/A       707    199   -0.5080 Fall | 
| drc_ipo_c25/A       707    199   -0.5080 Fall | 
| drc_ipo_c26/A       707    199   -0.5080 Fall | 
| drc_ipo_c27/A       707    199   -0.5080 Fall | 
| drc_ipo_c28/A       707    199   -0.5080 Fall | 
| drc_ipo_c29/A       707    199   -0.5080 Fall | 
| drc_ipo_c30/A       707    199   -0.5080 Fall | 
| drc_ipo_c31/A       707    199   -0.5080 Fall | 
| drc_ipo_c32/A       707    199   -0.5080 Fall | 
| drc_ipo_c33/A       707    199   -0.5080 Fall | 
| drc_ipo_c34/A       707    199   -0.5080 Fall | 
| drc_ipo_c35/A       707    199   -0.5080 Fall | 
| drc_ipo_c36/A       707    199   -0.5080 Fall | 
| drc_ipo_c37/A       707    199   -0.5080 Fall | 
| drc_ipo_c38/A       707    199   -0.5080 Fall | 
| drc_ipo_c39/A       707    199   -0.5080 Fall | 
| drc_ipo_c40/A       707    199   -0.5080 Fall | 
| drc_ipo_c41/A       707    199   -0.5080 Fall | 
| drc_ipo_c42/A       707    199   -0.5080 Fall | 
| drc_ipo_c43/A       707    199   -0.5080 Fall | 
| drc_ipo_c44/A       707    199   -0.5080 Fall | 
| drc_ipo_c45/A       707    199   -0.5080 Fall | 
| drc_ipo_c46/A       707    199   -0.5080 Fall | 
| drc_ipo_c47/A       707    199   -0.5080 Fall | 
| drc_ipo_c48/A       707    199   -0.5080 Fall | 
| drc_ipo_c49/A       707    199   -0.5080 Fall | 
| drc_ipo_c50/A       707    199   -0.5080 Fall | 
| drc_ipo_c51/A       707    199   -0.5080 Fall | 
| drc_ipo_c52/A       707    199   -0.5080 Fall | 
| drc_ipo_c53/A       707    199   -0.5080 Fall | 
| drc_ipo_c54/A       707    199   -0.5080 Fall | 
| drc_ipo_c55/A       707    199   -0.5080 Fall | 
| drc_ipo_c56/A       707    199   -0.5080 Fall | 
| drc_ipo_c57/A       707    199   -0.5080 Fall | 
| drc_ipo_c58/A       707    199   -0.5080 Fall | 
| drc_ipo_c59/A       707    199   -0.5080 Fall | 
| drc_ipo_c60/A       707    199   -0.5080 Fall | 
| drc_ipo_c61/A       707    199   -0.5080 Fall | 
| drc_ipo_c62/A       707    199   -0.5080 Fall | 
| drc_ipo_c63/A       707    199   -0.5080 Fall | 
| drc_ipo_c64/A       707    199   -0.5080 Fall | 
| drc_ipo_c65/A       707    199   -0.5080 Fall | 
| drc_ipo_c66/A       707    199   -0.5080 Fall | 
| drc_ipo_c67/A       707    199   -0.5080 Fall | 
| drc_ipo_c68/A       707    199   -0.5080 Fall | 
| drc_ipo_c69/A       707    199   -0.5080 Fall | 
| drc_ipo_c70/A       707    199   -0.5080 Fall | 
| drc_ipo_c71/A       707    199   -0.5080 Fall | 
| drc_ipo_c72/A       707    199   -0.5080 Fall | 
| drc_ipo_c73/A       707    199   -0.5080 Fall | 
| drc_ipo_c74/A       707    199   -0.5080 Fall | 
| drc_ipo_c75/A       707    199   -0.5080 Fall | 
| drc_ipo_c76/A       707    199   -0.5080 Fall | 
| drc_ipo_c77/A       707    199   -0.5080 Fall | 
| drc_ipo_c78/A       707    199   -0.5080 Fall | 
| drc_ipo_c79/A       707    199   -0.5080 Fall | 
| drc_ipo_c80/A       707    199   -0.5080 Fall | 
| drc_ipo_c81/A       707    199   -0.5080 Fall | 
| drc_ipo_c82/A       707    199   -0.5080 Fall | 
| drc_ipo_c83/A       707    199   -0.5080 Fall | 
| drc_ipo_c84/A       707    199   -0.5080 Fall | 
| drc_ipo_c85/A       707    199   -0.5080 Fall | 
| drc_ipo_c86/A       707    199   -0.5080 Fall | 
| drc_ipo_c87/A       707    199   -0.5080 Fall | 
| drc_ipo_c88/A       707    199   -0.5080 Fall | 
| drc_ipo_c89/A       707    199   -0.5080 Fall | 
-------------------------------------------------


info UI33: performed report_constraints for 0 sec (CPU time: 0 sec; MEM: RSS - 418M, CVMEM - 1780M, PVMEM - 2637M)
