#---------------------------------------------------------------------
# start session at Tue Jan 3 20:22:45 2023
# Exec path is /home/vlsi/Installation/Nitro/nitroPack-2019.1.R2a/nitro/arch/linux/x86_64/2.12/64/bin
#---------------------------------------------------------------------
----------------------------------------------------------------------------------
|     Nitro-SoC version 2019.1.R2 1.68700.2.290 Fri Nov 29 21:06:00 PST 2019     | 
| Running on localhost.localdomain 4cores 7.3GBytes 2.6GHz 64bits mode pid 25953 | 
|              Copyright (c) 2003-2019 Mentor Graphics Corporation               | 
|                              All Rights Reserved                               | 
|          THIS WORK CONTAINS TRADE SECRET AND PROPRIETARY INFORMATION           | 
|              WHICH IS THE PROPERTY OF MENTOR GRAPHICS CORPORATION              | 
|               OR ITS LICENSORS AND IS SUBJECT TO LICENSE TERMS.                | 
----------------------------------------------------------------------------------

Nitro-SoC> start

nitro.log, current date/time: Tue Jan  3 21:18:05 2023
version 2019.1.R2 1.68700.2.290 Fri Nov 29 21:06:00 PST 2019
host localhost.localdomain, pid 25953, ppid 1

Stack trace of thread 25953 'gmain_exec'

#0 (0x0737025f) (null) : _ZN3sda6common14PrintAllStacksEv line: 0
#1 (0x010a9362) (null) : _ZN15GMainSigHandler13signalHandlerEi line: 0
#2 (0x7ff0ed4843b0) (null) : stat line: 0
#3 (0x7ff0ed541bed) (null) : stat line: 0
#4 (0x7ff0f228f37c) (null) : stat line: 0
#5 (0x7ff0f228f4ac) (null) : stat line: 0
#6 (0x07c86665) (null) : _ZN20QEventDispatcherGlib13processEventsE6QFlagsIN10QEventLoop17ProcessEventsFlagEE line: 0
#7 (0x0757d906) (null) : _ZN23QGuiEventDispatcherGlib13processEventsE6QFlagsIN10QEventLoop17ProcessEventsFlagEE line: 0
#8 (0x07c6397f) (null) : _ZN10QEventLoop13processEventsE6QFlagsINS_17ProcessEventsFlagEE line: 0
#9 (0x07c63c0d) (null) : _ZN10QEventLoop4execE6QFlagsINS_17ProcessEventsFlagEE line: 0
#10 (0x07c6802b) (null) : _ZN16QCoreApplication4execEv line: 0
#11 (0x010ac995) (null) : _ZN5GMain14runApplicationEv line: 0
#12 (0x0046aecd) (null) : main line: 0
#13 (0x7ff0ed470505) (null) : stat line: 0
#14 (0x0108f4a5) (null) : _start line: 0


Stack trace of thread 25962 'gmain_exec'

#0 (0x0736f4ff) SierraBFD.cpp : _ZN3sda6commonL26print_stack_signal_handlerEiP7siginfoPv line: 0
#1 (0x7ff0f08915f0) (null) : stat line: 0
#2 (0x7ff0f088d9f3) (null) : stat line: 0
#3 (0x7ff0edbd15ac) (null) : stat line: 0
#4 (0x0736fe2d) SierraBFD.cpp : _ZN3sda6commonL21freeze_signal_handlerEiP7siginfoPv line: 0
#5 (0x7ff0f08915f0) (null) : stat line: 0
#6 (0x7ff0ed543953) (null) : stat line: 0
#7 (0x7ff0f0fd720c) (null) : stat line: 0
#8 (0x7ff0f0889e65) (null) : stat line: 0
#9 (0x7ff0ed54c88d) (null) : stat line: 0


Stack trace of thread 26000 'TermCmdLine'

#0 (0x0736f4ff) SierraBFD.cpp : _ZN3sda6commonL26print_stack_signal_handlerEiP7siginfoPv line: 0
#1 (0x7ff0f08915f0) (null) : stat line: 0
#2 (0x7ff0f088d9f3) (null) : stat line: 0
#3 (0x7ff0edbd15ac) (null) : stat line: 0
#4 (0x0736fe2d) SierraBFD.cpp : _ZN3sda6commonL21freeze_signal_handlerEiP7siginfoPv line: 0
#5 (0x7ff0f08915f0) (null) : stat line: 0
#6 (0x7ff0f088dda2) (null) : stat line: 0
#7 (0x07b92bfa) qthread_unix.cpp : _ZL12thread_sleepP8timespec line: 0
#8 (0x07b9312d) (null) : _ZN7QThread6msleepEm line: 0
#9 (0x0112200e) (null) : _ZN20GMainTerminalCmdLine10event_hookEv line: 0
#10 (0x7ff0f0abaf81) (null) : stat line: 0
#11 (0x7ff0f0aae327) (null) : stat line: 0
#12 (0x7ff0f0aae47c) (null) : stat line: 0
#13 (0x7ff0f0aa9d63) (null) : stat line: 0
#14 (0x7ff0f0abb7b0) (null) : stat line: 0
#15 (0x011234fc) (null) : _ZN20GMainTerminalCmdLine15commandLineLoopEv line: 0
#16 (0x01124254) (null) : _ZN20GMainTerminalCmdLine3runEv line: 0
#17 (0x07b93a45) (null) : _ZN14QThreadPrivate5startEPv line: 0
#18 (0x7ff0f0889e65) (null) : stat line: 0
#19 (0x7ff0ed54c88d) (null) : stat line: 0

error UI158: Can't read or write to the terminal.
info UI155: Nitro-SoC terminated with exit status of 2 (fatal).
#---------------------------------------------------------------------
# end session at Tue Jan 3 21:18:06 2023
#---------------------------------------------------------------------
