Report End Points: 
-----+-------+------+-------+-----+-----+-----+-----+-----------+---------
     |Group  |Launch|Capture|Shift|Delay|Depth|Slack|Begin Point|End Point
-----+-------+------+-------+-----+-----+-----+-----+-----------+---------
1    |default|      |       |     |     |     |     |           |         
-----+-------+------+-------+-----+-----+-----+-----+-----------+---------
Report End Points: 
-----+-----+------+-------+-----+-----+-----+-----+-----------+---------
     |Group|Launch|Capture|Shift|Delay|Depth|Slack|Begin Point|End Point
-----+-----+------+-------+-----+-----+-----+-----+-----------+---------
1    |I2R  |      |       |     |     |     |     |           |         
-----+-----+------+-------+-----+-----+-----+-----+-----------+---------
Report End Points: 
-----+-----+-------+-------+-------+------+-----+-------+-----------+---------
     |Group|Launch |Capture|Shift  |Delay |Depth|Slack  |Begin Point|End Point
-----+-----+-------+-------+-------+------+-----+-------+-----------+---------
1    |I2O  |vsysclk|vsysclk|20000.0|2958.7|   68|15541.3|A[23]      |Sum[30]  
2    |I2O  |vsysclk|vsysclk|20000.0|2943.1|   68|15556.9|A[23]      |Sum[29]  
3    |I2O  |vsysclk|vsysclk|20000.0|2939.3|   68|15560.7|A[23]      |Sum[28]  
4    |I2O  |vsysclk|vsysclk|20000.0|2915.0|   66|15585.0|A[23]      |Sum[19]  
5    |I2O  |vsysclk|vsysclk|20000.0|2913.1|   66|15586.9|A[23]      |Sum[18]  
6    |I2O  |vsysclk|vsysclk|20000.0|2906.4|   69|15593.6|A[23]      |Sum[22]  
7    |I2O  |vsysclk|vsysclk|20000.0|2905.3|   68|15594.7|A[23]      |Sum[21]  
8    |I2O  |vsysclk|vsysclk|20000.0|2902.7|   68|15597.3|A[23]      |Sum[20]  
9    |I2O  |vsysclk|vsysclk|20000.0|2897.8|   66|15602.2|A[23]      |Sum[17]  
10   |I2O  |vsysclk|vsysclk|20000.0|2897.8|   66|15602.2|A[23]      |Sum[16]  
11   |I2O  |vsysclk|vsysclk|20000.0|2881.5|   66|15618.5|A[23]      |Sum[27]  
12   |I2O  |vsysclk|vsysclk|20000.0|2876.9|   65|15623.1|A[23]      |Sum[14]  
13   |I2O  |vsysclk|vsysclk|20000.0|2874.1|   65|15625.9|A[23]      |Sum[12]  
14   |I2O  |vsysclk|vsysclk|20000.0|2874.1|   65|15625.9|A[23]      |Sum[11]  
15   |I2O  |vsysclk|vsysclk|20000.0|2872.1|   64|15627.9|A[23]      |Sum[15]  
16   |I2O  |vsysclk|vsysclk|20000.0|2867.4|   65|15632.6|A[23]      |Sum[9]   
17   |I2O  |vsysclk|vsysclk|20000.0|2863.3|   65|15636.7|A[23]      |Sum[10]  
18   |I2O  |vsysclk|vsysclk|20000.0|2863.0|   65|15637.0|A[23]      |Sum[13]  
19   |I2O  |vsysclk|vsysclk|20000.0|2860.3|   65|15639.7|A[23]      |Sum[26]  
20   |I2O  |vsysclk|vsysclk|20000.0|2859.3|   65|15640.7|A[23]      |Sum[8]   
21   |I2O  |vsysclk|vsysclk|20000.0|2839.8|   64|15660.2|A[23]      |Sum[7]   
22   |I2O  |vsysclk|vsysclk|20000.0|2839.8|   64|15660.2|A[23]      |Sum[6]   
23   |I2O  |vsysclk|vsysclk|20000.0|2831.2|   64|15668.8|A[23]      |Sum[4]   
24   |I2O  |vsysclk|vsysclk|20000.0|2825.8|   64|15674.2|A[23]      |Sum[5]   
25   |I2O  |vsysclk|vsysclk|20000.0|2824.2|   65|15675.8|A[23]      |Sum[3]   
26   |I2O  |vsysclk|vsysclk|20000.0|2819.4|   63|15680.6|A[23]      |Sum[25]  
27   |I2O  |vsysclk|vsysclk|20000.0|2819.3|   64|15680.7|A[23]      |underflow
28   |I2O  |vsysclk|vsysclk|20000.0|2816.5|   66|15683.5|A[23]      |Sum[1]   
29   |I2O  |vsysclk|vsysclk|20000.0|2791.6|   66|15708.4|A[23]      |Sum[0]   
30   |I2O  |vsysclk|vsysclk|20000.0|2785.0|   67|15715.0|A[23]      |Sum[24]  
31   |I2O  |vsysclk|vsysclk|20000.0|2785.0|   67|15715.0|A[23]      |Sum[23]  
32   |I2O  |vsysclk|vsysclk|20000.0|2782.9|   66|15717.1|A[23]      |Sum[2]   
33   |I2O  |vsysclk|vsysclk|20000.0|2519.4|   61|15980.6|A[23]      |overflow 
34   |I2O  |vsysclk|vsysclk|20000.0|1180.8|   28|17319.2|A[0]       |Sum[31]  
-----+-----+-------+-------+-------+------+-----+-------+-----------+---------
Report End Points: 
-----+-----+------+-------+-----+-----+-----+-----+-----------+---------
     |Group|Launch|Capture|Shift|Delay|Depth|Slack|Begin Point|End Point
-----+-----+------+-------+-----+-----+-----+-----+-----------+---------
1    |R2O  |      |       |     |     |     |     |           |         
-----+-----+------+-------+-----+-----+-----+-----+-----------+---------
