Report Instance Areas: 
-----+----------+----------------------+-----+---------
     |Instance  |Module                |Cells|Cell Area
-----+----------+----------------------+-----+---------
1    |top       |                      | 7257|     8422
2    |  M64     |wallace               | 6991|     7690
3    |    A1_1  |CSA__1_2              |  168|      192
4    |    A1_2  |CSA__1_5              |  168|      192
5    |    A2_1  |CSA__1_8              |  169|      197
6    |    A1_3  |CSA__1_11             |  160|      188
7    |    A2_2  |CSA__1_14             |  175|      200
8    |    A3_1  |CSA__1_17             |  179|      209
9    |    A1_4  |CSA__1_20             |  160|      188
10   |    A1_9  |CSA__1_23             |  160|      188
11   |    A2_3  |CSA__1_26             |  169|      197
12   |    A3_2  |CSA__1_29             |  179|      210
13   |    A4_1  |CSA__1_32             |  197|      229
14   |    A2_6  |CSA__1_35             |  167|      196
15   |    A3_4  |CSA__1_38             |  177|      208
16   |    A1_8  |CSA__0_68             |  160|      188
17   |    A2_4  |CSA__2_2              |  167|      196
18   |    A1_6  |CSA__2_5              |  160|      188
19   |    A1_5  |CSA__0_71             |  160|      188
20   |    A5_1  |CSA__3_2              |  250|      277
21   |    A4_2  |CSA__3_5              |  199|      234
22   |    A3_3  |CSA__3_8              |  182|      212
23   |    A2_5  |CSA__3_11             |  169|      197
24   |    A1_7  |CSA__0_74             |  160|      188
25   |    A2_7  |CSA__4_2              |  162|      190
26   |    A3_5  |CSA__4_5              |  162|      190
27   |    A4_3  |CSA__4_8              |  183|      214
28   |    A5_2  |CSA__4_11             |  199|      235
29   |    A6    |CSA__4_14             |  248|      291
30   |    A7    |CSA__4_17             |  245|      288
31   |    A8    |CSA__4_20             |  208|      252
32   |    A9    |CSA__4_23             |  112|      148
33   |    RESULT|simple_Adder          |  387|      386
34   |    A1_10 |CSA                   |  160|      188
35   |  inRegA  |buffer__5_2           |   67|      184
36   |  inRegB  |buffer                |   67|      184
37   |  outReg  |buffer__parameterized0|  132|      364
-----+----------+----------------------+-----+---------
