Report End Points: 
-----+-------+------+-------+------+------+-----+------+------------------+------------------
     |Group  |Launch|Capture|Shift |Delay |Depth|Slack |Begin Point       |End Point         
-----+-------+------+-------+------+------+-----+------+------------------+------------------
1    |default|sysclk|sysclk |2000.0|1669.2|   37| 152.2|inRegA/Q_reg[11]/Q|outReg/Q_reg[52]/D
2    |default|sysclk|sysclk |2000.0|1668.9|   37| 152.5|inRegA/Q_reg[11]/Q|outReg/Q_reg[56]/D
3    |default|sysclk|sysclk |2000.0|1662.4|   37| 159.0|inRegA/Q_reg[11]/Q|outReg/Q_reg[57]/D
4    |default|sysclk|sysclk |2000.0|1661.4|   37| 160.0|inRegA/Q_reg[11]/Q|outReg/Q_reg[53]/D
5    |default|sysclk|sysclk |2000.0|1632.0|   36| 181.5|inRegA/Q_reg[11]/Q|outReg/Q_reg[51]/D
6    |default|sysclk|sysclk |2000.0|1631.7|   36| 181.8|inRegA/Q_reg[11]/Q|outReg/Q_reg[55]/D
7    |default|sysclk|sysclk |2000.0|1626.9|   32| 182.5|inRegA/Q_reg[31]/Q|outReg/Q_reg[63]/D
8    |default|sysclk|sysclk |2000.0|1636.6|   37| 184.8|inRegA/Q_reg[11]/Q|outReg/Q_reg[49]/D
9    |default|sysclk|sysclk |2000.0|1618.3|   31| 199.0|inRegA/Q_reg[31]/Q|outReg/Q_reg[61]/D
10   |default|sysclk|sysclk |2000.0|1613.3|   36| 200.2|inRegA/Q_reg[11]/Q|outReg/Q_reg[48]/D
11   |default|sysclk|sysclk |2000.0|1619.0|   37| 202.4|inRegA/Q_reg[11]/Q|outReg/Q_reg[40]/D
12   |default|sysclk|sysclk |2000.0|1613.8|   31| 203.5|inRegA/Q_reg[31]/Q|outReg/Q_reg[60]/D
13   |default|sysclk|sysclk |2000.0|1611.2|   37| 210.2|inRegA/Q_reg[11]/Q|outReg/Q_reg[41]/D
14   |default|sysclk|sysclk |2000.0|1601.2|   35| 220.2|inRegA/Q_reg[11]/Q|outReg/Q_reg[45]/D
15   |default|sysclk|sysclk |2000.0|1583.0|   30| 226.4|inRegA/Q_reg[31]/Q|outReg/Q_reg[59]/D
16   |default|sysclk|sysclk |2000.0|1581.8|   36| 231.7|inRegA/Q_reg[11]/Q|outReg/Q_reg[39]/D
17   |default|sysclk|sysclk |2000.0|1576.5|   30| 232.9|inRegA/Q_reg[31]/Q|outReg/Q_reg[62]/D
18   |default|sysclk|sysclk |2000.0|1588.3|   37| 233.1|inRegA/Q_reg[11]/Q|outReg/Q_reg[37]/D
19   |default|sysclk|sysclk |2000.0|1565.0|   36| 248.5|inRegA/Q_reg[11]/Q|outReg/Q_reg[36]/D
20   |default|sysclk|sysclk |2000.0|1562.2|   34| 251.3|inRegA/Q_reg[11]/Q|outReg/Q_reg[44]/D
21   |default|sysclk|sysclk |2000.0|1545.5|   28| 263.9|inRegA/Q_reg[31]/Q|outReg/Q_reg[58]/D
22   |default|sysclk|sysclk |2000.0|1547.6|   34| 265.9|inRegA/Q_reg[11]/Q|outReg/Q_reg[47]/D
23   |default|sysclk|sysclk |2000.0|1536.4|   34| 277.1|inRegA/Q_reg[11]/Q|outReg/Q_reg[54]/D
24   |default|sysclk|sysclk |2000.0|1536.4|   34| 277.1|inRegA/Q_reg[11]/Q|outReg/Q_reg[50]/D
25   |default|sysclk|sysclk |2000.0|1544.2|   35| 277.2|inRegA/Q_reg[11]/Q|outReg/Q_reg[33]/D
26   |default|sysclk|sysclk |2000.0|1538.2|   33| 283.2|inRegA/Q_reg[11]/Q|outReg/Q_reg[46]/D
27   |default|sysclk|sysclk |2000.0|1520.9|   34| 292.6|inRegA/Q_reg[11]/Q|outReg/Q_reg[32]/D
28   |default|sysclk|sysclk |2000.0|1499.3|   34| 314.2|inRegA/Q_reg[11]/Q|outReg/Q_reg[35]/D
29   |default|sysclk|sysclk |2000.0|1496.5|   32| 317.0|inRegA/Q_reg[11]/Q|outReg/Q_reg[43]/D
30   |default|sysclk|sysclk |2000.0|1486.2|   34| 327.3|inRegA/Q_reg[11]/Q|outReg/Q_reg[38]/D
31   |default|sysclk|sysclk |2000.0|1493.5|   33| 327.9|inRegA/Q_reg[11]/Q|outReg/Q_reg[29]/D
32   |default|sysclk|sysclk |2000.0|1489.7|   33| 331.7|inRegA/Q_reg[11]/Q|outReg/Q_reg[34]/D
33   |default|sysclk|sysclk |2000.0|1487.3|   31| 334.1|inRegA/Q_reg[11]/Q|outReg/Q_reg[42]/D
34   |default|sysclk|sysclk |2000.0|1470.2|   32| 343.3|inRegA/Q_reg[11]/Q|outReg/Q_reg[28]/D
35   |default|sysclk|sysclk |2000.0|1455.2|   32| 358.3|inRegA/Q_reg[11]/Q|outReg/Q_reg[31]/D
36   |default|sysclk|sysclk |2000.0|1445.6|   31| 375.8|inRegA/Q_reg[11]/Q|outReg/Q_reg[30]/D
37   |default|sysclk|sysclk |2000.0|1404.5|   30| 409.0|inRegA/Q_reg[11]/Q|outReg/Q_reg[27]/D
38   |default|sysclk|sysclk |2000.0|1395.6|   29| 425.8|inRegA/Q_reg[11]/Q|outReg/Q_reg[26]/D
39   |default|sysclk|sysclk |2000.0|1356.6|   31| 464.8|inRegA/Q_reg[11]/Q|outReg/Q_reg[25]/D
40   |default|sysclk|sysclk |2000.0|1319.1|   30| 494.4|inRegA/Q_reg[11]/Q|outReg/Q_reg[24]/D
41   |default|sysclk|sysclk |2000.0|1293.6|   28| 519.9|inRegA/Q_reg[11]/Q|outReg/Q_reg[23]/D
42   |default|sysclk|sysclk |2000.0|1263.6|   27| 557.8|inRegA/Q_reg[11]/Q|outReg/Q_reg[22]/D
43   |default|sysclk|sysclk |2000.0|1237.1|   29| 584.3|inRegA/Q_reg[11]/Q|outReg/Q_reg[21]/D
44   |default|sysclk|sysclk |2000.0|1210.4|   28| 611.0|inRegA/Q_reg[11]/Q|outReg/Q_reg[20]/D
45   |default|sysclk|sysclk |2000.0|1174.1|   26| 639.4|inRegA/Q_reg[11]/Q|outReg/Q_reg[19]/D
46   |default|sysclk|sysclk |2000.0|1140.8|   27| 672.7|inRegA/Q_reg[11]/Q|outReg/Q_reg[17]/D
47   |default|sysclk|sysclk |2000.0|1139.0|   26| 682.4|inRegA/Q_reg[11]/Q|outReg/Q_reg[16]/D
48   |default|sysclk|sysclk |2000.0|1129.5|   25| 691.9|inRegA/Q_reg[11]/Q|outReg/Q_reg[18]/D
49   |default|sysclk|sysclk |2000.0|1096.1|   24| 725.3|inRegA/Q_reg[11]/Q|outReg/Q_reg[15]/D
50   |default|sysclk|sysclk |2000.0|1030.0|   23| 783.5|inRegA/Q_reg[11]/Q|outReg/Q_reg[14]/D
51   |default|sysclk|sysclk |2000.0|1009.2|   22| 812.2|inRegA/Q_reg[11]/Q|outReg/Q_reg[13]/D
52   |default|sysclk|sysclk |2000.0| 953.4|   20| 868.0|inRegA/Q_reg[11]/Q|outReg/Q_reg[12]/D
53   |default|sysclk|sysclk |2000.0| 952.2|   20| 869.2|inRegA/Q_reg[11]/Q|outReg/Q_reg[11]/D
54   |default|sysclk|sysclk |2000.0| 895.0|   20| 918.5|inRegA/Q_reg[10]/Q|outReg/Q_reg[10]/D
55   |default|sysclk|sysclk |2000.0| 801.5|   16|1019.9|inRegA/Q_reg[9]/Q |outReg/Q_reg[9]/D 
56   |default|sysclk|sysclk |2000.0| 740.3|   15|1081.1|inRegA/Q_reg[8]/Q |outReg/Q_reg[8]/D 
57   |default|sysclk|sysclk |2000.0| 679.1|   14|1142.3|inRegA/Q_reg[7]/Q |outReg/Q_reg[7]/D 
58   |default|sysclk|sysclk |2000.0| 585.1|   12|1236.3|inRegA/Q_reg[6]/Q |outReg/Q_reg[6]/D 
59   |default|sysclk|sysclk |2000.0| 502.7|   11|1318.7|inRegA/Q_reg[5]/Q |outReg/Q_reg[5]/D 
60   |default|sysclk|sysclk |2000.0| 398.3|    9|1423.1|inRegA/Q_reg[4]/Q |outReg/Q_reg[4]/D 
61   |default|sysclk|sysclk |2000.0| 337.0|    8|1484.4|inRegA/Q_reg[3]/Q |outReg/Q_reg[3]/D 
62   |default|sysclk|sysclk |2000.0| 237.5|    6|1583.9|inRegA/Q_reg[2]/Q |outReg/Q_reg[2]/D 
63   |default|sysclk|sysclk |2000.0| 140.0|    4|1681.4|inRegA/Q_reg[0]/Q |outReg/Q_reg[1]/D 
64   |default|sysclk|sysclk |2000.0|  76.8|    3|1744.6|inRegA/Q_reg[0]/Q |outReg/Q_reg[0]/D 
-----+-------+------+-------+------+------+-----+------+------------------+------------------
Report End Points: 
-----+-----+--------------+-------+------+-----+-----+------+-----------+-----------------------
     |Group|Launch        |Capture|Shift |Delay|Depth|Slack |Begin Point|End Point              
-----+-----+--------------+-------+------+-----+-----+------+-----------+-----------------------
1    |I2R  |rtDefaultClock|sysclk |2000.0|240.9|    1|1496.3|en         |inRegA/clk_gate_Q_reg/E
2    |I2R  |rtDefaultClock|sysclk |2000.0|240.9|    1|1496.3|en         |inRegB/clk_gate_Q_reg/E
3    |I2R  |rtDefaultClock|sysclk |2000.0|240.9|    1|1496.3|en         |outReg/clk_gate_Q_reg/E
4    |I2R  |rtDefaultClock|sysclk |2000.0|182.0|    1|1579.3|a[28]      |inRegA/Q_reg[28]/D     
5    |I2R  |rtDefaultClock|sysclk |2000.0|182.0|    1|1579.3|a[24]      |inRegA/Q_reg[24]/D     
6    |I2R  |rtDefaultClock|sysclk |2000.0|182.0|    1|1579.3|a[20]      |inRegA/Q_reg[20]/D     
7    |I2R  |rtDefaultClock|sysclk |2000.0|182.0|    1|1579.3|a[16]      |inRegA/Q_reg[16]/D     
8    |I2R  |rtDefaultClock|sysclk |2000.0|182.0|    1|1579.3|a[12]      |inRegA/Q_reg[12]/D     
9    |I2R  |rtDefaultClock|sysclk |2000.0|182.0|    1|1579.3|a[8]       |inRegA/Q_reg[8]/D      
10   |I2R  |rtDefaultClock|sysclk |2000.0|182.0|    1|1579.3|a[4]       |inRegA/Q_reg[4]/D      
11   |I2R  |rtDefaultClock|sysclk |2000.0|182.0|    1|1579.3|a[0]       |inRegA/Q_reg[0]/D      
12   |I2R  |rtDefaultClock|sysclk |2000.0|182.0|    1|1579.3|b[28]      |inRegB/Q_reg[28]/D     
13   |I2R  |rtDefaultClock|sysclk |2000.0|182.0|    1|1579.3|b[25]      |inRegB/Q_reg[25]/D     
14   |I2R  |rtDefaultClock|sysclk |2000.0|182.0|    1|1579.3|b[23]      |inRegB/Q_reg[23]/D     
15   |I2R  |rtDefaultClock|sysclk |2000.0|182.0|    1|1579.3|b[21]      |inRegB/Q_reg[21]/D     
16   |I2R  |rtDefaultClock|sysclk |2000.0|181.9|    1|1579.4|b[30]      |inRegB/Q_reg[30]/D     
17   |I2R  |rtDefaultClock|sysclk |2000.0|181.9|    1|1579.4|b[26]      |inRegB/Q_reg[26]/D     
18   |I2R  |rtDefaultClock|sysclk |2000.0|181.9|    1|1579.4|b[24]      |inRegB/Q_reg[24]/D     
19   |I2R  |rtDefaultClock|sysclk |2000.0|181.9|    1|1579.4|b[22]      |inRegB/Q_reg[22]/D     
20   |I2R  |rtDefaultClock|sysclk |2000.0|181.9|    1|1579.4|b[20]      |inRegB/Q_reg[20]/D     
21   |I2R  |rtDefaultClock|sysclk |2000.0|181.9|    1|1579.4|b[19]      |inRegB/Q_reg[19]/D     
22   |I2R  |rtDefaultClock|sysclk |2000.0|181.9|    1|1579.4|b[18]      |inRegB/Q_reg[18]/D     
23   |I2R  |rtDefaultClock|sysclk |2000.0|181.9|    1|1579.4|b[17]      |inRegB/Q_reg[17]/D     
24   |I2R  |rtDefaultClock|sysclk |2000.0|181.9|    1|1579.4|b[16]      |inRegB/Q_reg[16]/D     
25   |I2R  |rtDefaultClock|sysclk |2000.0|181.9|    1|1579.4|b[15]      |inRegB/Q_reg[15]/D     
26   |I2R  |rtDefaultClock|sysclk |2000.0|181.9|    1|1579.4|b[14]      |inRegB/Q_reg[14]/D     
27   |I2R  |rtDefaultClock|sysclk |2000.0|181.9|    1|1579.4|b[13]      |inRegB/Q_reg[13]/D     
28   |I2R  |rtDefaultClock|sysclk |2000.0|181.9|    1|1579.4|b[12]      |inRegB/Q_reg[12]/D     
29   |I2R  |rtDefaultClock|sysclk |2000.0|181.9|    1|1579.4|b[11]      |inRegB/Q_reg[11]/D     
30   |I2R  |rtDefaultClock|sysclk |2000.0|181.9|    1|1579.4|b[10]      |inRegB/Q_reg[10]/D     
31   |I2R  |rtDefaultClock|sysclk |2000.0|181.9|    1|1579.4|b[9]       |inRegB/Q_reg[9]/D      
32   |I2R  |rtDefaultClock|sysclk |2000.0|181.9|    1|1579.4|b[8]       |inRegB/Q_reg[8]/D      
33   |I2R  |rtDefaultClock|sysclk |2000.0|181.9|    1|1579.4|b[7]       |inRegB/Q_reg[7]/D      
34   |I2R  |rtDefaultClock|sysclk |2000.0|181.9|    1|1579.4|b[6]       |inRegB/Q_reg[6]/D      
35   |I2R  |rtDefaultClock|sysclk |2000.0|181.9|    1|1579.4|b[5]       |inRegB/Q_reg[5]/D      
36   |I2R  |rtDefaultClock|sysclk |2000.0|181.9|    1|1579.4|b[4]       |inRegB/Q_reg[4]/D      
37   |I2R  |rtDefaultClock|sysclk |2000.0|181.9|    1|1579.4|b[3]       |inRegB/Q_reg[3]/D      
38   |I2R  |rtDefaultClock|sysclk |2000.0|181.9|    1|1579.4|b[2]       |inRegB/Q_reg[2]/D      
39   |I2R  |rtDefaultClock|sysclk |2000.0|181.9|    1|1579.4|b[1]       |inRegB/Q_reg[1]/D      
40   |I2R  |rtDefaultClock|sysclk |2000.0|181.9|    1|1579.4|b[0]       |inRegB/Q_reg[0]/D      
41   |I2R  |rtDefaultClock|sysclk |2000.0|181.8|    1|1579.5|a[31]      |inRegA/Q_reg[31]/D     
42   |I2R  |rtDefaultClock|sysclk |2000.0|181.8|    1|1579.5|a[30]      |inRegA/Q_reg[30]/D     
43   |I2R  |rtDefaultClock|sysclk |2000.0|181.8|    1|1579.5|a[29]      |inRegA/Q_reg[29]/D     
44   |I2R  |rtDefaultClock|sysclk |2000.0|181.8|    1|1579.5|a[27]      |inRegA/Q_reg[27]/D     
45   |I2R  |rtDefaultClock|sysclk |2000.0|181.8|    1|1579.5|a[26]      |inRegA/Q_reg[26]/D     
46   |I2R  |rtDefaultClock|sysclk |2000.0|181.8|    1|1579.5|a[25]      |inRegA/Q_reg[25]/D     
47   |I2R  |rtDefaultClock|sysclk |2000.0|181.8|    1|1579.5|a[23]      |inRegA/Q_reg[23]/D     
48   |I2R  |rtDefaultClock|sysclk |2000.0|181.8|    1|1579.5|a[22]      |inRegA/Q_reg[22]/D     
49   |I2R  |rtDefaultClock|sysclk |2000.0|181.8|    1|1579.5|a[21]      |inRegA/Q_reg[21]/D     
50   |I2R  |rtDefaultClock|sysclk |2000.0|181.8|    1|1579.5|a[19]      |inRegA/Q_reg[19]/D     
51   |I2R  |rtDefaultClock|sysclk |2000.0|181.8|    1|1579.5|a[18]      |inRegA/Q_reg[18]/D     
52   |I2R  |rtDefaultClock|sysclk |2000.0|181.8|    1|1579.5|a[17]      |inRegA/Q_reg[17]/D     
53   |I2R  |rtDefaultClock|sysclk |2000.0|181.8|    1|1579.5|a[15]      |inRegA/Q_reg[15]/D     
54   |I2R  |rtDefaultClock|sysclk |2000.0|181.8|    1|1579.5|a[14]      |inRegA/Q_reg[14]/D     
55   |I2R  |rtDefaultClock|sysclk |2000.0|181.8|    1|1579.5|a[13]      |inRegA/Q_reg[13]/D     
56   |I2R  |rtDefaultClock|sysclk |2000.0|181.8|    1|1579.5|a[11]      |inRegA/Q_reg[11]/D     
57   |I2R  |rtDefaultClock|sysclk |2000.0|181.8|    1|1579.5|a[10]      |inRegA/Q_reg[10]/D     
58   |I2R  |rtDefaultClock|sysclk |2000.0|181.8|    1|1579.5|a[9]       |inRegA/Q_reg[9]/D      
59   |I2R  |rtDefaultClock|sysclk |2000.0|181.8|    1|1579.5|a[7]       |inRegA/Q_reg[7]/D      
60   |I2R  |rtDefaultClock|sysclk |2000.0|181.8|    1|1579.5|a[6]       |inRegA/Q_reg[6]/D      
61   |I2R  |rtDefaultClock|sysclk |2000.0|181.8|    1|1579.5|a[5]       |inRegA/Q_reg[5]/D      
62   |I2R  |rtDefaultClock|sysclk |2000.0|181.8|    1|1579.5|a[3]       |inRegA/Q_reg[3]/D      
63   |I2R  |rtDefaultClock|sysclk |2000.0|181.8|    1|1579.5|a[2]       |inRegA/Q_reg[2]/D      
64   |I2R  |rtDefaultClock|sysclk |2000.0|181.8|    1|1579.5|a[1]       |inRegA/Q_reg[1]/D      
65   |I2R  |rtDefaultClock|sysclk |2000.0|181.8|    1|1579.5|b[31]      |inRegB/Q_reg[31]/D     
66   |I2R  |rtDefaultClock|sysclk |2000.0|181.8|    1|1579.5|b[29]      |inRegB/Q_reg[29]/D     
67   |I2R  |rtDefaultClock|sysclk |2000.0|181.8|    1|1579.5|b[27]      |inRegB/Q_reg[27]/D     
-----+-----+--------------+-------+------+-----+-----+------+-----------+-----------------------
Report End Points: 
-----+-----+------+-------+-----+-----+-----+-----+-----------+---------
     |Group|Launch|Capture|Shift|Delay|Depth|Slack|Begin Point|End Point
-----+-----+------+-------+-----+-----+-----+-----+-----------+---------
1    |I2O  |      |       |     |     |     |     |           |         
-----+-----+------+-------+-----+-----+-----+-----+-----------+---------
Report End Points: 
-----+-----+------+-------+------+-----+-----+-----+------------------+---------
     |Group|Launch|Capture|Shift |Delay|Depth|Slack|Begin Point       |End Point
-----+-----+------+-------+------+-----+-----+-----+------------------+---------
1    |R2O  |sysclk|sysclk |2000.0|  0.6|    0|887.4|outReg/Q_reg[61]/Q|c[61]    
2    |R2O  |sysclk|sysclk |2000.0|  0.6|    0|887.5|outReg/Q_reg[57]/Q|c[57]    
3    |R2O  |sysclk|sysclk |2000.0|  0.6|    0|887.5|outReg/Q_reg[53]/Q|c[53]    
4    |R2O  |sysclk|sysclk |2000.0|  0.6|    0|887.6|outReg/Q_reg[49]/Q|c[49]    
5    |R2O  |sysclk|sysclk |2000.0|  0.6|    0|887.6|outReg/Q_reg[45]/Q|c[45]    
6    |R2O  |sysclk|sysclk |2000.0|  0.6|    0|887.6|outReg/Q_reg[41]/Q|c[41]    
7    |R2O  |sysclk|sysclk |2000.0|  0.6|    0|887.7|outReg/Q_reg[37]/Q|c[37]    
8    |R2O  |sysclk|sysclk |2000.0|  0.5|    0|887.8|outReg/Q_reg[33]/Q|c[33]    
9    |R2O  |sysclk|sysclk |2000.0|  0.5|    0|887.8|outReg/Q_reg[29]/Q|c[29]    
10   |R2O  |sysclk|sysclk |2000.0|  0.5|    0|887.9|outReg/Q_reg[25]/Q|c[25]    
11   |R2O  |sysclk|sysclk |2000.0|  0.5|    0|887.9|outReg/Q_reg[21]/Q|c[21]    
12   |R2O  |sysclk|sysclk |2000.0|  0.5|    0|888.0|outReg/Q_reg[17]/Q|c[17]    
13   |R2O  |sysclk|sysclk |2000.0|  0.5|    0|888.0|outReg/Q_reg[13]/Q|c[13]    
14   |R2O  |sysclk|sysclk |2000.0|  0.5|    0|888.0|outReg/Q_reg[9]/Q |c[9]     
15   |R2O  |sysclk|sysclk |2000.0|  0.5|    0|888.1|outReg/Q_reg[5]/Q |c[5]     
16   |R2O  |sysclk|sysclk |2000.0|  0.5|    0|888.1|outReg/Q_reg[1]/Q |c[1]     
17   |R2O  |sysclk|sysclk |2000.0|  0.4|    0|889.1|outReg/Q_reg[63]/Q|c[63]    
18   |R2O  |sysclk|sysclk |2000.0|  0.4|    0|889.1|outReg/Q_reg[62]/Q|c[62]    
19   |R2O  |sysclk|sysclk |2000.0|  0.4|    0|889.1|outReg/Q_reg[59]/Q|c[59]    
20   |R2O  |sysclk|sysclk |2000.0|  0.4|    0|889.2|outReg/Q_reg[58]/Q|c[58]    
21   |R2O  |sysclk|sysclk |2000.0|  0.4|    0|889.2|outReg/Q_reg[55]/Q|c[55]    
22   |R2O  |sysclk|sysclk |2000.0|  0.4|    0|889.2|outReg/Q_reg[54]/Q|c[54]    
23   |R2O  |sysclk|sysclk |2000.0|  0.4|    0|889.2|outReg/Q_reg[51]/Q|c[51]    
24   |R2O  |sysclk|sysclk |2000.0|  0.4|    0|889.2|outReg/Q_reg[50]/Q|c[50]    
25   |R2O  |sysclk|sysclk |2000.0|  0.4|    0|889.2|outReg/Q_reg[47]/Q|c[47]    
26   |R2O  |sysclk|sysclk |2000.0|  0.4|    0|889.3|outReg/Q_reg[46]/Q|c[46]    
27   |R2O  |sysclk|sysclk |2000.0|  0.4|    0|889.3|outReg/Q_reg[43]/Q|c[43]    
28   |R2O  |sysclk|sysclk |2000.0|  0.4|    0|889.3|outReg/Q_reg[42]/Q|c[42]    
29   |R2O  |sysclk|sysclk |2000.0|  0.4|    0|889.3|outReg/Q_reg[39]/Q|c[39]    
30   |R2O  |sysclk|sysclk |2000.0|  0.4|    0|889.3|outReg/Q_reg[38]/Q|c[38]    
31   |R2O  |sysclk|sysclk |2000.0|  0.4|    0|889.3|outReg/Q_reg[35]/Q|c[35]    
32   |R2O  |sysclk|sysclk |2000.0|  0.4|    0|889.4|outReg/Q_reg[34]/Q|c[34]    
33   |R2O  |sysclk|sysclk |2000.0|  0.4|    0|889.4|outReg/Q_reg[31]/Q|c[31]    
34   |R2O  |sysclk|sysclk |2000.0|  0.4|    0|889.4|outReg/Q_reg[30]/Q|c[30]    
35   |R2O  |sysclk|sysclk |2000.0|  0.4|    0|889.4|outReg/Q_reg[27]/Q|c[27]    
36   |R2O  |sysclk|sysclk |2000.0|  0.4|    0|889.4|outReg/Q_reg[23]/Q|c[23]    
37   |R2O  |sysclk|sysclk |2000.0|  0.4|    0|889.5|outReg/Q_reg[60]/Q|c[60]    
38   |R2O  |sysclk|sysclk |2000.0|  0.4|    0|889.5|outReg/Q_reg[56]/Q|c[56]    
39   |R2O  |sysclk|sysclk |2000.0|  0.4|    0|889.5|outReg/Q_reg[26]/Q|c[26]    
40   |R2O  |sysclk|sysclk |2000.0|  0.4|    0|889.5|outReg/Q_reg[22]/Q|c[22]    
41   |R2O  |sysclk|sysclk |2000.0|  0.4|    0|889.5|outReg/Q_reg[19]/Q|c[19]    
42   |R2O  |sysclk|sysclk |2000.0|  0.4|    0|889.5|outReg/Q_reg[18]/Q|c[18]    
43   |R2O  |sysclk|sysclk |2000.0|  0.4|    0|889.5|outReg/Q_reg[15]/Q|c[15]    
44   |R2O  |sysclk|sysclk |2000.0|  0.4|    0|889.6|outReg/Q_reg[52]/Q|c[52]    
45   |R2O  |sysclk|sysclk |2000.0|  0.4|    0|889.6|outReg/Q_reg[14]/Q|c[14]    
46   |R2O  |sysclk|sysclk |2000.0|  0.4|    0|889.6|outReg/Q_reg[11]/Q|c[11]    
47   |R2O  |sysclk|sysclk |2000.0|  0.4|    0|889.6|outReg/Q_reg[10]/Q|c[10]    
48   |R2O  |sysclk|sysclk |2000.0|  0.4|    0|889.6|outReg/Q_reg[7]/Q |c[7]     
49   |R2O  |sysclk|sysclk |2000.0|  0.3|    0|889.7|outReg/Q_reg[48]/Q|c[48]    
50   |R2O  |sysclk|sysclk |2000.0|  0.3|    0|889.7|outReg/Q_reg[44]/Q|c[44]    
51   |R2O  |sysclk|sysclk |2000.0|  0.3|    0|889.7|outReg/Q_reg[6]/Q |c[6]     
52   |R2O  |sysclk|sysclk |2000.0|  0.3|    0|889.7|outReg/Q_reg[3]/Q |c[3]     
53   |R2O  |sysclk|sysclk |2000.0|  0.3|    0|889.8|outReg/Q_reg[40]/Q|c[40]    
54   |R2O  |sysclk|sysclk |2000.0|  0.3|    0|889.8|outReg/Q_reg[36]/Q|c[36]    
55   |R2O  |sysclk|sysclk |2000.0|  0.3|    0|889.8|outReg/Q_reg[2]/Q |c[2]     
56   |R2O  |sysclk|sysclk |2000.0|  0.3|    0|889.9|outReg/Q_reg[32]/Q|c[32]    
57   |R2O  |sysclk|sysclk |2000.0|  0.3|    0|889.9|outReg/Q_reg[28]/Q|c[28]    
58   |R2O  |sysclk|sysclk |2000.0|  0.3|    0|889.9|outReg/Q_reg[24]/Q|c[24]    
59   |R2O  |sysclk|sysclk |2000.0|  0.3|    0|890.0|outReg/Q_reg[20]/Q|c[20]    
60   |R2O  |sysclk|sysclk |2000.0|  0.3|    0|890.0|outReg/Q_reg[16]/Q|c[16]    
61   |R2O  |sysclk|sysclk |2000.0|  0.3|    0|890.0|outReg/Q_reg[12]/Q|c[12]    
62   |R2O  |sysclk|sysclk |2000.0|  0.3|    0|890.1|outReg/Q_reg[8]/Q |c[8]     
63   |R2O  |sysclk|sysclk |2000.0|  0.3|    0|890.1|outReg/Q_reg[4]/Q |c[4]     
64   |R2O  |sysclk|sysclk |2000.0|  0.3|    0|890.1|outReg/Q_reg[0]/Q |c[0]     
-----+-----+------+-------+------+-----+-----+-----+------------------+---------
