warning: No library characterized for (process = 1.00 voltage = 0.85 temperature = 25.00) can be found in the database for power domain '/PD_TOP'  [NL-174]
Report Power (instances with prefix '*' are included in total) : 
-----+--------------------+--------------------+---------------------+-------------------+-----------------
     | Instance           | Internal Power(uw) | Switching Power(uw) | Leakage Power(uw) | Total Power(uw) 
-----+--------------------+--------------------+---------------------+-------------------+-----------------
1    |*clk_gate_c_reg     |            2.098739|             0.000000|           0.059138|         2.157877
2    |*c_reg[63]          |            1.069591|             1.024480|           0.079112|         2.173184
3    |*c_reg[62]          |            1.069595|             1.024825|           0.079112|         2.173532
4    |*c_reg[61]          |            1.069587|             1.024158|           0.079112|         2.172857
5    |*c_reg[60]          |            1.069659|             1.030523|           0.079112|         2.179295
6    |*c_reg[59]          |            1.069656|             1.030179|           0.079112|         2.178947
7    |*c_reg[58]          |            1.069659|             1.030523|           0.079112|         2.179295
8    |*c_reg[57]          |            1.069574|             1.022975|           0.079112|         2.171662
9    |*c_reg[56]          |            1.069646|             1.029341|           0.079112|         2.178099
10   |*c_reg[55]          |            1.069578|             1.023276|           0.079112|         2.171966
11   |*c_reg[54]          |            1.069582|             1.023620|           0.079112|         2.172314
12   |*c_reg[53]          |            1.069574|             1.022953|           0.079112|         2.171639
13   |*c_reg[52]          |            1.069646|             1.029319|           0.079112|         2.178077
14   |*c_reg[51]          |            1.069642|             1.028975|           0.079112|         2.177729
15   |*c_reg[50]          |            1.069646|             1.029319|           0.079112|         2.178077
16   |*c_reg[49]          |            1.069561|             1.021771|           0.079112|         2.170444
17   |*c_reg[48]          |            1.069633|             1.028136|           0.079112|         2.176881
18   |*c_reg[47]          |            1.069564|             1.022072|           0.079112|         2.170748
19   |*c_reg[46]          |            1.069568|             1.022416|           0.079112|         2.171096
20   |*c_reg[45]          |            1.069560|             1.021749|           0.079112|         2.170422
21   |*c_reg[44]          |            1.069632|             1.028115|           0.079112|         2.176859
22   |*c_reg[43]          |            1.069628|             1.027771|           0.079112|         2.176511
23   |*c_reg[42]          |            1.069632|             1.028115|           0.079112|         2.176859
24   |*c_reg[41]          |            1.069547|             1.020566|           0.079112|         2.169225
25   |*c_reg[40]          |            1.069619|             1.026932|           0.079112|         2.175663
26   |*c_reg[39]          |            1.069550|             1.020867|           0.079112|         2.169530
27   |*c_reg[38]          |            1.069554|             1.021212|           0.079112|         2.169878
28   |*c_reg[37]          |            1.069547|             1.020545|           0.079112|         2.169204
29   |*c_reg[36]          |            1.069619|             1.026910|           0.079112|         2.175641
30   |*c_reg[35]          |            1.069615|             1.026566|           0.079112|         2.175293
31   |*c_reg[34]          |            1.069619|             1.026910|           0.079112|         2.175641
32   |*c_reg[33]          |            1.069533|             1.019362|           0.079112|         2.168008
33   |*c_reg[32]          |            1.069605|             1.025728|           0.079112|         2.174445
34   |*c_reg[31]          |            1.069537|             1.019663|           0.079112|         2.168312
35   |*c_reg[30]          |            1.069541|             1.020007|           0.079112|         2.168660
36   |*c_reg[29]          |            1.069533|             1.019340|           0.079112|         2.167985
37   |*c_reg[28]          |            1.069605|             1.025706|           0.079112|         2.174423
38   |*c_reg[27]          |            1.069601|             1.025362|           0.079112|         2.174075
39   |*c_reg[26]          |            1.069605|             1.025706|           0.079112|         2.174423
40   |*c_reg[25]          |            1.069520|             1.018158|           0.079112|         2.166790
41   |*c_reg[24]          |            1.069592|             1.024524|           0.079112|         2.173228
42   |*c_reg[23]          |            1.069523|             1.018459|           0.079112|         2.167094
43   |*c_reg[22]          |            1.069527|             1.018803|           0.079112|         2.167443
44   |*c_reg[21]          |            1.069520|             1.018136|           0.079112|         2.166768
45   |*c_reg[20]          |            1.069592|             1.024501|           0.079112|         2.173205
46   |*c_reg[19]          |            1.069587|             1.024158|           0.079112|         2.172857
47   |*c_reg[18]          |            1.069592|             1.024501|           0.079112|         2.173205
48   |*c_reg[17]          |            1.069506|             1.016953|           0.079112|         2.165572
49   |*c_reg[16]          |            1.069578|             1.023319|           0.079112|         2.172010
50   |*c_reg[15]          |            1.069510|             1.017254|           0.079112|         2.165876
51   |*c_reg[14]          |            1.069513|             1.017599|           0.079112|         2.166224
52   |*c_reg[13]          |            1.069506|             1.016932|           0.079112|         2.165550
53   |*c_reg[12]          |            1.069578|             1.023297|           0.079112|         2.171988
54   |*c_reg[11]          |            1.069574|             1.022953|           0.079112|         2.171639
55   |*c_reg[10]          |            1.069578|             1.023297|           0.079112|         2.171988
56   |*c_reg[9]           |            1.069492|             1.015749|           0.079112|         2.164354
57   |*c_reg[8]           |            1.069564|             1.022115|           0.079112|         2.170792
58   |*c_reg[7]           |            1.069496|             1.016050|           0.079112|         2.164659
59   |*c_reg[6]           |            1.069500|             1.016394|           0.079112|         2.165006
60   |*c_reg[5]           |            1.069492|             1.015727|           0.079112|         2.164332
61   |*c_reg[4]           |            1.069564|             1.022093|           0.079112|         2.170769
62   |*c_reg[3]           |            1.069560|             1.021749|           0.079112|         2.170422
63   |*c_reg[2]           |            1.069564|             1.022093|           0.079112|         2.170769
64   |*c_reg[1]           |            1.069479|             1.014545|           0.079112|         2.163136
65   |*c_reg[0]           |            1.069551|             1.020911|           0.079112|         2.169574
66   |*i_0_1              |          350.095612|           138.169724|           2.656208|       490.921539
67   |*i_0_4              |          466.145355|           187.483597|           2.532906|       656.161865
68   |*i_0_8              |           72.323128|           276.549011|           5.055631|       353.927765
69   |*i_0_11             |           54.919701|           151.487625|           5.256801|       211.664124
70   |*i_0_0_0            |            1.024904|             0.465782|           0.061230|         1.551916
71   |*i_0_0_1            |            0.953105|             0.373531|           0.061230|         1.387866
72   |*i_0_0_2            |            0.888495|             0.321556|           0.061230|         1.271280
73   |*i_0_0_3            |            0.854362|             0.294105|           0.061230|         1.209697
74   |*i_0_0_4            |            0.824553|             0.302034|           0.061230|         1.187818
75   |*i_0_0_5            |            0.332917|             0.203739|           0.021200|         0.557855
76   |*i_0_0_6            |            0.372778|             0.131899|           0.025066|         0.529743
77   |*i_0_0_7            |            0.322585|             0.114019|           0.025066|         0.461671
78   |*i_0_0_8            |            0.295708|             0.104443|           0.025066|         0.425217
79   |*i_0_0_9            |            0.281821|             0.099495|           0.025066|         0.406382
80   |*i_0_0_10           |            0.271194|             0.095710|           0.025066|         0.391970
81   |*i_0_0_11           |            0.348020|             0.101370|           0.041741|         0.491131
82   |*i_0_0_12           |            0.217349|             0.101039|           0.034566|         0.352953
83   |*i_0_0_13           |            0.278708|             0.116257|           0.041741|         0.436706
84   |*i_0_0_14           |            0.161516|             0.102802|           0.014353|         0.278671
85   |*i_0_0_15           |            0.223365|             1.854313|           0.032612|         2.110291
86   |*i_0_0_16           |            0.148797|             0.094706|           0.014353|         0.257856
87   |*i_0_0_17           |            0.209723|             1.708284|           0.032612|         1.950619
88   |*i_0_0_18           |            0.148741|             0.094670|           0.014353|         0.257765
89   |*i_0_0_19           |            0.210130|             1.707647|           0.032612|         1.950389
90   |*i_0_0_20           |            0.082139|             0.052280|           0.014353|         0.148773
91   |*i_0_0_21           |            0.118430|             0.943016|           0.032612|         1.094058
92   |*i_0_0_22           |            0.157485|             0.100236|           0.014353|         0.272073
93   |*i_0_0_23           |            0.222537|             1.808029|           0.032612|         2.063177
94   |*i_0_0_24           |            0.160262|             0.102003|           0.014353|         0.276618
95   |*i_0_0_25           |            0.225469|             1.839912|           0.032612|         2.097994
96   |*i_0_0_26           |            0.160212|             0.101971|           0.014353|         0.276536
97   |*i_0_0_27           |            0.225467|             1.839336|           0.032612|         2.097415
98   |*i_0_0_28           |            0.160222|             0.101978|           0.014353|         0.276554
99   |*i_0_0_29           |            0.226545|             1.839459|           0.032612|         2.098616
100  |*i_0_0_30           |            0.160216|             0.101974|           0.014353|         0.276543
101  |*i_0_0_31           |            0.226601|             1.839382|           0.032612|         2.098594
102  |*i_0_0_32           |            0.160212|             0.101972|           0.014353|         0.276537
103  |*i_0_0_33           |            0.226890|             1.839343|           0.032612|         2.098845
104  |*i_0_0_34           |            0.160211|             0.101970|           0.014353|         0.276534
105  |*i_0_0_35           |            0.225524|             1.839323|           0.032612|         2.097460
106  |*i_0_0_36           |            0.082118|             0.052266|           0.014353|         0.148738
107  |*i_0_0_37           |            0.119505|             0.942771|           0.032612|         1.094887
108  |*i_0_0_38           |            0.157395|             0.100179|           0.014353|         0.271927
109  |*i_0_0_39           |            0.222902|             1.807004|           0.032612|         2.062518
110  |*i_0_0_40           |            0.148685|             0.094635|           0.014353|         0.257673
111  |*i_0_0_41           |            0.211467|             1.707002|           0.032612|         1.951082
112  |*i_0_0_42           |            0.148685|             0.094635|           0.014353|         0.257673
113  |*i_0_0_43           |            0.210234|             1.707002|           0.032612|         1.949847
114  |*i_0_0_44           |            0.148685|             0.094635|           0.014353|         0.257673
115  |*i_0_0_45           |            0.210234|             1.707002|           0.032612|         1.949847
116  |*i_0_0_46           |            0.148685|             0.094635|           0.014353|         0.257673
117  |*i_0_0_47           |            0.210234|             1.707001|           0.032612|         1.949847
118  |*i_0_0_48           |            0.148685|             0.094635|           0.014353|         0.257673
119  |*i_0_0_49           |            0.210234|             1.707002|           0.032612|         1.949848
120  |*i_0_0_50           |            0.148685|             0.094635|           0.014353|         0.257673
121  |*i_0_0_51           |            0.210234|             1.707002|           0.032612|         1.949848
122  |*i_0_0_52           |            0.148685|             0.094635|           0.014353|         0.257673
123  |*i_0_0_53           |            0.210234|             1.707002|           0.032612|         1.949848
124  |*i_0_0_54           |            0.148685|             0.094635|           0.014353|         0.257673
125  |*i_0_0_55           |            0.210234|             1.707002|           0.032612|         1.949848
126  |*i_0_0_56           |            0.148685|             0.094635|           0.014353|         0.257673
127  |*i_0_0_57           |            0.210234|             1.707002|           0.032612|         1.949848
128  |*i_0_0_58           |            0.148685|             0.094635|           0.014353|         0.257673
129  |*i_0_0_59           |            0.210234|             1.707002|           0.032612|         1.949848
130  |*i_0_0_60           |            0.148685|             0.094635|           0.014353|         0.257673
131  |*i_0_0_61           |            0.210234|             1.707002|           0.032612|         1.949848
132  |*i_0_0_62           |            0.148685|             0.094635|           0.014353|         0.257673
133  |*i_0_0_63           |            0.210234|             1.707002|           0.032612|         1.949848
134  |*i_0_0_64           |            0.148685|             0.094635|           0.014353|         0.257673
135  |*i_0_0_65           |            0.210234|             1.707002|           0.032612|         1.949848
136  |*i_0_0_66           |            0.148685|             0.094635|           0.014353|         0.257673
137  |*i_0_0_67           |            0.210234|             1.707002|           0.032612|         1.949848
138  |*i_0_0_68           |            0.148685|             0.094635|           0.014353|         0.257673
139  |*i_0_0_69           |            0.210234|             1.707002|           0.032612|         1.949848
140  |*i_0_0_70           |            0.088071|             0.056055|           0.014353|         0.158480
141  |*i_0_0_71           |            0.127399|             1.011115|           0.032612|         1.171126
142  |*i_0_0_72           |            0.154366|             0.098250|           0.014353|         0.266969
143  |*i_0_0_73           |            0.343697|             1.772222|           0.032612|         2.148531
144  |*i_0_0_74           |            0.223733|             0.142401|           0.014353|         0.380487
145  |*i_0_0_75           |            0.496211|             2.568599|           0.032612|         3.097422
146  |*i_0_0_76           |            0.227845|             0.145018|           0.014353|         0.387216
147  |*i_0_0_77           |            0.506794|             2.615811|           0.032612|         3.155217
148  |*i_0_0_78           |            0.227148|             0.144575|           0.014353|         0.386076
149  |*i_0_0_79           |            0.504877|             2.607809|           0.032612|         3.145298
150  |*i_0_0_80           |            0.230602|             0.146773|           0.014353|         0.391728
151  |*i_0_0_81           |            0.512870|             2.647465|           0.032612|         3.192946
152  |*i_0_0_82           |            0.233730|             0.148764|           0.014353|         0.396847
153  |*i_0_0_83           |            0.518553|             2.683374|           0.032612|         3.234539
154  |*i_0_0_84           |            0.229580|             0.146123|           0.014353|         0.390056
155  |*i_0_0_85           |            0.510598|             2.635731|           0.032612|         3.178941
156  |*i_0_0_86           |            0.221572|             0.141025|           0.014353|         0.376950
157  |*i_0_0_87           |            0.492886|             2.543790|           0.032612|         3.069288
158  |*i_0_0_88           |            0.969428|             0.146673|           0.014353|         1.130454
159  |*i_0_0_89           |            2.031528|             2.645655|           0.032612|         4.709795
160  |*i_0_0_90           |            0.974591|             0.147454|           0.014353|         1.136398
161  |*i_0_0_91           |            2.024214|             2.659745|           0.032612|         4.716571
162  |*i_0_0_92           |            0.228604|             0.145501|           0.014353|         0.388459
163  |*i_0_0_93           |            0.508439|             2.624527|           0.032612|         3.165578
164  |*i_0_0_94           |            0.223232|             0.142082|           0.014353|         0.379667
165  |*i_0_0_95           |            0.496558|             2.562851|           0.032612|         3.092021
166  |*i_0_0_96           |            0.231064|             0.147067|           0.014353|         0.392484
167  |*i_0_0_97           |            0.512296|             2.652766|           0.032612|         3.197675
168  |*i_0_0_98           |            0.231444|             0.147309|           0.014353|         0.393106
169  |*i_0_0_99           |            0.513505|             2.657127|           0.032612|         3.203244
170  |*i_0_0_100          |            0.232070|             0.147707|           0.014353|         0.394130
171  |*i_0_0_101          |            0.514250|             2.664315|           0.032612|         3.211176
172  |*i_0_0_102          |            0.223419|             0.142201|           0.014353|         0.379973
173  |*i_0_0_103          |            0.495231|             2.564997|           0.032612|         3.092840
174  |*i_0_0_104          |            0.231134|             0.147112|           0.014353|         0.392598
175  |*i_0_0_105          |            0.512192|             2.653569|           0.032612|         3.198372
176  |*i_0_0_106          |            0.232219|             0.147802|           0.014353|         0.394374
177  |*i_0_0_107          |            0.514578|             2.666028|           0.032612|         3.213217
178  |*i_0_0_108          |            0.232098|             0.147725|           0.014353|         0.394177
179  |*i_0_0_109          |            0.514312|             2.664642|           0.032612|         3.211566
180  |*i_0_0_110          |            0.223440|             0.142215|           0.014353|         0.380008
181  |*i_0_0_111          |            0.495277|             2.565239|           0.032612|         3.093128
182  |*i_0_0_112          |            0.231142|             0.147117|           0.014353|         0.392611
183  |*i_0_0_113          |            0.512214|             2.653659|           0.032612|         3.198485
184  |*i_0_0_114          |            0.232225|             0.147806|           0.014353|         0.394385
185  |*i_0_0_115          |            0.514592|             2.666099|           0.032612|         3.213303
186  |*i_0_0_116          |            0.228821|             0.145640|           0.014353|         0.388814
187  |*i_0_0_117          |            0.509573|             2.627020|           0.032612|         3.169205
188  |*i_0_0_118          |            0.992259|             0.150127|           0.014353|         1.156739
189  |*i_0_0_119          |            2.063306|             2.707964|           0.032612|         4.803882
190  |*i_0_0_120          |            0.986668|             0.149281|           0.014353|         1.150302
191  |*i_0_0_121          |            2.049303|             2.692704|           0.032612|         4.774620
192  |*i_0_0_122          |            0.991265|             0.149977|           0.014353|         1.155595
193  |*i_0_0_123          |            2.058682|             2.705251|           0.032612|         4.796545
194  |*i_0_0_124          |            0.237538|             0.151188|           0.014353|         0.403079
195  |*i_0_0_125          |            0.526275|             2.727097|           0.032612|         3.285984
196  |*i_0_0_126          |            0.235740|             0.150044|           0.014353|         0.400137
197  |*i_0_0_127          |            0.522322|             2.706456|           0.032612|         3.261390
198  |*i_0_0_128          |            0.966530|             0.146234|           0.014353|         1.127118
199  |*i_0_0_129          |            2.009741|             2.637747|           0.032612|         4.680100
200  |*i_0_0_130          |            0.266250|             0.169462|           0.014353|         0.450065
201  |*i_0_0_131          |            0.590097|             3.056726|           0.032612|         3.679436
202  |*i_0_0_139          |            0.002445|             0.000848|           0.025066|         0.028359
203  |*i_0_0_141          |            0.426760|             0.145937|           0.025066|         0.597763
204  |*i_0_0_142          |            0.423610|             0.145489|           0.025066|         0.594165
205  |*i_0_0_143          |            0.431886|             0.147706|           0.025066|         0.604658
206  |*i_0_0_144          |            0.431772|             0.149713|           0.025066|         0.606551
207  |*i_0_0_145          |            0.429887|             0.147050|           0.025066|         0.602003
208  |*i_0_0_146          |            0.414652|             0.141910|           0.025066|         0.581627
209  |*i_0_0_147          |            0.429732|             0.147604|           0.025066|         0.602402
210  |*i_0_0_148          |            0.426109|             0.148389|           0.025066|         0.599564
211  |*i_0_0_149          |            0.428028|             0.146422|           0.025066|         0.599516
212  |*i_0_0_150          |            0.417811|             0.142974|           0.025066|         0.585851
213  |*i_0_0_151          |            0.424985|             0.148001|           0.025066|         0.598052
214  |*i_0_0_152          |            0.427490|             0.148243|           0.025066|         0.600799
215  |*i_0_0_153          |            0.415032|             0.148646|           0.025066|         0.588744
216  |*i_0_0_154          |            0.399446|             0.143094|           0.025066|         0.567606
217  |*i_0_0_155          |            0.413350|             0.148046|           0.025066|         0.586462
218  |*i_0_0_156          |            0.415297|             0.148740|           0.025066|         0.589103
219  |*i_0_0_157          |            0.415084|             0.148664|           0.025066|         0.588814
220  |*i_0_0_158          |            0.399484|             0.143108|           0.025066|         0.567658
221  |*i_0_0_159          |            0.413364|             0.148051|           0.025066|         0.586482
222  |*i_0_0_160          |            0.415308|             0.148744|           0.025066|         0.589118
223  |*i_0_0_161          |            0.431615|             0.146561|           0.025066|         0.603242
224  |*i_0_0_162          |            0.421879|             0.151086|           0.025066|         0.598032
225  |*i_0_0_163          |            0.431453|             0.150234|           0.025066|         0.606753
226  |*i_0_0_164          |            0.433418|             0.150933|           0.025066|         0.609417
227  |*i_0_0_165          |            0.424875|             0.152155|           0.025066|         0.602096
228  |*i_0_0_166          |            0.421638|             0.151001|           0.025066|         0.597705
229  |*i_0_0_167          |            0.410865|             0.147161|           0.025066|         0.583092
230  |*i_0_0_168          |            0.489976|             0.170576|           0.025066|         0.685617
231  |*i_0_0_169          |            0.470317|             0.168411|           0.025066|         0.663794
232  |*i_0_0_170          |            0.404613|             0.144864|           0.025066|         0.574544
233  |*i_0_0_171          |            0.221843|             0.079968|           0.025066|         0.326877
234  |*i_0_0_172          |            0.149002|             0.191788|           0.021200|         0.361990
235  |*i_0_0_173          |            0.162280|             0.103255|           0.021200|         0.286734
236  |*i_0_0_174          |            0.148535|             0.095141|           0.021200|         0.264876
237  |*i_0_0_175          |            0.148494|             0.095116|           0.021200|         0.264809
238  |*i_0_0_176          |            0.078752|             0.052338|           0.021200|         0.152289
239  |*i_0_0_177          |            0.157589|             0.100618|           0.021200|         0.279407
240  |*i_0_0_178          |            0.161071|             0.102527|           0.021200|         0.284798
241  |*i_0_0_179          |            0.161020|             0.102496|           0.021200|         0.284716
242  |*i_0_0_180          |            0.161033|             0.102504|           0.021200|         0.284736
243  |*i_0_0_181          |            0.161026|             0.102500|           0.021200|         0.284726
244  |*i_0_0_182          |            0.161023|             0.102498|           0.021200|         0.284721
245  |*i_0_0_183          |            0.161021|             0.102497|           0.021200|         0.284718
246  |*i_0_0_184          |            0.078746|             0.052334|           0.021200|         0.152280
247  |*i_0_0_185          |            0.157485|             0.100556|           0.021200|         0.279240
248  |*i_0_0_186          |            0.148459|             0.095095|           0.021200|         0.264753
249  |*i_0_0_187          |            0.148459|             0.095095|           0.021200|         0.264753
250  |*i_0_0_188          |            0.148459|             0.095095|           0.021200|         0.264753
251  |*i_0_0_189          |            0.148459|             0.095095|           0.021200|         0.264753
252  |*i_0_0_190          |            0.148459|             0.095095|           0.021200|         0.264753
253  |*i_0_0_191          |            0.148459|             0.095095|           0.021200|         0.264753
254  |*i_0_0_192          |            0.148459|             0.095095|           0.021200|         0.264753
255  |*i_0_0_193          |            0.148459|             0.095095|           0.021200|         0.264753
256  |*i_0_0_194          |            0.148459|             0.095095|           0.021200|         0.264753
257  |*i_0_0_195          |            0.148459|             0.095095|           0.021200|         0.264753
258  |*i_0_0_196          |            0.148459|             0.095095|           0.021200|         0.264753
259  |*i_0_0_197          |            0.148459|             0.095095|           0.021200|         0.264753
260  |*i_0_0_198          |            0.148459|             0.095095|           0.021200|         0.264753
261  |*i_0_0_199          |            0.148459|             0.095095|           0.021200|         0.264753
262  |*i_0_0_200          |            0.148459|             0.095095|           0.021200|         0.264753
263  |*i_0_0_201          |            0.084871|             0.056159|           0.021200|         0.162230
264  |*i_0_0_202          |            0.153130|             0.098619|           0.021200|         0.272949
265  |*i_0_0_203          |            0.400183|             0.143302|           0.025066|         0.568551
266  |*i_0_0_204          |            0.520023|             1.001911|           0.025066|         1.547000
267  |*i_0_0_205          |            0.526400|             1.519343|           0.025066|         2.070809
268  |*i_0_0_206          |            0.525761|             1.514520|           0.025066|         2.065347
269  |*i_0_0_207          |            0.531196|             3.004481|           0.025066|         3.560743
270  |*i_0_0_208          |            0.525307|             1.516142|           0.025066|         2.066515
271  |*i_0_0_209          |            0.525478|             1.534426|           0.025066|         2.084971
272  |*i_0_0_210          |            0.525265|             1.522987|           0.025066|         2.073318
273  |*i_0_0_211          |            0.508203|             0.804412|           0.025066|         1.337682
274  |*i_0_0_212          |            0.522815|             1.526533|           0.025066|         2.074414
275  |*i_0_0_213          |            0.523982|             1.529991|           0.025066|         2.079039
276  |*i_0_0_214          |            0.524453|             1.520597|           0.025066|         2.070116
277  |*i_0_0_215          |            0.507638|             0.803504|           0.025066|         1.336208
278  |*i_0_0_216          |            0.522238|             1.507150|           0.025066|         2.054454
279  |*i_0_0_217          |            0.523813|             1.529490|           0.025066|         2.078369
280  |*i_0_0_218          |            0.524361|             1.520327|           0.025066|         2.069754
281  |*i_0_0_219          |            0.507574|             0.803402|           0.025066|         1.336041
282  |*i_0_0_220          |            0.522203|             1.507047|           0.025066|         2.054316
283  |*i_0_0_221          |            0.523794|             1.529433|           0.025066|         2.078293
284  |*i_0_0_222          |            0.524351|             1.520297|           0.025066|         2.069713
285  |*i_0_0_223          |            0.507566|             0.803390|           0.025066|         1.336023
286  |*i_0_0_224          |            0.522199|             1.507035|           0.025066|         2.054300
287  |*i_0_0_225          |            0.516262|             1.004701|           0.025066|         1.546029
288  |*i_0_0_226          |            0.516971|             1.006101|           0.025066|         1.548139
289  |*i_0_0_227          |            0.523798|             2.021248|           0.025066|         2.570112
290  |*i_0_0_228          |            0.525821|             2.010853|           0.025066|         2.561740
291  |*i_0_0_229          |            0.527190|             3.462483|           0.025066|         4.014739
292  |*i_0_0_230          |            0.515470|             1.003139|           0.025066|         1.543675
293  |*i_0_0_231          |            0.525910|             3.967930|           0.025066|         4.518906
294  |*i_0_0_232          |            0.541516|             1.054556|           0.025066|         1.621138
295  |*i_0_0_233          |            0.525991|             3.454494|           0.025066|         4.005551
296  |*i_0_0_234          |            0.385914|             0.584631|           0.025066|         0.995611
297  |*i_0_0_235          |            0.081477|             0.296280|           0.021200|         0.398956
298  |*i_0_0_236          |            0.089358|             0.456974|           0.021200|         0.567531
299  |*i_0_0_237          |            0.089384|             0.453378|           0.021200|         0.563962
300  |*i_0_0_238          |            0.085400|             0.912229|           0.021200|         1.018829
301  |*i_0_0_239          |            0.089267|             0.456496|           0.021200|         0.566962
302  |*i_0_0_240          |            0.380847|             0.457051|           0.021200|         0.859097
303  |*i_0_0_241          |            0.089190|             0.459849|           0.021200|         0.570238
304  |*i_0_0_242          |            0.092717|             0.242183|           0.021200|         0.356099
305  |*i_0_0_243          |            0.089231|             0.456985|           0.021200|         0.567415
306  |*i_0_0_244          |            0.089230|             0.456981|           0.021200|         0.567410
307  |*i_0_0_245          |            0.089183|             0.459812|           0.021200|         0.570195
308  |*i_0_0_246          |            0.092713|             0.242174|           0.021200|         0.356086
309  |*i_0_0_247          |            0.089239|             0.456351|           0.021200|         0.566789
310  |*i_0_0_248          |            0.089229|             0.456976|           0.021200|         0.567404
311  |*i_0_0_249          |            0.089183|             0.459810|           0.021200|         0.570192
312  |*i_0_0_250          |            0.092713|             0.242173|           0.021200|         0.356085
313  |*i_0_0_251          |            0.089239|             0.456350|           0.021200|         0.566788
314  |*i_0_0_252          |            0.089229|             0.456976|           0.021200|         0.567404
315  |*i_0_0_253          |            0.089183|             0.459810|           0.021200|         0.570192
316  |*i_0_0_254          |            0.092713|             0.242173|           0.021200|         0.356085
317  |*i_0_0_255          |            0.089239|             0.456350|           0.021200|         0.566788
318  |*i_0_0_256          |            0.091723|             0.303200|           0.021200|         0.416122
319  |*i_0_0_257          |            0.091723|             0.303200|           0.021200|         0.416122
320  |*i_0_0_258          |            0.087833|             0.610291|           0.021200|         0.719324
321  |*i_0_0_259          |            0.087838|             0.609665|           0.021200|         0.718703
322  |*i_0_0_260          |            0.084172|             1.054890|           0.021200|         1.160262
323  |*i_0_0_261          |            0.091723|             0.303200|           0.021200|         0.416122
324  |*i_0_0_262          |            0.082856|             1.214713|           0.021200|         1.318768
325  |*i_0_0_263          |            0.091723|             0.303200|           0.021200|         0.416122
326  |*i_0_0_264          |            0.084172|             1.054890|           0.021200|         1.160262
327  |*i_0_0_265          |            0.092986|             0.229486|           0.021200|         0.343672
328  |*i_0_0_266          |            0.079535|             1.048813|           0.021200|         1.149547
329  |*i_0_0_267          |            0.451175|            16.105570|           0.032612|        16.589357
330  |*i_0_0_268          |            0.178679|             3.427581|           0.014353|         3.620613
331  |*i_0_0_269          |            0.540967|             3.433841|           0.047399|         4.022206
332  |*i_0_0_272          |            0.178567|             3.906706|           0.014353|         4.099626
333  |*i_0_0_273          |            0.537969|             3.431998|           0.047399|         4.017365
334  |*i_0_0_274          |            0.178530|             3.905902|           0.014353|         4.098785
335  |*i_0_0_275          |            0.536870|             3.431292|           0.047399|         4.015562
336  |*i_0_0_276          |            0.106734|             2.641551|           0.014353|         2.762638
337  |*i_0_0_277          |            0.361248|             2.051460|           0.047399|         2.460107
338  |*i_0_0_278          |            0.186370|             4.612468|           0.014353|         4.813191
339  |*i_0_0_279          |            0.559318|             3.582098|           0.047399|         4.188814
340  |*i_0_0_292          |            0.106727|             2.641382|           0.014353|         2.762462
341  |*i_0_0_293          |            0.361418|             2.051328|           0.047399|         2.460145
342  |*i_0_0_294          |            0.187881|             1.855512|           0.014353|         2.057745
343  |*i_0_0_295          |            0.558767|             3.580415|           0.047399|         4.186580
344  |*i_0_0_296          |            0.181326|             1.269173|           0.014353|         1.464852
345  |*i_0_0_297          |            0.535376|             3.430702|           0.047399|         4.013477
346  |*i_0_0_298          |            0.178499|             3.905230|           0.014353|         4.098083
347  |*i_0_0_299          |            0.535622|             3.430702|           0.047399|         4.013723
348  |*i_0_0_300          |            0.178499|             3.905230|           0.014353|         4.098083
349  |*i_0_0_301          |            0.535622|             3.430702|           0.047399|         4.013723
350  |*i_0_0_302          |            0.178499|             3.905230|           0.014353|         4.098083
351  |*i_0_0_303          |            0.535401|             3.430702|           0.047399|         4.013502
352  |*i_0_0_304          |            0.178499|             3.905230|           0.014353|         4.098083
353  |*i_0_0_305          |            0.535401|             3.430702|           0.047399|         4.013502
354  |*i_0_0_306          |            0.178499|             3.905230|           0.014353|         4.098082
355  |*i_0_0_307          |            0.535401|             3.430702|           0.047399|         4.013502
356  |*i_0_0_308          |            0.178499|             3.905230|           0.014353|         4.098082
357  |*i_0_0_309          |            0.535401|             3.430702|           0.047399|         4.013502
358  |*i_0_0_310          |            0.178499|             3.905230|           0.014353|         4.098082
359  |*i_0_0_311          |            0.535401|             3.430702|           0.047399|         4.013502
360  |*i_0_0_312          |            0.178499|             3.905230|           0.014353|         4.098082
361  |*i_0_0_313          |            0.535401|             3.430702|           0.047399|         4.013502
362  |*i_0_0_314          |            0.178499|             3.905230|           0.014353|         4.098082
363  |*i_0_0_315          |            0.535401|             3.430702|           0.047399|         4.013502
364  |*i_0_0_316          |            1.420516|             3.905230|           0.014353|         5.340098
365  |*i_0_0_317          |            2.759959|             3.430701|           0.047399|         6.238059
366  |*i_0_0_318          |            0.178499|             3.905230|           0.014353|         4.098082
367  |*i_0_0_319          |            0.535401|             3.430702|           0.047399|         4.013502
368  |*i_0_0_320          |            0.178499|             3.905230|           0.014353|         4.098082
369  |*i_0_0_321          |            0.535401|             3.430702|           0.047399|         4.013502
370  |*i_0_0_322          |            1.420516|             3.905230|           0.014353|         5.340098
371  |*i_0_0_323          |            2.759567|             3.430702|           0.047399|         6.237668
372  |*i_0_0_324          |            1.420516|             3.905230|           0.014353|         5.340098
373  |*i_0_0_325          |            2.759567|             3.430702|           0.047399|         6.237668
374  |*i_0_0_326          |            0.905734|             2.490011|           0.014353|         3.410098
375  |*i_0_0_327          |            1.811204|             2.187448|           0.047399|         4.046050
376  |*i_0_0_329          |            0.182801|             3.990956|           0.014353|         4.188110
377  |*i_0_0_330          |            0.362465|             3.524560|           0.032612|         3.919636
378  |*i_0_0_332          |            0.151637|             0.095097|           0.021200|         0.267934
379  |*i_0_0_333          |            0.489669|             1.023085|           0.032612|         1.545366
380  |*i_0_0_334          |            0.167779|             0.095214|           0.021200|         0.284193
381  |*i_0_0_335          |            0.529023|             1.027492|           0.047399|         1.603913
382  |*i_0_0_336          |            0.167721|             0.095184|           0.021200|         0.284105
383  |*i_0_0_337          |            0.527199|             1.027241|           0.047399|         1.601839
384  |*i_0_0_338          |            0.167649|             0.095147|           0.021200|         0.283995
385  |*i_0_0_339          |            0.524882|             1.026929|           0.047399|         1.599210
386  |*i_0_0_340          |            0.167602|             0.095123|           0.021200|         0.283924
387  |*i_0_0_341          |            0.523353|             1.026725|           0.047399|         1.597477
388  |*i_0_0_342          |            0.167575|             0.095109|           0.021200|         0.283884
389  |*i_0_0_343          |            1.064363|             1.026612|           0.047399|         2.138374
390  |*i_0_0_344          |            0.167562|             0.095102|           0.021200|         0.283863
391  |*i_0_0_345          |            0.522036|             1.026552|           0.047399|         1.595987
392  |*i_0_0_346          |            0.167555|             0.095098|           0.021200|         0.283852
393  |*i_0_0_347          |            0.521803|             1.026521|           0.047399|         1.595723
394  |*i_0_0_348          |            0.167551|             0.095097|           0.021200|         0.283847
395  |*i_0_0_349          |            0.521684|             1.026506|           0.047399|         1.595589
396  |*i_0_0_350          |            0.167549|             0.095096|           0.021200|         0.283844
397  |*i_0_0_351          |            0.521625|             1.026498|           0.047399|         1.595522
398  |*i_0_0_352          |            0.167548|             0.095095|           0.021200|         0.283843
399  |*i_0_0_353          |            0.521595|             1.026494|           0.047399|         1.595488
400  |*i_0_0_354          |            0.167548|             0.095095|           0.021200|         0.283842
401  |*i_0_0_355          |            0.521580|             1.026492|           0.047399|         1.595471
402  |*i_0_0_356          |            0.167548|             0.095095|           0.021200|         0.283842
403  |*i_0_0_357          |            0.521572|             1.026491|           0.047399|         1.595463
404  |*i_0_0_358          |            0.167547|             0.095095|           0.021200|         0.283842
405  |*i_0_0_359          |            0.521569|             1.026491|           0.047399|         1.595459
406  |*i_0_0_360          |            0.167547|             0.095095|           0.021200|         0.283842
407  |*i_0_0_361          |            0.521567|             1.026491|           0.047399|         1.595456
408  |*i_0_0_362          |            0.167547|             0.095095|           0.021200|         0.283842
409  |*i_0_0_363          |            0.521566|             1.026491|           0.047399|         1.595455
410  |*i_0_0_364          |            0.167547|             0.095095|           0.021200|         0.283842
411  |*i_0_0_365          |            0.521565|             1.026490|           0.047399|         1.595454
412  |*i_0_0_366          |            0.167547|             0.095095|           0.021200|         0.283842
413  |*i_0_0_367          |            0.521565|             1.026490|           0.047399|         1.595455
414  |*i_0_0_368          |            0.167547|             0.095095|           0.021200|         0.283842
415  |*i_0_0_369          |            0.521565|             1.026490|           0.047399|         1.595454
416  |*i_0_0_370          |            0.167547|             0.095095|           0.021200|         0.283842
417  |*i_0_0_371          |            0.521565|             1.026490|           0.047399|         1.595454
418  |*i_0_0_372          |            0.167547|             0.095095|           0.021200|         0.283842
419  |*i_0_0_373          |            0.521565|             1.026490|           0.047399|         1.595454
420  |*i_0_0_374          |            0.167547|             0.095095|           0.021200|         0.283842
421  |*i_0_0_375          |            0.521565|             1.026490|           0.047399|         1.595454
422  |*i_0_0_376          |            0.167547|             0.095095|           0.021200|         0.283842
423  |*i_0_0_377          |            0.521565|             1.026490|           0.047399|         1.595454
424  |*i_0_0_378          |            0.167547|             0.095095|           0.021200|         0.283842
425  |*i_0_0_379          |            0.521565|             1.026490|           0.047399|         1.595454
426  |*i_0_0_380          |            0.167547|             0.095095|           0.021200|         0.283842
427  |*i_0_0_381          |            0.521565|             1.026490|           0.047399|         1.595454
428  |*i_0_0_382          |            0.167547|             0.095095|           0.021200|         0.283842
429  |*i_0_0_383          |            0.521565|             1.026490|           0.047399|         1.595454
430  |*i_0_0_384          |            0.167547|             0.095095|           0.021200|         0.283842
431  |*i_0_0_385          |            0.521507|             1.026490|           0.047399|         1.595397
432  |*i_0_0_386          |            0.167547|             0.095095|           0.021200|         0.283842
433  |*i_0_0_387          |            0.521565|             1.026490|           0.047399|         1.595454
434  |*i_0_0_388          |            0.167547|             0.095095|           0.021200|         0.283842
435  |*i_0_0_389          |            0.521763|             1.026490|           0.047399|         1.595652
436  |*i_0_0_390          |            0.167547|             0.095095|           0.021200|         0.283842
437  |*i_0_0_391          |            0.521565|             1.026490|           0.047399|         1.595454
438  |*i_0_0_392          |            0.167547|             0.095095|           0.021200|         0.283842
439  |*i_0_0_393          |            0.521565|             1.026490|           0.047399|         1.595454
440  |*i_0_0_394          |            0.306950|             3.316782|           0.021200|         3.644932
441  |*i_0_0_395          |            0.150005|             0.094137|           0.021200|         0.265342
442  |*i_0_0_396          |            0.342550|             1.015019|           0.032612|         1.390181
443  |*i_0_0_397          |            0.089290|             3.418765|           0.021200|         3.529254
444  |*i_0_0_398          |            0.110596|             0.625915|           0.014353|         0.750864
445  |*i_0_0_400          |            0.491168|             0.537522|           0.032601|         1.061292
446  |*i_0_0_401          |            0.440955|             0.624220|           0.026832|         1.092007
447  |*i_0_0_402          |            0.237656|             1.902146|           0.014353|         2.154155
448  |*i_0_0_403          |            0.290817|             4.515877|           0.017393|         4.824087
449  |*i_0_0_404          |            0.002071|             0.011371|           0.014353|         0.027796
450  |*i_0_0_405          |            0.004375|             0.039671|           0.032601|         0.076647
451  |*i_0_0_406          |            0.084179|             0.147124|           0.017393|         0.248696
452  |*i_0_0_407          |            0.028732|             0.038449|           0.018105|         0.085286
453  |*i_0_0_408          |            0.001839|             0.003177|           0.014353|         0.019369
454  |*i_0_0_409          |            0.178708|             0.784987|           0.014353|         0.978048
455  |*i_0_0_410          |            6.637863|             2.192699|           0.014353|         8.844915
456  |*i_0_0_411          |            6.637084|             2.194772|           0.014353|         8.846209
457  |*i_0_0_412          |            0.178248|             0.310470|           0.014353|         0.503071
458  |*i_0_0_132          |            0.249106|             0.144843|           0.017393|         0.411342
459  |*i_0_0_133          |            0.224818|             0.422443|           0.017393|         0.664655
460  |*i_0_0_134          |            0.000554|             0.001144|           0.017393|         0.019092
461  |*i_0_0_135          |            0.189252|             4.135151|           0.014353|         4.338757
462  |*i_0_0_136          |            0.566061|             3.619113|           0.025066|         4.210240
463  |*i_0_0_137          |            0.532950|             0.290641|           0.032612|         0.856202
464  |*i_0_0_138          |            0.041397|             0.045727|           0.017393|         0.104517
465  |*i_0_0_140          |            0.189210|             4.134233|           0.014353|         4.337796
466  |*i_0_0_270          |            0.565953|             3.618309|           0.025066|         4.209328
467  |*i_0_0_271          |            0.532951|             0.290641|           0.032612|         0.856204
468  |*i_0_0_280          |            0.041610|             0.045557|           0.017393|         0.104561
469  |*i_0_0_281          |            0.189122|             4.676828|           0.014353|         4.880302
470  |*i_0_0_282          |            0.565980|             3.618510|           0.025066|         4.209556
471  |*i_0_0_283          |            0.532950|             0.290641|           0.032612|         0.856203
472  |*i_0_0_284          |            0.040240|             0.045600|           0.017393|         0.103234
473  |*i_0_0_285          |            0.190901|             1.886126|           0.014353|         2.091380
474  |*i_0_0_286          |            0.565966|             3.618407|           0.025066|         4.209438
475  |*i_0_0_287          |            0.532950|             0.290641|           0.032612|         0.856203
476  |*i_0_0_288          |            0.041262|             0.045578|           0.017393|         0.104234
477  |*i_0_0_289          |            0.192654|             1.339721|           0.014353|         1.546729
478  |*i_0_0_290          |            0.565959|             3.618355|           0.025066|         4.209380
479  |*i_0_0_291          |            0.532950|             0.290641|           0.032612|         0.856203
480  |*i_0_0_328          |            0.040212|             0.045568|           0.017393|         0.103173
481  |*i_0_0_331          |            0.189211|             4.134256|           0.014353|         4.337820
482  |*i_0_0_399          |            0.565955|             3.618329|           0.025066|         4.209350
483  |*i_0_0_413          |            0.532950|             0.290641|           0.032612|         0.856202
484  |*i_0_0_414          |            0.040207|             0.045562|           0.017393|         0.103163
485  |*i_0_0_415          |            0.422083|            23.679428|           0.014353|        24.115866
486  |*i_0_0_416          |            0.289537|             0.168327|           0.017393|         0.475257
487  |*i_0_0_417          |            0.260880|             0.491193|           0.017393|         0.769466
488  |*i_0_0_418          |            0.000551|             0.001132|           0.017393|         0.019077
489  |*i_0_0_419          |            0.137840|             0.080219|           0.017393|         0.235453
490  |*i_0_0_420          |            0.127015|             0.233126|           0.017393|         0.377535
491  |*i_0_0_421          |            0.870889|            42.480930|           0.027858|        43.379681
492  |*i_0_0_422          |            0.000946|             0.001896|           0.017393|         0.020236
493  |*i_0_0_423          |            0.002161|             0.084138|           0.026832|         0.113130
494  |*i_0_0_424          |            0.190245|             4.156851|           0.014353|         4.361449
495  |*i_0_0_425          |            0.568637|             3.638104|           0.025066|         4.231808
496  |*i_0_0_426          |            0.533000|             0.290672|           0.032612|         0.856284
497  |*i_0_0_427          |            0.292265|             3.664526|           0.021200|         3.977990
498  |*i_0_0_428          |            0.043845|             0.049666|           0.017393|         0.110904
499  |*i_0_0_429          |            0.090399|             3.832189|           0.021200|         3.943787
500  |*i_0_0_430          |            0.154232|            23.205156|           0.017393|        23.376781
501  |*counter_reg[6]     |            1.602016|             4.257465|           0.079112|         5.938593
502  |*counter_reg[5]     |            1.592195|             1.369294|           0.079112|         3.040601
503  |*counter_reg[4]     |            1.591792|             1.333681|           0.079112|         3.004585
504  |*counter_reg[3]     |            1.591938|             1.346539|           0.079112|         3.017589
505  |*counter_reg[2]     |            1.592335|             1.381685|           0.079112|         3.053132
506  |*counter_reg[1]     |            1.592495|             1.395861|           0.079112|         3.067468
507  |*counter_reg[0]     |            1.600481|             1.942474|           0.079112|         3.622067
508  |*A_r_reg[31]        |            1.567863|             0.496478|           0.079112|         2.143454
509  |*A_r_reg[30]        |            1.565951|             0.312941|           0.079112|         1.958004
510  |*A_r_reg[29]        |            1.565951|             0.312941|           0.079112|         1.958004
511  |*A_r_reg[28]        |            1.565951|             0.312941|           0.079112|         1.958004
512  |*A_r_reg[27]        |            1.565951|             0.312941|           0.079112|         1.958004
513  |*A_r_reg[26]        |            1.565951|             0.312941|           0.079112|         1.958004
514  |*A_r_reg[25]        |            1.565951|             0.312941|           0.079112|         1.958004
515  |*A_r_reg[24]        |            1.565951|             0.312941|           0.079112|         1.958004
516  |*A_r_reg[23]        |            1.565951|             0.312941|           0.079112|         1.958004
517  |*A_r_reg[22]        |            1.565951|             0.312941|           0.079112|         1.958004
518  |*A_r_reg[21]        |            1.565951|             0.312941|           0.079112|         1.958004
519  |*A_r_reg[20]        |            1.565951|             0.312941|           0.079112|         1.958004
520  |*A_r_reg[19]        |            1.565951|             0.312941|           0.079112|         1.958004
521  |*A_r_reg[18]        |            1.565951|             0.312941|           0.079112|         1.958004
522  |*A_r_reg[17]        |            1.565951|             0.312941|           0.079112|         1.958004
523  |*A_r_reg[16]        |            1.565951|             0.312941|           0.079112|         1.958004
524  |*A_r_reg[15]        |            1.565951|             0.312941|           0.079112|         1.958004
525  |*A_r_reg[14]        |            1.565951|             0.312941|           0.079112|         1.958004
526  |*A_r_reg[13]        |            1.565951|             0.312941|           0.079112|         1.958004
527  |*A_r_reg[12]        |            1.565951|             0.312941|           0.079112|         1.958005
528  |*A_r_reg[11]        |            1.565951|             0.312941|           0.079112|         1.958005
529  |*A_r_reg[10]        |            1.565952|             0.312942|           0.079112|         1.958006
530  |*A_r_reg[9]         |            1.565954|             0.312942|           0.079112|         1.958008
531  |*A_r_reg[8]         |            1.565956|             0.312943|           0.079112|         1.958011
532  |*A_r_reg[7]         |            1.565963|             0.312944|           0.079112|         1.958019
533  |*A_r_reg[6]         |            1.565974|             0.312946|           0.079112|         1.958033
534  |*A_r_reg[5]         |            1.565998|             0.312951|           0.079112|         1.958061
535  |*A_r_reg[4]         |            1.566042|             0.312960|           0.079112|         1.958114
536  |*A_r_reg[3]         |            1.566121|             0.312975|           0.079112|         1.958208
537  |*A_r_reg[2]         |            1.566242|             0.313000|           0.079112|         1.958354
538  |*A_r_reg[1]         |            1.566340|             0.313019|           0.079112|         1.958471
539  |*A_r_reg[0]         |            1.571002|             0.497472|           0.079112|         2.147587
540  |*B_r_reg[31]        |            1.664683|             0.527137|           0.079112|         2.270932
541  |*B_r_reg[30]        |            0.981300|             0.196104|           0.079112|         1.256517
542  |*B_r_reg[29]        |            1.565951|             0.312941|           0.079112|         1.958004
543  |*B_r_reg[28]        |            1.565951|             0.312941|           0.079112|         1.958004
544  |*B_r_reg[27]        |            1.565951|             0.312941|           0.079112|         1.958004
545  |*B_r_reg[26]        |            1.565951|             0.312941|           0.079112|         1.958004
546  |*B_r_reg[25]        |            1.565951|             0.312941|           0.079112|         1.958004
547  |*B_r_reg[24]        |            1.565951|             0.312941|           0.079112|         1.958004
548  |*B_r_reg[23]        |            1.565951|             0.312941|           0.079112|         1.958004
549  |*B_r_reg[22]        |            1.565951|             0.312941|           0.079112|         1.958004
550  |*B_r_reg[21]        |            1.565951|             0.312941|           0.079112|         1.958004
551  |*B_r_reg[20]        |            1.565951|             0.312941|           0.079112|         1.958004
552  |*B_r_reg[19]        |            1.565951|             0.312941|           0.079112|         1.958004
553  |*B_r_reg[18]        |            1.565951|             0.312941|           0.079112|         1.958004
554  |*B_r_reg[17]        |            1.565951|             0.312941|           0.079112|         1.958004
555  |*B_r_reg[16]        |            1.565951|             0.312941|           0.079112|         1.958004
556  |*B_r_reg[15]        |            1.565951|             0.312941|           0.079112|         1.958004
557  |*B_r_reg[14]        |            1.565951|             0.312941|           0.079112|         1.958004
558  |*B_r_reg[13]        |            0.917188|             0.183292|           0.079112|         1.179592
559  |*B_r_reg[12]        |            1.570081|             0.473062|           0.079112|         2.122256
560  |*B_r_reg[11]        |            1.570081|             0.473062|           0.079112|         2.122256
561  |*B_r_reg[10]        |            1.570082|             0.473062|           0.079112|         2.122257
562  |*B_r_reg[9]         |            1.570082|             0.473063|           0.079112|         2.122257
563  |*B_r_reg[8]         |            1.570084|             0.473063|           0.079112|         2.122260
564  |*B_r_reg[7]         |            1.570081|             0.473062|           0.079112|         2.122256
565  |*B_r_reg[6]         |            1.565963|             0.312944|           0.079112|         1.958019
566  |*B_r_reg[5]         |            0.917250|             0.183304|           0.079112|         1.179666
567  |*B_r_reg[4]         |            1.565951|             0.312941|           0.079112|         1.958004
568  |*B_r_reg[3]         |            1.566042|             0.312960|           0.079112|         1.958114
569  |*B_r_reg[2]         |            1.570252|             0.473114|           0.079112|         2.122478
570  |*B_r_reg[1]         |            1.566242|             0.313000|           0.079112|         1.958354
571  |*B_r_reg[0]         |            1.571384|             0.497593|           0.079112|         2.148089
572  |*Accumulator_reg[30]|            1.227534|             0.208583|           0.079112|         1.515229
573  |*Accumulator_reg[29]|            1.612869|             0.274059|           0.079112|         1.966040
574  |*Accumulator_reg[28]|            1.705207|             0.289749|           0.079112|         2.074067
575  |*Accumulator_reg[27]|            1.613522|             0.274170|           0.079112|         1.966804
576  |*Accumulator_reg[26]|            1.622844|             0.275753|           0.079112|         1.977709
577  |*Accumulator_reg[25]|            1.616567|             0.274687|           0.079112|         1.970366
578  |*Accumulator_reg[24]|            1.619890|             0.275252|           0.079112|         1.974254
579  |*Accumulator_reg[23]|            1.613523|             0.274170|           0.079112|         1.966805
580  |*Accumulator_reg[22]|            1.627595|             0.276561|           0.079112|         1.983268
581  |*Accumulator_reg[21]|            1.625349|             0.276179|           0.079112|         1.980640
582  |*Accumulator_reg[20]|            1.621202|             0.275475|           0.079112|         1.975789
583  |*Accumulator_reg[19]|            1.613525|             0.274170|           0.079112|         1.966808
584  |*Accumulator_reg[18]|            1.627599|             0.276561|           0.079112|         1.983273
585  |*Accumulator_reg[17]|            1.625355|             0.276180|           0.079112|         1.980648
586  |*Accumulator_reg[16]|            1.621214|             0.275477|           0.079112|         1.975803
587  |*Accumulator_reg[15]|            1.613548|             0.274174|           0.079112|         1.966835
588  |*Accumulator_reg[14]|            1.627631|             0.276567|           0.079112|         1.983310
589  |*Accumulator_reg[13]|            1.625415|             0.276190|           0.079112|         1.980718
590  |*Accumulator_reg[12]|            1.621325|             0.275495|           0.079112|         1.975932
591  |*Accumulator_reg[11]|            1.613752|             0.274209|           0.079112|         1.967073
592  |*Accumulator_reg[10]|            1.627917|             0.276616|           0.079112|         1.983645
593  |*Accumulator_reg[9] |            1.625943|             0.276280|           0.079112|         1.981336
594  |*Accumulator_reg[8] |            1.622300|             0.275661|           0.079112|         1.977073
595  |*Accumulator_reg[7] |            1.615560|             0.274516|           0.079112|         1.969189
596  |*Accumulator_reg[6] |            1.630454|             0.277047|           0.079112|         1.986613
597  |*Accumulator_reg[5] |            1.630615|             0.277074|           0.079112|         1.986801
598  |*Accumulator_reg[4] |            1.630912|             0.277124|           0.079112|         1.987149
599  |*Accumulator_reg[3] |            1.631460|             0.277218|           0.079112|         1.987790
600  |*Accumulator_reg[2] |            1.632469|             0.277389|           0.079112|         1.988970
601  |*Accumulator_reg[1] |            1.634325|             0.277705|           0.079112|         1.991142
602  |*Accumulator_reg[0] |            1.637728|             0.278283|           0.079112|         1.995123
603  |*negative_reg       |            1.607331|             3.441834|           0.079112|         5.128277
604  |                    |                    |                     |                   |                 
605  |*TOTAL              |         1345.469238|          1463.613281|          39.932919|      2849.015381
-----+--------------------+--------------------+---------------------+-------------------+-----------------
