Report 'report_power_summary': Power
Generated on Tue Jan 3 19:20:53 2023
  
--------------------------------------------------------------------------
|                        Power Summary (nanowatt)                        |
|------------------------------------------------------------------------|
| Component          Internal Switching  Dynamic Leakage  Total  Percent | 
|------------------------------------------------------------------------|
| Entire design        362753    117198   479950   21529  501480  100.00 | 
|                                                                        | 
| Power of all cells   362753     69508   432261   21529  453790   90.49 | 
|   Clock cells         26400      7107    33506     651   34157    6.81 | 
|   Data cells         336350     62401   398752   20878  419630   83.68 | 
|     Combinational     50116     36316    86433    7049   93482   18.64 | 
|     Registers        286222     26085   312307   13829  326137   65.03 | 
|     Macros                0         0        0       0       0    0.00 | 
|     Physical              0         0        0       0       0    0.00 | 
|                                                                        | 
| Power of all nets               47690    47690           47690    9.51 | 
|   Clock nets                    30396    30396           30396    6.06 | 
|     Clock leaves                29151    29151           29151    5.81 | 
|   Data nets                     17294    17294           17294    3.45 | 
--------------------------------------------------------------------------


info UI33: performed report_power_summary for 0 sec (CPU time: 0 sec; MEM: RSS - 357M, CVMEM - 1789M, PVMEM - 2637M)
-----------------------------------------------------------------------------------------------------------------------------------------------
| Corner     Enable Setup Hold  CRPR       SI   Power            EM   Voltage Drop DRC        Process                    RC Temp Scale Factor | 
|---------------------------------------------------------------------------------------------------------------------------------------------|
| slow       false  true  false setup_hold none leakage          none none         trans, cap new_rcmaster_techFreePDK45 25      1            | 
| fast       false  false false setup_hold none leakage          none none         trans, cap new_rcmaster_techFreePDK45 25      1            | 
| corner_0_0 true   true  true  setup_hold none leakage, dynamic none none         trans, cap new_rcmaster_techFreePDK45 25      1            | 
-----------------------------------------------------------------------------------------------------------------------------------------------


