Report 'report_power_summary': Power
Generated on Tue Jan 3 19:20:14 2023
  
--------------------------------------------------------------------------
|                        Power Summary (nanowatt)                        |
|------------------------------------------------------------------------|
| Component          Internal Switching  Dynamic Leakage  Total  Percent | 
|------------------------------------------------------------------------|
| Entire design        433979     94560   528539   20876  549416  100.00 | 
|                                                                        | 
| Power of all cells   433979     63785   497764   20876  518640   94.40 | 
|   Clock cells         12088      1651    13739     178   13917    2.53 | 
|   Data cells         421881     62133   484015   20699  504714   91.86 | 
|     Combinational     48948     36048    84997    6870   91866   16.72 | 
|     Registers        372889     26085   398974   13829  412803   75.13 | 
|     Macros                0         0        0       0       0    0.00 | 
|     Physical              0         0        0       0       0    0.00 | 
|                                                                        | 
| Power of all nets               30775    30775           30775    5.60 | 
|   Clock nets                    14180    14180           14180    2.58 | 
|     Clock leaves                14180    14180           14180    2.58 | 
|   Data nets                     16595    16595           16595    3.02 | 
--------------------------------------------------------------------------


info UI33: performed report_power_summary for 0 sec (CPU time: 0 sec; MEM: RSS - 364M, CVMEM - 1850M, PVMEM - 2637M)
-----------------------------------------------------------------------------------------------------------------------------------------------
| Corner     Enable Setup Hold  CRPR       SI   Power            EM   Voltage Drop DRC        Process                    RC Temp Scale Factor | 
|---------------------------------------------------------------------------------------------------------------------------------------------|
| slow       false  true  false setup_hold none leakage          none none         trans, cap new_rcmaster_techFreePDK45 25      1            | 
| fast       false  false false setup_hold none leakage          none none         trans, cap new_rcmaster_techFreePDK45 25      1            | 
| corner_0_0 true   true  true  setup_hold none leakage, dynamic none none         trans, cap new_rcmaster_techFreePDK45 25      1            | 
-----------------------------------------------------------------------------------------------------------------------------------------------


