Report 'report_power_summary': Power
Generated on Thu Dec 22 23:27:46 2022
  
---------------------------------------------------------------------------
|                        Power Summary (nanowatt)                         |
|-------------------------------------------------------------------------|
| Component          Internal Switching  Dynamic Leakage  Total   Percent | 
|-------------------------------------------------------------------------|
| Entire design       2868206   2469357  5337562  119691  5457253  100.00 | 
|                                                                         | 
| Power of all cells  2868206   1613967  4482172  119691  4601863   84.33 | 
|   Clock cells         94138     19622   113760     829   114589    2.10 | 
|   Data cells        2774054   1594345  4368399  118862  4487261   82.23 | 
|     Combinational   1727188   1469335  3196523  103347  3299870   60.47 | 
|     Registers       1046103    125010  1171113   15515  1186629   21.74 | 
|     Macros                0         0        0       0        0    0.00 | 
|     Physical              0         0        0       0        0    0.00 | 
|                                                                         | 
| Power of all nets              855390   855390           855390   15.67 | 
|   Clock nets                   144097   144097           144097    2.64 | 
|     Clock leaves               103382   103382           103382    1.89 | 
|   Data nets                    711293   711293           711293   13.03 | 
---------------------------------------------------------------------------


info UI33: performed report_power_summary for 0 sec (CPU time: 0 sec; MEM: RSS - 496M, CVMEM - 2079M, PVMEM - 2939M)
------------------------------------------------------------------------------------------------------------------------------------------------
| Corner     Enable Setup Hold  CRPR       SI    Power            EM   Voltage Drop DRC        Process                    RC Temp Scale Factor | 
|----------------------------------------------------------------------------------------------------------------------------------------------|
| slow       false  true  false setup_hold none  leakage          none none         trans, cap new_rcmaster_techFreePDK45 25      1            | 
| fast       false  false false setup_hold none  leakage          none none         trans, cap new_rcmaster_techFreePDK45 25      1            | 
| corner_0_0 true   true  true  setup_hold delay leakage, dynamic none none         trans, cap new_rcmaster_techFreePDK45 25      1            | 
------------------------------------------------------------------------------------------------------------------------------------------------


