Report 'report_power_summary': Power
Generated on Thu Dec 22 23:09:01 2022
  
---------------------------------------------------------------------------
|                        Power Summary (nanowatt)                         |
|-------------------------------------------------------------------------|
| Component          Internal Switching  Dynamic Leakage  Total   Percent | 
|-------------------------------------------------------------------------|
| Entire design       3076891   2540522  5617413  115001  5732414  100.00 | 
|                                                                         | 
| Power of all cells  3076891   1571059  4647950  115001  4762951   83.09 | 
|   Clock cells         34587      3492    38079     171    38250    0.67 | 
|   Data cells        3042258   1567567  4609825  114830  4724655   82.42 | 
|     Combinational   1669982   1442557  3112538   99314  3211853   56.03 | 
|     Registers       1371622    125010  1496632   15515  1512148   26.38 | 
|     Macros                0         0        0       0        0    0.00 | 
|     Physical              0         0        0       0        0    0.00 | 
|                                                                         | 
| Power of all nets              969462   969462           969462   16.91 | 
|   Clock nets                   104261   104261           104261    1.82 | 
|     Clock leaves               104261   104261           104261    1.82 | 
|   Data nets                    865202   865202           865202   15.09 | 
---------------------------------------------------------------------------


info UI33: performed report_power_summary for 0 sec (CPU time: 0 sec; MEM: RSS - 428M, CVMEM - 2140M, PVMEM - 2939M)
-----------------------------------------------------------------------------------------------------------------------------------------------
| Corner     Enable Setup Hold  CRPR       SI   Power            EM   Voltage Drop DRC        Process                    RC Temp Scale Factor | 
|---------------------------------------------------------------------------------------------------------------------------------------------|
| slow       false  true  false setup_hold none leakage          none none         trans, cap new_rcmaster_techFreePDK45 25      1            | 
| fast       false  false false setup_hold none leakage          none none         trans, cap new_rcmaster_techFreePDK45 25      1            | 
| corner_0_0 true   true  true  setup_hold none leakage, dynamic none none         trans, cap new_rcmaster_techFreePDK45 25      1            | 
-----------------------------------------------------------------------------------------------------------------------------------------------


