Report Physical info: 
------------------------+-------------+-----------+------------
                        |             |Area (squm)|Leakage (uW)
------------------------+-------------+-----------+------------
Design Name             |fp_mul       |           |            
  Total Instances       |          220|        626|      11.716
    Macros              |            0|          0|       0.000
    Pads                |            0|          0|       0.000
    Phys                |            0|          0|       0.000
    Blackboxes          |            1|          0|       0.000
    Cells               |          219|        626|      11.716
      Buffers           |            0|          0|       0.000
      Inverters         |           33|         18|       0.474
      Clock-Gates       |            2|          8|       0.118
      Combinational     |           81|        135|       2.976
      Latches           |            0|          0|       0.000
      FlipFlops         |          103|        466|       8.149
       Single-Bit FF    |          103|        466|       8.149
       Multi-Bit FF     |            0|          0|       0.000
       Clock-Gated      |           97|           |            
       Bits             |          103|        466|       8.149
         Load-Enabled   |            0|           |            
         Clock-Gated    |           97|           |            
  Tristate Pin Count    |            0|           |            
Physical Info           |Placed       |           |            
  Chip Size (mm x mm)   |0.092 x 0.092|       8518|            
  Fixed Cell Area       |             |          0|            
    Phys Only           |            0|          0|            
  Placeable Area        |             |       1034|            
  Movable Cell Area     |             |        626|            
  Utilization (%)       |           60|           |            
  Chip Utilization (%)  |           60|           |            
  Total Wire Length (mm)|        4.743|           |            
  Longest Wire (mm)     |        0.050|           |            
  Average Wire (mm)     |        0.028|           |            
------------------------+-------------+-----------+------------
