warning: No library characterized for (process = 1.00 voltage = 0.85 temperature = 25.00) can be found in the database for power domain '/PD_TOP'  [NL-174]
Report Power (instances with prefix '*' are included in total) : 
-----+----------------------------+--------------------+---------------------+-------------------+-----------------
     | Instance                   | Internal Power(uw) | Switching Power(uw) | Leakage Power(uw) | Total Power(uw) 
-----+----------------------------+--------------------+---------------------+-------------------+-----------------
1    |*unsigned_seq_multiplier_dut|          201.752029|           294.069427|          12.709150|       508.530609
2    |*overflow_reg               |            1.317921|             1.983834|           0.086213|         3.387967
3    |*c_out_reg[31]              |            1.317965|             1.993431|           0.086213|         3.397608
4    |*c_out_reg[30]              |            1.317930|             1.994116|           0.086213|         3.398259
5    |*c_out_reg[29]              |            1.317924|             1.992831|           0.086213|         3.396968
6    |*c_out_reg[28]              |            1.317925|             1.993044|           0.086213|         3.397183
7    |*c_out_reg[27]              |            1.317922|             1.992359|           0.086213|         3.396494
8    |*c_out_reg[26]              |            1.317925|             1.993044|           0.086213|         3.397183
9    |*c_out_reg[25]              |            1.317922|             1.992359|           0.086213|         3.396494
10   |*c_out_reg[24]              |            1.317917|             1.991117|           0.086213|         3.395247
11   |*c_out_reg[23]              |            1.317916|             1.991032|           0.086213|         3.395161
12   |*c_out_reg[22]              |            1.317919|             1.991717|           0.086213|         3.395849
13   |*c_out_reg[21]              |            1.317914|             1.990432|           0.086213|         3.394558
14   |*c_out_reg[20]              |            1.317914|             1.990645|           0.086213|         3.394772
15   |*c_out_reg[19]              |            1.317911|             1.989960|           0.086213|         3.394084
16   |*c_out_reg[18]              |            1.317914|             1.990645|           0.086213|         3.394772
17   |*c_out_reg[17]              |            1.317911|             1.989960|           0.086213|         3.394084
18   |*c_out_reg[16]              |            1.317906|             1.988718|           0.086213|         3.392837
19   |*c_out_reg[15]              |            1.317905|             1.988632|           0.086213|         3.392751
20   |*c_out_reg[14]              |            1.317909|             1.989318|           0.086213|         3.393439
21   |*c_out_reg[13]              |            1.317902|             1.988032|           0.086213|         3.392148
22   |*c_out_reg[12]              |            1.317904|             1.988246|           0.086213|         3.392362
23   |*c_out_reg[11]              |            1.317901|             1.987561|           0.086213|         3.391674
24   |*c_out_reg[10]              |            1.317904|             1.988246|           0.086213|         3.392362
25   |*c_out_reg[9]               |            1.317901|             1.987561|           0.086213|         3.391674
26   |*c_out_reg[8]               |            1.317895|             1.986319|           0.086213|         3.390426
27   |*c_out_reg[7]               |            1.317894|             1.986233|           0.086213|         3.390340
28   |*c_out_reg[6]               |            1.317898|             1.986919|           0.086213|         3.391029
29   |*c_out_reg[5]               |            1.317892|             1.985633|           0.086213|         3.389738
30   |*c_out_reg[4]               |            1.317893|             1.985847|           0.086213|         3.389952
31   |*c_out_reg[3]               |            1.317889|             1.985161|           0.086213|         3.389263
32   |*c_out_reg[2]               |            1.317893|             1.985847|           0.086213|         3.389952
33   |*c_out_reg[1]               |            1.317889|             1.985161|           0.086213|         3.389263
34   |*c_out_reg[0]               |            1.317884|             1.983920|           0.086213|         3.388016
35   |*b_reg[22]                  |            2.091749|             0.251278|           0.079112|         2.422139
36   |*b_reg[21]                  |            2.091749|             0.251278|           0.079112|         2.422139
37   |*b_reg[20]                  |            2.091749|             0.251278|           0.079112|         2.422139
38   |*b_reg[19]                  |            2.091749|             0.251278|           0.079112|         2.422139
39   |*b_reg[18]                  |            2.091749|             0.251278|           0.079112|         2.422139
40   |*b_reg[17]                  |            2.091749|             0.251278|           0.079112|         2.422139
41   |*b_reg[16]                  |            2.091749|             0.251278|           0.079112|         2.422139
42   |*b_reg[15]                  |            2.091749|             0.251278|           0.079112|         2.422139
43   |*b_reg[14]                  |            2.091749|             0.251278|           0.079112|         2.422139
44   |*b_reg[13]                  |            2.091749|             0.251278|           0.079112|         2.422139
45   |*b_reg[12]                  |            2.091749|             0.251278|           0.079112|         2.422139
46   |*b_reg[11]                  |            2.091749|             0.251278|           0.079112|         2.422139
47   |*b_reg[10]                  |            2.091749|             0.251278|           0.079112|         2.422139
48   |*b_reg[9]                   |            2.091749|             0.251278|           0.079112|         2.422139
49   |*b_reg[8]                   |            2.091749|             0.251278|           0.079112|         2.422139
50   |*b_reg[7]                   |            2.091749|             0.251278|           0.079112|         2.422139
51   |*b_reg[6]                   |            2.091749|             0.251278|           0.079112|         2.422139
52   |*b_reg[5]                   |            2.091749|             0.251278|           0.079112|         2.422139
53   |*b_reg[4]                   |            2.091749|             0.251278|           0.079112|         2.422139
54   |*b_reg[3]                   |            2.091749|             0.251278|           0.079112|         2.422139
55   |*b_reg[2]                   |            2.091749|             0.251278|           0.079112|         2.422139
56   |*b_reg[1]                   |            2.091749|             0.251278|           0.079112|         2.422139
57   |*b_reg[0]                   |            2.095364|             0.386007|           0.079112|         2.560483
58   |*a_reg[22]                  |            2.112243|             0.918135|           0.079112|         3.109490
59   |*a_reg[21]                  |            2.112243|             0.918135|           0.079112|         3.109490
60   |*a_reg[20]                  |            2.112243|             0.918135|           0.079112|         3.109490
61   |*a_reg[19]                  |            2.112243|             0.918135|           0.079112|         3.109490
62   |*a_reg[18]                  |            2.112243|             0.918135|           0.079112|         3.109490
63   |*a_reg[17]                  |            2.112243|             0.918135|           0.079112|         3.109490
64   |*a_reg[16]                  |            2.112243|             0.918135|           0.079112|         3.109490
65   |*a_reg[15]                  |            2.112243|             0.918135|           0.079112|         3.109490
66   |*a_reg[14]                  |            2.112243|             0.918135|           0.079112|         3.109490
67   |*a_reg[13]                  |            2.112243|             0.918135|           0.079112|         3.109490
68   |*a_reg[12]                  |            2.112243|             0.918135|           0.079112|         3.109490
69   |*a_reg[11]                  |            2.112243|             0.918135|           0.079112|         3.109490
70   |*a_reg[10]                  |            2.112243|             0.918135|           0.079112|         3.109490
71   |*a_reg[9]                   |            2.112243|             0.918135|           0.079112|         3.109490
72   |*a_reg[8]                   |            2.112243|             0.918135|           0.079112|         3.109490
73   |*a_reg[7]                   |            2.112243|             0.918135|           0.079112|         3.109490
74   |*a_reg[6]                   |            2.112243|             0.918135|           0.079112|         3.109490
75   |*a_reg[5]                   |            2.112243|             0.918135|           0.079112|         3.109490
76   |*a_reg[4]                   |            2.112243|             0.918135|           0.079112|         3.109490
77   |*a_reg[3]                   |            2.112243|             0.918135|           0.079112|         3.109490
78   |*a_reg[2]                   |            2.112243|             0.918135|           0.079112|         3.109490
79   |*a_reg[1]                   |            2.112243|             0.918135|           0.079112|         3.109490
80   |*a_reg[0]                   |            2.112243|             0.918135|           0.079112|         3.109490
81   |*mul_start_reg              |            1.668455|            17.537390|           0.079112|        19.284956
82   |*mul_start_reg_enable_mux_0 |            0.414925|             0.111783|           0.035928|         0.562636
83   |*b_reg[31]                  |            2.100951|             0.616123|           0.079112|         2.796187
84   |*a_reg[31]                  |            2.098136|             0.516599|           0.079112|         2.693847
85   |*b_reg[30]                  |            2.136009|             5.087221|           0.079112|         7.302342
86   |*b_reg[29]                  |            2.122144|             1.269825|           0.079112|         3.471080
87   |*b_reg[28]                  |            2.122010|             1.258048|           0.079112|         3.459171
88   |*b_reg[27]                  |            2.121938|             1.251639|           0.079112|         3.452690
89   |*b_reg[26]                  |            2.122514|             1.302590|           0.079112|         3.504217
90   |*b_reg[25]                  |            2.122144|             1.269825|           0.079112|         3.471080
91   |*b_reg[24]                  |            2.122010|             1.258048|           0.079112|         3.459171
92   |*b_reg[23]                  |            2.124938|             1.517063|           0.079112|         3.721113
93   |*a_reg[30]                  |            2.122514|             1.302590|           0.079112|         3.504217
94   |*a_reg[29]                  |            2.121675|             1.228424|           0.079112|         3.429212
95   |*a_reg[28]                  |            2.121542|             1.216648|           0.079112|         3.417302
96   |*a_reg[27]                  |            2.121470|             1.210239|           0.079112|         3.410821
97   |*a_reg[26]                  |            2.122046|             1.261190|           0.079112|         3.462348
98   |*a_reg[25]                  |            2.121675|             1.228424|           0.079112|         3.429212
99   |*a_reg[24]                  |            2.121542|             1.216648|           0.079112|         3.417302
100  |*a_reg[23]                  |            2.125997|             1.610750|           0.079112|         3.815859
101  |*counter_reg[4]             |            2.165129|             2.381483|           0.086213|         4.632825
102  |*counter_reg[3]             |            2.160227|             1.802570|           0.086213|         4.049009
103  |*counter_reg[2]             |            2.154664|             1.220958|           0.086213|         3.461835
104  |*counter_reg[1]             |            2.154553|             1.209402|           0.086213|         3.450168
105  |*counter_reg[0]             |            2.168031|             5.712217|           0.086213|         7.966461
106  |*i_0_0_0                    |            0.205849|            12.760880|           0.014353|        12.981082
107  |*clk_gate_overflow_reg      |            0.134769|             0.000000|           0.059138|         0.193907
108  |*clk_gate_b_reg__1          |            0.067319|             0.000000|           0.059138|         0.126457
109  |*i_0_1_0                    |            1.723166|             0.803658|           0.075762|         2.602587
110  |*i_0_1_1                    |            1.764185|             0.825862|           0.075762|         2.665809
111  |*i_0_1_2                    |            1.775443|             0.831412|           0.075762|         2.682618
112  |*i_0_1_3                    |            1.778553|             0.832800|           0.075762|         2.687116
113  |*i_0_1_4                    |            1.779448|             0.833147|           0.075762|         2.688357
114  |*i_0_1_5                    |            1.779731|             0.833233|           0.075762|         2.688726
115  |*i_0_1_6                    |            1.787204|             0.968623|           0.075762|         2.831589
116  |*i_0_1_7                    |            0.299321|             0.111475|           0.025066|         0.435862
117  |*i_0_1_8                    |            0.588199|             0.219553|           0.025066|         0.832818
118  |*i_0_1_9                    |            0.588199|             0.219553|           0.025066|         0.832818
119  |*i_0_1_10                   |            0.588199|             0.219553|           0.025066|         0.832818
120  |*i_0_1_11                   |            0.588199|             0.219553|           0.025066|         0.832818
121  |*i_0_1_12                   |            0.588199|             0.219553|           0.025066|         0.832818
122  |*i_0_1_13                   |            0.588199|             0.219553|           0.025066|         0.832818
123  |*i_0_1_14                   |            0.588199|             0.219553|           0.025066|         0.832818
124  |*i_0_1_15                   |            0.588199|             0.219553|           0.025066|         0.832818
125  |*i_0_1_16                   |            0.588199|             0.219553|           0.025066|         0.832818
126  |*i_0_1_17                   |            0.588199|             0.219553|           0.025066|         0.832818
127  |*i_0_1_18                   |            0.588199|             0.219553|           0.025066|         0.832818
128  |*i_0_1_19                   |            0.588199|             0.219553|           0.025066|         0.832818
129  |*i_0_1_20                   |            0.588199|             0.219553|           0.025066|         0.832818
130  |*i_0_1_21                   |            0.588199|             0.219553|           0.025066|         0.832818
131  |*i_0_1_22                   |            0.588199|             0.219553|           0.025066|         0.832818
132  |*i_0_1_23                   |            0.588199|             0.219553|           0.025066|         0.832818
133  |*i_0_1_24                   |            0.588199|             0.219553|           0.025066|         0.832818
134  |*i_0_1_25                   |            0.588199|             0.219553|           0.025066|         0.832818
135  |*i_0_1_26                   |            0.588199|             0.219553|           0.025066|         0.832818
136  |*i_0_1_27                   |            0.588199|             0.219553|           0.025066|         0.832818
137  |*i_0_1_28                   |            0.588199|             0.219553|           0.025066|         0.832818
138  |*i_0_1_29                   |            0.588199|             0.219553|           0.025066|         0.832818
139  |*i_0_1_30                   |            0.627627|             0.219553|           0.025066|         0.872245
140  |*i_0_1_31                   |            0.732975|             0.381052|           0.036441|         1.150468
141  |*i_0_1_32                   |            0.470748|             0.349708|           0.022695|         0.843151
142  |*i_0_1_33                   |            0.588276|             0.219553|           0.025066|         0.832895
143  |*i_0_1_34                   |            0.588276|             0.219553|           0.025066|         0.832895
144  |*i_0_1_35                   |            0.588276|             0.219553|           0.025066|         0.832895
145  |*i_0_1_36                   |            0.588276|             0.219553|           0.025066|         0.832895
146  |*i_0_1_37                   |            0.588276|             0.219553|           0.025066|         0.832895
147  |*i_0_1_38                   |            0.588276|             0.219553|           0.025066|         0.832895
148  |*i_0_1_39                   |            0.588276|             0.219553|           0.025066|         0.832895
149  |*i_0_1_40                   |            0.729600|             0.219666|           0.036441|         0.985707
150  |*i_0_1_41                   |            0.298281|             0.600283|           0.017393|         0.915958
151  |*i_0_1_42                   |            0.017297|             0.384848|           0.032612|         0.434757
152  |*i_0_1_43                   |            0.131932|             0.159004|           0.032601|         0.323538
153  |*i_0_1_44                   |            0.132357|             0.149184|           0.032601|         0.314142
154  |*i_0_1_45                   |            0.132285|             0.163303|           0.032601|         0.328189
155  |*i_0_1_46                   |            0.132414|             0.156841|           0.032601|         0.321857
156  |*i_0_1_47                   |            0.722685|             0.219666|           0.036441|         0.978792
157  |*i_0_1_48                   |            0.236226|             0.572428|           0.014353|         0.823006
158  |*i_0_2_0                    |            1.224927|             0.782281|           0.061230|         2.068438
159  |*i_0_2_1                    |            1.134377|             0.604317|           0.061230|         1.799924
160  |*i_0_2_2                    |            1.092220|             0.616332|           0.061230|         1.769782
161  |*i_0_2_3                    |            0.018745|             0.010896|           0.021200|         0.050840
162  |*i_0_2_4                    |            0.028823|             0.029702|           0.014353|         0.072879
163  |*i_0_2_5                    |            0.039657|             0.551771|           0.017393|         0.608821
164  |*i_0_2_6                    |            0.196246|             0.279735|           0.026832|         0.502813
165  |*i_0_2_7                    |            0.601655|             0.219351|           0.025066|         0.846073
166  |*i_0_2_8                    |            0.601655|             0.219351|           0.025066|         0.846073
167  |*i_0_2_9                    |            0.601655|             0.219351|           0.025066|         0.846073
168  |*i_0_2_10                   |            0.596080|             0.226289|           0.034566|         0.856935
169  |*i_0_2_11                   |            0.338575|             0.404269|           0.021200|         0.764043
170  |*i_0_2_12                   |            0.028618|             0.074079|           0.014353|         0.117050
171  |*i_0_2_13                   |            0.072031|             0.610829|           0.018127|         0.700987
172  |*i_0_2_14                   |            0.259087|             0.937225|           0.021200|         1.217512
173  |*i_0_2_15                   |            0.237491|             0.218353|           0.014353|         0.470197
174  |                            |                    |                     |                   |                 
175  |*TOTAL                      |          434.585449|           477.083832|          23.392714|       935.061951
-----+----------------------------+--------------------+---------------------+-------------------+-----------------
