Report 'report_power_summary': Power
Generated on Thu Dec 22 23:23:27 2022
  
---------------------------------------------------------------------------
|                        Power Summary (nanowatt)                         |
|-------------------------------------------------------------------------|
| Component          Internal Switching  Dynamic Leakage  Total   Percent | 
|-------------------------------------------------------------------------|
| Entire design       2868182   2467697  5335879  119691  5455570  100.00 | 
|                                                                         | 
| Power of all cells  2868182   1613967  4482149  119691  4601840   84.35 | 
|   Clock cells         94138     19622   113760     829   114589    2.10 | 
|   Data cells        2774031   1594345  4368376  118862  4487238   82.25 | 
|     Combinational   1727190   1469335  3196524  103347  3299871   60.49 | 
|     Registers       1046075    125010  1171085   15515  1186600   21.75 | 
|     Macros                0         0        0       0        0    0.00 | 
|     Physical              0         0        0       0        0    0.00 | 
|                                                                         | 
| Power of all nets              853730   853730           853730   15.65 | 
|   Clock nets                   144097   144097           144097    2.64 | 
|     Clock leaves               103382   103382           103382    1.89 | 
|   Data nets                    709633   709633           709633   13.01 | 
---------------------------------------------------------------------------


info UI33: performed report_power_summary for 0 sec (CPU time: 0 sec; MEM: RSS - 487M, CVMEM - 2079M, PVMEM - 2939M)
------------------------------------------------------------------------------------------------------------------------------------------------
| Corner     Enable Setup Hold  CRPR       SI    Power            EM   Voltage Drop DRC        Process                    RC Temp Scale Factor | 
|----------------------------------------------------------------------------------------------------------------------------------------------|
| slow       false  true  false setup_hold none  leakage          none none         trans, cap new_rcmaster_techFreePDK45 25      1            | 
| fast       false  false false setup_hold none  leakage          none none         trans, cap new_rcmaster_techFreePDK45 25      1            | 
| corner_0_0 true   true  true  setup_hold delay leakage, dynamic none none         trans, cap new_rcmaster_techFreePDK45 25      1            | 
------------------------------------------------------------------------------------------------------------------------------------------------


