Report 'report_mcmm_variation': MCMM Variation
Generated on Thu Dec 22 23:14:46 2022
  
------------------------------------------------------------------
|  MCMM variability report for design 'simpleMultiplier' (nano)  |
|----------------------------------------------------------------|
| MODE     CORNER     WNS     TNS     #Endpts WHS THS    #Endpts | 
|----------------------------------------------------------------|
| new_mode corner_0_0 -0.0480 -0.1060 3       --- 0.0000 0       | 
------------------------------------------------------------------


info UI33: performed report_mcmm_variation for 0 sec (CPU time: 0 sec; MEM: RSS - 416M, CVMEM - 2079M, PVMEM - 2939M)
Report 'report_path_group': Path Group
Generated on Thu Dec 22 23:14:46 2022
  
----------------------------------------------------------------------------------------------------------------------
|                                             PATH GROUPS (SETUP) (nano)                                             |
|--------------------------------------------------------------------------------------------------------------------|
|                  | QOR Weight Margin TNS Range Endpoints Violating Endpoints Violating Endpoints % WNS     TNS     | 
|--------------------------------------------------------------------------------------------------------------------|
| **global**       |     1             0.2000    259       3                   1.2                   -0.0480 -0.1060 | 
| **qor**          |     1             0.2000    259       3                   1.2                   -0.0480 -0.1060 | 
| vsysclk_new_mode | *   1             0.2000    128       3                   2.3                   -0.0480 -0.1060 | 
----------------------------------------------------------------------------------------------------------------------


info UI33: performed report_path_group for 0 sec (CPU time: 0 sec; MEM: RSS - 416M, CVMEM - 2079M, PVMEM - 2939M)
SLACK HISTOGRAM
---------------
Select : SELECT_LATE

-----------------------------------------------
| Slack             # End Pts Total # End Pts | 
|---------------------------------------------|
| -0.0490 - -0.0490 1         1               | 
| -0.0480 - -0.0480 0         1               | 
| -0.0470 - -0.0470 0         1               | 
| -0.0460 - -0.0460 0         1               | 
| -0.0450 - -0.0450 0         1               | 
| -0.0440 - -0.0440 0         1               | 
| -0.0430 - -0.0430 0         1               | 
| -0.0420 - -0.0420 0         1               | 
| -0.0410 - -0.0410 0         1               | 
| -0.0400 - -0.0400 0         1               | 
| -0.0390 - -0.0390 0         1               | 
| -0.0380 - -0.0380 0         1               | 
| -0.0370 - -0.0370 0         1               | 
| -0.0360 - -0.0360 0         1               | 
| -0.0350 - -0.0350 1         2               | 
| -0.0340 - -0.0340 0         2               | 
| -0.0330 - -0.0330 0         2               | 
| -0.0320 - -0.0320 0         2               | 
| -0.0310 - -0.0310 0         2               | 
| -0.0300 - -0.0300 0         2               | 
| -0.0290 - -0.0290 0         2               | 
| -0.0280 - -0.0280 0         2               | 
| -0.0270 - -0.0270 0         2               | 
| -0.0260 - -0.0260 0         2               | 
| -0.0250 - -0.0250 1         3               | 
| -0.0240 - -0.0240 0         3               | 
| -0.0230 - -0.0230 0         3               | 
| -0.0220 - -0.0220 0         3               | 
| -0.0210 - -0.0210 0         3               | 
| -0.0200 - -0.0200 0         3               | 
| -0.0190 - -0.0190 0         3               | 
| -0.0180 - -0.0180 0         3               | 
| -0.0170 - -0.0170 0         3               | 
| -0.0160 - -0.0160 0         3               | 
| -0.0150 - -0.0150 0         3               | 
| -0.0140 - -0.0140 0         3               | 
| -0.0130 - -0.0130 0         3               | 
| -0.0120 - -0.0120 0         3               | 
| -0.0110 - -0.0110 0         3               | 
| -0.0100 - -0.0100 0         3               | 
| -0.0090 - -0.0090 0         3               | 
| -0.0080 - -0.0080 0         3               | 
| -0.0070 - -0.0070 0         3               | 
| -0.0060 - -0.0060 0         3               | 
| -0.0050 - -0.0050 0         3               | 
| -0.0040 - -0.0040 0         3               | 
| -0.0030 - -0.0030 0         3               | 
| -0.0020 - -0.0020 0         3               | 
| -0.0010 - -0.0010 0         3               | 
| 0.0000 - 2.4990   256       259             | 
-----------------------------------------------


info UI33: performed report_slack_histogram for 0 sec (CPU time: 0 sec; MEM: RSS - 416M, CVMEM - 2079M, PVMEM - 2939M)
Report 'report_path_group': Path Group
Generated on Thu Dec 22 23:14:46 2022
  
-------------------------------------------------------------------------------------------
|                                PATH GROUPS (HOLD) (nano)                                |
|-----------------------------------------------------------------------------------------|
| QOR Weight Margin TNS Range Endpoints Violating Endpoints Violating Endpoints % WNS TNS | 
-------------------------------------------------------------------------------------------


info UI33: performed report_path_group for 0 sec (CPU time: 0 sec; MEM: RSS - 416M, CVMEM - 2079M, PVMEM - 2939M)
SLACK HISTOGRAM
---------------
Select : SELECT_EARLY

---------------------------------------------
| Slack           # End Pts Total # End Pts | 
|-------------------------------------------|
| 0.0000 - 0.9990 195       195             | 
| 1.0000 - 1.9990 64        259             | 
---------------------------------------------


info UI33: performed report_slack_histogram for 0 sec (CPU time: 0 sec; MEM: RSS - 416M, CVMEM - 2079M, PVMEM - 2939M)
