Report 'report_mcmm_variation': MCMM Variation
Generated on Thu Dec 22 23:09:00 2022
  
------------------------------------------------------------------
|  MCMM variability report for design 'simpleMultiplier' (nano)  |
|----------------------------------------------------------------|
| MODE     CORNER     WNS     TNS     #Endpts WHS THS    #Endpts | 
|----------------------------------------------------------------|
| new_mode corner_0_0 -0.0450 -0.2060 8       --- 0.0000 0       | 
------------------------------------------------------------------


info UI33: performed report_mcmm_variation for 0 sec (CPU time: 0 sec; MEM: RSS - 424M, CVMEM - 2140M, PVMEM - 2939M)
Report 'report_path_group': Path Group
Generated on Thu Dec 22 23:09:00 2022
  
----------------------------------------------------------------------------------------------------------------------
|                                             PATH GROUPS (SETUP) (nano)                                             |
|--------------------------------------------------------------------------------------------------------------------|
|                  | QOR Weight Margin TNS Range Endpoints Violating Endpoints Violating Endpoints % WNS     TNS     | 
|--------------------------------------------------------------------------------------------------------------------|
| **global**       |     1             0.2000    259       8                   3.1                   -0.0450 -0.2060 | 
| **qor**          |     1             0.2000    259       8                   3.1                   -0.0450 -0.2060 | 
| vsysclk_new_mode | *   1             0.2000    128       8                   6.2                   -0.0450 -0.2060 | 
----------------------------------------------------------------------------------------------------------------------


info UI33: performed report_path_group for 0 sec (CPU time: 0 sec; MEM: RSS - 424M, CVMEM - 2140M, PVMEM - 2939M)
SLACK HISTOGRAM
---------------
Select : SELECT_LATE

-----------------------------------------------
| Slack             # End Pts Total # End Pts | 
|---------------------------------------------|
| -0.0460 - -0.0460 1         1               | 
| -0.0450 - -0.0450 0         1               | 
| -0.0440 - -0.0440 0         1               | 
| -0.0430 - -0.0430 0         1               | 
| -0.0420 - -0.0420 0         1               | 
| -0.0410 - -0.0410 0         1               | 
| -0.0400 - -0.0400 0         1               | 
| -0.0390 - -0.0390 0         1               | 
| -0.0380 - -0.0380 0         1               | 
| -0.0370 - -0.0370 0         1               | 
| -0.0360 - -0.0360 0         1               | 
| -0.0350 - -0.0350 0         1               | 
| -0.0340 - -0.0340 0         1               | 
| -0.0330 - -0.0330 0         1               | 
| -0.0320 - -0.0320 1         2               | 
| -0.0310 - -0.0310 1         3               | 
| -0.0300 - -0.0300 0         3               | 
| -0.0290 - -0.0290 1         4               | 
| -0.0280 - -0.0280 1         5               | 
| -0.0270 - -0.0270 0         5               | 
| -0.0260 - -0.0260 0         5               | 
| -0.0250 - -0.0250 0         5               | 
| -0.0240 - -0.0240 0         5               | 
| -0.0230 - -0.0230 0         5               | 
| -0.0220 - -0.0220 0         5               | 
| -0.0210 - -0.0210 0         5               | 
| -0.0200 - -0.0200 0         5               | 
| -0.0190 - -0.0190 0         5               | 
| -0.0180 - -0.0180 1         6               | 
| -0.0170 - -0.0170 1         7               | 
| -0.0160 - -0.0160 0         7               | 
| -0.0150 - -0.0150 0         7               | 
| -0.0140 - -0.0140 0         7               | 
| -0.0130 - -0.0130 1         8               | 
| -0.0120 - -0.0120 0         8               | 
| -0.0110 - -0.0110 0         8               | 
| -0.0100 - -0.0100 0         8               | 
| -0.0090 - -0.0090 0         8               | 
| -0.0080 - -0.0080 0         8               | 
| -0.0070 - -0.0070 0         8               | 
| -0.0060 - -0.0060 0         8               | 
| -0.0050 - -0.0050 0         8               | 
| -0.0040 - -0.0040 0         8               | 
| -0.0030 - -0.0030 0         8               | 
| -0.0020 - -0.0020 0         8               | 
| -0.0010 - -0.0010 0         8               | 
| 0.0000 - 2.4990   251       259             | 
-----------------------------------------------


info UI33: performed report_slack_histogram for 0 sec (CPU time: 0 sec; MEM: RSS - 424M, CVMEM - 2140M, PVMEM - 2939M)
Report 'report_path_group': Path Group
Generated on Thu Dec 22 23:09:00 2022
  
-------------------------------------------------------------------------------------------
|                                PATH GROUPS (HOLD) (nano)                                |
|-----------------------------------------------------------------------------------------|
| QOR Weight Margin TNS Range Endpoints Violating Endpoints Violating Endpoints % WNS TNS | 
-------------------------------------------------------------------------------------------


info UI33: performed report_path_group for 0 sec (CPU time: 0 sec; MEM: RSS - 424M, CVMEM - 2140M, PVMEM - 2939M)
SLACK HISTOGRAM
---------------
Select : SELECT_EARLY

---------------------------------------------
| Slack           # End Pts Total # End Pts | 
|-------------------------------------------|
| 0.0000 - 0.7490 258       258             | 
| 0.7500 - 1.4990 1         259             | 
---------------------------------------------


info UI33: performed report_slack_histogram for 0 sec (CPU time: 0 sec; MEM: RSS - 424M, CVMEM - 2140M, PVMEM - 2939M)
