Report 'report_power_summary': Power
Generated on Wed Jan 4 04:18:55 2023
  
--------------------------------------------------------------------------
|                        Power Summary (nanowatt)                        |
|------------------------------------------------------------------------|
| Component          Internal Switching  Dynamic Leakage  Total  Percent | 
|------------------------------------------------------------------------|
| Entire design         92420     76072   168492   36028  204520  100.00 | 
|                                                                        | 
| Power of all cells    92420     52204   144624   36028  180652   88.33 | 
|   Clock cells          4607       854     5461     371    5832    2.85 | 
|   Data cells          87814     51349   139163   35657  174820   85.48 | 
|     Combinational     39181     46215    85396   28012  113408   55.45 | 
|     Registers         48622      5135    53757    7645   61402   30.02 | 
|     Macros                0         0        0       0       0    0.00 | 
|     Physical              0         0        0       0       0    0.00 | 
|                                                                        | 
| Power of all nets               23868    23868           23868   11.67 | 
|   Clock nets                     6807     6807            6807    3.33 | 
|     Clock leaves                 6641     6641            6641    3.25 | 
|   Data nets                     17061    17061           17061    8.34 | 
--------------------------------------------------------------------------


info UI33: performed report_power_summary for 0 sec (CPU time: 0 sec; MEM: RSS - 329M, CVMEM - 1773M, PVMEM - 2633M)
-----------------------------------------------------------------------------------------------------------------------------------------------
| Corner     Enable Setup Hold  CRPR       SI   Power            EM   Voltage Drop DRC        Process                    RC Temp Scale Factor | 
|---------------------------------------------------------------------------------------------------------------------------------------------|
| slow       false  true  false setup_hold none leakage          none none         trans, cap new_rcmaster_techFreePDK45 25      1            | 
| fast       false  false false setup_hold none leakage          none none         trans, cap new_rcmaster_techFreePDK45 25      1            | 
| corner_0_0 true   true  true  setup_hold none leakage, dynamic none none         trans, cap new_rcmaster_techFreePDK45 25      1            | 
-----------------------------------------------------------------------------------------------------------------------------------------------


