Report 'report_mcmm_variation': MCMM Variation
Generated on Wed Jan 4 04:22:04 2023
  
-------------------------------------------------------------
| MCMM variability report for design 'fp_adder_buff' (nano) |
|-----------------------------------------------------------|
| MODE CORNER WNS TNS #Endpts WHS THS #Endpts               | 
-------------------------------------------------------------


info UI33: performed report_mcmm_variation for 0 sec (CPU time: 0 sec; MEM: RSS - 380M, CVMEM - 1773M, PVMEM - 2633M)
Report 'report_path_group': Path Group
Generated on Wed Jan 4 04:22:04 2023
  
-------------------------------------------------------------------------------------------
|                               PATH GROUPS (SETUP) (nano)                                |
|-----------------------------------------------------------------------------------------|
| QOR Weight Margin TNS Range Endpoints Violating Endpoints Violating Endpoints % WNS TNS | 
-------------------------------------------------------------------------------------------


info UI33: performed report_path_group for 0 sec (CPU time: 0 sec; MEM: RSS - 380M, CVMEM - 1773M, PVMEM - 2633M)
SLACK HISTOGRAM
---------------
Select : SELECT_LATE

----------------------------------------------
| Slack            # End Pts Total # End Pts | 
|--------------------------------------------|
| 0.0000 - 24.9990 135       135             | 
----------------------------------------------


info UI33: performed report_slack_histogram for 0 sec (CPU time: 0 sec; MEM: RSS - 380M, CVMEM - 1773M, PVMEM - 2633M)
Report 'report_path_group': Path Group
Generated on Wed Jan 4 04:22:04 2023
  
-------------------------------------------------------------------------------------------
|                                PATH GROUPS (HOLD) (nano)                                |
|-----------------------------------------------------------------------------------------|
| QOR Weight Margin TNS Range Endpoints Violating Endpoints Violating Endpoints % WNS TNS | 
-------------------------------------------------------------------------------------------


info UI33: performed report_path_group for 0 sec (CPU time: 0 sec; MEM: RSS - 380M, CVMEM - 1773M, PVMEM - 2633M)
SLACK HISTOGRAM
---------------
Select : SELECT_EARLY

---------------------------------------------
| Slack           # End Pts Total # End Pts | 
|-------------------------------------------|
| 0.0000 - 2.4990 135       135             | 
---------------------------------------------


info UI33: performed report_slack_histogram for 0 sec (CPU time: 0 sec; MEM: RSS - 380M, CVMEM - 1773M, PVMEM - 2633M)
