Report 'report_power_summary': Power
Generated on Wed Jan 4 04:21:51 2023
  
--------------------------------------------------------------------------
|                        Power Summary (nanowatt)                        |
|------------------------------------------------------------------------|
| Component          Internal Switching  Dynamic Leakage  Total  Percent | 
|------------------------------------------------------------------------|
| Entire design         90272     74053   164326   36155  200481  100.00 | 
|                                                                        | 
| Power of all cells    90272     52298   142571   36155  178726   89.15 | 
|   Clock cells          4564       854     5418     371    5789    2.89 | 
|   Data cells          85708     51444   137152   35784  172937   86.26 | 
|     Combinational     39299     46309    85609   28140  113748   56.74 | 
|     Registers         46397      5135    51531    7645   59176   29.52 | 
|     Macros                0         0        0       0       0    0.00 | 
|     Physical              0         0        0       0       0    0.00 | 
|                                                                        | 
| Power of all nets               21755    21755           21755   10.85 | 
|   Clock nets                     4371     4371            4371    2.18 | 
|     Clock leaves                 4266     4266            4266    2.13 | 
|   Data nets                     17384    17384           17384    8.67 | 
--------------------------------------------------------------------------


info UI33: performed report_power_summary for 0 sec (CPU time: 0 sec; MEM: RSS - 378M, CVMEM - 1773M, PVMEM - 2633M)
------------------------------------------------------------------------------------------------------------------------------------------------
| Corner     Enable Setup Hold  CRPR       SI    Power            EM   Voltage Drop DRC        Process                    RC Temp Scale Factor | 
|----------------------------------------------------------------------------------------------------------------------------------------------|
| slow       false  true  false setup_hold none  leakage          none none         trans, cap new_rcmaster_techFreePDK45 25      1            | 
| fast       false  false false setup_hold none  leakage          none none         trans, cap new_rcmaster_techFreePDK45 25      1            | 
| corner_0_0 true   true  true  setup_hold delay leakage, dynamic none none         trans, cap new_rcmaster_techFreePDK45 25      1            | 
------------------------------------------------------------------------------------------------------------------------------------------------


