warning: No library characterized for (process = 1.00 voltage = 0.85 temperature = 25.00) can be found in the database for power domain '/PD_TOP'  [NL-174]
Report Power (instances with prefix '*' are included in total) : 
-----+--------------------+--------------------+---------------------+-------------------+-----------------
     | Instance           | Internal Power(uw) | Switching Power(uw) | Leakage Power(uw) | Total Power(uw) 
-----+--------------------+--------------------+---------------------+-------------------+-----------------
1    |*clk_gate_c_reg     |            0.013098|             0.051147|           0.059138|         0.123383
2    |*c_reg[63]          |            2.389681|             4.072463|           0.086213|         6.548357
3    |*c_reg[62]          |            2.389681|             4.072463|           0.086213|         6.548357
4    |*c_reg[61]          |            2.389746|             4.093288|           0.086213|         6.569247
5    |*c_reg[60]          |            2.389750|             4.094488|           0.086213|         6.570450
6    |*c_reg[59]          |            2.389601|             4.047100|           0.086213|         6.522914
7    |*c_reg[58]          |            2.389826|             4.119079|           0.086213|         6.595118
8    |*c_reg[57]          |            2.389810|             4.113853|           0.086213|         6.589877
9    |*c_reg[56]          |            2.389589|             4.043074|           0.086213|         6.518876
10   |*c_reg[55]          |            2.389666|             4.067665|           0.086213|         6.543543
11   |*c_reg[54]          |            2.389666|             4.067665|           0.086213|         6.543543
12   |*c_reg[53]          |            2.389731|             4.088489|           0.086213|         6.564433
13   |*c_reg[52]          |            2.389735|             4.089688|           0.086213|         6.565636
14   |*c_reg[51]          |            2.389587|             4.042301|           0.086213|         6.518101
15   |*c_reg[50]          |            2.389811|             4.114280|           0.086213|         6.590304
16   |*c_reg[49]          |            2.389795|             4.109055|           0.086213|         6.585063
17   |*c_reg[48]          |            2.389574|             4.038275|           0.086213|         6.514062
18   |*c_reg[47]          |            2.389651|             4.062867|           0.086213|         6.538731
19   |*c_reg[46]          |            2.389651|             4.062867|           0.086213|         6.538731
20   |*c_reg[45]          |            2.389716|             4.083691|           0.086213|         6.559620
21   |*c_reg[44]          |            2.389719|             4.084890|           0.086213|         6.560823
22   |*c_reg[43]          |            2.389571|             4.037502|           0.086213|         6.513287
23   |*c_reg[42]          |            2.389796|             4.109481|           0.086213|         6.585491
24   |*c_reg[41]          |            2.389780|             4.104256|           0.086213|         6.580249
25   |*c_reg[40]          |            2.389559|             4.033477|           0.086213|         6.509249
26   |*c_reg[39]          |            2.389636|             4.058068|           0.086213|         6.533916
27   |*c_reg[38]          |            2.389636|             4.058068|           0.086213|         6.533916
28   |*c_reg[37]          |            2.389701|             4.078892|           0.086213|         6.554806
29   |*c_reg[36]          |            2.389704|             4.080092|           0.086213|         6.556009
30   |*c_reg[35]          |            2.389557|             4.032704|           0.086213|         6.508474
31   |*c_reg[34]          |            2.389781|             4.104683|           0.086213|         6.580678
32   |*c_reg[33]          |            2.389765|             4.099458|           0.086213|         6.575436
33   |*c_reg[32]          |            2.389544|             4.028678|           0.086213|         6.504436
34   |*c_reg[31]          |            2.389621|             4.053269|           0.086213|         6.529103
35   |*c_reg[30]          |            2.389621|             4.053269|           0.086213|         6.529103
36   |*c_reg[29]          |            2.389686|             4.074094|           0.086213|         6.549993
37   |*c_reg[28]          |            2.389689|             4.075293|           0.086213|         6.551196
38   |*c_reg[27]          |            2.389541|             4.027905|           0.086213|         6.503660
39   |*c_reg[26]          |            2.389766|             4.099885|           0.086213|         6.575864
40   |*c_reg[25]          |            2.389750|             4.094659|           0.086213|         6.570622
41   |*c_reg[24]          |            2.389529|             4.023880|           0.086213|         6.499621
42   |*c_reg[23]          |            2.389606|             4.048471|           0.086213|         6.524290
43   |*c_reg[22]          |            2.389606|             4.048471|           0.086213|         6.524290
44   |*c_reg[21]          |            2.389671|             4.069295|           0.086213|         6.545179
45   |*c_reg[20]          |            2.389674|             4.070495|           0.086213|         6.546382
46   |*c_reg[19]          |            2.389527|             4.023107|           0.086213|         6.498847
47   |*c_reg[18]          |            2.389751|             4.095086|           0.086213|         6.571050
48   |*c_reg[17]          |            2.389735|             4.089860|           0.086213|         6.565808
49   |*c_reg[16]          |            2.389514|             4.019081|           0.086213|         6.494808
50   |*c_reg[15]          |            2.389591|             4.043672|           0.086213|         6.519476
51   |*c_reg[14]          |            2.389591|             4.043672|           0.086213|         6.519476
52   |*c_reg[13]          |            2.389656|             4.064497|           0.086213|         6.540366
53   |*c_reg[12]          |            2.389660|             4.065696|           0.086213|         6.541569
54   |*c_reg[11]          |            2.389516|             4.019680|           0.086213|         6.495409
55   |*c_reg[10]          |            2.389736|             4.090288|           0.086213|         6.566237
56   |*c_reg[9]           |            2.389720|             4.085062|           0.086213|         6.560995
57   |*c_reg[8]           |            2.389499|             4.014283|           0.086213|         6.489995
58   |*c_reg[7]           |            2.389576|             4.038874|           0.086213|         6.514663
59   |*c_reg[6]           |            2.389576|             4.038874|           0.086213|         6.514662
60   |*c_reg[5]           |            2.389640|             4.059698|           0.086213|         6.535551
61   |*c_reg[4]           |            2.389643|             4.060897|           0.086213|         6.536754
62   |*c_reg[3]           |            2.389529|             4.024478|           0.086213|         6.500219
63   |*c_reg[2]           |            2.389716|             4.085488|           0.086213|         6.561418
64   |*c_reg[1]           |            2.389695|             4.080263|           0.086213|         6.556171
65   |*c_reg[0]           |            2.389455|             4.009483|           0.086213|         6.485151
66   |*i_0_4              |           38.944340|            20.412355|           4.831370|        64.188065
67   |*counter_reg[7]     |            0.896507|             0.602894|           0.086213|         1.585613
68   |*counter_reg[6]     |            0.896519|             0.604701|           0.086213|         1.587433
69   |*counter_reg[5]     |            0.898668|             0.909084|           0.086213|         1.893965
70   |*counter_reg[4]     |            0.898685|             0.911476|           0.086213|         1.896373
71   |*counter_reg[3]     |            0.897775|             0.782646|           0.086213|         1.766635
72   |*counter_reg[2]     |            0.897738|             0.777293|           0.086213|         1.761243
73   |*counter_reg[1]     |            0.897762|             0.780756|           0.086213|         1.764731
74   |*counter_reg[0]     |            0.901678|             2.754127|           0.086213|         3.742018
75   |*B_reg[63]          |            0.531830|             0.973053|           0.079112|         1.583995
76   |*B_reg[62]          |            0.531830|             0.973053|           0.079112|         1.583995
77   |*B_reg[61]          |            0.531830|             0.973053|           0.079112|         1.583995
78   |*B_reg[60]          |            0.531830|             0.973053|           0.079112|         1.583995
79   |*B_reg[59]          |            0.531830|             0.973053|           0.079112|         1.583995
80   |*B_reg[58]          |            0.531830|             0.973053|           0.079112|         1.583995
81   |*B_reg[57]          |            0.531830|             0.973053|           0.079112|         1.583995
82   |*B_reg[56]          |            0.531830|             0.973053|           0.079112|         1.583995
83   |*B_reg[55]          |            0.531830|             0.973053|           0.079112|         1.583995
84   |*B_reg[54]          |            0.531830|             0.973053|           0.079112|         1.583995
85   |*B_reg[53]          |            0.531830|             0.973053|           0.079112|         1.583995
86   |*B_reg[52]          |            0.531830|             0.973053|           0.079112|         1.583995
87   |*B_reg[51]          |            0.531830|             0.973053|           0.079112|         1.583995
88   |*B_reg[50]          |            0.531830|             0.973053|           0.079112|         1.583995
89   |*B_reg[49]          |            0.531830|             0.973053|           0.079112|         1.583995
90   |*B_reg[48]          |            0.531830|             0.973053|           0.079112|         1.583995
91   |*B_reg[47]          |            0.531830|             0.973053|           0.079112|         1.583995
92   |*B_reg[46]          |            0.531830|             0.973053|           0.079112|         1.583995
93   |*B_reg[45]          |            0.531830|             0.973053|           0.079112|         1.583995
94   |*B_reg[44]          |            0.531830|             0.973053|           0.079112|         1.583995
95   |*B_reg[43]          |            0.531830|             0.973053|           0.079112|         1.583995
96   |*B_reg[42]          |            0.531830|             0.973053|           0.079112|         1.583995
97   |*B_reg[41]          |            0.531830|             0.973053|           0.079112|         1.583995
98   |*B_reg[40]          |            0.531830|             0.973053|           0.079112|         1.583995
99   |*B_reg[39]          |            0.531830|             0.973053|           0.079112|         1.583995
100  |*B_reg[38]          |            0.531830|             0.973053|           0.079112|         1.583995
101  |*B_reg[37]          |            0.531830|             0.973053|           0.079112|         1.583995
102  |*B_reg[36]          |            0.531830|             0.973053|           0.079112|         1.583995
103  |*B_reg[35]          |            0.531830|             0.973053|           0.079112|         1.583995
104  |*B_reg[34]          |            0.531830|             0.973053|           0.079112|         1.583995
105  |*B_reg[33]          |            0.531830|             0.973053|           0.079112|         1.583995
106  |*B_reg[32]          |            0.531830|             0.973053|           0.079112|         1.583995
107  |*B_reg[31]          |            0.531830|             0.973053|           0.079112|         1.583995
108  |*B_reg[30]          |            0.526232|             0.229534|           0.079112|         0.834878
109  |*B_reg[29]          |            0.526232|             0.229534|           0.079112|         0.834878
110  |*B_reg[28]          |            0.526232|             0.229534|           0.079112|         0.834878
111  |*B_reg[27]          |            0.526232|             0.229534|           0.079112|         0.834878
112  |*B_reg[26]          |            0.526232|             0.229534|           0.079112|         0.834878
113  |*B_reg[25]          |            0.526232|             0.229534|           0.079112|         0.834878
114  |*B_reg[24]          |            0.526232|             0.229534|           0.079112|         0.834878
115  |*B_reg[23]          |            0.526232|             0.229534|           0.079112|         0.834878
116  |*B_reg[22]          |            0.526232|             0.229534|           0.079112|         0.834878
117  |*B_reg[21]          |            0.526232|             0.229534|           0.079112|         0.834878
118  |*B_reg[20]          |            0.526232|             0.229534|           0.079112|         0.834878
119  |*B_reg[19]          |            0.526232|             0.229534|           0.079112|         0.834878
120  |*B_reg[18]          |            0.526232|             0.229534|           0.079112|         0.834878
121  |*B_reg[17]          |            0.526232|             0.229534|           0.079112|         0.834878
122  |*B_reg[16]          |            0.526232|             0.229534|           0.079112|         0.834878
123  |*B_reg[15]          |            0.526232|             0.229534|           0.079112|         0.834878
124  |*B_reg[14]          |            0.526232|             0.229534|           0.079112|         0.834878
125  |*B_reg[13]          |            0.526232|             0.229534|           0.079112|         0.834878
126  |*B_reg[12]          |            0.526232|             0.229534|           0.079112|         0.834878
127  |*B_reg[11]          |            0.526232|             0.229534|           0.079112|         0.834878
128  |*B_reg[10]          |            0.526232|             0.229534|           0.079112|         0.834878
129  |*B_reg[9]           |            0.526232|             0.229534|           0.079112|         0.834878
130  |*B_reg[8]           |            0.526232|             0.229534|           0.079112|         0.834878
131  |*B_reg[7]           |            0.526232|             0.229534|           0.079112|         0.834878
132  |*B_reg[6]           |            0.526232|             0.229534|           0.079112|         0.834878
133  |*B_reg[5]           |            0.526232|             0.229534|           0.079112|         0.834878
134  |*B_reg[4]           |            0.526232|             0.229534|           0.079112|         0.834878
135  |*B_reg[3]           |            0.526232|             0.229534|           0.079112|         0.834878
136  |*B_reg[2]           |            0.526232|             0.229534|           0.079112|         0.834878
137  |*B_reg[1]           |            0.526232|             0.229534|           0.079112|         0.834878
138  |*Q_reg[30]          |            0.521650|             0.125505|           0.079112|         0.726267
139  |*Q_reg[29]          |            0.520223|             0.062820|           0.079112|         0.662155
140  |*Q_reg[28]          |            0.520223|             0.062820|           0.079112|         0.662155
141  |*Q_reg[27]          |            0.520223|             0.062820|           0.079112|         0.662155
142  |*Q_reg[26]          |            0.520223|             0.062820|           0.079112|         0.662155
143  |*Q_reg[25]          |            0.520223|             0.062820|           0.079112|         0.662155
144  |*Q_reg[24]          |            0.520223|             0.062820|           0.079112|         0.662155
145  |*Q_reg[23]          |            0.520223|             0.062820|           0.079112|         0.662155
146  |*Q_reg[22]          |            0.520223|             0.062820|           0.079112|         0.662155
147  |*Q_reg[21]          |            0.520223|             0.062820|           0.079112|         0.662155
148  |*Q_reg[20]          |            0.520223|             0.062820|           0.079112|         0.662155
149  |*Q_reg[19]          |            0.520223|             0.062820|           0.079112|         0.662155
150  |*Q_reg[18]          |            0.520223|             0.062820|           0.079112|         0.662155
151  |*Q_reg[17]          |            0.520223|             0.062820|           0.079112|         0.662155
152  |*Q_reg[16]          |            0.520223|             0.062820|           0.079112|         0.662155
153  |*Q_reg[15]          |            0.520223|             0.062820|           0.079112|         0.662155
154  |*Q_reg[14]          |            0.520223|             0.062820|           0.079112|         0.662155
155  |*Q_reg[13]          |            0.520223|             0.062820|           0.079112|         0.662155
156  |*Q_reg[12]          |            0.520223|             0.062820|           0.079112|         0.662155
157  |*Q_reg[11]          |            0.520223|             0.062820|           0.079112|         0.662155
158  |*Q_reg[10]          |            0.520223|             0.062820|           0.079112|         0.662155
159  |*Q_reg[9]           |            0.520223|             0.062820|           0.079112|         0.662155
160  |*Q_reg[8]           |            0.520223|             0.062820|           0.079112|         0.662155
161  |*Q_reg[7]           |            0.520223|             0.062820|           0.079112|         0.662155
162  |*Q_reg[6]           |            0.520223|             0.062820|           0.079112|         0.662155
163  |*Q_reg[5]           |            0.520223|             0.062820|           0.079112|         0.662155
164  |*Q_reg[4]           |            0.520223|             0.062820|           0.079112|         0.662155
165  |*Q_reg[3]           |            0.520223|             0.062820|           0.079112|         0.662155
166  |*Q_reg[2]           |            0.520223|             0.062820|           0.079112|         0.662155
167  |*Q_reg[1]           |            0.520223|             0.062820|           0.079112|         0.662155
168  |*Q_reg[0]           |            0.520965|             0.096502|           0.079112|         0.696579
169  |*Accumulator_reg[63]|            0.887255|             0.195034|           0.086213|         1.168502
170  |*Accumulator_reg[62]|            0.887255|             0.195034|           0.086213|         1.168502
171  |*Accumulator_reg[61]|            0.887255|             0.195034|           0.086213|         1.168502
172  |*Accumulator_reg[60]|            0.887255|             0.195034|           0.086213|         1.168502
173  |*Accumulator_reg[59]|            0.887255|             0.195034|           0.086213|         1.168502
174  |*Accumulator_reg[58]|            0.887255|             0.195034|           0.086213|         1.168502
175  |*Accumulator_reg[57]|            0.887255|             0.195034|           0.086213|         1.168502
176  |*Accumulator_reg[56]|            0.887255|             0.195034|           0.086213|         1.168502
177  |*Accumulator_reg[55]|            0.887255|             0.195034|           0.086213|         1.168502
178  |*Accumulator_reg[54]|            0.887255|             0.195034|           0.086213|         1.168502
179  |*Accumulator_reg[53]|            0.887255|             0.195034|           0.086213|         1.168502
180  |*Accumulator_reg[52]|            0.887255|             0.195034|           0.086213|         1.168502
181  |*Accumulator_reg[51]|            0.887255|             0.195034|           0.086213|         1.168502
182  |*Accumulator_reg[50]|            0.887255|             0.195034|           0.086213|         1.168502
183  |*Accumulator_reg[49]|            0.887255|             0.195034|           0.086213|         1.168502
184  |*Accumulator_reg[48]|            0.887255|             0.195034|           0.086213|         1.168502
185  |*Accumulator_reg[47]|            0.887255|             0.195034|           0.086213|         1.168502
186  |*Accumulator_reg[46]|            0.887255|             0.195034|           0.086213|         1.168502
187  |*Accumulator_reg[45]|            0.887255|             0.195034|           0.086213|         1.168502
188  |*Accumulator_reg[44]|            0.887255|             0.195034|           0.086213|         1.168502
189  |*Accumulator_reg[43]|            0.887255|             0.195034|           0.086213|         1.168502
190  |*Accumulator_reg[42]|            0.887255|             0.195034|           0.086213|         1.168502
191  |*Accumulator_reg[41]|            0.887255|             0.195034|           0.086213|         1.168502
192  |*Accumulator_reg[40]|            0.887255|             0.195034|           0.086213|         1.168502
193  |*Accumulator_reg[39]|            0.887255|             0.195034|           0.086213|         1.168502
194  |*Accumulator_reg[38]|            0.887255|             0.195034|           0.086213|         1.168502
195  |*Accumulator_reg[37]|            0.887255|             0.195034|           0.086213|         1.168502
196  |*Accumulator_reg[36]|            0.887255|             0.195034|           0.086213|         1.168502
197  |*Accumulator_reg[35]|            0.887255|             0.195034|           0.086213|         1.168502
198  |*Accumulator_reg[34]|            0.887255|             0.195034|           0.086213|         1.168502
199  |*Accumulator_reg[33]|            0.887255|             0.195034|           0.086213|         1.168502
200  |*Accumulator_reg[32]|            0.887255|             0.195034|           0.086213|         1.168502
201  |*Accumulator_reg[31]|            0.887255|             0.195034|           0.086213|         1.168502
202  |*Accumulator_reg[30]|            0.887255|             0.195034|           0.086213|         1.168502
203  |*Accumulator_reg[29]|            0.887255|             0.195034|           0.086213|         1.168502
204  |*Accumulator_reg[28]|            0.887255|             0.195034|           0.086213|         1.168502
205  |*Accumulator_reg[27]|            0.887255|             0.195034|           0.086213|         1.168502
206  |*Accumulator_reg[26]|            0.887255|             0.195034|           0.086213|         1.168502
207  |*Accumulator_reg[25]|            0.887255|             0.195034|           0.086213|         1.168502
208  |*Accumulator_reg[24]|            0.887255|             0.195034|           0.086213|         1.168502
209  |*Accumulator_reg[23]|            0.887255|             0.195034|           0.086213|         1.168502
210  |*Accumulator_reg[22]|            0.887255|             0.195034|           0.086213|         1.168502
211  |*Accumulator_reg[21]|            0.887255|             0.195034|           0.086213|         1.168502
212  |*Accumulator_reg[20]|            0.887255|             0.195034|           0.086213|         1.168502
213  |*Accumulator_reg[19]|            0.887255|             0.195034|           0.086213|         1.168502
214  |*Accumulator_reg[18]|            0.887255|             0.195034|           0.086213|         1.168502
215  |*Accumulator_reg[17]|            0.887255|             0.195034|           0.086213|         1.168502
216  |*Accumulator_reg[16]|            0.887255|             0.195034|           0.086213|         1.168502
217  |*Accumulator_reg[15]|            0.887255|             0.195034|           0.086213|         1.168502
218  |*Accumulator_reg[14]|            0.887255|             0.195034|           0.086213|         1.168502
219  |*Accumulator_reg[13]|            0.887255|             0.195034|           0.086213|         1.168502
220  |*Accumulator_reg[12]|            0.887255|             0.195034|           0.086213|         1.168502
221  |*Accumulator_reg[11]|            0.887255|             0.195034|           0.086213|         1.168502
222  |*Accumulator_reg[10]|            0.887255|             0.195034|           0.086213|         1.168502
223  |*Accumulator_reg[9] |            0.887255|             0.195034|           0.086213|         1.168502
224  |*Accumulator_reg[8] |            0.887255|             0.195034|           0.086213|         1.168502
225  |*Accumulator_reg[7] |            0.887255|             0.195034|           0.086213|         1.168502
226  |*Accumulator_reg[6] |            0.887255|             0.195034|           0.086213|         1.168502
227  |*Accumulator_reg[5] |            0.887255|             0.195034|           0.086213|         1.168502
228  |*Accumulator_reg[4] |            0.887255|             0.195034|           0.086213|         1.168502
229  |*Accumulator_reg[3] |            0.887255|             0.195034|           0.086213|         1.168501
230  |*Accumulator_reg[2] |            0.887254|             0.195034|           0.086213|         1.168501
231  |*Accumulator_reg[1] |            0.887254|             0.195034|           0.086213|         1.168501
232  |*Accumulator_reg[0] |            0.887251|             0.195034|           0.086213|         1.168498
233  |*clk_gate_Q_reg     |            1.010376|             9.090076|           0.059138|        10.159590
234  |*i_0_0_0            |            0.820359|             0.531798|           0.061230|         1.413386
235  |*i_0_0_1            |            0.826215|             0.466369|           0.061230|         1.353814
236  |*i_0_0_2            |            0.755472|             0.379579|           0.061230|         1.196281
237  |*i_0_0_3            |            0.684012|             0.309140|           0.061230|         1.054381
238  |*i_0_0_4            |            0.630370|             0.261242|           0.061230|         0.952842
239  |*i_0_0_5            |            0.594320|             0.232868|           0.061230|         0.888418
240  |*i_0_0_6            |            0.412569|             0.124985|           0.035928|         0.573482
241  |*i_0_0_7            |            0.412569|             0.124985|           0.035928|         0.573482
242  |*i_0_0_8            |            0.412569|             0.124985|           0.035928|         0.573482
243  |*i_0_0_9            |            0.412569|             0.124985|           0.035928|         0.573482
244  |*i_0_0_10           |            0.412569|             0.124985|           0.035928|         0.573482
245  |*i_0_0_11           |            0.412569|             0.124985|           0.035928|         0.573482
246  |*i_0_0_12           |            0.412569|             0.124985|           0.035928|         0.573482
247  |*i_0_0_13           |            0.412569|             0.124985|           0.035928|         0.573482
248  |*i_0_0_14           |            0.412569|             0.124985|           0.035928|         0.573482
249  |*i_0_0_15           |            0.412569|             0.124985|           0.035928|         0.573482
250  |*i_0_0_16           |            0.412569|             0.124985|           0.035928|         0.573482
251  |*i_0_0_17           |            0.412569|             0.124985|           0.035928|         0.573482
252  |*i_0_0_18           |            0.412569|             0.124985|           0.035928|         0.573482
253  |*i_0_0_19           |            0.412569|             0.124985|           0.035928|         0.573482
254  |*i_0_0_20           |            0.412569|             0.124985|           0.035928|         0.573482
255  |*i_0_0_21           |            0.412569|             0.124985|           0.035928|         0.573482
256  |*i_0_0_22           |            0.412569|             0.124985|           0.035928|         0.573482
257  |*i_0_0_23           |            0.412569|             0.124985|           0.035928|         0.573482
258  |*i_0_0_24           |            0.412569|             0.124985|           0.035928|         0.573482
259  |*i_0_0_25           |            0.412569|             0.124985|           0.035928|         0.573482
260  |*i_0_0_26           |            0.412569|             0.124985|           0.035928|         0.573482
261  |*i_0_0_27           |            0.412569|             0.124985|           0.035928|         0.573482
262  |*i_0_0_28           |            0.412569|             0.124985|           0.035928|         0.573482
263  |*i_0_0_29           |            0.412569|             0.124985|           0.035928|         0.573482
264  |*i_0_0_30           |            0.412569|             0.124985|           0.035928|         0.573482
265  |*i_0_0_31           |            0.412569|             0.124985|           0.035928|         0.573482
266  |*i_0_0_32           |            0.412569|             0.124985|           0.035928|         0.573482
267  |*i_0_0_33           |            0.412569|             0.124985|           0.035928|         0.573482
268  |*i_0_0_34           |            0.412569|             0.124985|           0.035928|         0.573482
269  |*i_0_0_35           |            0.412022|             0.124985|           0.035928|         0.572935
270  |*i_0_0_36           |            0.412022|             0.124985|           0.035928|         0.572935
271  |*i_0_0_37           |            0.411001|             0.124985|           0.035928|         0.571914
272  |*i_0_0_38           |            0.411001|             0.124985|           0.035928|         0.571914
273  |*i_0_0_39           |            0.411001|             0.124985|           0.035928|         0.571914
274  |*i_0_0_40           |            0.411001|             0.124985|           0.035928|         0.571914
275  |*i_0_0_41           |            0.411001|             0.124985|           0.035928|         0.571914
276  |*i_0_0_42           |            0.411001|             0.124985|           0.035928|         0.571914
277  |*i_0_0_43           |            0.411001|             0.124985|           0.035928|         0.571914
278  |*i_0_0_44           |            0.411001|             0.124985|           0.035928|         0.571914
279  |*i_0_0_45           |            0.411001|             0.124985|           0.035928|         0.571914
280  |*i_0_0_46           |            0.411001|             0.124985|           0.035928|         0.571914
281  |*i_0_0_47           |            0.411001|             0.124985|           0.035928|         0.571914
282  |*i_0_0_48           |            0.411001|             0.124985|           0.035928|         0.571914
283  |*i_0_0_49           |            0.411001|             0.124985|           0.035928|         0.571914
284  |*i_0_0_50           |            0.411001|             0.124985|           0.035928|         0.571914
285  |*i_0_0_51           |            0.411001|             0.124985|           0.035928|         0.571914
286  |*i_0_0_52           |            0.411001|             0.124985|           0.035928|         0.571914
287  |*i_0_0_53           |            0.411001|             0.124985|           0.035928|         0.571914
288  |*i_0_0_54           |            0.411001|             0.124985|           0.035928|         0.571914
289  |*i_0_0_55           |            0.411001|             0.124985|           0.035928|         0.571914
290  |*i_0_0_56           |            0.411001|             0.124985|           0.035928|         0.571914
291  |*i_0_0_57           |            0.411001|             0.124985|           0.035928|         0.571914
292  |*i_0_0_58           |            0.411001|             0.124985|           0.035928|         0.571914
293  |*i_0_0_59           |            0.411001|             0.124985|           0.035928|         0.571914
294  |*i_0_0_60           |            0.411001|             0.124985|           0.035928|         0.571914
295  |*i_0_0_61           |            0.411001|             0.124985|           0.035928|         0.571914
296  |*i_0_0_62           |            0.411001|             0.124985|           0.035928|         0.571914
297  |*i_0_0_63           |            0.411001|             0.124985|           0.035928|         0.571914
298  |*i_0_0_64           |            0.411001|             0.124985|           0.035928|         0.571914
299  |*i_0_0_65           |            0.411001|             0.124985|           0.035928|         0.571914
300  |*i_0_0_66           |            0.411001|             0.124985|           0.035928|         0.571914
301  |*i_0_0_67           |            0.064284|             0.029259|           0.022619|         0.116163
302  |*i_0_0_68           |            0.064284|             0.029259|           0.022619|         0.116163
303  |*i_0_0_69           |            0.064284|             0.029259|           0.022619|         0.116163
304  |*i_0_0_70           |            0.064284|             0.029259|           0.022619|         0.116163
305  |*i_0_0_71           |            0.064284|             0.029259|           0.022619|         0.116163
306  |*i_0_0_72           |            0.064284|             0.029259|           0.022619|         0.116163
307  |*i_0_0_73           |            0.064284|             0.029259|           0.022619|         0.116163
308  |*i_0_0_74           |            0.064284|             0.029259|           0.022619|         0.116163
309  |*i_0_0_75           |            0.064284|             0.029259|           0.022619|         0.116163
310  |*i_0_0_76           |            0.064284|             0.029259|           0.022619|         0.116163
311  |*i_0_0_77           |            0.064284|             0.029259|           0.022619|         0.116163
312  |*i_0_0_78           |            0.064284|             0.029259|           0.022619|         0.116163
313  |*i_0_0_79           |            0.064284|             0.029259|           0.022619|         0.116163
314  |*i_0_0_80           |            0.064284|             0.029259|           0.022619|         0.116163
315  |*i_0_0_81           |            0.064284|             0.029259|           0.022619|         0.116163
316  |*i_0_0_82           |            0.064284|             0.029259|           0.022619|         0.116163
317  |*i_0_0_83           |            0.064284|             0.029259|           0.022619|         0.116163
318  |*i_0_0_84           |            0.064284|             0.029259|           0.022619|         0.116163
319  |*i_0_0_85           |            0.064284|             0.029259|           0.022619|         0.116163
320  |*i_0_0_86           |            0.064284|             0.029259|           0.022619|         0.116163
321  |*i_0_0_87           |            0.064284|             0.029259|           0.022619|         0.116163
322  |*i_0_0_88           |            0.064284|             0.029259|           0.022619|         0.116163
323  |*i_0_0_89           |            0.064284|             0.029259|           0.022619|         0.116163
324  |*i_0_0_90           |            0.064284|             0.029259|           0.022619|         0.116163
325  |*i_0_0_91           |            0.064284|             0.029259|           0.022619|         0.116163
326  |*i_0_0_92           |            0.064284|             0.029259|           0.022619|         0.116163
327  |*i_0_0_93           |            0.064284|             0.029259|           0.022619|         0.116163
328  |*i_0_0_94           |            0.064284|             0.029259|           0.022619|         0.116163
329  |*i_0_0_95           |            0.064284|             0.029259|           0.022619|         0.116163
330  |*i_0_0_96           |            0.064284|             0.029259|           0.022619|         0.116163
331  |*i_0_0_97           |            0.064284|             0.029259|           0.022619|         0.116163
332  |*i_0_0_98           |            0.064284|             0.029259|           0.022619|         0.116163
333  |*i_0_0_99           |            0.338279|             0.286752|           0.025066|         0.650097
334  |*i_0_0_100          |            0.338679|             0.290853|           0.025066|         0.654598
335  |*i_0_0_101          |            0.338679|             0.290853|           0.025066|         0.654598
336  |*i_0_0_102          |            0.338679|             0.290853|           0.025066|         0.654598
337  |*i_0_0_103          |            0.338679|             0.290853|           0.025066|         0.654598
338  |*i_0_0_104          |            0.338679|             0.290853|           0.025066|         0.654598
339  |*i_0_0_105          |            0.338679|             0.290853|           0.025066|         0.654598
340  |*i_0_0_106          |            0.338679|             0.290853|           0.025066|         0.654598
341  |*i_0_0_107          |            0.338679|             0.290853|           0.025066|         0.654598
342  |*i_0_0_108          |            0.338679|             0.290853|           0.025066|         0.654598
343  |*i_0_0_109          |            0.338679|             0.290853|           0.025066|         0.654598
344  |*i_0_0_110          |            0.338679|             0.290853|           0.025066|         0.654598
345  |*i_0_0_111          |            0.338679|             0.290853|           0.025066|         0.654598
346  |*i_0_0_112          |            0.338679|             0.290853|           0.025066|         0.654598
347  |*i_0_0_113          |            0.338679|             0.290853|           0.025066|         0.654598
348  |*i_0_0_114          |            0.338679|             0.290853|           0.025066|         0.654598
349  |*i_0_0_115          |            0.338679|             0.290853|           0.025066|         0.654598
350  |*i_0_0_116          |            0.338679|             0.290853|           0.025066|         0.654598
351  |*i_0_0_117          |            0.338679|             0.290853|           0.025066|         0.654598
352  |*i_0_0_118          |            0.338679|             0.290853|           0.025066|         0.654598
353  |*i_0_0_119          |            0.338679|             0.290853|           0.025066|         0.654598
354  |*i_0_0_120          |            0.338679|             0.290853|           0.025066|         0.654598
355  |*i_0_0_121          |            0.338679|             0.290853|           0.025066|         0.654598
356  |*i_0_0_122          |            0.338679|             0.290853|           0.025066|         0.654598
357  |*i_0_0_123          |            0.338679|             0.290853|           0.025066|         0.654598
358  |*i_0_0_124          |            0.338679|             0.290853|           0.025066|         0.654598
359  |*i_0_0_125          |            0.338679|             0.290853|           0.025066|         0.654598
360  |*i_0_0_126          |            0.338679|             0.290853|           0.025066|         0.654598
361  |*i_0_0_127          |            0.338679|             0.290853|           0.025066|         0.654598
362  |*i_0_0_128          |            0.338679|             0.290853|           0.025066|         0.654598
363  |*i_0_0_129          |            0.338679|             0.290853|           0.025066|         0.654598
364  |*i_0_0_130          |            0.338679|             0.290853|           0.025066|         0.654598
365  |*i_0_0_131          |            0.338679|             0.290853|           0.025066|         0.654598
366  |*i_0_0_132          |            0.338679|             0.290853|           0.025066|         0.654598
367  |*i_0_0_133          |            0.338679|             0.290853|           0.025066|         0.654598
368  |*i_0_0_134          |            0.338679|             0.290853|           0.025066|         0.654598
369  |*i_0_0_135          |            0.338679|             0.290853|           0.025066|         0.654598
370  |*i_0_0_136          |            0.338679|             0.290853|           0.025066|         0.654598
371  |*i_0_0_137          |            0.338679|             0.290853|           0.025066|         0.654598
372  |*i_0_0_138          |            0.338679|             0.290853|           0.025066|         0.654598
373  |*i_0_0_139          |            0.338679|             0.290853|           0.025066|         0.654598
374  |*i_0_0_140          |            0.338679|             0.290853|           0.025066|         0.654598
375  |*i_0_0_141          |            0.338679|             0.290853|           0.025066|         0.654598
376  |*i_0_0_142          |            0.338679|             0.290853|           0.025066|         0.654598
377  |*i_0_0_143          |            0.338679|             0.290853|           0.025066|         0.654598
378  |*i_0_0_144          |            0.338679|             0.290853|           0.025066|         0.654598
379  |*i_0_0_145          |            0.338679|             0.290853|           0.025066|         0.654598
380  |*i_0_0_146          |            0.338679|             0.290853|           0.025066|         0.654598
381  |*i_0_0_147          |            0.338679|             0.290853|           0.025066|         0.654598
382  |*i_0_0_148          |            0.338679|             0.290853|           0.025066|         0.654598
383  |*i_0_0_149          |            0.338679|             0.290853|           0.025066|         0.654598
384  |*i_0_0_150          |            0.338679|             0.290853|           0.025066|         0.654598
385  |*i_0_0_151          |            0.338679|             0.290853|           0.025066|         0.654598
386  |*i_0_0_152          |            0.338679|             0.290853|           0.025066|         0.654598
387  |*i_0_0_153          |            0.338679|             0.290853|           0.025066|         0.654598
388  |*i_0_0_154          |            0.338679|             0.290853|           0.025066|         0.654598
389  |*i_0_0_155          |            0.338679|             0.290853|           0.025066|         0.654598
390  |*i_0_0_156          |            0.338679|             0.290853|           0.025066|         0.654598
391  |*i_0_0_157          |            0.338679|             0.290853|           0.025066|         0.654598
392  |*i_0_0_158          |            0.338679|             0.290853|           0.025066|         0.654598
393  |*i_0_0_159          |            0.338679|             0.290853|           0.025066|         0.654598
394  |*i_0_0_160          |            0.338679|             0.290853|           0.025066|         0.654598
395  |*i_0_0_161          |            0.338679|             0.290853|           0.025066|         0.654598
396  |*i_0_0_162          |            0.339284|             0.304375|           0.025066|         0.668724
397  |*i_0_0_163          |            0.002257|             0.001878|           0.025066|         0.029201
398  |*i_0_0_164          |            0.004126|             0.003883|           0.025066|         0.033075
399  |*i_0_0_165          |            0.039883|             0.076941|           0.014353|         0.131178
400  |*i_0_0_166          |            0.051549|             0.488360|           0.032612|         0.572521
401  |*i_0_0_167          |            0.039883|             0.076941|           0.014353|         0.131178
402  |*i_0_0_168          |            0.051549|             0.488360|           0.032612|         0.572521
403  |*i_0_0_169          |            0.039883|             0.076941|           0.014353|         0.131178
404  |*i_0_0_170          |            0.051549|             0.488360|           0.032612|         0.572521
405  |*i_0_0_171          |            0.039883|             0.076941|           0.014353|         0.131178
406  |*i_0_0_172          |            0.051549|             0.488360|           0.032612|         0.572521
407  |*i_0_0_173          |            0.039883|             0.076941|           0.014353|         0.131178
408  |*i_0_0_174          |            0.051549|             0.488360|           0.032612|         0.572521
409  |*i_0_0_175          |            0.039883|             0.076941|           0.014353|         0.131178
410  |*i_0_0_176          |            0.051549|             0.488360|           0.032612|         0.572521
411  |*i_0_0_177          |            0.039883|             0.076941|           0.014353|         0.131178
412  |*i_0_0_178          |            0.051549|             0.488360|           0.032612|         0.572521
413  |*i_0_0_179          |            0.039883|             0.076941|           0.014353|         0.131178
414  |*i_0_0_180          |            0.051549|             0.488360|           0.032612|         0.572521
415  |*i_0_0_181          |            0.039883|             0.076941|           0.014353|         0.131178
416  |*i_0_0_182          |            0.051549|             0.488360|           0.032612|         0.572521
417  |*i_0_0_183          |            0.039883|             0.076941|           0.014353|         0.131178
418  |*i_0_0_184          |            0.051549|             0.488360|           0.032612|         0.572521
419  |*i_0_0_185          |            0.039883|             0.076941|           0.014353|         0.131178
420  |*i_0_0_186          |            0.051549|             0.488360|           0.032612|         0.572521
421  |*i_0_0_187          |            0.039883|             0.076941|           0.014353|         0.131178
422  |*i_0_0_188          |            0.051549|             0.488360|           0.032612|         0.572521
423  |*i_0_0_189          |            0.039883|             0.076941|           0.014353|         0.131178
424  |*i_0_0_190          |            0.051549|             0.488360|           0.032612|         0.572521
425  |*i_0_0_191          |            0.039883|             0.076941|           0.014353|         0.131178
426  |*i_0_0_192          |            0.051549|             0.488360|           0.032612|         0.572521
427  |*i_0_0_193          |            0.039883|             0.076941|           0.014353|         0.131178
428  |*i_0_0_194          |            0.051549|             0.488360|           0.032612|         0.572521
429  |*i_0_0_195          |            0.039883|             0.076941|           0.014353|         0.131178
430  |*i_0_0_196          |            0.051549|             0.488360|           0.032612|         0.572521
431  |*i_0_0_197          |            0.039883|             0.076941|           0.014353|         0.131178
432  |*i_0_0_198          |            0.051549|             0.488360|           0.032612|         0.572521
433  |*i_0_0_199          |            0.039883|             0.076941|           0.014353|         0.131178
434  |*i_0_0_200          |            0.051549|             0.488360|           0.032612|         0.572521
435  |*i_0_0_201          |            0.039883|             0.076941|           0.014353|         0.131178
436  |*i_0_0_202          |            0.051549|             0.488360|           0.032612|         0.572521
437  |*i_0_0_203          |            0.039883|             0.076941|           0.014353|         0.131178
438  |*i_0_0_204          |            0.051549|             0.488360|           0.032612|         0.572521
439  |*i_0_0_205          |            0.039883|             0.076941|           0.014353|         0.131178
440  |*i_0_0_206          |            0.051549|             0.488360|           0.032612|         0.572521
441  |*i_0_0_207          |            0.039883|             0.076941|           0.014353|         0.131178
442  |*i_0_0_208          |            0.051549|             0.488360|           0.032612|         0.572521
443  |*i_0_0_209          |            0.039883|             0.076941|           0.014353|         0.131178
444  |*i_0_0_210          |            0.051549|             0.488360|           0.032612|         0.572521
445  |*i_0_0_211          |            0.039883|             0.076941|           0.014353|         0.131178
446  |*i_0_0_212          |            0.051549|             0.488360|           0.032612|         0.572521
447  |*i_0_0_213          |            0.039883|             0.076941|           0.014353|         0.131178
448  |*i_0_0_214          |            0.051549|             0.488360|           0.032612|         0.572521
449  |*i_0_0_215          |            0.039883|             0.076941|           0.014353|         0.131178
450  |*i_0_0_216          |            0.051549|             0.488360|           0.032612|         0.572521
451  |*i_0_0_217          |            0.039883|             0.076941|           0.014353|         0.131178
452  |*i_0_0_218          |            0.051549|             0.488360|           0.032612|         0.572521
453  |*i_0_0_219          |            0.039883|             0.076941|           0.014353|         0.131178
454  |*i_0_0_220          |            0.051549|             0.488360|           0.032612|         0.572521
455  |*i_0_0_221          |            0.039883|             0.076941|           0.014353|         0.131178
456  |*i_0_0_222          |            0.051549|             0.488360|           0.032612|         0.572521
457  |*i_0_0_223          |            0.039883|             0.076941|           0.014353|         0.131178
458  |*i_0_0_224          |            0.051549|             0.488360|           0.032612|         0.572521
459  |*i_0_0_225          |            0.053621|             0.077567|           0.022619|         0.153808
460  |*i_0_0_226          |            0.053621|             0.077567|           0.022619|         0.153808
461  |*i_0_0_227          |            0.053621|             0.077567|           0.022619|         0.153808
462  |*i_0_0_228          |            0.053621|             0.077567|           0.022619|         0.153808
463  |*i_0_0_229          |            0.053621|             0.077567|           0.022619|         0.153808
464  |*i_0_0_230          |            0.053621|             0.077567|           0.022619|         0.153808
465  |*i_0_0_231          |            0.053621|             0.077567|           0.022619|         0.153808
466  |*i_0_0_232          |            0.053621|             0.077567|           0.022619|         0.153808
467  |*i_0_0_233          |            0.053621|             0.077567|           0.022619|         0.153808
468  |*i_0_0_234          |            0.053621|             0.077567|           0.022619|         0.153808
469  |*i_0_0_235          |            0.053621|             0.077567|           0.022619|         0.153808
470  |*i_0_0_236          |            0.053621|             0.077567|           0.022619|         0.153808
471  |*i_0_0_237          |            0.053621|             0.077567|           0.022619|         0.153808
472  |*i_0_0_238          |            0.053621|             0.077567|           0.022619|         0.153808
473  |*i_0_0_239          |            0.053621|             0.077567|           0.022619|         0.153808
474  |*i_0_0_240          |            0.053621|             0.077567|           0.022619|         0.153808
475  |*i_0_0_241          |            0.053621|             0.077567|           0.022619|         0.153808
476  |*i_0_0_242          |            0.053621|             0.077567|           0.022619|         0.153808
477  |*i_0_0_243          |            0.053621|             0.077567|           0.022619|         0.153808
478  |*i_0_0_244          |            0.053621|             0.077567|           0.022619|         0.153808
479  |*i_0_0_245          |            0.053621|             0.077567|           0.022619|         0.153808
480  |*i_0_0_246          |            0.053621|             0.077567|           0.022619|         0.153808
481  |*i_0_0_247          |            0.053621|             0.077567|           0.022619|         0.153808
482  |*i_0_0_248          |            0.053621|             0.077567|           0.022619|         0.153808
483  |*i_0_0_249          |            0.053621|             0.077567|           0.022619|         0.153808
484  |*i_0_0_250          |            0.053621|             0.077567|           0.022619|         0.153808
485  |*i_0_0_251          |            0.053621|             0.077567|           0.022619|         0.153808
486  |*i_0_0_252          |            0.053621|             0.077567|           0.022619|         0.153808
487  |*i_0_0_253          |            0.053621|             0.077567|           0.022619|         0.153808
488  |*i_0_0_254          |            0.053621|             0.077567|           0.022619|         0.153808
489  |*i_0_0_255          |            0.053621|             0.077567|           0.022619|         0.153808
490  |*i_0_0_256          |            0.053621|             0.077567|           0.022619|         0.153808
491  |*i_0_0_257          |            0.053543|             0.064689|           0.022619|         0.140851
492  |*i_0_0_258          |            0.004433|             0.123497|           0.025066|         0.152996
493  |*i_0_0_259          |            0.001253|             0.075842|           0.018105|         0.095199
494  |*i_0_0_260          |            0.001845|             0.133212|           0.017393|         0.152450
495  |*i_0_0_261          |            0.061272|             5.586501|           0.014353|         5.662126
496  |*i_0_0_262          |            0.171184|             6.409914|           0.025066|         6.606165
497  |*i_0_0_263          |            0.015600|             0.552953|           0.026481|         0.595034
498  |*i_0_0_264          |            0.169794|             0.181891|           0.021200|         0.372884
499  |*i_0_0_265          |            0.116724|             0.077000|           0.032601|         0.226325
500  |*i_0_0_266          |            0.440535|             0.152227|           0.025066|         0.617828
501  |*i_0_0_267          |            0.462779|             0.159896|           0.025066|         0.647740
502  |*i_0_0_268          |            0.435437|             0.150469|           0.025066|         0.610973
503  |*i_0_0_269          |            0.399378|             0.138037|           0.025066|         0.562481
504  |*i_0_0_270          |            0.370164|             0.127964|           0.025066|         0.523194
505  |*i_0_0_271          |            0.350316|             0.121121|           0.025066|         0.496503
506  |*i_0_0_272          |            0.212162|             0.116879|           0.021200|         0.350240
507  |*i_0_0_273          |            0.004861|             0.017614|           0.014353|         0.036828
508  |*i_0_0_274          |            0.012064|             0.123239|           0.018127|         0.153429
509  |*i_0_0_275          |            0.161988|             0.460989|           0.021200|         0.644176
510  |*i_0_0_276          |            0.163658|             0.129582|           0.027025|         0.320264
511  |*i_0_0_277          |            0.215195|             0.352169|           0.036441|         0.603805
512  |*i_0_0_278          |            0.083664|             0.327733|           0.014353|         0.425751
513  |*i_0_0_279          |            0.083664|             0.327733|           0.014353|         0.425751
514  |*i_0_0_280          |            0.083664|             0.327733|           0.014353|         0.425751
515  |*i_0_0_281          |            0.083664|             0.327733|           0.014353|         0.425751
516  |*i_0_0_282          |            0.083664|             0.327733|           0.014353|         0.425751
517  |*i_0_0_283          |            0.083664|             0.327733|           0.014353|         0.425751
518  |*i_0_0_284          |            0.083664|             0.327733|           0.014353|         0.425751
519  |*i_0_0_285          |            0.083664|             0.327733|           0.014353|         0.425751
520  |*i_0_0_286          |            0.083664|             0.327733|           0.014353|         0.425751
521  |*i_0_0_287          |            0.083664|             0.327733|           0.014353|         0.425751
522  |*i_0_0_288          |            0.083664|             0.327733|           0.014353|         0.425751
523  |*i_0_0_289          |            0.083664|             0.327733|           0.014353|         0.425751
524  |*i_0_0_290          |            0.083664|             0.327733|           0.014353|         0.425751
525  |*i_0_0_291          |            0.083664|             0.327733|           0.014353|         0.425751
526  |*i_0_0_292          |            0.083664|             0.327733|           0.014353|         0.425751
527  |*i_0_0_293          |            0.083664|             0.327733|           0.014353|         0.425751
528  |*i_0_0_294          |            0.083664|             0.327733|           0.014353|         0.425751
529  |*i_0_0_295          |            0.083664|             0.327733|           0.014353|         0.425751
530  |*i_0_0_296          |            0.083664|             0.327733|           0.014353|         0.425751
531  |*i_0_0_297          |            0.083664|             0.327733|           0.014353|         0.425751
532  |*i_0_0_298          |            0.083664|             0.327733|           0.014353|         0.425751
533  |*i_0_0_299          |            0.083664|             0.327733|           0.014353|         0.425751
534  |*i_0_0_300          |            0.083664|             0.327733|           0.014353|         0.425751
535  |*i_0_0_301          |            0.083664|             0.327733|           0.014353|         0.425751
536  |*i_0_0_302          |            0.083664|             0.327733|           0.014353|         0.425751
537  |*i_0_0_303          |            0.083664|             0.327733|           0.014353|         0.425751
538  |*i_0_0_304          |            0.083664|             0.327733|           0.014353|         0.425751
539  |*i_0_0_305          |            0.083664|             0.327733|           0.014353|         0.425751
540  |*i_0_0_306          |            0.083664|             0.327733|           0.014353|         0.425751
541  |*i_0_0_307          |            0.083664|             0.327733|           0.014353|         0.425751
542  |*i_0_0_308          |            0.083664|             0.327733|           0.014353|         0.425751
543  |*i_0_0_309          |            0.083664|             0.327733|           0.014353|         0.425751
544  |*i_0_0_310          |            0.089667|             0.163386|           0.014353|         0.267406
545  |*i_0_0_311          |            0.026871|            44.509033|           0.014353|        44.550255
546  |*i_0_0_312          |            0.118745|             0.109176|           0.014353|         0.242275
547  |*i_0_0_313          |            0.004857|             0.958785|           0.014353|         0.977996
548  |                    |                    |                     |                   |                 
549  |*TOTAL              |          370.712982|           471.678986|          32.189445|       874.581360
-----+--------------------+--------------------+---------------------+-------------------+-----------------
