Report 'report_drc': DRC Violations
Generated on Fri Dec 23 16:12:25 2022
  
-----------------------------
| Constraint Max Transition | 
| Total Cost -33.5280       | 
| Violators  66             | 
-----------------------------


  
----------------------------------------------
| Pin              Actual Limit Slack   Edge | 
|--------------------------------------------|
| drc_ipo_c17/A    707    199   -0.5080 Fall | 
| drc_ipo_c18/A    707    199   -0.5080 Fall | 
| drc_ipo_c19/A    707    199   -0.5080 Fall | 
| drc_ipo_c20/A    707    199   -0.5080 Fall | 
| drc_ipo_c21/A    707    199   -0.5080 Fall | 
| drc_ipo_c22/A    707    199   -0.5080 Fall | 
| drc_ipo_c23/A    707    199   -0.5080 Fall | 
| drc_ipo_c5/A     707    199   -0.5080 Fall | 
| drc_ipo_c6/A     707    199   -0.5080 Fall | 
| inRegA/i_0_11/A2 707    199   -0.5080 Fall | 
| inRegA/i_0_13/A2 707    199   -0.5080 Fall | 
| inRegA/i_0_14/A2 707    199   -0.5080 Fall | 
| inRegA/i_0_15/A2 707    199   -0.5080 Fall | 
| inRegA/i_0_16/A2 707    199   -0.5080 Fall | 
| inRegA/i_0_17/A2 707    199   -0.5080 Fall | 
| inRegA/i_0_18/A2 707    199   -0.5080 Fall | 
| inRegA/i_0_19/A2 707    199   -0.5080 Fall | 
| inRegA/i_0_2/A2  707    199   -0.5080 Fall | 
| inRegA/i_0_20/A2 707    199   -0.5080 Fall | 
| inRegA/i_0_21/A2 707    199   -0.5080 Fall | 
| inRegA/i_0_22/A2 707    199   -0.5080 Fall | 
| inRegA/i_0_23/A2 707    199   -0.5080 Fall | 
| inRegA/i_0_24/A2 707    199   -0.5080 Fall | 
| inRegA/i_0_25/A2 707    199   -0.5080 Fall | 
| inRegA/i_0_26/A2 707    199   -0.5080 Fall | 
| inRegA/i_0_27/A2 707    199   -0.5080 Fall | 
| inRegA/i_0_28/A2 707    199   -0.5080 Fall | 
| inRegA/i_0_29/A2 707    199   -0.5080 Fall | 
| inRegA/i_0_3/A2  707    199   -0.5080 Fall | 
| inRegA/i_0_30/A2 707    199   -0.5080 Fall | 
| inRegA/i_0_31/A2 707    199   -0.5080 Fall | 
| inRegA/i_0_32/A2 707    199   -0.5080 Fall | 
| inRegA/i_0_33/A2 707    199   -0.5080 Fall | 
| inRegA/i_0_4/A2  707    199   -0.5080 Fall | 
| inRegA/i_0_5/A2  707    199   -0.5080 Fall | 
| inRegB/i_0_10/A2 707    199   -0.5080 Fall | 
| inRegB/i_0_11/A2 707    199   -0.5080 Fall | 
| inRegB/i_0_12/A2 707    199   -0.5080 Fall | 
| inRegB/i_0_13/A2 707    199   -0.5080 Fall | 
| inRegB/i_0_14/A2 707    199   -0.5080 Fall | 
| inRegB/i_0_15/A2 707    199   -0.5080 Fall | 
| inRegB/i_0_16/A2 707    199   -0.5080 Fall | 
| inRegB/i_0_17/A2 707    199   -0.5080 Fall | 
| inRegB/i_0_18/A2 707    199   -0.5080 Fall | 
| inRegB/i_0_19/A2 707    199   -0.5080 Fall | 
| inRegB/i_0_2/A2  707    199   -0.5080 Fall | 
| inRegB/i_0_20/A2 707    199   -0.5080 Fall | 
| inRegB/i_0_21/A2 707    199   -0.5080 Fall | 
| inRegB/i_0_23/A2 707    199   -0.5080 Fall | 
| inRegB/i_0_24/A2 707    199   -0.5080 Fall | 
| inRegB/i_0_25/A2 707    199   -0.5080 Fall | 
| inRegB/i_0_26/A2 707    199   -0.5080 Fall | 
| inRegB/i_0_27/A2 707    199   -0.5080 Fall | 
| inRegB/i_0_28/A2 707    199   -0.5080 Fall | 
| inRegB/i_0_29/A2 707    199   -0.5080 Fall | 
| inRegB/i_0_3/A2  707    199   -0.5080 Fall | 
| inRegB/i_0_30/A2 707    199   -0.5080 Fall | 
| inRegB/i_0_31/A2 707    199   -0.5080 Fall | 
| inRegB/i_0_32/A2 707    199   -0.5080 Fall | 
| inRegB/i_0_33/A2 707    199   -0.5080 Fall | 
| inRegB/i_0_4/A2  707    199   -0.5080 Fall | 
| inRegB/i_0_5/A2  707    199   -0.5080 Fall | 
| inRegB/i_0_6/A2  707    199   -0.5080 Fall | 
| inRegB/i_0_7/A2  707    199   -0.5080 Fall | 
| inRegB/i_0_8/A2  707    199   -0.5080 Fall | 
| inRegB/i_0_9/A2  707    199   -0.5080 Fall | 
----------------------------------------------


info UI33: performed report_constraints for 0 sec (CPU time: 0 sec; MEM: RSS - 476M, CVMEM - 2194M, PVMEM - 2986M)
