Report 'report_mcmm_variation': MCMM Variation
Generated on Fri Dec 23 16:12:25 2022
  
------------------------------------------------------------------
|   MCMM variability report for design 'multiplierTree' (nano)   |
|----------------------------------------------------------------|
| MODE     CORNER     WNS     TNS     #Endpts WHS THS    #Endpts | 
|----------------------------------------------------------------|
| new_mode corner_0_0 -0.0120 -0.0150 2       --- 0.0000 0       | 
------------------------------------------------------------------


info UI33: performed report_mcmm_variation for 0 sec (CPU time: 0 sec; MEM: RSS - 476M, CVMEM - 2194M, PVMEM - 2986M)
Report 'report_path_group': Path Group
Generated on Fri Dec 23 16:12:25 2022
  
---------------------------------------------------------------------------------------------------------------------
|                                            PATH GROUPS (SETUP) (nano)                                             |
|-------------------------------------------------------------------------------------------------------------------|
|                 | QOR Weight Margin TNS Range Endpoints Violating Endpoints Violating Endpoints % WNS     TNS     | 
|-------------------------------------------------------------------------------------------------------------------|
| **global**      |     1             0.2000    195       2                   1                     -0.0120 -0.0150 | 
| **qor**         |     1             0.2000    195       2                   1                     -0.0120 -0.0150 | 
| sysclk_new_mode | *   1             0.2000    64        2                   3.1                   -0.0120 -0.0150 | 
---------------------------------------------------------------------------------------------------------------------


info UI33: performed report_path_group for 0 sec (CPU time: 0 sec; MEM: RSS - 476M, CVMEM - 2194M, PVMEM - 2986M)
SLACK HISTOGRAM
---------------
Select : SELECT_LATE

-----------------------------------------------
| Slack             # End Pts Total # End Pts | 
|---------------------------------------------|
| -0.0122 - -0.0130 1         1               | 
| -0.0120 - -0.0128 0         1               | 
| -0.0118 - -0.0126 0         1               | 
| -0.0116 - -0.0124 0         1               | 
| -0.0114 - -0.0122 0         1               | 
| -0.0112 - -0.0120 0         1               | 
| -0.0110 - -0.0118 0         1               | 
| -0.0108 - -0.0116 0         1               | 
| -0.0106 - -0.0114 0         1               | 
| -0.0104 - -0.0112 0         1               | 
| -0.0102 - -0.0110 0         1               | 
| -0.0100 - -0.0108 0         1               | 
| -0.0098 - -0.0106 0         1               | 
| -0.0096 - -0.0104 0         1               | 
| -0.0094 - -0.0102 0         1               | 
| -0.0092 - -0.0100 0         1               | 
| -0.0090 - -0.0098 0         1               | 
| -0.0088 - -0.0096 0         1               | 
| -0.0086 - -0.0094 0         1               | 
| -0.0084 - -0.0092 0         1               | 
| -0.0082 - -0.0090 0         1               | 
| -0.0080 - -0.0088 0         1               | 
| -0.0078 - -0.0086 0         1               | 
| -0.0076 - -0.0084 0         1               | 
| -0.0074 - -0.0082 0         1               | 
| -0.0072 - -0.0080 0         1               | 
| -0.0070 - -0.0078 0         1               | 
| -0.0068 - -0.0076 0         1               | 
| -0.0066 - -0.0074 0         1               | 
| -0.0064 - -0.0072 0         1               | 
| -0.0062 - -0.0070 0         1               | 
| -0.0060 - -0.0068 0         1               | 
| -0.0058 - -0.0066 0         1               | 
| -0.0056 - -0.0064 0         1               | 
| -0.0054 - -0.0062 0         1               | 
| -0.0052 - -0.0060 0         1               | 
| -0.0050 - -0.0058 0         1               | 
| -0.0048 - -0.0056 0         1               | 
| -0.0046 - -0.0054 0         1               | 
| -0.0044 - -0.0052 0         1               | 
| -0.0042 - -0.0050 0         1               | 
| -0.0040 - -0.0048 0         1               | 
| -0.0038 - -0.0046 0         1               | 
| -0.0036 - -0.0044 0         1               | 
| -0.0034 - -0.0042 0         1               | 
| -0.0032 - -0.0040 1         2               | 
| -0.0030 - -0.0038 0         2               | 
| -0.0028 - -0.0036 0         2               | 
| -0.0026 - -0.0034 0         2               | 
| -0.0024 - -0.0032 0         2               | 
| -0.0022 - -0.0030 0         2               | 
| -0.0020 - -0.0028 0         2               | 
| -0.0018 - -0.0026 0         2               | 
| -0.0016 - -0.0024 0         2               | 
| -0.0014 - -0.0022 0         2               | 
| -0.0012 - -0.0020 0         2               | 
| -0.0010 - -0.0018 0         2               | 
| -0.0008 - -0.0016 0         2               | 
| -0.0006 - -0.0014 0         2               | 
| -0.0004 - -0.0012 0         2               | 
| -0.0002 - -0.0010 0         2               | 
| 0.0000 - 2.4990   193       195             | 
-----------------------------------------------


info UI33: performed report_slack_histogram for 0 sec (CPU time: 0 sec; MEM: RSS - 476M, CVMEM - 2194M, PVMEM - 2986M)
Report 'report_path_group': Path Group
Generated on Fri Dec 23 16:12:25 2022
  
-------------------------------------------------------------------------------------------
|                                PATH GROUPS (HOLD) (nano)                                |
|-----------------------------------------------------------------------------------------|
| QOR Weight Margin TNS Range Endpoints Violating Endpoints Violating Endpoints % WNS TNS | 
-------------------------------------------------------------------------------------------


info UI33: performed report_path_group for 0 sec (CPU time: 0 sec; MEM: RSS - 476M, CVMEM - 2194M, PVMEM - 2986M)
SLACK HISTOGRAM
---------------
Select : SELECT_EARLY

---------------------------------------------
| Slack           # End Pts Total # End Pts | 
|-------------------------------------------|
| 0.0000 - 2.4990 195       195             | 
---------------------------------------------


info UI33: performed report_slack_histogram for 0 sec (CPU time: 0 sec; MEM: RSS - 476M, CVMEM - 2194M, PVMEM - 2986M)
