Report 'report_drc': DRC Violations
Generated on Fri Dec 23 16:29:18 2022
  
-----------------------------
| Constraint Max Transition | 
| Total Cost -34.0360       | 
| Violators  67             | 
-----------------------------


  
---------------------------------------------------------
| Pin                         Actual Limit Slack   Edge | 
|-------------------------------------------------------|
| CLOCK_slh__c47/A            707    199   -0.5080 Fall | 
| CLOCK_slh__c49/A            707    199   -0.5080 Fall | 
| CLOCK_slh__c51/A            707    199   -0.5080 Fall | 
| CLOCK_slh__c53/A            707    199   -0.5080 Fall | 
| CLOCK_slh__c61/A            707    199   -0.5080 Fall | 
| CTS_L1_tid0__c1_tid0__c35/A 707    199   -0.5080 Fall | 
| drc_ipo_c19/A               707    199   -0.5080 Fall | 
| drc_ipo_c23/A               707    199   -0.5080 Fall | 
| drc_ipo_c5/A                707    199   -0.5080 Fall | 
| drc_ipo_c6/A                707    199   -0.5080 Fall | 
| inRegA/CLOCK_slh__c340/A    707    199   -0.5080 Fall | 
| inRegA/CLOCK_slh__c342/A    707    199   -0.5080 Fall | 
| inRegA/CLOCK_slh__c380/A    707    199   -0.5080 Fall | 
| inRegA/CLOCK_slh__c382/A    707    199   -0.5080 Fall | 
| inRegA/CLOCK_slh__c408/A    707    199   -0.5080 Fall | 
| inRegA/CLOCK_slh__c422/A    707    199   -0.5080 Fall | 
| inRegA/CLOCK_slh__c424/A    707    199   -0.5080 Fall | 
| inRegA/CLOCK_slh__c432/A    707    199   -0.5080 Fall | 
| inRegA/i_0_10/A2            707    199   -0.5080 Fall | 
| inRegA/i_0_11/A2            707    199   -0.5080 Fall | 
| inRegA/i_0_14/A2            707    199   -0.5080 Fall | 
| inRegA/i_0_15/A2            707    199   -0.5080 Fall | 
| inRegA/i_0_16/A2            707    199   -0.5080 Fall | 
| inRegA/i_0_17/A2            707    199   -0.5080 Fall | 
| inRegA/i_0_18/A2            707    199   -0.5080 Fall | 
| inRegA/i_0_19/A2            707    199   -0.5080 Fall | 
| inRegA/i_0_2/A2             707    199   -0.5080 Fall | 
| inRegA/i_0_3/A2             707    199   -0.5080 Fall | 
| inRegA/i_0_30/A2            707    199   -0.5080 Fall | 
| inRegA/i_0_33/A2            707    199   -0.5080 Fall | 
| inRegA/i_0_4/A2             707    199   -0.5080 Fall | 
| inRegA/i_0_5/A2             707    199   -0.5080 Fall | 
| inRegA/i_0_6/A2             707    199   -0.5080 Fall | 
| inRegA/i_0_8/A2             707    199   -0.5080 Fall | 
| inRegA/i_0_9/A2             707    199   -0.5080 Fall | 
| inRegB/i_0_10/A2            707    199   -0.5080 Fall | 
| inRegB/i_0_11/A2            707    199   -0.5080 Fall | 
| inRegB/i_0_12/A2            707    199   -0.5080 Fall | 
| inRegB/i_0_13/A2            707    199   -0.5080 Fall | 
| inRegB/i_0_14/A2            707    199   -0.5080 Fall | 
| inRegB/i_0_15/A2            707    199   -0.5080 Fall | 
| inRegB/i_0_16/A2            707    199   -0.5080 Fall | 
| inRegB/i_0_17/A2            707    199   -0.5080 Fall | 
| inRegB/i_0_18/A2            707    199   -0.5080 Fall | 
| inRegB/i_0_19/A2            707    199   -0.5080 Fall | 
| inRegB/i_0_2/A2             707    199   -0.5080 Fall | 
| inRegB/i_0_20/A2            707    199   -0.5080 Fall | 
| inRegB/i_0_21/A2            707    199   -0.5080 Fall | 
| inRegB/i_0_22/A2            707    199   -0.5080 Fall | 
| inRegB/i_0_23/A2            707    199   -0.5080 Fall | 
| inRegB/i_0_24/A2            707    199   -0.5080 Fall | 
| inRegB/i_0_25/A2            707    199   -0.5080 Fall | 
| inRegB/i_0_26/A2            707    199   -0.5080 Fall | 
| inRegB/i_0_27/A2            707    199   -0.5080 Fall | 
| inRegB/i_0_28/A2            707    199   -0.5080 Fall | 
| inRegB/i_0_29/A2            707    199   -0.5080 Fall | 
| inRegB/i_0_3/A2             707    199   -0.5080 Fall | 
| inRegB/i_0_30/A2            707    199   -0.5080 Fall | 
| inRegB/i_0_31/A2            707    199   -0.5080 Fall | 
| inRegB/i_0_32/A2            707    199   -0.5080 Fall | 
| inRegB/i_0_33/A2            707    199   -0.5080 Fall | 
| inRegB/i_0_4/A2             707    199   -0.5080 Fall | 
| inRegB/i_0_5/A2             707    199   -0.5080 Fall | 
| inRegB/i_0_6/A2             707    199   -0.5080 Fall | 
| inRegB/i_0_7/A2             707    199   -0.5080 Fall | 
| inRegB/i_0_8/A2             707    199   -0.5080 Fall | 
| inRegB/i_0_9/A2             707    199   -0.5080 Fall | 
---------------------------------------------------------


info UI33: performed report_constraints for 0 sec (CPU time: 0 sec; MEM: RSS - 557M, CVMEM - 2144M, PVMEM - 2986M)
