Report 'report_power_summary': Power
Generated on Fri Dec 23 16:29:20 2022
  
---------------------------------------------------------------------------
|                        Power Summary (nanowatt)                         |
|-------------------------------------------------------------------------|
| Component          Internal Switching  Dynamic Leakage  Total   Percent | 
|-------------------------------------------------------------------------|
| Entire design       3206620   4032712  7239332  202928  7442261  100.00 | 
|                                                                         | 
| Power of all cells  3206620   2875718  6082338  202928  6285266   84.45 | 
|   Clock cells         92744     17231   109975     764   110739    1.49 | 
|   Data cells        3113863   2858487  5972349  202164  6174514   82.97 | 
|     Combinational   2523862   2797936  5321798  192169  5513967   74.09 | 
|     Registers        586448     60550   646998    9995   656994    8.83 | 
|     Macros                0         0        0       0        0    0.00 | 
|     Physical              0         0        0       0        0    0.00 | 
|                                                                         | 
| Power of all nets             1156994  1156994          1156994   15.55 | 
|   Clock nets                   109066   109066           109066    1.47 | 
|     Clock leaves                83168    83168            83168    1.12 | 
|   Data nets                   1047929  1047929          1047929   14.08 | 
---------------------------------------------------------------------------


info UI33: performed report_power_summary for 0 sec (CPU time: 0 sec; MEM: RSS - 553M, CVMEM - 2144M, PVMEM - 2986M)
------------------------------------------------------------------------------------------------------------------------------------------------
| Corner     Enable Setup Hold  CRPR       SI    Power            EM   Voltage Drop DRC        Process                    RC Temp Scale Factor | 
|----------------------------------------------------------------------------------------------------------------------------------------------|
| slow       false  true  false setup_hold none  leakage          none none         trans, cap new_rcmaster_techFreePDK45 25      1            | 
| fast       false  false false setup_hold none  leakage          none none         trans, cap new_rcmaster_techFreePDK45 25      1            | 
| corner_0_0 true   true  true  setup_hold delay leakage, dynamic none none         trans, cap new_rcmaster_techFreePDK45 25      1            | 
------------------------------------------------------------------------------------------------------------------------------------------------


