Report End Points: 
-----+-------+-------+-------+------+------+-----+-----+--------------------------------+-------------------------------------
     |Group  |Launch |Capture|Shift |Delay |Depth|Slack|Begin Point                     |End Point                            
-----+-------+-------+-------+------+------+-----+-----+--------------------------------+-------------------------------------
1    |default|vsysclk|vsysclk|2000.0|1509.5|   40|272.4|radixNoamanMult/counter_reg[1]/Q|radixNoamanMult/finalResult_reg[58]/D
2    |default|vsysclk|vsysclk|2000.0|1501.6|   40|280.3|radixNoamanMult/counter_reg[1]/Q|radixNoamanMult/finalResult_reg[59]/D
3    |default|vsysclk|vsysclk|2000.0|1475.0|   39|299.0|radixNoamanMult/counter_reg[1]/Q|radixNoamanMult/finalResult_reg[57]/D
-----+-------+-------+-------+------+------+-----+-----+--------------------------------+-------------------------------------
Report End Points: 
-----+-----+-------+-------+------+-----+-----+------+-----------+--------------------------------
     |Group|Launch |Capture|Shift |Delay|Depth|Slack |Begin Point|End Point                       
-----+-----+-------+-------+------+-----+-----+------+-----------+--------------------------------
1    |I2R  |vsysclk|vsysclk|2000.0|135.8|    4|1625.5|en         |radixNoamanMult/counter_reg[3]/D
2    |I2R  |vsysclk|vsysclk|2000.0|135.8|    4|1625.5|en         |radixNoamanMult/counter_reg[2]/D
3    |I2R  |vsysclk|vsysclk|2000.0|135.8|    4|1625.5|en         |radixNoamanMult/counter_reg[1]/D
-----+-----+-------+-------+------+-----+-----+------+-----------+--------------------------------
Report End Points: 
-----+-----+------+-------+-----+-----+-----+-----+-----------+---------
     |Group|Launch|Capture|Shift|Delay|Depth|Slack|Begin Point|End Point
-----+-----+------+-------+-----+-----+-----+-----+-----------+---------
1    |I2O  |      |       |     |     |     |     |           |         
-----+-----+------+-------+-----+-----+-----+-----+-----------+---------
Report End Points: 
-----+-----+-------+-------+------+-----+-----+------+---------------+----------
     |Group|Launch |Capture|Shift |Delay|Depth|Slack |Begin Point    |End Point 
-----+-----+-------+-------+------+-----+-----+------+---------------+----------
1    |R2O  |vsysclk|vsysclk|2000.0|  0.5|    0|1388.1|out/Q_reg[60]/Q|result[60]
2    |R2O  |vsysclk|vsysclk|2000.0|  0.5|    0|1388.1|out/Q_reg[58]/Q|result[58]
3    |R2O  |vsysclk|vsysclk|2000.0|  0.5|    0|1388.2|out/Q_reg[63]/Q|result[63]
-----+-----+-------+-------+------+-----+-----+------+---------------+----------
