Report 'report_drc': DRC Violations
Generated on Fri Dec 23 02:51:48 2022
  
-----------------------------
| Constraint Max Transition | 
| Total Cost -34.0360       | 
| Violators  67             | 
-----------------------------


  
--------------------------------------------------------
| Pin                        Actual Limit Slack   Edge | 
|------------------------------------------------------|
| CLOCK_slh__c101/A          707    199   -0.5080 Fall | 
| CLOCK_slh__c103/A          707    199   -0.5080 Fall | 
| CLOCK_slh__c105/A          707    199   -0.5080 Fall | 
| CLOCK_slh__c107/A          707    199   -0.5080 Fall | 
| CLOCK_slh__c109/A          707    199   -0.5080 Fall | 
| CLOCK_slh__c33/A           707    199   -0.5080 Fall | 
| CLOCK_slh__c35/A           707    199   -0.5080 Fall | 
| CLOCK_slh__c37/A           707    199   -0.5080 Fall | 
| CLOCK_slh__c39/A           707    199   -0.5080 Fall | 
| CLOCK_slh__c41/A           707    199   -0.5080 Fall | 
| CLOCK_slh__c43/A           707    199   -0.5080 Fall | 
| CLOCK_slh__c45/A           707    199   -0.5080 Fall | 
| CLOCK_slh__c47/A           707    199   -0.5080 Fall | 
| CLOCK_slh__c49/A           707    199   -0.5080 Fall | 
| CLOCK_slh__c51/A           707    199   -0.5080 Fall | 
| CLOCK_slh__c53/A           707    199   -0.5080 Fall | 
| CLOCK_slh__c55/A           707    199   -0.5080 Fall | 
| CLOCK_slh__c57/A           707    199   -0.5080 Fall | 
| CLOCK_slh__c59/A           707    199   -0.5080 Fall | 
| CLOCK_slh__c61/A           707    199   -0.5080 Fall | 
| CLOCK_slh__c63/A           707    199   -0.5080 Fall | 
| CLOCK_slh__c65/A           707    199   -0.5080 Fall | 
| CLOCK_slh__c67/A           707    199   -0.5080 Fall | 
| CLOCK_slh__c69/A           707    199   -0.5080 Fall | 
| CLOCK_slh__c71/A           707    199   -0.5080 Fall | 
| CLOCK_slh__c73/A           707    199   -0.5080 Fall | 
| CLOCK_slh__c75/A           707    199   -0.5080 Fall | 
| CLOCK_slh__c77/A           707    199   -0.5080 Fall | 
| CLOCK_slh__c79/A           707    199   -0.5080 Fall | 
| CLOCK_slh__c81/A           707    199   -0.5080 Fall | 
| CLOCK_slh__c83/A           707    199   -0.5080 Fall | 
| CLOCK_slh__c85/A           707    199   -0.5080 Fall | 
| CLOCK_slh__c87/A           707    199   -0.5080 Fall | 
| CLOCK_slh__c89/A           707    199   -0.5080 Fall | 
| CLOCK_slh__c91/A           707    199   -0.5080 Fall | 
| CLOCK_slh__c93/A           707    199   -0.5080 Fall | 
| CLOCK_slh__c95/A           707    199   -0.5080 Fall | 
| CLOCK_slh__c97/A           707    199   -0.5080 Fall | 
| CLOCK_slh__c99/A           707    199   -0.5080 Fall | 
| CTS_L1_tid0__c1_tid0__c3/A 707    199   -0.5080 Fall | 
| drc_ipo_c1/A               707    199   -0.5080 Fall | 
| drc_ipo_c2/A               707    199   -0.5080 Fall | 
| regA/i_0_15/A2             707    199   -0.5080 Fall | 
| regA/i_0_29/A2             707    199   -0.5080 Fall | 
| regA/i_0_30/A2             707    199   -0.5080 Fall | 
| regA/i_0_31/A2             707    199   -0.5080 Fall | 
| regA/i_0_33/A2             707    199   -0.5080 Fall | 
| regB/i_0_10/A2             707    199   -0.5080 Fall | 
| regB/i_0_11/A2             707    199   -0.5080 Fall | 
| regB/i_0_12/A2             707    199   -0.5080 Fall | 
| regB/i_0_15/A2             707    199   -0.5080 Fall | 
| regB/i_0_16/A2             707    199   -0.5080 Fall | 
| regB/i_0_19/A2             707    199   -0.5080 Fall | 
| regB/i_0_2/A2              707    199   -0.5080 Fall | 
| regB/i_0_21/A2             707    199   -0.5080 Fall | 
| regB/i_0_23/A2             707    199   -0.5080 Fall | 
| regB/i_0_24/A2             707    199   -0.5080 Fall | 
| regB/i_0_25/A2             707    199   -0.5080 Fall | 
| regB/i_0_26/A2             707    199   -0.5080 Fall | 
| regB/i_0_27/A2             707    199   -0.5080 Fall | 
| regB/i_0_3/A2              707    199   -0.5080 Fall | 
| regB/i_0_30/A2             707    199   -0.5080 Fall | 
| regB/i_0_31/A2             707    199   -0.5080 Fall | 
| regB/i_0_32/A2             707    199   -0.5080 Fall | 
| regB/i_0_4/A2              707    199   -0.5080 Fall | 
| regB/i_0_7/A2              707    199   -0.5080 Fall | 
| regB/i_0_8/A2              707    199   -0.5080 Fall | 
--------------------------------------------------------


info UI33: performed report_constraints for 0 sec (CPU time: 0 sec; MEM: RSS - 368M, CVMEM - 1788M, PVMEM - 2637M)
