Report Physical info: 
------------------------+-------------+-----------+------------
                        |             |Area (squm)|Leakage (uW)
------------------------+-------------+-----------+------------
Design Name             |finalRadix4  |           |            
  Total Instances       |         1639|       2453|      51.684
    Macros              |            0|          0|       0.000
    Pads                |            0|          0|       0.000
    Phys                |            0|          0|       0.000
    Blackboxes          |            0|          0|       0.000
    Cells               |         1639|       2453|      51.684
      Buffers           |            0|          0|       0.000
      Inverters         |          239|        127|       3.430
      Clock-Gates       |            4|         16|       0.237
      Combinational     |         1197|       1410|      32.273
      Latches           |            0|          0|       0.000
      FlipFlops         |          199|        900|      15.743
       Single-Bit FF    |          199|        900|      15.743
       Multi-Bit FF     |            0|          0|       0.000
       Clock-Gated      |          133|           |            
       Bits             |          199|        900|      15.743
         Load-Enabled   |            0|           |            
         Clock-Gated    |          133|           |            
  Tristate Pin Count    |           64|           |            
Physical Info           |Placed       |           |            
  Chip Size (mm x mm)   |0.130 x 0.130|      16909|            
  Fixed Cell Area       |             |          0|            
    Phys Only           |            0|          0|            
  Placeable Area        |             |       4894|            
  Movable Cell Area     |             |       2453|            
  Utilization (%)       |           50|           |            
  Chip Utilization (%)  |           50|           |            
  Total Wire Length (mm)|       14.224|           |            
  Longest Wire (mm)     |        0.086|           |            
  Average Wire (mm)     |        0.044|           |            
------------------------+-------------+-----------+------------
