Report 'report_power_summary': Power
Generated on Thu Dec 22 18:27:18 2022
  
---------------------------------------------------------------------------
|                        Power Summary (nanowatt)                         |
|-------------------------------------------------------------------------|
| Component          Internal Switching  Dynamic Leakage  Total   Percent | 
|-------------------------------------------------------------------------|
| Entire design       3261417   4323334  7584751  200091  7784842  100.00 | 
|                                                                         | 
| Power of all cells  3261417   2895484  6156902  200091  6356993   81.66 | 
|   Clock cells        114697     23337   138034    1003   139037    1.79 | 
|   Data cells        3146709   2872148  6018857  199088  6217945   79.87 | 
|     Combinational   2581302   2804231  5385533  189093  5574625   71.61 | 
|     Registers        561953     67917   629870    9995   639866    8.22 | 
|     Macros                0         0        0       0        0    0.00 | 
|     Physical              0         0        0       0        0    0.00 | 
|                                                                         | 
| Power of all nets             1427849  1427849          1427849   18.34 | 
|   Clock nets                   169828   169828           169828    2.18 | 
|     Clock leaves                97971    97971            97971    1.26 | 
|   Data nets                   1258022  1258022          1258022   16.16 | 
---------------------------------------------------------------------------


info UI33: performed report_power_summary for 0 sec (CPU time: 0 sec; MEM: RSS - 474M, CVMEM - 2133M, PVMEM - 2981M)
-----------------------------------------------------------------------------------------------------------------------------------------------
| Corner     Enable Setup Hold  CRPR       SI   Power            EM   Voltage Drop DRC        Process                    RC Temp Scale Factor | 
|---------------------------------------------------------------------------------------------------------------------------------------------|
| slow       false  true  false setup_hold none leakage          none none         trans, cap new_rcmaster_techFreePDK45 25      1            | 
| fast       false  false false setup_hold none leakage          none none         trans, cap new_rcmaster_techFreePDK45 25      1            | 
| corner_0_0 true   true  true  setup_hold none leakage, dynamic none none         trans, cap new_rcmaster_techFreePDK45 25      1            | 
-----------------------------------------------------------------------------------------------------------------------------------------------


