 Timing Path to inRegA/Q_reg[9]/D 
  
 Path Start Point : a[9] 
                       (rising IO latch clocked by vsysclk_new_mode) 
 Path End Point   : inRegA/Q_reg[9] (DFF_X1) 
                       (rising edge-triggered flip-flop clocked by vsysclk_new_mode) 
 Mode             : new_mode 
 Corner           : corner_0_0 
 Data Cell Derate : 1 
 Data Net Derate  : 1 
 Clock Cell Derate: Early = 1 / Late = 1 
 Clock Net Derate : Early = 1 / Late = 1 
 Path Type        : min 
 Path Group       : **inputs** 
 CRPR Threshold   : 5 
  
 Attributes  : U - cell is dont use 
             : M - cell is dont modify 
             : m - net is dont modify 
             : n - connected (sub)net is dont modify 
             : S - cell is size only 
             : F - cell is fixed 
             : C - cell has annotated timing constraints 
             : c - pin has annotated timing constraints 
             : A - cell is affected by case analysis 
             : L - Estimated latency 
             : O - CTS offset 
  
 Opt Attr    : I - is ideal 
             : L - is internal logic const 
             : K - is in clock network 
             : M - has only don't modify nets 
             : N - has no load pin 
             : D - has zero or multiple drivers 
             : G - is valid global net 
             : T - is not switching 


------------------------------------------------------------------------------------------------------------------------------
| Pin                  Cell    Edge Arrival Delay  Slew   Wire Cap Pin Cap  Total Cap Derate  Fanout  Bin Util Attr Opt Attr | 
|----------------------------------------------------------------------------------------------------------------------------|
|    a[9]                      Rise  0.2000 0.0000 0.0000 35.8861  0.894119 36.7802           1       44.2969  c             | 
|    inRegA/D[9]               Rise  0.2000 0.0000                                                                           | 
|    inRegA/i_0_11/A2  AND2_X1 Rise  0.2050 0.0050 0.0000          0.97463                                                   | 
|    inRegA/i_0_11/ZN  AND2_X1 Rise  0.2520 0.0470 0.0240 7.707    1.06234  8.76934           1       24.3638                | 
|    inRegA/Q_reg[9]/D DFF_X1  Rise  0.2530 0.0010 0.0240          1.14029                                     MF            | 
------------------------------------------------------------------------------------------------------------------------------


 Required Time Trace to inRegA/Q_reg[9]/CK 


-----------------------------------------------------------------------------------------------------------------------------------------------------
| Pin                                   Cell          Edge Arrival Delay  Slew   Wire Cap Pin Cap  Total Cap Derate  Fanout  Bin Util Attr Opt Attr | 
|---------------------------------------------------------------------------------------------------------------------------------------------------|
|    clk                                              Rise  0.0000 0.0000 0.0000 0.376899 1.42116  1.79806           1       31.4061  c    K/M      | 
|    CTS_L1_tid1__c1_tid1__c7/A         CLKBUF_X3     Rise  0.0000 0.0000 0.0000          1.42116                                     mF            | 
|    CTS_L1_tid1__c1_tid1__c7/Z         CLKBUF_X3     Rise  0.0600 0.0600 0.0390 35.3106  10.1602  45.4708           3       31.4061  mF   K/M      | 
|    inRegA/clk_CTS_1_PP_4                            Rise  0.0600 0.0000                                                                           | 
|    inRegA/CTS_L2_tid1__c2_tid1__c65/A CLKBUF_X3     Rise  0.0630 0.0030 0.0390          1.42116                                     mF            | 
|    inRegA/CTS_L2_tid1__c2_tid1__c65/Z CLKBUF_X3     Rise  0.1270 0.0640 0.0320 25.6415  7.95918  33.6007           1       64.5201  mF   K/M      | 
|    inRegA/clk_gate_Q_reg/CK           CLKGATETST_X8 Rise  0.1330 0.0060 0.0310          7.95918                                     mFA           | 
|    inRegA/clk_gate_Q_reg/GCK          CLKGATETST_X8 Rise  0.1720 0.0390 0.0160 32.7661  5.02807  37.7942           4       59.8661  mFA  K/M      | 
|    inRegA/CTS_L4_c_tid0_38/A          CLKBUF_X3     Rise  0.1780 0.0060 0.0170          1.42116                                     mF            | 
|    inRegA/CTS_L4_c_tid0_38/Z          CLKBUF_X3     Rise  0.2310 0.0530 0.0280 18.067   11.3958  29.4628           12      55.9375  mF   K/M      | 
|    inRegA/Q_reg[9]/CK                 DFF_X1        Rise  0.2330 0.0020 0.0280          0.949653                                    MmF           | 
-----------------------------------------------------------------------------------------------------------------------------------------------------


--------------------------------------------------------------
|                                           | Time    Total  | 
|------------------------------------------------------------|
| target clock vsysclk_new_mode (rise edge) |  0.0000 0.0000 | 
| target clock cycle shift                  |  0.0000 0.0000 | 
| target clock propagated network latency   |  0.2330 0.2330 | 
| library hold check                        |  0.0190 0.2520 | 
| data required time                        |  0.2520        | 
|                                           |                | 
| data arrival time                         |  0.2530        | 
| data required time                        | -0.2520        | 
| pessimism                                 |  0.0000        | 
|                                           |                | 
| slack                                     |  0.0010        | 
--------------------------------------------------------------


 Timing Path to inRegA/Q_reg[15]/D 
  
 Path Start Point : a[15] 
                       (rising IO latch clocked by vsysclk_new_mode) 
 Path End Point   : inRegA/Q_reg[15] (DFF_X1) 
                       (rising edge-triggered flip-flop clocked by vsysclk_new_mode) 
 Mode             : new_mode 
 Corner           : corner_0_0 
 Data Cell Derate : 1 
 Data Net Derate  : 1 
 Clock Cell Derate: Early = 1 / Late = 1 
 Clock Net Derate : Early = 1 / Late = 1 
 Path Type        : min 
 Path Group       : **inputs** 
 CRPR Threshold   : 5 
  
 Attributes  : U - cell is dont use 
             : M - cell is dont modify 
             : m - net is dont modify 
             : n - connected (sub)net is dont modify 
             : S - cell is size only 
             : F - cell is fixed 
             : C - cell has annotated timing constraints 
             : c - pin has annotated timing constraints 
             : A - cell is affected by case analysis 
             : L - Estimated latency 
             : O - CTS offset 
  
 Opt Attr    : I - is ideal 
             : L - is internal logic const 
             : K - is in clock network 
             : M - has only don't modify nets 
             : N - has no load pin 
             : D - has zero or multiple drivers 
             : G - is valid global net 
             : T - is not switching 


--------------------------------------------------------------------------------------------------------------------------------------
| Pin                        Cell      Edge Arrival Delay  Slew   Wire Cap Pin Cap  Total Cap Derate  Fanout  Bin Util Attr Opt Attr | 
|------------------------------------------------------------------------------------------------------------------------------------|
|    a[15]                             Rise  0.2000 0.0000 0.0000 7.02197  0.894119 7.91609           1       43.469   c             | 
|    inRegA/D[15]                      Rise  0.2000 0.0000                                                                           | 
|    inRegA/i_0_17/A2        AND2_X1   Rise  0.2000 0.0000 0.0000          0.97463                                                   | 
|    inRegA/i_0_17/ZN        AND2_X1   Rise  0.2250 0.0250 0.0070 0.170352 0.699202 0.869554          1       63.2701                | 
|    inRegA/CLOCK_slh__c75/A CLKBUF_X1 Rise  0.2250 0.0000 0.0070          0.77983                                                   | 
|    inRegA/CLOCK_slh__c75/Z CLKBUF_X1 Rise  0.2550 0.0300 0.0090 1.24869  1.06234  2.31103           1       63.2701                | 
|    inRegA/Q_reg[15]/D      DFF_X1    Rise  0.2550 0.0000 0.0090          1.14029                                     MF            | 
--------------------------------------------------------------------------------------------------------------------------------------


 Required Time Trace to inRegA/Q_reg[15]/CK 


-----------------------------------------------------------------------------------------------------------------------------------------------------
| Pin                                   Cell          Edge Arrival Delay  Slew   Wire Cap Pin Cap  Total Cap Derate  Fanout  Bin Util Attr Opt Attr | 
|---------------------------------------------------------------------------------------------------------------------------------------------------|
|    clk                                              Rise  0.0000 0.0000 0.0000 0.376899 1.42116  1.79806           1       31.4061  c    K/M      | 
|    CTS_L1_tid1__c1_tid1__c7/A         CLKBUF_X3     Rise  0.0000 0.0000 0.0000          1.42116                                     mF            | 
|    CTS_L1_tid1__c1_tid1__c7/Z         CLKBUF_X3     Rise  0.0600 0.0600 0.0390 35.3106  10.1602  45.4708           3       31.4061  mF   K/M      | 
|    inRegA/clk_CTS_1_PP_4                            Rise  0.0600 0.0000                                                                           | 
|    inRegA/CTS_L2_tid1__c2_tid1__c65/A CLKBUF_X3     Rise  0.0630 0.0030 0.0390          1.42116                                     mF            | 
|    inRegA/CTS_L2_tid1__c2_tid1__c65/Z CLKBUF_X3     Rise  0.1270 0.0640 0.0320 25.6415  7.95918  33.6007           1       64.5201  mF   K/M      | 
|    inRegA/clk_gate_Q_reg/CK           CLKGATETST_X8 Rise  0.1330 0.0060 0.0310          7.95918                                     mFA           | 
|    inRegA/clk_gate_Q_reg/GCK          CLKGATETST_X8 Rise  0.1720 0.0390 0.0160 32.7661  5.02807  37.7942           4       59.8661  mFA  K/M      | 
|    inRegA/CTS_L4_c_tid0_35/A          CLKBUF_X2     Rise  0.1780 0.0060 0.0170          1.40591                                     mF            | 
|    inRegA/CTS_L4_c_tid0_35/Z          CLKBUF_X2     Rise  0.2330 0.0550 0.0330 16.5852  7.59723  24.1824           8       48.0692  mF   K/M      | 
|    inRegA/Q_reg[15]/CK                DFF_X1        Rise  0.2380 0.0050 0.0320          0.949653                                    MmF           | 
-----------------------------------------------------------------------------------------------------------------------------------------------------


--------------------------------------------------------------
|                                           | Time    Total  | 
|------------------------------------------------------------|
| target clock vsysclk_new_mode (rise edge) |  0.0000 0.0000 | 
| target clock cycle shift                  |  0.0000 0.0000 | 
| target clock propagated network latency   |  0.2380 0.2380 | 
| library hold check                        |  0.0150 0.2530 | 
| data required time                        |  0.2530        | 
|                                           |                | 
| data arrival time                         |  0.2550        | 
| data required time                        | -0.2530        | 
| pessimism                                 |  0.0000        | 
|                                           |                | 
| slack                                     |  0.0020        | 
--------------------------------------------------------------


 Timing Path to inRegA/Q_reg[16]/D 
  
 Path Start Point : a[16] 
                       (rising IO latch clocked by vsysclk_new_mode) 
 Path End Point   : inRegA/Q_reg[16] (DFF_X1) 
                       (rising edge-triggered flip-flop clocked by vsysclk_new_mode) 
 Mode             : new_mode 
 Corner           : corner_0_0 
 Data Cell Derate : 1 
 Data Net Derate  : 1 
 Clock Cell Derate: Early = 1 / Late = 1 
 Clock Net Derate : Early = 1 / Late = 1 
 Path Type        : min 
 Path Group       : **inputs** 
 CRPR Threshold   : 5 
  
 Attributes  : U - cell is dont use 
             : M - cell is dont modify 
             : m - net is dont modify 
             : n - connected (sub)net is dont modify 
             : S - cell is size only 
             : F - cell is fixed 
             : C - cell has annotated timing constraints 
             : c - pin has annotated timing constraints 
             : A - cell is affected by case analysis 
             : L - Estimated latency 
             : O - CTS offset 
  
 Opt Attr    : I - is ideal 
             : L - is internal logic const 
             : K - is in clock network 
             : M - has only don't modify nets 
             : N - has no load pin 
             : D - has zero or multiple drivers 
             : G - is valid global net 
             : T - is not switching 


--------------------------------------------------------------------------------------------------------------------------------------
| Pin                        Cell      Edge Arrival Delay  Slew   Wire Cap Pin Cap  Total Cap Derate  Fanout  Bin Util Attr Opt Attr | 
|------------------------------------------------------------------------------------------------------------------------------------|
|    a[16]                             Rise  0.2000 0.0000 0.0000 7.8397   0.894119 8.73382           1       34.3148  c             | 
|    inRegA/D[16]                      Rise  0.2000 0.0000                                                                           | 
|    inRegA/i_0_18/A2        AND2_X1   Rise  0.2000 0.0000 0.0000          0.97463                                                   | 
|    inRegA/i_0_18/ZN        AND2_X1   Rise  0.2250 0.0250 0.0070 0.170352 0.699202 0.869554          1       58.6161                | 
|    inRegA/CLOCK_slh__c77/A CLKBUF_X1 Rise  0.2250 0.0000 0.0070          0.77983                                                   | 
|    inRegA/CLOCK_slh__c77/Z CLKBUF_X1 Rise  0.2550 0.0300 0.0090 1.16825  1.06234  2.23059           1       58.6161                | 
|    inRegA/Q_reg[16]/D      DFF_X1    Rise  0.2550 0.0000 0.0090          1.14029                                     MF            | 
--------------------------------------------------------------------------------------------------------------------------------------


 Required Time Trace to inRegA/Q_reg[16]/CK 


-----------------------------------------------------------------------------------------------------------------------------------------------------
| Pin                                   Cell          Edge Arrival Delay  Slew   Wire Cap Pin Cap  Total Cap Derate  Fanout  Bin Util Attr Opt Attr | 
|---------------------------------------------------------------------------------------------------------------------------------------------------|
|    clk                                              Rise  0.0000 0.0000 0.0000 0.376899 1.42116  1.79806           1       31.4061  c    K/M      | 
|    CTS_L1_tid1__c1_tid1__c7/A         CLKBUF_X3     Rise  0.0000 0.0000 0.0000          1.42116                                     mF            | 
|    CTS_L1_tid1__c1_tid1__c7/Z         CLKBUF_X3     Rise  0.0600 0.0600 0.0390 35.3106  10.1602  45.4708           3       31.4061  mF   K/M      | 
|    inRegA/clk_CTS_1_PP_4                            Rise  0.0600 0.0000                                                                           | 
|    inRegA/CTS_L2_tid1__c2_tid1__c65/A CLKBUF_X3     Rise  0.0630 0.0030 0.0390          1.42116                                     mF            | 
|    inRegA/CTS_L2_tid1__c2_tid1__c65/Z CLKBUF_X3     Rise  0.1270 0.0640 0.0320 25.6415  7.95918  33.6007           1       64.5201  mF   K/M      | 
|    inRegA/clk_gate_Q_reg/CK           CLKGATETST_X8 Rise  0.1330 0.0060 0.0310          7.95918                                     mFA           | 
|    inRegA/clk_gate_Q_reg/GCK          CLKGATETST_X8 Rise  0.1720 0.0390 0.0160 32.7661  5.02807  37.7942           4       59.8661  mFA  K/M      | 
|    inRegA/CTS_L4_c_tid0_35/A          CLKBUF_X2     Rise  0.1780 0.0060 0.0170          1.40591                                     mF            | 
|    inRegA/CTS_L4_c_tid0_35/Z          CLKBUF_X2     Rise  0.2330 0.0550 0.0330 16.5852  7.59723  24.1824           8       48.0692  mF   K/M      | 
|    inRegA/Q_reg[16]/CK                DFF_X1        Rise  0.2380 0.0050 0.0320          0.949653                                    MmF           | 
-----------------------------------------------------------------------------------------------------------------------------------------------------


--------------------------------------------------------------
|                                           | Time    Total  | 
|------------------------------------------------------------|
| target clock vsysclk_new_mode (rise edge) |  0.0000 0.0000 | 
| target clock cycle shift                  |  0.0000 0.0000 | 
| target clock propagated network latency   |  0.2380 0.2380 | 
| library hold check                        |  0.0150 0.2530 | 
| data required time                        |  0.2530        | 
|                                           |                | 
| data arrival time                         |  0.2550        | 
| data required time                        | -0.2530        | 
| pessimism                                 |  0.0000        | 
|                                           |                | 
| slack                                     |  0.0020        | 
--------------------------------------------------------------


 Timing Path to inRegA/Q_reg[17]/D 
  
 Path Start Point : a[17] 
                       (rising IO latch clocked by vsysclk_new_mode) 
 Path End Point   : inRegA/Q_reg[17] (DFF_X1) 
                       (rising edge-triggered flip-flop clocked by vsysclk_new_mode) 
 Mode             : new_mode 
 Corner           : corner_0_0 
 Data Cell Derate : 1 
 Data Net Derate  : 1 
 Clock Cell Derate: Early = 1 / Late = 1 
 Clock Net Derate : Early = 1 / Late = 1 
 Path Type        : min 
 Path Group       : **inputs** 
 CRPR Threshold   : 5 
  
 Attributes  : U - cell is dont use 
             : M - cell is dont modify 
             : m - net is dont modify 
             : n - connected (sub)net is dont modify 
             : S - cell is size only 
             : F - cell is fixed 
             : C - cell has annotated timing constraints 
             : c - pin has annotated timing constraints 
             : A - cell is affected by case analysis 
             : L - Estimated latency 
             : O - CTS offset 
  
 Opt Attr    : I - is ideal 
             : L - is internal logic const 
             : K - is in clock network 
             : M - has only don't modify nets 
             : N - has no load pin 
             : D - has zero or multiple drivers 
             : G - is valid global net 
             : T - is not switching 


--------------------------------------------------------------------------------------------------------------------------------------
| Pin                        Cell      Edge Arrival Delay  Slew   Wire Cap Pin Cap  Total Cap Derate  Fanout  Bin Util Attr Opt Attr | 
|------------------------------------------------------------------------------------------------------------------------------------|
|    a[17]                             Rise  0.2000 0.0000 0.0000 7.03351  0.894119 7.92763           1       34.3148  c             | 
|    inRegA/D[17]                      Rise  0.2000 0.0000                                                                           | 
|    inRegA/i_0_19/A2        AND2_X1   Rise  0.2000 0.0000 0.0000          0.97463                                                   | 
|    inRegA/i_0_19/ZN        AND2_X1   Rise  0.2250 0.0250 0.0070 0.170352 0.699202 0.869554          1       60.7143                | 
|    inRegA/CLOCK_slh__c73/A CLKBUF_X1 Rise  0.2250 0.0000 0.0070          0.77983                                                   | 
|    inRegA/CLOCK_slh__c73/Z CLKBUF_X1 Rise  0.2550 0.0300 0.0090 1.3684   1.06234  2.43074           1       60.7143                | 
|    inRegA/Q_reg[17]/D      DFF_X1    Rise  0.2550 0.0000 0.0090          1.14029                                     MF            | 
--------------------------------------------------------------------------------------------------------------------------------------


 Required Time Trace to inRegA/Q_reg[17]/CK 


-----------------------------------------------------------------------------------------------------------------------------------------------------
| Pin                                   Cell          Edge Arrival Delay  Slew   Wire Cap Pin Cap  Total Cap Derate  Fanout  Bin Util Attr Opt Attr | 
|---------------------------------------------------------------------------------------------------------------------------------------------------|
|    clk                                              Rise  0.0000 0.0000 0.0000 0.376899 1.42116  1.79806           1       31.4061  c    K/M      | 
|    CTS_L1_tid1__c1_tid1__c7/A         CLKBUF_X3     Rise  0.0000 0.0000 0.0000          1.42116                                     mF            | 
|    CTS_L1_tid1__c1_tid1__c7/Z         CLKBUF_X3     Rise  0.0600 0.0600 0.0390 35.3106  10.1602  45.4708           3       31.4061  mF   K/M      | 
|    inRegA/clk_CTS_1_PP_4                            Rise  0.0600 0.0000                                                                           | 
|    inRegA/CTS_L2_tid1__c2_tid1__c65/A CLKBUF_X3     Rise  0.0630 0.0030 0.0390          1.42116                                     mF            | 
|    inRegA/CTS_L2_tid1__c2_tid1__c65/Z CLKBUF_X3     Rise  0.1270 0.0640 0.0320 25.6415  7.95918  33.6007           1       64.5201  mF   K/M      | 
|    inRegA/clk_gate_Q_reg/CK           CLKGATETST_X8 Rise  0.1330 0.0060 0.0310          7.95918                                     mFA           | 
|    inRegA/clk_gate_Q_reg/GCK          CLKGATETST_X8 Rise  0.1720 0.0390 0.0160 32.7661  5.02807  37.7942           4       59.8661  mFA  K/M      | 
|    inRegA/CTS_L4_c_tid0_35/A          CLKBUF_X2     Rise  0.1780 0.0060 0.0170          1.40591                                     mF            | 
|    inRegA/CTS_L4_c_tid0_35/Z          CLKBUF_X2     Rise  0.2330 0.0550 0.0330 16.5852  7.59723  24.1824           8       48.0692  mF   K/M      | 
|    inRegA/Q_reg[17]/CK                DFF_X1        Rise  0.2380 0.0050 0.0320          0.949653                                    MmF           | 
-----------------------------------------------------------------------------------------------------------------------------------------------------


--------------------------------------------------------------
|                                           | Time    Total  | 
|------------------------------------------------------------|
| target clock vsysclk_new_mode (rise edge) |  0.0000 0.0000 | 
| target clock cycle shift                  |  0.0000 0.0000 | 
| target clock propagated network latency   |  0.2380 0.2380 | 
| library hold check                        |  0.0150 0.2530 | 
| data required time                        |  0.2530        | 
|                                           |                | 
| data arrival time                         |  0.2550        | 
| data required time                        | -0.2530        | 
| pessimism                                 |  0.0000        | 
|                                           |                | 
| slack                                     |  0.0020        | 
--------------------------------------------------------------


 Timing Path to inRegB/Q_reg[25]/D 
  
 Path Start Point : b[25] 
                       (rising IO latch clocked by vsysclk_new_mode) 
 Path End Point   : inRegB/Q_reg[25] (DFF_X1) 
                       (rising edge-triggered flip-flop clocked by vsysclk_new_mode) 
 Mode             : new_mode 
 Corner           : corner_0_0 
 Data Cell Derate : 1 
 Data Net Derate  : 1 
 Clock Cell Derate: Early = 1 / Late = 1 
 Clock Net Derate : Early = 1 / Late = 1 
 Path Type        : min 
 Path Group       : **inputs** 
 CRPR Threshold   : 5 
  
 Attributes  : U - cell is dont use 
             : M - cell is dont modify 
             : m - net is dont modify 
             : n - connected (sub)net is dont modify 
             : S - cell is size only 
             : F - cell is fixed 
             : C - cell has annotated timing constraints 
             : c - pin has annotated timing constraints 
             : A - cell is affected by case analysis 
             : L - Estimated latency 
             : O - CTS offset 
  
 Opt Attr    : I - is ideal 
             : L - is internal logic const 
             : K - is in clock network 
             : M - has only don't modify nets 
             : N - has no load pin 
             : D - has zero or multiple drivers 
             : G - is valid global net 
             : T - is not switching 


-------------------------------------------------------------------------------------------------------------------------------
| Pin                   Cell    Edge Arrival Delay  Slew   Wire Cap Pin Cap  Total Cap Derate  Fanout  Bin Util Attr Opt Attr | 
|-----------------------------------------------------------------------------------------------------------------------------|
|    b[25]                      Rise  0.2000 0.0000 0.0000 1.66494  0.894119 2.55906           1       38.8116  c             | 
|    inRegB/D[25]               Rise  0.2000 0.0000                                                                           | 
|    inRegB/i_0_27/A2   AND2_X1 Rise  0.2000 0.0000 0.0000          0.97463                                                   | 
|    inRegB/i_0_27/ZN   AND2_X1 Rise  0.2320 0.0320 0.0110 1.88879  1.06234  2.95113           1       31.3972                | 
|    inRegB/Q_reg[25]/D DFF_X1  Rise  0.2320 0.0000 0.0110          1.14029                                     MF            | 
-------------------------------------------------------------------------------------------------------------------------------


 Required Time Trace to inRegB/Q_reg[25]/CK 


---------------------------------------------------------------------------------------------------------------------------------------------
| Pin                           Cell          Edge Arrival Delay  Slew   Wire Cap Pin Cap  Total Cap Derate  Fanout  Bin Util Attr Opt Attr | 
|-------------------------------------------------------------------------------------------------------------------------------------------|
|    clk                                      Rise  0.0000 0.0000 0.0000 0.376899 1.42116  1.79806           1       31.4061  c    K/M      | 
|    CTS_L1_tid1__c1_tid1__c7/A CLKBUF_X3     Rise  0.0000 0.0000 0.0000          1.42116                                     mF            | 
|    CTS_L1_tid1__c1_tid1__c7/Z CLKBUF_X3     Rise  0.0600 0.0600 0.0390 35.3106  10.1602  45.4708           3       31.4061  mF   K/M      | 
|    inRegB/clk_CTS_1_PP_1                    Rise  0.0600 0.0000                                                                           | 
|    inRegB/clk_gate_Q_reg/CK   CLKGATETST_X8 Rise  0.0620 0.0020 0.0390          7.95918                                     mFA           | 
|    inRegB/clk_gate_Q_reg/GCK  CLKGATETST_X8 Rise  0.0990 0.0370 0.0110 18.892   1.42116  20.3131           1       28.8544  mFA  K/M      | 
|    inRegB/CTS_L3_c_tid1_3/A   CLKBUF_X3     Rise  0.1000 0.0010 0.0110          1.42116                                     mF            | 
|    inRegB/CTS_L3_c_tid1_3/Z   CLKBUF_X3     Rise  0.1920 0.0920 0.0880 70.1635  30.3889  100.552           32      56.1496  mF   K/M      | 
|    inRegB/Q_reg[25]/CK        DFF_X1        Rise  0.2040 0.0120 0.0900          0.949653                                    MmF           | 
---------------------------------------------------------------------------------------------------------------------------------------------


--------------------------------------------------------------
|                                           | Time    Total  | 
|------------------------------------------------------------|
| target clock vsysclk_new_mode (rise edge) |  0.0000 0.0000 | 
| target clock cycle shift                  |  0.0000 0.0000 | 
| target clock propagated network latency   |  0.2040 0.2040 | 
| library hold check                        |  0.0220 0.2260 | 
| data required time                        |  0.2260        | 
|                                           |                | 
| data arrival time                         |  0.2320        | 
| data required time                        | -0.2260        | 
| pessimism                                 |  0.0000        | 
|                                           |                | 
| slack                                     |  0.0060        | 
--------------------------------------------------------------


 Timing Path to inRegA/Q_reg[13]/D 
  
 Path Start Point : a[13] 
                       (rising IO latch clocked by vsysclk_new_mode) 
 Path End Point   : inRegA/Q_reg[13] (DFF_X1) 
                       (rising edge-triggered flip-flop clocked by vsysclk_new_mode) 
 Mode             : new_mode 
 Corner           : corner_0_0 
 Data Cell Derate : 1 
 Data Net Derate  : 1 
 Clock Cell Derate: Early = 1 / Late = 1 
 Clock Net Derate : Early = 1 / Late = 1 
 Path Type        : min 
 Path Group       : **inputs** 
 CRPR Threshold   : 5 
  
 Attributes  : U - cell is dont use 
             : M - cell is dont modify 
             : m - net is dont modify 
             : n - connected (sub)net is dont modify 
             : S - cell is size only 
             : F - cell is fixed 
             : C - cell has annotated timing constraints 
             : c - pin has annotated timing constraints 
             : A - cell is affected by case analysis 
             : L - Estimated latency 
             : O - CTS offset 
  
 Opt Attr    : I - is ideal 
             : L - is internal logic const 
             : K - is in clock network 
             : M - has only don't modify nets 
             : N - has no load pin 
             : D - has zero or multiple drivers 
             : G - is valid global net 
             : T - is not switching 


--------------------------------------------------------------------------------------------------------------------------------------
| Pin                        Cell      Edge Arrival Delay  Slew   Wire Cap Pin Cap  Total Cap Derate  Fanout  Bin Util Attr Opt Attr | 
|------------------------------------------------------------------------------------------------------------------------------------|
|    a[13]                             Rise  0.2000 0.0000 0.0000 30.2495  0.894119 31.1436           1       43.469   c             | 
|    inRegA/D[13]                      Rise  0.2000 0.0000                                                                           | 
|    inRegA/i_0_15/A2        AND2_X1   Rise  0.2060 0.0060 0.0000          0.97463                                                   | 
|    inRegA/i_0_15/ZN        AND2_X1   Rise  0.2310 0.0250 0.0070 0.170352 0.699202 0.869554          1       63.2701                | 
|    inRegA/CLOCK_slh__c85/A CLKBUF_X1 Rise  0.2310 0.0000 0.0070          0.77983                                                   | 
|    inRegA/CLOCK_slh__c85/Z CLKBUF_X1 Rise  0.2600 0.0290 0.0080 0.779764 1.06234  1.84211           1       63.2701                | 
|    inRegA/Q_reg[13]/D      DFF_X1    Rise  0.2600 0.0000 0.0080          1.14029                                     MF            | 
--------------------------------------------------------------------------------------------------------------------------------------


 Required Time Trace to inRegA/Q_reg[13]/CK 


-----------------------------------------------------------------------------------------------------------------------------------------------------
| Pin                                   Cell          Edge Arrival Delay  Slew   Wire Cap Pin Cap  Total Cap Derate  Fanout  Bin Util Attr Opt Attr | 
|---------------------------------------------------------------------------------------------------------------------------------------------------|
|    clk                                              Rise  0.0000 0.0000 0.0000 0.376899 1.42116  1.79806           1       31.4061  c    K/M      | 
|    CTS_L1_tid1__c1_tid1__c7/A         CLKBUF_X3     Rise  0.0000 0.0000 0.0000          1.42116                                     mF            | 
|    CTS_L1_tid1__c1_tid1__c7/Z         CLKBUF_X3     Rise  0.0600 0.0600 0.0390 35.3106  10.1602  45.4708           3       31.4061  mF   K/M      | 
|    inRegA/clk_CTS_1_PP_4                            Rise  0.0600 0.0000                                                                           | 
|    inRegA/CTS_L2_tid1__c2_tid1__c65/A CLKBUF_X3     Rise  0.0630 0.0030 0.0390          1.42116                                     mF            | 
|    inRegA/CTS_L2_tid1__c2_tid1__c65/Z CLKBUF_X3     Rise  0.1270 0.0640 0.0320 25.6415  7.95918  33.6007           1       64.5201  mF   K/M      | 
|    inRegA/clk_gate_Q_reg/CK           CLKGATETST_X8 Rise  0.1330 0.0060 0.0310          7.95918                                     mFA           | 
|    inRegA/clk_gate_Q_reg/GCK          CLKGATETST_X8 Rise  0.1720 0.0390 0.0160 32.7661  5.02807  37.7942           4       59.8661  mFA  K/M      | 
|    inRegA/CTS_L4_c_tid0_35/A          CLKBUF_X2     Rise  0.1780 0.0060 0.0170          1.40591                                     mF            | 
|    inRegA/CTS_L4_c_tid0_35/Z          CLKBUF_X2     Rise  0.2330 0.0550 0.0330 16.5852  7.59723  24.1824           8       48.0692  mF   K/M      | 
|    inRegA/Q_reg[13]/CK                DFF_X1        Rise  0.2380 0.0050 0.0320          0.949653                                    MmF           | 
-----------------------------------------------------------------------------------------------------------------------------------------------------


--------------------------------------------------------------
|                                           | Time    Total  | 
|------------------------------------------------------------|
| target clock vsysclk_new_mode (rise edge) |  0.0000 0.0000 | 
| target clock cycle shift                  |  0.0000 0.0000 | 
| target clock propagated network latency   |  0.2380 0.2380 | 
| library hold check                        |  0.0150 0.2530 | 
| data required time                        |  0.2530        | 
|                                           |                | 
| data arrival time                         |  0.2600        | 
| data required time                        | -0.2530        | 
| pessimism                                 |  0.0000        | 
|                                           |                | 
| slack                                     |  0.0070        | 
--------------------------------------------------------------


 Timing Path to inRegA/Q_reg[14]/D 
  
 Path Start Point : a[14] 
                       (rising IO latch clocked by vsysclk_new_mode) 
 Path End Point   : inRegA/Q_reg[14] (DFF_X1) 
                       (rising edge-triggered flip-flop clocked by vsysclk_new_mode) 
 Mode             : new_mode 
 Corner           : corner_0_0 
 Data Cell Derate : 1 
 Data Net Derate  : 1 
 Clock Cell Derate: Early = 1 / Late = 1 
 Clock Net Derate : Early = 1 / Late = 1 
 Path Type        : min 
 Path Group       : **inputs** 
 CRPR Threshold   : 5 
  
 Attributes  : U - cell is dont use 
             : M - cell is dont modify 
             : m - net is dont modify 
             : n - connected (sub)net is dont modify 
             : S - cell is size only 
             : F - cell is fixed 
             : C - cell has annotated timing constraints 
             : c - pin has annotated timing constraints 
             : A - cell is affected by case analysis 
             : L - Estimated latency 
             : O - CTS offset 
  
 Opt Attr    : I - is ideal 
             : L - is internal logic const 
             : K - is in clock network 
             : M - has only don't modify nets 
             : N - has no load pin 
             : D - has zero or multiple drivers 
             : G - is valid global net 
             : T - is not switching 


--------------------------------------------------------------------------------------------------------------------------------------
| Pin                        Cell      Edge Arrival Delay  Slew   Wire Cap Pin Cap  Total Cap Derate  Fanout  Bin Util Attr Opt Attr | 
|------------------------------------------------------------------------------------------------------------------------------------|
|    a[14]                             Rise  0.2000 0.0000 0.0000 30.221   0.894119 31.1151           1       38.8116  c             | 
|    inRegA/D[14]                      Rise  0.2000 0.0000                                                                           | 
|    inRegA/i_0_16/A2        AND2_X1   Rise  0.2050 0.0050 0.0000          0.97463                                                   | 
|    inRegA/i_0_16/ZN        AND2_X1   Rise  0.2300 0.0250 0.0070 0.170352 0.699202 0.869554          1       63.2701                | 
|    inRegA/CLOCK_slh__c83/A CLKBUF_X1 Rise  0.2300 0.0000 0.0070          0.77983                                                   | 
|    inRegA/CLOCK_slh__c83/Z CLKBUF_X1 Rise  0.2600 0.0300 0.0090 1.24869  1.06234  2.31103           1       63.2701                | 
|    inRegA/Q_reg[14]/D      DFF_X1    Rise  0.2600 0.0000 0.0090          1.14029                                     MF            | 
--------------------------------------------------------------------------------------------------------------------------------------


 Required Time Trace to inRegA/Q_reg[14]/CK 


-----------------------------------------------------------------------------------------------------------------------------------------------------
| Pin                                   Cell          Edge Arrival Delay  Slew   Wire Cap Pin Cap  Total Cap Derate  Fanout  Bin Util Attr Opt Attr | 
|---------------------------------------------------------------------------------------------------------------------------------------------------|
|    clk                                              Rise  0.0000 0.0000 0.0000 0.376899 1.42116  1.79806           1       31.4061  c    K/M      | 
|    CTS_L1_tid1__c1_tid1__c7/A         CLKBUF_X3     Rise  0.0000 0.0000 0.0000          1.42116                                     mF            | 
|    CTS_L1_tid1__c1_tid1__c7/Z         CLKBUF_X3     Rise  0.0600 0.0600 0.0390 35.3106  10.1602  45.4708           3       31.4061  mF   K/M      | 
|    inRegA/clk_CTS_1_PP_4                            Rise  0.0600 0.0000                                                                           | 
|    inRegA/CTS_L2_tid1__c2_tid1__c65/A CLKBUF_X3     Rise  0.0630 0.0030 0.0390          1.42116                                     mF            | 
|    inRegA/CTS_L2_tid1__c2_tid1__c65/Z CLKBUF_X3     Rise  0.1270 0.0640 0.0320 25.6415  7.95918  33.6007           1       64.5201  mF   K/M      | 
|    inRegA/clk_gate_Q_reg/CK           CLKGATETST_X8 Rise  0.1330 0.0060 0.0310          7.95918                                     mFA           | 
|    inRegA/clk_gate_Q_reg/GCK          CLKGATETST_X8 Rise  0.1720 0.0390 0.0160 32.7661  5.02807  37.7942           4       59.8661  mFA  K/M      | 
|    inRegA/CTS_L4_c_tid0_35/A          CLKBUF_X2     Rise  0.1780 0.0060 0.0170          1.40591                                     mF            | 
|    inRegA/CTS_L4_c_tid0_35/Z          CLKBUF_X2     Rise  0.2330 0.0550 0.0330 16.5852  7.59723  24.1824           8       48.0692  mF   K/M      | 
|    inRegA/Q_reg[14]/CK                DFF_X1        Rise  0.2380 0.0050 0.0320          0.949653                                    MmF           | 
-----------------------------------------------------------------------------------------------------------------------------------------------------


--------------------------------------------------------------
|                                           | Time    Total  | 
|------------------------------------------------------------|
| target clock vsysclk_new_mode (rise edge) |  0.0000 0.0000 | 
| target clock cycle shift                  |  0.0000 0.0000 | 
| target clock propagated network latency   |  0.2380 0.2380 | 
| library hold check                        |  0.0150 0.2530 | 
| data required time                        |  0.2530        | 
|                                           |                | 
| data arrival time                         |  0.2600        | 
| data required time                        | -0.2530        | 
| pessimism                                 |  0.0000        | 
|                                           |                | 
| slack                                     |  0.0070        | 
--------------------------------------------------------------


 Timing Path to inRegA/Q_reg[4]/D 
  
 Path Start Point : a[4] 
                       (rising IO latch clocked by vsysclk_new_mode) 
 Path End Point   : inRegA/Q_reg[4] (DFF_X1) 
                       (rising edge-triggered flip-flop clocked by vsysclk_new_mode) 
 Mode             : new_mode 
 Corner           : corner_0_0 
 Data Cell Derate : 1 
 Data Net Derate  : 1 
 Clock Cell Derate: Early = 1 / Late = 1 
 Clock Net Derate : Early = 1 / Late = 1 
 Path Type        : min 
 Path Group       : **inputs** 
 CRPR Threshold   : 5 
  
 Attributes  : U - cell is dont use 
             : M - cell is dont modify 
             : m - net is dont modify 
             : n - connected (sub)net is dont modify 
             : S - cell is size only 
             : F - cell is fixed 
             : C - cell has annotated timing constraints 
             : c - pin has annotated timing constraints 
             : A - cell is affected by case analysis 
             : L - Estimated latency 
             : O - CTS offset 
  
 Opt Attr    : I - is ideal 
             : L - is internal logic const 
             : K - is in clock network 
             : M - has only don't modify nets 
             : N - has no load pin 
             : D - has zero or multiple drivers 
             : G - is valid global net 
             : T - is not switching 


------------------------------------------------------------------------------------------------------------------------------
| Pin                  Cell    Edge Arrival Delay  Slew   Wire Cap Pin Cap  Total Cap Derate  Fanout  Bin Util Attr Opt Attr | 
|----------------------------------------------------------------------------------------------------------------------------|
|    a[4]                      Rise  0.2000 0.0000 0.0000 43.4261  0.894119 44.3202           1       39.8214  c             | 
|    inRegA/D[4]               Rise  0.2000 0.0000                                                                           | 
|    inRegA/i_0_6/A2   AND2_X1 Rise  0.2100 0.0100 0.0000          0.97463                                                   | 
|    inRegA/i_0_6/ZN   AND2_X1 Rise  0.2630 0.0530 0.0300 10.402   1.06234  11.4644           1       26.4621                | 
|    inRegA/Q_reg[4]/D DFF_X1  Rise  0.2650 0.0020 0.0300          1.14029                                     MF            | 
------------------------------------------------------------------------------------------------------------------------------


 Required Time Trace to inRegA/Q_reg[4]/CK 


-----------------------------------------------------------------------------------------------------------------------------------------------------
| Pin                                   Cell          Edge Arrival Delay  Slew   Wire Cap Pin Cap  Total Cap Derate  Fanout  Bin Util Attr Opt Attr | 
|---------------------------------------------------------------------------------------------------------------------------------------------------|
|    clk                                              Rise  0.0000 0.0000 0.0000 0.376899 1.42116  1.79806           1       31.4061  c    K/M      | 
|    CTS_L1_tid1__c1_tid1__c7/A         CLKBUF_X3     Rise  0.0000 0.0000 0.0000          1.42116                                     mF            | 
|    CTS_L1_tid1__c1_tid1__c7/Z         CLKBUF_X3     Rise  0.0600 0.0600 0.0390 35.3106  10.1602  45.4708           3       31.4061  mF   K/M      | 
|    inRegA/clk_CTS_1_PP_4                            Rise  0.0600 0.0000                                                                           | 
|    inRegA/CTS_L2_tid1__c2_tid1__c65/A CLKBUF_X3     Rise  0.0630 0.0030 0.0390          1.42116                                     mF            | 
|    inRegA/CTS_L2_tid1__c2_tid1__c65/Z CLKBUF_X3     Rise  0.1270 0.0640 0.0320 25.6415  7.95918  33.6007           1       64.5201  mF   K/M      | 
|    inRegA/clk_gate_Q_reg/CK           CLKGATETST_X8 Rise  0.1330 0.0060 0.0310          7.95918                                     mFA           | 
|    inRegA/clk_gate_Q_reg/GCK          CLKGATETST_X8 Rise  0.1720 0.0390 0.0160 32.7661  5.02807  37.7942           4       59.8661  mFA  K/M      | 
|    inRegA/CTS_L4_c_tid0_38/A          CLKBUF_X3     Rise  0.1780 0.0060 0.0170          1.42116                                     mF            | 
|    inRegA/CTS_L4_c_tid0_38/Z          CLKBUF_X3     Rise  0.2310 0.0530 0.0280 18.067   11.3958  29.4628           12      55.9375  mF   K/M      | 
|    inRegA/Q_reg[4]/CK                 DFF_X1        Rise  0.2370 0.0060 0.0280          0.949653                                    MmF           | 
-----------------------------------------------------------------------------------------------------------------------------------------------------


--------------------------------------------------------------
|                                           | Time    Total  | 
|------------------------------------------------------------|
| target clock vsysclk_new_mode (rise edge) |  0.0000 0.0000 | 
| target clock cycle shift                  |  0.0000 0.0000 | 
| target clock propagated network latency   |  0.2370 0.2370 | 
| library hold check                        |  0.0210 0.2580 | 
| data required time                        |  0.2580        | 
|                                           |                | 
| data arrival time                         |  0.2650        | 
| data required time                        | -0.2580        | 
| pessimism                                 |  0.0000        | 
|                                           |                | 
| slack                                     |  0.0070        | 
--------------------------------------------------------------


 Timing Path to inRegA/Q_reg[21]/D 
  
 Path Start Point : a[21] 
                       (rising IO latch clocked by vsysclk_new_mode) 
 Path End Point   : inRegA/Q_reg[21] (DFF_X1) 
                       (rising edge-triggered flip-flop clocked by vsysclk_new_mode) 
 Mode             : new_mode 
 Corner           : corner_0_0 
 Data Cell Derate : 1 
 Data Net Derate  : 1 
 Clock Cell Derate: Early = 1 / Late = 1 
 Clock Net Derate : Early = 1 / Late = 1 
 Path Type        : min 
 Path Group       : **inputs** 
 CRPR Threshold   : 5 
  
 Attributes  : U - cell is dont use 
             : M - cell is dont modify 
             : m - net is dont modify 
             : n - connected (sub)net is dont modify 
             : S - cell is size only 
             : F - cell is fixed 
             : C - cell has annotated timing constraints 
             : c - pin has annotated timing constraints 
             : A - cell is affected by case analysis 
             : L - Estimated latency 
             : O - CTS offset 
  
 Opt Attr    : I - is ideal 
             : L - is internal logic const 
             : K - is in clock network 
             : M - has only don't modify nets 
             : N - has no load pin 
             : D - has zero or multiple drivers 
             : G - is valid global net 
             : T - is not switching 


--------------------------------------------------------------------------------------------------------------------------------------
| Pin                        Cell      Edge Arrival Delay  Slew   Wire Cap Pin Cap  Total Cap Derate  Fanout  Bin Util Attr Opt Attr | 
|------------------------------------------------------------------------------------------------------------------------------------|
|    a[21]                             Rise  0.2000 0.0000 0.0000 1.82949  0.894119 2.7236            1       35.5804  c             | 
|    inRegA/D[21]                      Rise  0.2000 0.0000                                                                           | 
|    inRegA/i_0_23/A2        AND2_X1   Rise  0.2000 0.0000 0.0000          0.97463                                                   | 
|    inRegA/i_0_23/ZN        AND2_X1   Rise  0.2250 0.0250 0.0070 0.170352 0.699202 0.869554          1       35.5804                | 
|    inRegA/CLOCK_slh__c81/A CLKBUF_X1 Rise  0.2250 0.0000 0.0070          0.77983                                                   | 
|    inRegA/CLOCK_slh__c81/Z CLKBUF_X1 Rise  0.2560 0.0310 0.0100 1.63533  1.06234  2.69768           1       35.5804                | 
|    inRegA/Q_reg[21]/D      DFF_X1    Rise  0.2560 0.0000 0.0100          1.14029                                     MF            | 
--------------------------------------------------------------------------------------------------------------------------------------


 Required Time Trace to inRegA/Q_reg[21]/CK 


-----------------------------------------------------------------------------------------------------------------------------------------------------
| Pin                                   Cell          Edge Arrival Delay  Slew   Wire Cap Pin Cap  Total Cap Derate  Fanout  Bin Util Attr Opt Attr | 
|---------------------------------------------------------------------------------------------------------------------------------------------------|
|    clk                                              Rise  0.0000 0.0000 0.0000 0.376899 1.42116  1.79806           1       31.4061  c    K/M      | 
|    CTS_L1_tid1__c1_tid1__c7/A         CLKBUF_X3     Rise  0.0000 0.0000 0.0000          1.42116                                     mF            | 
|    CTS_L1_tid1__c1_tid1__c7/Z         CLKBUF_X3     Rise  0.0600 0.0600 0.0390 35.3106  10.1602  45.4708           3       31.4061  mF   K/M      | 
|    inRegA/clk_CTS_1_PP_4                            Rise  0.0600 0.0000                                                                           | 
|    inRegA/CTS_L2_tid1__c2_tid1__c65/A CLKBUF_X3     Rise  0.0630 0.0030 0.0390          1.42116                                     mF            | 
|    inRegA/CTS_L2_tid1__c2_tid1__c65/Z CLKBUF_X3     Rise  0.1270 0.0640 0.0320 25.6415  7.95918  33.6007           1       64.5201  mF   K/M      | 
|    inRegA/clk_gate_Q_reg/CK           CLKGATETST_X8 Rise  0.1330 0.0060 0.0310          7.95918                                     mFA           | 
|    inRegA/clk_gate_Q_reg/GCK          CLKGATETST_X8 Rise  0.1720 0.0390 0.0160 32.7661  5.02807  37.7942           4       59.8661  mFA  K/M      | 
|    inRegA/CTS_L4_c_tid0_35/A          CLKBUF_X2     Rise  0.1780 0.0060 0.0170          1.40591                                     mF            | 
|    inRegA/CTS_L4_c_tid0_35/Z          CLKBUF_X2     Rise  0.2330 0.0550 0.0330 16.5852  7.59723  24.1824           8       48.0692  mF   K/M      | 
|    inRegA/Q_reg[21]/CK                DFF_X1        Rise  0.2330 0.0000 0.0330          0.949653                                    MmF           | 
-----------------------------------------------------------------------------------------------------------------------------------------------------


--------------------------------------------------------------
|                                           | Time    Total  | 
|------------------------------------------------------------|
| target clock vsysclk_new_mode (rise edge) |  0.0000 0.0000 | 
| target clock cycle shift                  |  0.0000 0.0000 | 
| target clock propagated network latency   |  0.2330 0.2330 | 
| library hold check                        |  0.0150 0.2480 | 
| data required time                        |  0.2480        | 
|                                           |                | 
| data arrival time                         |  0.2560        | 
| data required time                        | -0.2480        | 
| pessimism                                 |  0.0000        | 
|                                           |                | 
| slack                                     |  0.0080        | 
--------------------------------------------------------------


 Timing Path to inRegA/Q_reg[29]/D 
  
 Path Start Point : a[29] 
                       (rising IO latch clocked by vsysclk_new_mode) 
 Path End Point   : inRegA/Q_reg[29] (DFF_X1) 
                       (rising edge-triggered flip-flop clocked by vsysclk_new_mode) 
 Mode             : new_mode 
 Corner           : corner_0_0 
 Data Cell Derate : 1 
 Data Net Derate  : 1 
 Clock Cell Derate: Early = 1 / Late = 1 
 Clock Net Derate : Early = 1 / Late = 1 
 Path Type        : min 
 Path Group       : **inputs** 
 CRPR Threshold   : 5 
  
 Attributes  : U - cell is dont use 
             : M - cell is dont modify 
             : m - net is dont modify 
             : n - connected (sub)net is dont modify 
             : S - cell is size only 
             : F - cell is fixed 
             : C - cell has annotated timing constraints 
             : c - pin has annotated timing constraints 
             : A - cell is affected by case analysis 
             : L - Estimated latency 
             : O - CTS offset 
  
 Opt Attr    : I - is ideal 
             : L - is internal logic const 
             : K - is in clock network 
             : M - has only don't modify nets 
             : N - has no load pin 
             : D - has zero or multiple drivers 
             : G - is valid global net 
             : T - is not switching 


--------------------------------------------------------------------------------------------------------------------------------------
| Pin                        Cell      Edge Arrival Delay  Slew   Wire Cap Pin Cap  Total Cap Derate  Fanout  Bin Util Attr Opt Attr | 
|------------------------------------------------------------------------------------------------------------------------------------|
|    a[29]                             Rise  0.2000 0.0000 0.0000 1.20347  0.894119 2.09759           1       35.5804  c             | 
|    inRegA/D[29]                      Rise  0.2000 0.0000                                                                           | 
|    inRegA/i_0_31/A2        AND2_X1   Rise  0.2000 0.0000 0.0000          0.97463                                                   | 
|    inRegA/i_0_31/ZN        AND2_X1   Rise  0.2250 0.0250 0.0070 0.170352 0.699202 0.869554          1       35.5804                | 
|    inRegA/CLOCK_slh__c79/A CLKBUF_X1 Rise  0.2250 0.0000 0.0070          0.77983                                                   | 
|    inRegA/CLOCK_slh__c79/Z CLKBUF_X1 Rise  0.2560 0.0310 0.0100 1.63932  1.06234  2.70167           1       35.5804                | 
|    inRegA/Q_reg[29]/D      DFF_X1    Rise  0.2560 0.0000 0.0100          1.14029                                     MF            | 
--------------------------------------------------------------------------------------------------------------------------------------


 Required Time Trace to inRegA/Q_reg[29]/CK 


-----------------------------------------------------------------------------------------------------------------------------------------------------
| Pin                                   Cell          Edge Arrival Delay  Slew   Wire Cap Pin Cap  Total Cap Derate  Fanout  Bin Util Attr Opt Attr | 
|---------------------------------------------------------------------------------------------------------------------------------------------------|
|    clk                                              Rise  0.0000 0.0000 0.0000 0.376899 1.42116  1.79806           1       31.4061  c    K/M      | 
|    CTS_L1_tid1__c1_tid1__c7/A         CLKBUF_X3     Rise  0.0000 0.0000 0.0000          1.42116                                     mF            | 
|    CTS_L1_tid1__c1_tid1__c7/Z         CLKBUF_X3     Rise  0.0600 0.0600 0.0390 35.3106  10.1602  45.4708           3       31.4061  mF   K/M      | 
|    inRegA/clk_CTS_1_PP_4                            Rise  0.0600 0.0000                                                                           | 
|    inRegA/CTS_L2_tid1__c2_tid1__c65/A CLKBUF_X3     Rise  0.0630 0.0030 0.0390          1.42116                                     mF            | 
|    inRegA/CTS_L2_tid1__c2_tid1__c65/Z CLKBUF_X3     Rise  0.1270 0.0640 0.0320 25.6415  7.95918  33.6007           1       64.5201  mF   K/M      | 
|    inRegA/clk_gate_Q_reg/CK           CLKGATETST_X8 Rise  0.1330 0.0060 0.0310          7.95918                                     mFA           | 
|    inRegA/clk_gate_Q_reg/GCK          CLKGATETST_X8 Rise  0.1720 0.0390 0.0160 32.7661  5.02807  37.7942           4       59.8661  mFA  K/M      | 
|    inRegA/CTS_L4_c_tid0_35/A          CLKBUF_X2     Rise  0.1780 0.0060 0.0170          1.40591                                     mF            | 
|    inRegA/CTS_L4_c_tid0_35/Z          CLKBUF_X2     Rise  0.2330 0.0550 0.0330 16.5852  7.59723  24.1824           8       48.0692  mF   K/M      | 
|    inRegA/Q_reg[29]/CK                DFF_X1        Rise  0.2330 0.0000 0.0330          0.949653                                    MmF           | 
-----------------------------------------------------------------------------------------------------------------------------------------------------


--------------------------------------------------------------
|                                           | Time    Total  | 
|------------------------------------------------------------|
| target clock vsysclk_new_mode (rise edge) |  0.0000 0.0000 | 
| target clock cycle shift                  |  0.0000 0.0000 | 
| target clock propagated network latency   |  0.2330 0.2330 | 
| library hold check                        |  0.0150 0.2480 | 
| data required time                        |  0.2480        | 
|                                           |                | 
| data arrival time                         |  0.2560        | 
| data required time                        | -0.2480        | 
| pessimism                                 |  0.0000        | 
|                                           |                | 
| slack                                     |  0.0080        | 
--------------------------------------------------------------


info UI33: performed report_timing for 0 sec (CPU time: 0 sec; MEM: RSS - 470M, CVMEM - 2133M, PVMEM - 2981M)
