Report 'report_power_summary': Power
Generated on Thu Dec 22 18:41:22 2022
  
---------------------------------------------------------------------------
|                        Power Summary (nanowatt)                         |
|-------------------------------------------------------------------------|
| Component          Internal Switching  Dynamic Leakage  Total   Percent | 
|-------------------------------------------------------------------------|
| Entire design       3250191   4108116  7358307  201999  7560306  100.00 | 
|                                                                         | 
| Power of all cells  3250191   2917635  6167827  201999  6369825   84.25 | 
|   Clock cells        113656     23337   136992    1003   137996    1.83 | 
|   Data cells        3136528   2894299  6030827  200995  6231822   82.43 | 
|     Combinational   2577727   2826382  5404109  191000  5595109   74.01 | 
|     Registers        555065     67917   622981    9995   632977    8.37 | 
|     Macros                0         0        0       0        0    0.00 | 
|     Physical              0         0        0       0        0    0.00 | 
|                                                                         | 
| Power of all nets             1190480  1190480          1190480   15.75 | 
|   Clock nets                   121127   121127           121127    1.60 | 
|     Clock leaves                67816    67816            67816    0.90 | 
|   Data nets                   1069353  1069353          1069353   14.14 | 
---------------------------------------------------------------------------


info UI33: performed report_power_summary for 0 sec (CPU time: 0 sec; MEM: RSS - 553M, CVMEM - 2133M, PVMEM - 2981M)
------------------------------------------------------------------------------------------------------------------------------------------------
| Corner     Enable Setup Hold  CRPR       SI    Power            EM   Voltage Drop DRC        Process                    RC Temp Scale Factor | 
|----------------------------------------------------------------------------------------------------------------------------------------------|
| slow       false  true  false setup_hold none  leakage          none none         trans, cap new_rcmaster_techFreePDK45 25      1            | 
| fast       false  false false setup_hold none  leakage          none none         trans, cap new_rcmaster_techFreePDK45 25      1            | 
| corner_0_0 true   true  true  setup_hold delay leakage, dynamic none none         trans, cap new_rcmaster_techFreePDK45 25      1            | 
------------------------------------------------------------------------------------------------------------------------------------------------


