#---------------------------------------------------------------------
# start session at Tue Jan 3 13:16:53 2023
# Exec path is /home/vlsi/Installation/Nitro/nitroPack-2019.1.R2a/nitro/arch/linux/x86_64/2.12/64/bin
#---------------------------------------------------------------------
----------------------------------------------------------------------------------
|     Nitro-SoC version 2019.1.R2 1.68700.2.290 Fri Nov 29 21:06:00 PST 2019     | 
| Running on localhost.localdomain 4cores 7.3GBytes 2.6GHz 64bits mode pid 17726 | 
|              Copyright (c) 2003-2019 Mentor Graphics Corporation               | 
|                              All Rights Reserved                               | 
|          THIS WORK CONTAINS TRADE SECRET AND PROPRIETARY INFORMATION           | 
|              WHICH IS THE PROPERTY OF MENTOR GRAPHICS CORPORATION              | 
|               OR ITS LICENSORS AND IS SUBJECT TO LICENSE TERMS.                | 
----------------------------------------------------------------------------------

Nitro-SoC> so
TCL: ambiguous command name "so": socket sort_collection source
Nitro-SoC> source clean_nitro.sh 
error UI26: Script file 'clean_nitro.sh' execution failed (and stopped) at line 2 (/usr/bin/cp: cannot stat ‘variables/*’: No such file or directory).
TCL: /usr/bin/cp: cannot stat ‘variables/*’: No such file or directory
Nitro-SoC> source clean_nitro.sh
error UI26: Script file 'clean_nitro.sh' execution failed (and stopped) at line 2 (/usr/bin/cp: cannot stat ‘variables/*’: No such file or directory).
TCL: /usr/bin/cp: cannot stat ‘variables/*’: No such file or directory
Nitro-SoC> exit
#---------------------------------------------------------------------
# end session at Tue Jan 3 13:17:37 2023
#---------------------------------------------------------------------
#---------------------------------------------------------------------
# start session at Tue Jan 3 13:17:51 2023
# Exec path is /home/vlsi/Installation/Nitro/nitroPack-2019.1.R2a/nitro/arch/linux/x86_64/2.12/64/bin
#---------------------------------------------------------------------
----------------------------------------------------------------------------------
|     Nitro-SoC version 2019.1.R2 1.68700.2.290 Fri Nov 29 21:06:00 PST 2019     | 
| Running on localhost.localdomain 4cores 7.3GBytes 2.6GHz 64bits mode pid 17827 | 
|              Copyright (c) 2003-2019 Mentor Graphics Corporation               | 
|                              All Rights Reserved                               | 
|          THIS WORK CONTAINS TRADE SECRET AND PROPRIETARY INFORMATION           | 
|              WHICH IS THE PROPERTY OF MENTOR GRAPHICS CORPORATION              | 
|               OR ITS LICENSORS AND IS SUBJECT TO LICENSE TERMS.                | 
----------------------------------------------------------------------------------

Nitro-SoC> cd work
Nitro-SoC> nitro -log LOGs/nitro.log -journal LOGs/nitro.jou
error UI158: Can't read or write to the terminal.
info UI155: Nitro-SoC terminated with exit status of 2 (fatal).
#---------------------------------------------------------------------
# end session at Tue Jan 3 13:19:22 2023
#---------------------------------------------------------------------
