Report Physical info: 
------------------------+----------------+-----------+------------
                        |                |Area (squm)|Leakage (uW)
------------------------+----------------+-----------+------------
Design Name             |booth_multiplier|           |            
  Total Instances       |            1018|       1984|      39.157
    Macros              |               0|          0|       0.000
    Pads                |               0|          0|       0.000
    Phys                |               0|          0|       0.000
    Blackboxes          |               0|          0|       0.000
    Cells               |            1018|       1984|      39.157
      Buffers           |               0|          0|       0.000
      Inverters         |             124|         66|       1.780
      Clock-Gates       |               3|         12|       0.177
      Combinational     |             722|       1111|      23.553
      Latches           |               0|          0|       0.000
      FlipFlops         |             169|        795|      13.647
       Single-Bit FF    |             169|        795|      13.647
       Multi-Bit FF     |               0|          0|       0.000
       Clock-Gated      |             168|           |            
       Bits             |             169|        795|      13.647
         Load-Enabled   |               0|           |            
         Clock-Gated    |             168|           |            
  Tristate Pin Count    |              64|           |            
Physical Info           |Placed          |           |            
  Chip Size (mm x mm)   |0.117 x 0.117   |      13806|            
  Fixed Cell Area       |                |          0|            
    Phys Only           |               0|          0|            
  Placeable Area        |                |       3294|            
  Movable Cell Area     |                |       1984|            
  Utilization (%)       |              60|           |            
  Chip Utilization (%)  |              60|           |            
  Total Wire Length (mm)|           9.007|           |            
  Longest Wire (mm)     |           0.111|           |            
  Average Wire (mm)     |           0.046|           |            
------------------------+----------------+-----------+------------
