Report End Points: 
-----+-------+------+-------+------+------+-----+------+-----------+----------------------
     |Group  |Launch|Capture|Shift |Delay |Depth|Slack |Begin Point|End Point             
-----+-------+------+-------+------+------+-----+------+-----------+----------------------
1    |default|sysclk|sysclk |2000.0|1548.3|   34| 292.1|SC_reg[0]/Q|c_reg[57]/D           
2    |default|sysclk|sysclk |2000.0|1547.5|   35| 292.9|SC_reg[0]/Q|c_reg[60]/D           
3    |default|sysclk|sysclk |2000.0|1543.5|   33| 303.8|SC_reg[0]/Q|c_reg[58]/D           
4    |default|sysclk|sysclk |2000.0|1532.2|   37| 309.0|SC_reg[0]/Q|c_reg[62]/D           
5    |default|sysclk|sysclk |2000.0|1530.3|   34| 317.0|SC_reg[0]/Q|c_reg[59]/D           
6    |default|sysclk|sysclk |2000.0|1510.1|   35| 330.3|SC_reg[0]/Q|c_reg[61]/D           
7    |default|sysclk|sysclk |2000.0|1507.0|   35| 335.3|SC_reg[0]/Q|c_reg[63]/D           
8    |default|sysclk|sysclk |2000.0|1482.1|   33| 358.3|SC_reg[0]/Q|c_reg[56]/D           
9    |default|sysclk|sysclk |2000.0|1455.4|   33| 385.0|SC_reg[0]/Q|c_reg[55]/D           
10   |default|sysclk|sysclk |2000.0|1363.8|   31| 476.6|SC_reg[0]/Q|c_reg[53]/D           
11   |default|sysclk|sysclk |2000.0|1359.0|   30| 488.3|SC_reg[0]/Q|c_reg[54]/D           
12   |default|sysclk|sysclk |2000.0|1354.7|   37| 492.6|SC_reg[0]/Q|c_reg[51]/D           
13   |default|sysclk|sysclk |2000.0|1327.0|   36| 513.4|SC_reg[0]/Q|c_reg[50]/D           
14   |default|sysclk|sysclk |2000.0|1297.5|   30| 542.9|SC_reg[0]/Q|c_reg[52]/D           
15   |default|sysclk|sysclk |2000.0|1299.0|   29| 549.1|SC_reg[0]/Q|A_reg[31]/D           
16   |default|sysclk|sysclk |2000.0|1286.1|   34| 554.3|SC_reg[0]/Q|c_reg[49]/D           
17   |default|sysclk|sysclk |2000.0|1238.6|   28| 603.0|SC_reg[0]/Q|A_reg[25]/D           
18   |default|sysclk|sysclk |2000.0|1237.9|   27| 603.7|SC_reg[0]/Q|A_reg[29]/D           
19   |default|sysclk|sysclk |2000.0|1220.8|   32| 619.6|SC_reg[0]/Q|c_reg[48]/D           
20   |default|sysclk|sysclk |2000.0|1221.7|   29| 619.9|SC_reg[0]/Q|A_reg[26]/D           
21   |default|sysclk|sysclk |2000.0|1208.7|   25| 632.9|SC_reg[0]/Q|A_reg[28]/D           
22   |default|sysclk|sysclk |2000.0|1187.1|   26| 654.5|SC_reg[0]/Q|A_reg[24]/D           
23   |default|sysclk|sysclk |2000.0|1188.6|   29| 658.7|SC_reg[0]/Q|c_reg[42]/D           
24   |default|sysclk|sysclk |2000.0|1203.4|   33| 669.7|SC_reg[3]/Q|c_reg[39]/D           
25   |default|sysclk|sysclk |2000.0|1167.6|   32| 672.8|SC_reg[0]/Q|c_reg[47]/D           
26   |default|sysclk|sysclk |2000.0|1168.0|   25| 673.6|SC_reg[0]/Q|A_reg[21]/D           
27   |default|sysclk|sysclk |2000.0|1166.9|   26| 674.7|SC_reg[0]/Q|A_reg[22]/D           
28   |default|sysclk|sysclk |2000.0|1164.7|   28| 675.7|SC_reg[0]/Q|c_reg[41]/D           
29   |default|sysclk|sysclk |2000.0|1179.5|   32| 686.7|SC_reg[3]/Q|c_reg[38]/D           
30   |default|sysclk|sysclk |2000.0|1154.0|   24| 687.6|SC_reg[0]/Q|A_reg[27]/D           
31   |default|sysclk|sysclk |2000.0|1125.9|   30| 714.5|SC_reg[0]/Q|c_reg[46]/D           
32   |default|sysclk|sysclk |2000.0|1123.3|   27| 724.0|SC_reg[0]/Q|c_reg[43]/D           
33   |default|sysclk|sysclk |2000.0|1143.1|   31| 730.0|SC_reg[3]/Q|c_reg[35]/D           
34   |default|sysclk|sysclk |2000.0|1111.5|   25| 730.1|SC_reg[0]/Q|A_reg[23]/D           
35   |default|sysclk|sysclk |2000.0|1108.7|   28| 731.7|SC_reg[0]/Q|c_reg[45]/D           
36   |default|sysclk|sysclk |2000.0|1101.3|   30| 739.1|SC_reg[0]/Q|c_reg[44]/D           
37   |default|sysclk|sysclk |2000.0|1102.3|   23| 739.3|SC_reg[0]/Q|A_reg[20]/D           
38   |default|sysclk|sysclk |2000.0|1099.4|   26| 741.0|SC_reg[0]/Q|c_reg[40]/D           
39   |default|sysclk|sysclk |2000.0|1119.2|   30| 747.0|SC_reg[3]/Q|c_reg[34]/D           
40   |default|sysclk|sysclk |2000.0|1114.2|   30| 752.0|SC_reg[3]/Q|c_reg[37]/D           
41   |default|sysclk|sysclk |2000.0|1070.8|   24| 770.8|SC_reg[0]/Q|A_reg[18]/D           
42   |default|sysclk|sysclk |2000.0|1057.3|   23| 784.3|SC_reg[0]/Q|A_reg[17]/D           
43   |default|sysclk|sysclk |2000.0|1047.9|   22| 793.7|SC_reg[0]/Q|A_reg[19]/D           
44   |default|sysclk|sysclk |2000.0|1031.7|   21| 809.9|SC_reg[0]/Q|A_reg[16]/D           
45   |default|sysclk|sysclk |2000.0|1053.9|   28| 812.3|SC_reg[3]/Q|c_reg[33]/D           
46   |default|sysclk|sysclk |2000.0|1048.9|   28| 817.3|SC_reg[3]/Q|c_reg[36]/D           
47   |default|sysclk|sysclk |2000.0| 988.6|   26| 877.6|SC_reg[3]/Q|c_reg[32]/D           
48   |default|sysclk|sysclk |2000.0| 956.7|   20| 884.9|SC_reg[0]/Q|A_reg[15]/D           
49   |default|sysclk|sysclk |2000.0| 951.4|   22| 890.2|SC_reg[0]/Q|A_reg[14]/D           
50   |default|sysclk|sysclk |2000.0| 937.9|   21| 903.7|SC_reg[0]/Q|A_reg[13]/D           
51   |default|sysclk|sysclk |2000.0| 912.3|   19| 929.3|SC_reg[0]/Q|A_reg[12]/D           
52   |default|sysclk|sysclk |2000.0| 935.4|   26| 930.8|SC_reg[3]/Q|c_reg[31]/D           
53   |default|sysclk|sysclk |2000.0| 902.3|   25| 970.8|SC_reg[3]/Q|c_reg[29]/D           
54   |default|sysclk|sysclk |2000.0| 892.6|   24| 973.6|SC_reg[3]/Q|c_reg[30]/D           
55   |default|sysclk|sysclk |2000.0| 877.4|   24| 988.8|SC_reg[3]/Q|c_reg[28]/D           
56   |default|sysclk|sysclk |2000.0| 837.3|   18|1004.3|SC_reg[0]/Q|A_reg[11]/D           
57   |default|sysclk|sysclk |2000.0| 831.9|   20|1009.7|SC_reg[0]/Q|A_reg[10]/D           
58   |default|sysclk|sysclk |2000.0| 818.4|   19|1023.2|SC_reg[0]/Q|A_reg[9]/D            
59   |default|sysclk|sysclk |2000.0| 830.3|   22|1035.9|SC_reg[3]/Q|c_reg[27]/D           
60   |default|sysclk|sysclk |2000.0| 802.6|   19|1039.0|SC_reg[0]/Q|A_reg[6]/D            
61   |default|sysclk|sysclk |2000.0| 792.8|   17|1048.8|SC_reg[0]/Q|A_reg[8]/D            
62   |default|sysclk|sysclk |2000.0| 819.2|   21|1053.9|SC_reg[3]/Q|c_reg[26]/D           
63   |default|sysclk|sysclk |2000.0| 806.0|   22|1060.2|SC_reg[3]/Q|c_reg[25]/D           
64   |default|sysclk|sysclk |2000.0| 780.1|   18|1087.3|SC_reg[3]/Q|A_reg[5]/D            
65   |default|sysclk|sysclk |2000.0| 768.4|   20|1097.8|SC_reg[3]/Q|c_reg[24]/D           
66   |default|sysclk|sysclk |2000.0| 732.0|   17|1109.6|SC_reg[0]/Q|A_reg[7]/D            
67   |default|sysclk|sysclk |2000.0| 741.2|   19|1131.9|SC_reg[3]/Q|c_reg[23]/D           
68   |default|sysclk|sysclk |2000.0| 728.0|   20|1138.2|SC_reg[3]/Q|c_reg[22]/D           
69   |default|sysclk|sysclk |2000.0| 698.1|   16|1143.5|SC_reg[0]/Q|A_reg[4]/D            
70   |default|sysclk|sysclk |2000.0| 677.5|   15|1164.1|SC_reg[0]/Q|A_reg[3]/D            
71   |default|sysclk|sysclk |2000.0| 699.4|   19|1173.7|SC_reg[3]/Q|c_reg[14]/D           
72   |default|sysclk|sysclk |2000.0| 690.3|   18|1175.9|SC_reg[3]/Q|c_reg[21]/D           
73   |default|sysclk|sysclk |2000.0| 675.5|   18|1190.7|SC_reg[3]/Q|c_reg[13]/D           
74   |default|sysclk|sysclk |2000.0| 678.8|   17|1194.3|SC_reg[3]/Q|c_reg[20]/D           
75   |default|sysclk|sysclk |2000.0| 665.6|   18|1200.6|SC_reg[3]/Q|c_reg[19]/D           
76   |default|sysclk|sysclk |2000.0| 664.3|   17|1208.8|SC_reg[3]/Q|c_reg[10]/D           
77   |default|sysclk|sysclk |2000.0| 625.9|   12|1215.7|SC_reg[0]/Q|A_reg[2]/D            
78   |default|sysclk|sysclk |2000.0| 640.4|   16|1225.8|SC_reg[3]/Q|c_reg[9]/D            
79   |default|sysclk|sysclk |2000.0| 625.8|   16|1240.4|SC_reg[3]/Q|c_reg[18]/D           
80   |default|sysclk|sysclk |2000.0| 598.9|   11|1242.7|SC_reg[0]/Q|A_reg[1]/D            
81   |default|sysclk|sysclk |2000.0| 629.4|   17|1243.7|SC_reg[3]/Q|c_reg[15]/D           
82   |default|sysclk|sysclk |2000.0| 627.8|   17|1245.3|SC_reg[3]/Q|c_reg[17]/D           
83   |default|sysclk|sysclk |2000.0| 610.2|   16|1256.0|SC_reg[3]/Q|c_reg[12]/D           
84   |default|sysclk|sysclk |2000.0| 612.9|   15|1260.2|SC_reg[3]/Q|c_reg[6]/D            
85   |default|sysclk|sysclk |2000.0| 602.9|   16|1263.3|SC_reg[3]/Q|c_reg[16]/D           
86   |default|sysclk|sysclk |2000.0| 589.0|   14|1277.2|SC_reg[3]/Q|c_reg[5]/D            
87   |default|sysclk|sysclk |2000.0| 594.0|   15|1279.1|SC_reg[3]/Q|c_reg[11]/D           
88   |default|sysclk|sysclk |2000.0| 552.2|   11|1289.4|SC_reg[0]/Q|A_reg[0]/D            
89   |default|sysclk|sysclk |2000.0| 575.1|   14|1291.1|SC_reg[3]/Q|c_reg[8]/D            
90   |default|sysclk|sysclk |2000.0| 542.6|   13|1330.5|SC_reg[3]/Q|c_reg[7]/D            
91   |default|sysclk|sysclk |2000.0| 524.9|    8|1341.8|SC_reg[3]/Q|Q_reg[32]/D           
92   |default|sysclk|sysclk |2000.0| 523.7|   12|1342.5|SC_reg[3]/Q|c_reg[4]/D            
93   |default|sysclk|sysclk |2000.0| 487.9|   14|1385.2|SC_reg[3]/Q|c_reg[3]/D            
94   |default|sysclk|sysclk |2000.0| 474.7|   15|1391.5|SC_reg[3]/Q|c_reg[2]/D            
95   |default|sysclk|sysclk |2000.0| 437.0|   13|1429.2|SC_reg[3]/Q|c_reg[1]/D            
96   |default|sysclk|sysclk |2000.0| 352.8|    6|1513.7|SC_reg[3]/Q|Q_reg[14]/D           
97   |default|sysclk|sysclk |2000.0| 352.8|    6|1513.7|SC_reg[3]/Q|Q_reg[13]/D           
98   |default|sysclk|sysclk |2000.0| 352.8|    6|1513.7|SC_reg[3]/Q|Q_reg[6]/D            
99   |default|sysclk|sysclk |2000.0| 352.8|    6|1513.7|SC_reg[3]/Q|Q_reg[5]/D            
100  |default|sysclk|sysclk |2000.0| 325.7|    6|1514.8|SC_reg[0]/Q|multiplicand_reg[3]/D 
101  |default|sysclk|sysclk |2000.0| 351.8|    6|1514.9|SC_reg[3]/Q|Q_reg[30]/D           
102  |default|sysclk|sysclk |2000.0| 351.8|    6|1514.9|SC_reg[3]/Q|Q_reg[29]/D           
103  |default|sysclk|sysclk |2000.0| 351.8|    6|1514.9|SC_reg[3]/Q|Q_reg[28]/D           
104  |default|sysclk|sysclk |2000.0| 351.8|    6|1514.9|SC_reg[3]/Q|Q_reg[27]/D           
105  |default|sysclk|sysclk |2000.0| 351.8|    6|1514.9|SC_reg[3]/Q|Q_reg[26]/D           
106  |default|sysclk|sysclk |2000.0| 351.8|    6|1514.9|SC_reg[3]/Q|Q_reg[25]/D           
107  |default|sysclk|sysclk |2000.0| 351.8|    6|1514.9|SC_reg[3]/Q|Q_reg[24]/D           
108  |default|sysclk|sysclk |2000.0| 351.8|    6|1514.9|SC_reg[3]/Q|Q_reg[23]/D           
109  |default|sysclk|sysclk |2000.0| 351.8|    6|1514.9|SC_reg[3]/Q|Q_reg[22]/D           
110  |default|sysclk|sysclk |2000.0| 351.8|    6|1514.9|SC_reg[3]/Q|Q_reg[21]/D           
111  |default|sysclk|sysclk |2000.0| 351.8|    6|1514.9|SC_reg[3]/Q|Q_reg[20]/D           
112  |default|sysclk|sysclk |2000.0| 351.8|    6|1514.9|SC_reg[3]/Q|Q_reg[19]/D           
113  |default|sysclk|sysclk |2000.0| 351.8|    6|1514.9|SC_reg[3]/Q|Q_reg[18]/D           
114  |default|sysclk|sysclk |2000.0| 351.8|    6|1514.9|SC_reg[3]/Q|Q_reg[17]/D           
115  |default|sysclk|sysclk |2000.0| 351.8|    6|1514.9|SC_reg[3]/Q|Q_reg[16]/D           
116  |default|sysclk|sysclk |2000.0| 351.8|    6|1514.9|SC_reg[3]/Q|Q_reg[15]/D           
117  |default|sysclk|sysclk |2000.0| 351.8|    6|1514.9|SC_reg[3]/Q|Q_reg[4]/D            
118  |default|sysclk|sysclk |2000.0| 351.8|    6|1514.9|SC_reg[3]/Q|Q_reg[3]/D            
119  |default|sysclk|sysclk |2000.0| 325.3|    6|1515.4|SC_reg[0]/Q|multiplicand_reg[23]/D
120  |default|sysclk|sysclk |2000.0| 324.6|    6|1516.3|SC_reg[0]/Q|multiplicand_reg[29]/D
121  |default|sysclk|sysclk |2000.0| 323.4|    6|1517.7|SC_reg[0]/Q|multiplicand_reg[8]/D 
122  |default|sysclk|sysclk |2000.0| 323.4|    6|1517.7|SC_reg[0]/Q|multiplicand_reg[6]/D 
123  |default|sysclk|sysclk |2000.0| 323.4|    6|1517.7|SC_reg[0]/Q|multiplicand_reg[5]/D 
124  |default|sysclk|sysclk |2000.0| 323.3|    6|1517.8|SC_reg[0]/Q|multiplicand_reg[16]/D
125  |default|sysclk|sysclk |2000.0| 323.3|    6|1517.8|SC_reg[0]/Q|multiplicand_reg[12]/D
126  |default|sysclk|sysclk |2000.0| 323.0|    6|1518.2|SC_reg[0]/Q|multiplicand_reg[4]/D 
127  |default|sysclk|sysclk |2000.0| 323.0|    6|1518.2|SC_reg[0]/Q|multiplicand_reg[1]/D 
128  |default|sysclk|sysclk |2000.0| 322.3|    6|1519.0|SC_reg[0]/Q|multiplicand_reg[17]/D
129  |default|sysclk|sysclk |2000.0| 322.3|    6|1519.0|SC_reg[0]/Q|multiplicand_reg[14]/D
130  |default|sysclk|sysclk |2000.0| 322.3|    6|1519.0|SC_reg[0]/Q|multiplicand_reg[13]/D
131  |default|sysclk|sysclk |2000.0| 322.3|    6|1519.0|SC_reg[0]/Q|multiplicand_reg[10]/D
132  |default|sysclk|sysclk |2000.0| 322.3|    6|1519.0|SC_reg[0]/Q|multiplicand_reg[9]/D 
133  |default|sysclk|sysclk |2000.0| 322.3|    6|1519.0|SC_reg[0]/Q|multiplicand_reg[2]/D 
134  |default|sysclk|sysclk |2000.0| 347.4|    7|1519.1|SC_reg[3]/Q|Q_reg[10]/D           
135  |default|sysclk|sysclk |2000.0| 347.4|    7|1519.1|SC_reg[3]/Q|Q_reg[9]/D            
136  |default|sysclk|sysclk |2000.0| 322.1|    6|1519.2|SC_reg[0]/Q|multiplicand_reg[24]/D
137  |default|sysclk|sysclk |2000.0| 321.9|    6|1519.5|SC_reg[0]/Q|multiplicand_reg[18]/D
138  |default|sysclk|sysclk |2000.0| 321.8|    6|1519.6|SC_reg[0]/Q|multiplicand_reg[19]/D
139  |default|sysclk|sysclk |2000.0| 321.8|    6|1519.6|SC_reg[0]/Q|multiplicand_reg[15]/D
140  |default|sysclk|sysclk |2000.0| 321.8|    6|1519.6|SC_reg[0]/Q|multiplicand_reg[11]/D
141  |default|sysclk|sysclk |2000.0| 321.5|    6|1519.9|SC_reg[0]/Q|multiplicand_reg[7]/D 
142  |default|sysclk|sysclk |2000.0| 321.2|    6|1520.2|SC_reg[0]/Q|multiplicand_reg[30]/D
143  |default|sysclk|sysclk |2000.0| 346.5|    7|1520.2|SC_reg[3]/Q|Q_reg[12]/D           
144  |default|sysclk|sysclk |2000.0| 346.5|    7|1520.2|SC_reg[3]/Q|Q_reg[11]/D           
145  |default|sysclk|sysclk |2000.0| 346.5|    7|1520.2|SC_reg[3]/Q|Q_reg[8]/D            
146  |default|sysclk|sysclk |2000.0| 346.5|    7|1520.2|SC_reg[3]/Q|Q_reg[7]/D            
147  |default|sysclk|sysclk |2000.0| 346.5|    7|1520.2|SC_reg[3]/Q|Q_reg[2]/D            
148  |default|sysclk|sysclk |2000.0| 321.2|    6|1520.3|SC_reg[0]/Q|multiplicand_reg[21]/D
149  |default|sysclk|sysclk |2000.0| 320.7|    6|1520.8|SC_reg[0]/Q|multiplicand_reg[27]/D
150  |default|sysclk|sysclk |2000.0| 320.8|    6|1520.8|SC_reg[0]/Q|multiplicand_reg[26]/D
151  |default|sysclk|sysclk |2000.0| 320.8|    6|1520.8|SC_reg[0]/Q|multiplicand_reg[22]/D
152  |default|sysclk|sysclk |2000.0| 320.7|    6|1520.8|SC_reg[0]/Q|multiplicand_reg[20]/D
153  |default|sysclk|sysclk |2000.0| 320.5|    6|1521.1|SC_reg[0]/Q|multiplicand_reg[28]/D
154  |default|sysclk|sysclk |2000.0| 320.4|    6|1521.2|SC_reg[0]/Q|multiplicand_reg[25]/D
155  |default|sysclk|sysclk |2000.0| 295.3|    7|1571.5|SC_reg[3]/Q|out_sign_reg/D        
156  |default|sysclk|sysclk |2000.0| 299.1|    7|1574.6|SC_reg[3]/Q|Q_reg[31]/D           
157  |default|sysclk|sysclk |2000.0| 265.8|    8|1576.5|SC_reg[0]/Q|SC_reg[6]/D           
158  |default|sysclk|sysclk |2000.0| 296.8|    6|1578.4|SC_reg[3]/Q|multiplicand_reg[31]/D
159  |default|sysclk|sysclk |2000.0| 284.2|    6|1578.9|SC_reg[3]/Q|c_reg[0]/D            
160  |default|sysclk|sysclk |2000.0| 284.2|    6|1578.9|SC_reg[3]/Q|Q_reg[1]/D            
161  |default|sysclk|sysclk |2000.0| 193.4|    4|1601.2|SC_reg[0]/Q|clk_gate_c_reg/E      
162  |default|sysclk|sysclk |2000.0| 238.3|    6|1611.2|SC_reg[0]/Q|SC_reg[5]/D           
163  |default|sysclk|sysclk |2000.0| 229.0|    4|1612.6|SC_reg[0]/Q|SC_reg[4]/D           
164  |default|sysclk|sysclk |2000.0| 229.0|    4|1612.6|SC_reg[0]/Q|SC_reg[3]/D           
165  |default|sysclk|sysclk |2000.0| 229.0|    4|1612.6|SC_reg[0]/Q|SC_reg[2]/D           
166  |default|sysclk|sysclk |2000.0| 229.0|    4|1612.6|SC_reg[0]/Q|SC_reg[1]/D           
167  |default|sysclk|sysclk |2000.0| 235.9|    4|1632.2|SC_reg[3]/Q|Q_reg[0]/D            
168  |default|sysclk|sysclk |2000.0| 234.1|    4|1633.0|SC_reg[3]/Q|multiplicand_reg[0]/D 
169  |default|sysclk|sysclk |2000.0| 216.0|    4|1633.9|SC_reg[0]/Q|i_64_64/D             
170  |default|sysclk|sysclk |2000.0|  11.4|    1|1830.2|SC_reg[0]/Q|SC_reg[0]/D           
-----+-------+------+-------+------+------+-----+------+-----------+----------------------
Report End Points: 
-----+-----+--------------+-------+------+------+-----+------+-----------+-----------------------
     |Group|Launch        |Capture|Shift |Delay |Depth|Slack |Begin Point|End Point              
-----+-----+--------------+-------+------+------+-----+------+-----------+-----------------------
1    |I2R  |rtDefaultClock|sysclk |2000.0|1728.4|   33|  31.7|a[6]       |c_reg[57]/D            
2    |I2R  |rtDefaultClock|sysclk |2000.0|1727.6|   34|  32.5|a[6]       |c_reg[60]/D            
3    |I2R  |rtDefaultClock|sysclk |2000.0|1723.6|   32|  43.4|a[6]       |c_reg[58]/D            
4    |I2R  |rtDefaultClock|sysclk |2000.0|1712.3|   36|  48.6|a[6]       |c_reg[62]/D            
5    |I2R  |rtDefaultClock|sysclk |2000.0|1710.4|   33|  56.6|a[6]       |c_reg[59]/D            
6    |I2R  |rtDefaultClock|sysclk |2000.0|1690.2|   34|  69.9|a[6]       |c_reg[61]/D            
7    |I2R  |rtDefaultClock|sysclk |2000.0|1687.1|   34|  74.9|a[6]       |c_reg[63]/D            
8    |I2R  |rtDefaultClock|sysclk |2000.0|1662.2|   32|  97.9|a[6]       |c_reg[56]/D            
9    |I2R  |rtDefaultClock|sysclk |2000.0|1661.7|   40| 105.3|b[6]       |c_reg[51]/D            
10   |I2R  |rtDefaultClock|sysclk |2000.0|1635.5|   32| 124.6|a[6]       |c_reg[55]/D            
11   |I2R  |rtDefaultClock|sysclk |2000.0|1634.0|   39| 126.1|b[6]       |c_reg[50]/D            
12   |I2R  |rtDefaultClock|sysclk |2000.0|1620.1|   37| 140.0|b[6]       |c_reg[53]/D            
13   |I2R  |rtDefaultClock|sysclk |2000.0|1619.1|   38| 147.9|b[6]       |c_reg[39]/D            
14   |I2R  |rtDefaultClock|sysclk |2000.0|1615.3|   36| 151.7|b[6]       |c_reg[54]/D            
15   |I2R  |rtDefaultClock|sysclk |2000.0|1595.2|   37| 164.9|b[6]       |c_reg[38]/D            
16   |I2R  |rtDefaultClock|sysclk |2000.0|1593.1|   37| 167.0|b[6]       |c_reg[49]/D            
17   |I2R  |rtDefaultClock|sysclk |2000.0|1553.8|   36| 206.3|b[6]       |c_reg[52]/D            
18   |I2R  |rtDefaultClock|sysclk |2000.0|1558.8|   36| 208.2|b[6]       |c_reg[35]/D            
19   |I2R  |rtDefaultClock|sysclk |2000.0|1534.9|   35| 225.2|b[6]       |c_reg[34]/D            
20   |I2R  |rtDefaultClock|sysclk |2000.0|1529.9|   35| 230.2|b[6]       |c_reg[37]/D            
21   |I2R  |rtDefaultClock|sysclk |2000.0|1527.8|   35| 232.3|b[6]       |c_reg[48]/D            
22   |I2R  |rtDefaultClock|sysclk |2000.0|1474.6|   35| 285.5|b[6]       |c_reg[47]/D            
23   |I2R  |rtDefaultClock|sysclk |2000.0|1481.0|   31| 286.0|b[6]       |c_reg[42]/D            
24   |I2R  |rtDefaultClock|sysclk |2000.0|1479.1|   28| 288.7|a[6]       |A_reg[31]/D            
25   |I2R  |rtDefaultClock|sysclk |2000.0|1469.6|   33| 290.5|b[6]       |c_reg[33]/D            
26   |I2R  |rtDefaultClock|sysclk |2000.0|1464.6|   33| 295.5|b[6]       |c_reg[36]/D            
27   |I2R  |rtDefaultClock|sysclk |2000.0|1457.1|   30| 303.0|b[6]       |c_reg[41]/D            
28   |I2R  |rtDefaultClock|sysclk |2000.0|1432.9|   33| 327.2|b[6]       |c_reg[46]/D            
29   |I2R  |rtDefaultClock|sysclk |2000.0|1418.7|   27| 342.6|a[6]       |A_reg[25]/D            
30   |I2R  |rtDefaultClock|sysclk |2000.0|1418.0|   26| 343.3|a[6]       |A_reg[29]/D            
31   |I2R  |rtDefaultClock|sysclk |2000.0|1421.5|   32| 345.5|b[6]       |c_reg[45]/D            
32   |I2R  |rtDefaultClock|sysclk |2000.0|1415.7|   29| 351.3|b[6]       |c_reg[43]/D            
33   |I2R  |rtDefaultClock|sysclk |2000.0|1408.3|   33| 351.8|b[6]       |c_reg[44]/D            
34   |I2R  |rtDefaultClock|sysclk |2000.0|1404.3|   31| 355.8|b[6]       |c_reg[32]/D            
35   |I2R  |rtDefaultClock|sysclk |2000.0|1401.8|   28| 359.5|a[6]       |A_reg[26]/D            
36   |I2R  |rtDefaultClock|sysclk |2000.0|1391.8|   28| 368.3|b[6]       |c_reg[40]/D            
37   |I2R  |rtDefaultClock|sysclk |2000.0|1388.8|   24| 372.5|a[6]       |A_reg[28]/D            
38   |I2R  |rtDefaultClock|sysclk |2000.0|1367.2|   25| 394.1|a[6]       |A_reg[24]/D            
39   |I2R  |rtDefaultClock|sysclk |2000.0|1351.1|   31| 409.0|b[6]       |c_reg[31]/D            
40   |I2R  |rtDefaultClock|sysclk |2000.0|1348.1|   24| 413.2|a[6]       |A_reg[21]/D            
41   |I2R  |rtDefaultClock|sysclk |2000.0|1347.0|   25| 414.3|a[6]       |A_reg[22]/D            
42   |I2R  |rtDefaultClock|sysclk |2000.0|1334.1|   23| 427.2|a[6]       |A_reg[27]/D            
43   |I2R  |rtDefaultClock|sysclk |2000.0|1318.0|   30| 449.0|b[6]       |c_reg[29]/D            
44   |I2R  |rtDefaultClock|sysclk |2000.0|1308.3|   29| 451.8|b[6]       |c_reg[30]/D            
45   |I2R  |rtDefaultClock|sysclk |2000.0|1293.1|   29| 467.0|b[6]       |c_reg[28]/D            
46   |I2R  |rtDefaultClock|sysclk |2000.0|1291.6|   24| 469.7|a[6]       |A_reg[23]/D            
47   |I2R  |rtDefaultClock|sysclk |2000.0|1282.4|   22| 478.9|a[6]       |A_reg[20]/D            
48   |I2R  |rtDefaultClock|sysclk |2000.0|1250.9|   23| 510.4|a[6]       |A_reg[18]/D            
49   |I2R  |rtDefaultClock|sysclk |2000.0|1246.0|   27| 514.1|b[6]       |c_reg[27]/D            
50   |I2R  |rtDefaultClock|sysclk |2000.0|1237.4|   22| 523.9|a[6]       |A_reg[17]/D            
51   |I2R  |rtDefaultClock|sysclk |2000.0|1234.9|   26| 532.1|b[6]       |c_reg[26]/D            
52   |I2R  |rtDefaultClock|sysclk |2000.0|1228.0|   21| 533.3|a[6]       |A_reg[19]/D            
53   |I2R  |rtDefaultClock|sysclk |2000.0|1221.7|   27| 538.4|b[6]       |c_reg[25]/D            
54   |I2R  |rtDefaultClock|sysclk |2000.0|1211.8|   20| 549.5|a[6]       |A_reg[16]/D            
55   |I2R  |rtDefaultClock|sysclk |2000.0|1184.1|   25| 576.0|b[6]       |c_reg[24]/D            
56   |I2R  |rtDefaultClock|sysclk |2000.0|1167.7|   21| 599.9|b[6]       |Q_reg[30]/D            
57   |I2R  |rtDefaultClock|sysclk |2000.0|1155.2|   20| 605.4|b[6]       |Q_reg[29]/D            
58   |I2R  |rtDefaultClock|sysclk |2000.0|1139.5|   20| 621.1|b[6]       |Q_reg[31]/D            
59   |I2R  |rtDefaultClock|sysclk |2000.0|1136.8|   19| 624.5|a[6]       |A_reg[15]/D            
60   |I2R  |rtDefaultClock|sysclk |2000.0|1131.5|   21| 629.8|a[6]       |A_reg[14]/D            
61   |I2R  |rtDefaultClock|sysclk |2000.0|1118.0|   20| 643.3|a[6]       |A_reg[13]/D            
62   |I2R  |rtDefaultClock|sysclk |2000.0|1115.6|   20| 645.0|b[6]       |Q_reg[28]/D            
63   |I2R  |rtDefaultClock|sysclk |2000.0|1099.4|   24| 660.7|b[6]       |c_reg[23]/D            
64   |I2R  |rtDefaultClock|sysclk |2000.0|1092.4|   18| 668.9|a[6]       |A_reg[12]/D            
65   |I2R  |rtDefaultClock|sysclk |2000.0|1060.2|   26| 699.9|b[6]       |c_reg[22]/D            
66   |I2R  |rtDefaultClock|sysclk |2000.0|1050.4|   19| 710.2|b[6]       |Q_reg[25]/D            
67   |I2R  |rtDefaultClock|sysclk |2000.0|1047.6|   18| 713.0|b[6]       |Q_reg[27]/D            
68   |I2R  |rtDefaultClock|sysclk |2000.0|1033.8|   18| 733.8|b[6]       |Q_reg[26]/D            
69   |I2R  |rtDefaultClock|sysclk |2000.0|1022.5|   24| 737.6|b[6]       |c_reg[21]/D            
70   |I2R  |rtDefaultClock|sysclk |2000.0|1017.4|   17| 743.9|a[6]       |A_reg[11]/D            
71   |I2R  |rtDefaultClock|sysclk |2000.0|1012.0|   19| 749.3|a[6]       |A_reg[10]/D            
72   |I2R  |rtDefaultClock|sysclk |2000.0|1011.0|   23| 756.0|b[6]       |c_reg[20]/D            
73   |I2R  |rtDefaultClock|sysclk |2000.0| 997.8|   24| 762.3|b[6]       |c_reg[19]/D            
74   |I2R  |rtDefaultClock|sysclk |2000.0| 998.5|   18| 762.8|a[6]       |A_reg[9]/D             
75   |I2R  |rtDefaultClock|sysclk |2000.0| 983.5|   18| 777.1|b[6]       |Q_reg[24]/D            
76   |I2R  |rtDefaultClock|sysclk |2000.0| 972.9|   16| 788.4|a[6]       |A_reg[8]/D             
77   |I2R  |rtDefaultClock|sysclk |2000.0| 968.8|   23| 798.2|b[6]       |c_reg[14]/D            
78   |I2R  |rtDefaultClock|sysclk |2000.0| 958.0|   22| 802.1|b[6]       |c_reg[18]/D            
79   |I2R  |rtDefaultClock|sysclk |2000.0| 960.0|   23| 807.0|b[6]       |c_reg[17]/D            
80   |I2R  |rtDefaultClock|sysclk |2000.0| 944.9|   22| 815.2|b[6]       |c_reg[13]/D            
81   |I2R  |rtDefaultClock|sysclk |2000.0| 939.2|   16| 821.4|b[6]       |Q_reg[23]/D            
82   |I2R  |rtDefaultClock|sysclk |2000.0| 935.1|   22| 825.0|b[6]       |c_reg[16]/D            
83   |I2R  |rtDefaultClock|sysclk |2000.0| 934.7|   22| 825.9|a[6]       |multiplicand_reg[29]/D 
84   |I2R  |rtDefaultClock|sysclk |2000.0| 929.8|   20| 831.3|a[6]       |multiplicand_reg[30]/D 
85   |I2R  |rtDefaultClock|sysclk |2000.0| 897.0|   15| 864.3|a[6]       |A_reg[7]/D             
86   |I2R  |rtDefaultClock|sysclk |2000.0| 898.8|   21| 868.2|b[6]       |c_reg[15]/D            
87   |I2R  |rtDefaultClock|sysclk |2000.0| 890.6|   15| 870.7|a[2]       |A_reg[6]/D             
88   |I2R  |rtDefaultClock|sysclk |2000.0| 879.6|   20| 880.5|b[6]       |c_reg[12]/D            
89   |I2R  |rtDefaultClock|sysclk |2000.0| 873.9|   14| 886.7|b[6]       |Q_reg[22]/D            
90   |I2R  |rtDefaultClock|sysclk |2000.0| 865.5|   20| 896.2|a[6]       |multiplicand_reg[31]/D 
91   |I2R  |rtDefaultClock|sysclk |2000.0| 862.6|   18| 898.4|a[6]       |multiplicand_reg[24]/D 
92   |I2R  |rtDefaultClock|sysclk |2000.0| 856.4|   19| 904.9|a[6]       |multiplicand_reg[28]/D 
93   |I2R  |rtDefaultClock|sysclk |2000.0| 841.0|   20| 920.2|a[6]       |multiplicand_reg[27]/D 
94   |I2R  |rtDefaultClock|sysclk |2000.0| 838.7|   15| 922.6|a[31]      |A_reg[5]/D             
95   |I2R  |rtDefaultClock|sysclk |2000.0| 835.7|   19| 925.6|a[6]       |multiplicand_reg[25]/D 
96   |I2R  |rtDefaultClock|sysclk |2000.0| 837.7|   18| 929.3|b[6]       |c_reg[10]/D            
97   |I2R  |rtDefaultClock|sysclk |2000.0| 827.7|   14| 932.9|b[6]       |Q_reg[21]/D            
98   |I2R  |rtDefaultClock|sysclk |2000.0| 813.8|   17| 946.3|b[6]       |c_reg[9]/D             
99   |I2R  |rtDefaultClock|sysclk |2000.0| 812.2|   18| 947.9|b[6]       |c_reg[11]/D            
100  |I2R  |rtDefaultClock|sysclk |2000.0| 810.4|   18| 950.0|a[6]       |multiplicand_reg[23]/D 
101  |I2R  |rtDefaultClock|sysclk |2000.0| 807.8|   18| 953.5|a[6]       |multiplicand_reg[26]/D 
102  |I2R  |rtDefaultClock|sysclk |2000.0| 788.1|   14| 972.5|b[6]       |Q_reg[20]/D            
103  |I2R  |rtDefaultClock|sysclk |2000.0| 786.1|   12| 975.2|a[2]       |A_reg[4]/D             
104  |I2R  |rtDefaultClock|sysclk |2000.0| 784.2|   14| 976.8|a[6]       |multiplicand_reg[17]/D 
105  |I2R  |rtDefaultClock|sysclk |2000.0| 765.5|   11| 995.8|a[2]       |A_reg[3]/D             
106  |I2R  |rtDefaultClock|sysclk |2000.0| 770.1|   16| 997.5|b[6]       |Q_reg[18]/D            
107  |I2R  |rtDefaultClock|sysclk |2000.0| 759.9|   14|1001.3|a[6]       |multiplicand_reg[20]/D 
108  |I2R  |rtDefaultClock|sysclk |2000.0| 759.3|   16|1001.9|a[6]       |multiplicand_reg[21]/D 
109  |I2R  |rtDefaultClock|sysclk |2000.0| 757.6|   15|1003.0|b[6]       |Q_reg[17]/D            
110  |I2R  |rtDefaultClock|sysclk |2000.0| 750.9|   16|1010.4|a[6]       |multiplicand_reg[22]/D 
111  |I2R  |rtDefaultClock|sysclk |2000.0| 748.5|   15|1011.6|b[6]       |c_reg[8]/D             
112  |I2R  |rtDefaultClock|sysclk |2000.0| 736.9|   15|1031.4|a[6]       |multiplicand_reg[18]/D 
113  |I2R  |rtDefaultClock|sysclk |2000.0| 720.1|   12|1040.5|b[6]       |Q_reg[19]/D            
114  |I2R  |rtDefaultClock|sysclk |2000.0| 719.9|   12|1040.9|a[6]       |multiplicand_reg[16]/D 
115  |I2R  |rtDefaultClock|sysclk |2000.0| 713.9|    8|1047.4|a[1]       |A_reg[2]/D             
116  |I2R  |rtDefaultClock|sysclk |2000.0| 713.1|   14|1047.9|a[6]       |multiplicand_reg[13]/D 
117  |I2R  |rtDefaultClock|sysclk |2000.0| 712.3|   14|1048.8|a[6]       |multiplicand_reg[19]/D 
118  |I2R  |rtDefaultClock|sysclk |2000.0| 696.2|   12|1064.4|b[6]       |Q_reg[16]/D            
119  |I2R  |rtDefaultClock|sysclk |2000.0| 695.3|   15|1064.8|b[6]       |c_reg[7]/D             
120  |I2R  |rtDefaultClock|sysclk |2000.0| 686.9|    7|1074.4|a[2]       |A_reg[1]/D             
121  |I2R  |rtDefaultClock|sysclk |2000.0| 688.7|   13|1078.3|b[31]      |c_reg[6]/D             
122  |I2R  |rtDefaultClock|sysclk |2000.0| 668.3|   12|1092.7|a[6]       |multiplicand_reg[9]/D  
123  |I2R  |rtDefaultClock|sysclk |2000.0| 667.5|   12|1093.6|a[6]       |multiplicand_reg[15]/D 
124  |I2R  |rtDefaultClock|sysclk |2000.0| 666.7|   10|1094.3|a[6]       |multiplicand_reg[14]/D 
125  |I2R  |rtDefaultClock|sysclk |2000.0| 664.8|   12|1095.3|b[31]      |c_reg[5]/D             
126  |I2R  |rtDefaultClock|sysclk |2000.0| 663.6|   12|1097.2|a[6]       |multiplicand_reg[12]/D 
127  |I2R  |rtDefaultClock|sysclk |2000.0| 657.3|   13|1110.0|b[6]       |Q_reg[14]/D            
128  |I2R  |rtDefaultClock|sysclk |2000.0| 648.5|   12|1111.9|b[6]       |Q_reg[13]/D            
129  |I2R  |rtDefaultClock|sysclk |2000.0| 640.2|    7|1121.1|a[1]       |A_reg[0]/D             
130  |I2R  |rtDefaultClock|sysclk |2000.0| 634.9|   10|1125.7|b[6]       |Q_reg[12]/D            
131  |I2R  |rtDefaultClock|sysclk |2000.0| 635.6|   11|1132.0|b[6]       |Q_reg[15]/D            
132  |I2R  |rtDefaultClock|sysclk |2000.0| 622.5|   10|1138.6|a[6]       |multiplicand_reg[11]/D 
133  |I2R  |rtDefaultClock|sysclk |2000.0| 621.9|    8|1139.1|a[6]       |multiplicand_reg[10]/D 
134  |I2R  |rtDefaultClock|sysclk |2000.0| 618.9|   10|1141.9|a[6]       |multiplicand_reg[8]/D  
135  |I2R  |rtDefaultClock|sysclk |2000.0| 599.5|   10|1160.6|b[31]      |c_reg[4]/D             
136  |I2R  |rtDefaultClock|sysclk |2000.0| 599.4|   11|1167.9|b[6]       |Q_reg[10]/D            
137  |I2R  |rtDefaultClock|sysclk |2000.0| 588.4|   10|1172.0|b[6]       |Q_reg[9]/D             
138  |I2R  |rtDefaultClock|sysclk |2000.0| 577.4|    8|1183.7|a[6]       |multiplicand_reg[7]/D  
139  |I2R  |rtDefaultClock|sysclk |2000.0| 577.7|    9|1189.9|b[6]       |Q_reg[11]/D            
140  |I2R  |rtDefaultClock|sysclk |2000.0| 563.7|   12|1203.3|b[31]      |c_reg[3]/D             
141  |I2R  |rtDefaultClock|sysclk |2000.0| 550.5|   13|1209.6|b[31]      |c_reg[2]/D             
142  |I2R  |rtDefaultClock|sysclk |2000.0| 554.7|    5|1212.9|b[0]       |Q_reg[32]/D            
143  |I2R  |rtDefaultClock|sysclk |2000.0| 537.4|    7|1223.2|b[6]       |Q_reg[8]/D             
144  |I2R  |rtDefaultClock|sysclk |2000.0| 534.1|    5|1226.7|a[6]       |multiplicand_reg[6]/D  
145  |I2R  |rtDefaultClock|sysclk |2000.0| 524.1|    8|1236.5|b[6]       |Q_reg[7]/D             
146  |I2R  |rtDefaultClock|sysclk |2000.0| 512.8|   11|1247.3|b[31]      |c_reg[1]/D             
147  |I2R  |rtDefaultClock|sysclk |2000.0| 491.9|    5|1268.5|b[6]       |Q_reg[6]/D             
148  |I2R  |rtDefaultClock|sysclk |2000.0| 464.4|   11|1296.4|a[0]       |multiplicand_reg[5]/D  
149  |I2R  |rtDefaultClock|sysclk |2000.0| 448.4|   12|1312.5|a[0]       |multiplicand_reg[4]/D  
150  |I2R  |rtDefaultClock|sysclk |2000.0| 428.6|    4|1331.8|b[31]      |Q_reg[5]/D             
151  |I2R  |rtDefaultClock|sysclk |2000.0| 427.6|    4|1333.0|b[31]      |Q_reg[4]/D             
152  |I2R  |rtDefaultClock|sysclk |2000.0| 427.6|    4|1333.0|b[31]      |Q_reg[3]/D             
153  |I2R  |rtDefaultClock|sysclk |2000.0| 422.3|    5|1338.3|b[31]      |Q_reg[2]/D             
154  |I2R  |rtDefaultClock|sysclk |2000.0| 413.7|    2|1346.5|a[3]       |multiplicand_reg[3]/D  
155  |I2R  |rtDefaultClock|sysclk |2000.0| 411.0|    2|1349.9|a[1]       |multiplicand_reg[1]/D  
156  |I2R  |rtDefaultClock|sysclk |2000.0| 410.3|    2|1350.7|a[2]       |multiplicand_reg[2]/D  
157  |I2R  |rtDefaultClock|sysclk |2000.0| 358.6|    4|1398.4|b[31]      |c_reg[0]/D             
158  |I2R  |rtDefaultClock|sysclk |2000.0| 358.6|    4|1398.4|b[31]      |Q_reg[1]/D             
159  |I2R  |rtDefaultClock|sysclk |2000.0| 348.5|    4|1412.2|b[31]      |out_sign_reg/D         
160  |I2R  |rtDefaultClock|sysclk |2000.0| 339.2|    2|1422.8|b[0]       |Q_reg[0]/D             
161  |I2R  |rtDefaultClock|sysclk |2000.0| 323.4|    4|1446.2|en         |SC_reg[6]/D            
162  |I2R  |rtDefaultClock|sysclk |2000.0| 288.7|    2|1472.3|a[0]       |multiplicand_reg[0]/D  
163  |I2R  |rtDefaultClock|sysclk |2000.0| 289.9|    3|1479.3|en         |SC_reg[5]/D            
164  |I2R  |rtDefaultClock|sysclk |2000.0| 289.9|    3|1479.3|en         |SC_reg[4]/D            
165  |I2R  |rtDefaultClock|sysclk |2000.0| 289.9|    3|1479.3|en         |SC_reg[3]/D            
166  |I2R  |rtDefaultClock|sysclk |2000.0| 289.9|    3|1479.3|en         |SC_reg[2]/D            
167  |I2R  |rtDefaultClock|sysclk |2000.0| 289.9|    3|1479.3|en         |SC_reg[1]/D            
168  |I2R  |rtDefaultClock|sysclk |2000.0| 229.9|    1|1506.8|en         |clk_gate_SC_reg/E      
169  |I2R  |rtDefaultClock|sysclk |2000.0| 139.3|    3|1575.0|en         |clk_gate_c_reg/E       
170  |I2R  |rtDefaultClock|sysclk |2000.0| 165.9|    4|1596.1|en         |i_64_64/D              
171  |I2R  |rtDefaultClock|sysclk |2000.0| 128.7|    2|1608.7|en         |clk_gate_out_sign_reg/E
-----+-----+--------------+-------+------+------+-----+------+-----------+-----------------------
Report End Points: 
-----+-----+------+-------+-----+-----+-----+-----+-----------+---------
     |Group|Launch|Capture|Shift|Delay|Depth|Slack|Begin Point|End Point
-----+-----+------+-------+-----+-----+-----+-----+-----------+---------
1    |I2O  |      |       |     |     |     |     |           |         
-----+-----+------+-------+-----+-----+-----+-----+-----------+---------
Report End Points: 
-----+-----+------+-------+------+-----+-----+-----+-----------+---------
     |Group|Launch|Capture|Shift |Delay|Depth|Slack|Begin Point|End Point
-----+-----+------+-------+------+-----+-----+-----+-----------+---------
1    |R2O  |sysclk|sysclk |2000.0|163.3|    2|721.7|i_64_64/Q  |c[62]    
2    |R2O  |sysclk|sysclk |2000.0|163.3|    2|721.7|i_64_64/Q  |c[61]    
3    |R2O  |sysclk|sysclk |2000.0|163.3|    2|721.7|i_64_64/Q  |c[59]    
4    |R2O  |sysclk|sysclk |2000.0|163.3|    2|721.7|i_64_64/Q  |c[58]    
5    |R2O  |sysclk|sysclk |2000.0|163.3|    2|721.7|i_64_64/Q  |c[57]    
6    |R2O  |sysclk|sysclk |2000.0|163.3|    2|721.7|i_64_64/Q  |c[55]    
7    |R2O  |sysclk|sysclk |2000.0|163.3|    2|721.7|i_64_64/Q  |c[54]    
8    |R2O  |sysclk|sysclk |2000.0|163.3|    2|721.7|i_64_64/Q  |c[53]    
9    |R2O  |sysclk|sysclk |2000.0|163.3|    2|721.7|i_64_64/Q  |c[50]    
10   |R2O  |sysclk|sysclk |2000.0|163.3|    2|721.7|i_64_64/Q  |c[49]    
11   |R2O  |sysclk|sysclk |2000.0|163.3|    2|721.7|i_64_64/Q  |c[48]    
12   |R2O  |sysclk|sysclk |2000.0|163.3|    2|721.7|i_64_64/Q  |c[47]    
13   |R2O  |sysclk|sysclk |2000.0|163.3|    2|721.7|i_64_64/Q  |c[45]    
14   |R2O  |sysclk|sysclk |2000.0|163.3|    2|721.7|i_64_64/Q  |c[44]    
15   |R2O  |sysclk|sysclk |2000.0|163.3|    2|721.7|i_64_64/Q  |c[42]    
16   |R2O  |sysclk|sysclk |2000.0|163.3|    2|721.7|i_64_64/Q  |c[41]    
17   |R2O  |sysclk|sysclk |2000.0|163.3|    2|721.7|i_64_64/Q  |c[40]    
18   |R2O  |sysclk|sysclk |2000.0|163.3|    2|721.7|i_64_64/Q  |c[39]    
19   |R2O  |sysclk|sysclk |2000.0|163.3|    2|721.7|i_64_64/Q  |c[38]    
20   |R2O  |sysclk|sysclk |2000.0|163.3|    2|721.7|i_64_64/Q  |c[34]    
21   |R2O  |sysclk|sysclk |2000.0|163.3|    2|721.7|i_64_64/Q  |c[33]    
22   |R2O  |sysclk|sysclk |2000.0|163.3|    2|721.7|i_64_64/Q  |c[32]    
23   |R2O  |sysclk|sysclk |2000.0|163.3|    2|721.7|i_64_64/Q  |c[31]    
24   |R2O  |sysclk|sysclk |2000.0|163.3|    2|721.7|i_64_64/Q  |c[29]    
25   |R2O  |sysclk|sysclk |2000.0|163.3|    2|721.7|i_64_64/Q  |c[28]    
26   |R2O  |sysclk|sysclk |2000.0|163.3|    2|721.7|i_64_64/Q  |c[26]    
27   |R2O  |sysclk|sysclk |2000.0|163.3|    2|721.7|i_64_64/Q  |c[24]    
28   |R2O  |sysclk|sysclk |2000.0|163.3|    2|721.7|i_64_64/Q  |c[20]    
29   |R2O  |sysclk|sysclk |2000.0|163.3|    2|721.7|i_64_64/Q  |c[18]    
30   |R2O  |sysclk|sysclk |2000.0|163.3|    2|721.7|i_64_64/Q  |c[16]    
31   |R2O  |sysclk|sysclk |2000.0|163.3|    2|721.7|i_64_64/Q  |c[15]    
32   |R2O  |sysclk|sysclk |2000.0|163.3|    2|721.7|i_64_64/Q  |c[14]    
33   |R2O  |sysclk|sysclk |2000.0|163.3|    2|721.7|i_64_64/Q  |c[13]    
34   |R2O  |sysclk|sysclk |2000.0|163.3|    2|721.7|i_64_64/Q  |c[12]    
35   |R2O  |sysclk|sysclk |2000.0|163.3|    2|721.7|i_64_64/Q  |c[11]    
36   |R2O  |sysclk|sysclk |2000.0|163.3|    2|721.7|i_64_64/Q  |c[10]    
37   |R2O  |sysclk|sysclk |2000.0|163.3|    2|721.7|i_64_64/Q  |c[8]     
38   |R2O  |sysclk|sysclk |2000.0|163.3|    2|721.7|i_64_64/Q  |c[5]     
39   |R2O  |sysclk|sysclk |2000.0|163.3|    2|721.7|i_64_64/Q  |c[4]     
40   |R2O  |sysclk|sysclk |2000.0|163.3|    2|721.7|i_64_64/Q  |c[3]     
41   |R2O  |sysclk|sysclk |2000.0|163.3|    2|721.7|i_64_64/Q  |c[2]     
42   |R2O  |sysclk|sysclk |2000.0|163.3|    2|721.7|i_64_64/Q  |c[0]     
43   |R2O  |sysclk|sysclk |2000.0|163.2|    2|721.8|i_64_64/Q  |c[63]    
44   |R2O  |sysclk|sysclk |2000.0|163.2|    2|721.8|i_64_64/Q  |c[60]    
45   |R2O  |sysclk|sysclk |2000.0|163.2|    2|721.8|i_64_64/Q  |c[56]    
46   |R2O  |sysclk|sysclk |2000.0|163.2|    2|721.8|i_64_64/Q  |c[52]    
47   |R2O  |sysclk|sysclk |2000.0|163.2|    2|721.8|i_64_64/Q  |c[51]    
48   |R2O  |sysclk|sysclk |2000.0|163.2|    2|721.8|i_64_64/Q  |c[46]    
49   |R2O  |sysclk|sysclk |2000.0|163.2|    2|721.8|i_64_64/Q  |c[43]    
50   |R2O  |sysclk|sysclk |2000.0|163.2|    2|721.8|i_64_64/Q  |c[37]    
51   |R2O  |sysclk|sysclk |2000.0|163.2|    2|721.8|i_64_64/Q  |c[36]    
52   |R2O  |sysclk|sysclk |2000.0|163.2|    2|721.8|i_64_64/Q  |c[35]    
53   |R2O  |sysclk|sysclk |2000.0|163.2|    2|721.8|i_64_64/Q  |c[30]    
54   |R2O  |sysclk|sysclk |2000.0|163.2|    2|721.8|i_64_64/Q  |c[27]    
55   |R2O  |sysclk|sysclk |2000.0|163.2|    2|721.8|i_64_64/Q  |c[25]    
56   |R2O  |sysclk|sysclk |2000.0|163.2|    2|721.8|i_64_64/Q  |c[23]    
57   |R2O  |sysclk|sysclk |2000.0|163.2|    2|721.8|i_64_64/Q  |c[22]    
58   |R2O  |sysclk|sysclk |2000.0|163.2|    2|721.8|i_64_64/Q  |c[21]    
59   |R2O  |sysclk|sysclk |2000.0|163.2|    2|721.8|i_64_64/Q  |c[19]    
60   |R2O  |sysclk|sysclk |2000.0|163.2|    2|721.8|i_64_64/Q  |c[17]    
61   |R2O  |sysclk|sysclk |2000.0|163.2|    2|721.8|i_64_64/Q  |c[9]     
62   |R2O  |sysclk|sysclk |2000.0|163.2|    2|721.8|i_64_64/Q  |c[7]     
63   |R2O  |sysclk|sysclk |2000.0|163.2|    2|721.8|i_64_64/Q  |c[6]     
64   |R2O  |sysclk|sysclk |2000.0|163.2|    2|721.8|i_64_64/Q  |c[1]     
-----+-----+------+-------+------+-----+-----+-----+-----------+---------
