warning: No library characterized for (process = 1.00 voltage = 0.85 temperature = 25.00) can be found in the database for power domain '/PD_TOP'  [NL-174]
Report Power (instances with prefix '*' are included in total) : 
-----+----------------------+--------------------+---------------------+-------------------+-----------------
     | Instance             | Internal Power(uw) | Switching Power(uw) | Leakage Power(uw) | Total Power(uw) 
-----+----------------------+--------------------+---------------------+-------------------+-----------------
1    |*i_0                  |            0.727095|             1.492730|           0.032749|         2.252573
2    |*i_1                  |            0.726581|             1.471933|           0.032749|         2.231263
3    |*i_2                  |            0.726686|             1.480237|           0.032749|         2.239673
4    |*i_3                  |            0.726473|             1.468367|           0.032749|         2.227590
5    |*i_4                  |            0.727113|             1.493665|           0.032749|         2.253527
6    |*i_5                  |            0.727259|             1.507058|           0.032749|         2.267067
7    |*i_6                  |            0.726404|             1.473176|           0.032749|         2.232330
8    |*i_7                  |            0.726293|             1.463184|           0.032749|         2.222227
9    |*i_8                  |            0.727206|             1.504292|           0.032749|         2.264248
10   |*i_9                  |            0.726368|             1.467095|           0.032749|         2.226212
11   |*i_10                 |            0.727203|             1.492524|           0.032749|         2.252476
12   |*i_11                 |            0.727399|             1.502612|           0.032749|         2.262760
13   |*i_12                 |            0.727253|             1.495099|           0.032749|         2.255101
14   |*i_13                 |            0.727133|             1.491830|           0.032749|         2.251712
15   |*i_14                 |            0.726592|             1.478208|           0.032749|         2.237549
16   |*i_15                 |            0.727548|             1.507339|           0.032749|         2.267637
17   |*i_16                 |            0.727342|             1.511328|           0.032749|         2.271419
18   |*i_17                 |            0.726281|             1.462552|           0.032749|         2.221583
19   |*i_18                 |            0.727629|             1.511480|           0.032749|         2.271858
20   |*i_19                 |            0.726137|             1.454991|           0.032749|         2.213877
21   |*i_20                 |            0.726840|             1.485338|           0.032749|         2.244927
22   |*i_21                 |            0.726304|             1.463245|           0.032749|         2.222298
23   |*i_22                 |            0.726179|             1.452993|           0.032749|         2.211921
24   |*i_23                 |            0.726570|             1.474218|           0.032749|         2.233538
25   |*i_24                 |            0.726689|             1.477547|           0.032749|         2.236986
26   |*i_25                 |            0.726425|             1.466694|           0.032749|         2.225869
27   |*i_26                 |            0.726541|             1.480335|           0.032749|         2.239625
28   |*i_27                 |            0.726553|             1.476181|           0.032749|         2.235483
29   |*i_28                 |            0.727341|             1.499627|           0.032749|         2.259718
30   |*i_29                 |            0.727554|             1.507671|           0.032749|         2.267975
31   |*i_30                 |            0.726322|             1.468903|           0.032749|         2.227975
32   |*i_31                 |            0.726590|             1.478657|           0.032749|         2.237996
33   |*i_32                 |            0.727511|             1.505473|           0.032749|         2.265733
34   |*i_33                 |            0.726812|             1.481014|           0.032749|         2.240575
35   |*i_34                 |            0.727409|             1.503131|           0.032749|         2.263289
36   |*i_35                 |            0.726396|             1.472768|           0.032749|         2.231914
37   |*i_36                 |            0.726302|             1.463119|           0.032749|         2.222169
38   |*i_37                 |            0.726468|             1.471773|           0.032749|         2.230990
39   |*i_38                 |            0.726607|             1.478998|           0.032749|         2.238355
40   |*i_39                 |            0.726510|             1.476817|           0.032749|         2.236076
41   |*i_40                 |            0.726822|             1.484407|           0.032749|         2.243979
42   |*i_41                 |            0.727897|             1.519350|           0.032749|         2.279996
43   |*i_42                 |            0.726955|             1.488407|           0.032749|         2.248111
44   |*i_43                 |            0.726287|             1.467085|           0.032749|         2.226121
45   |*i_44                 |            0.726628|             1.480103|           0.032749|         2.239480
46   |*i_45                 |            0.726702|             1.478213|           0.032749|         2.237665
47   |*i_46                 |            0.726304|             1.466119|           0.032749|         2.225173
48   |*i_47                 |            0.726650|             1.484153|           0.032749|         2.243553
49   |*i_48                 |            0.727079|             1.489062|           0.032749|         2.248890
50   |*i_49                 |            0.727003|             1.490856|           0.032749|         2.250608
51   |*i_50                 |            0.727438|             1.501735|           0.032749|         2.261923
52   |*i_51                 |            0.726366|             1.462762|           0.032749|         2.221878
53   |*i_52                 |            0.726269|             1.461905|           0.032749|         2.220923
54   |*i_53                 |            0.726898|             1.488335|           0.032749|         2.247982
55   |*i_54                 |            0.726807|             1.480762|           0.032749|         2.240319
56   |*i_55                 |            0.726979|             1.492514|           0.032749|         2.252243
57   |*i_56                 |            0.726238|             1.462668|           0.032749|         2.221656
58   |*i_57                 |            0.726606|             1.478975|           0.032749|         2.238331
59   |*i_58                 |            0.727152|             1.501490|           0.032749|         2.261391
60   |*i_59                 |            0.727077|             1.491835|           0.032749|         2.251662
61   |*i_60                 |            0.726440|             1.473184|           0.032749|         2.232374
62   |*i_61                 |            0.726657|             1.481602|           0.032749|         2.241008
63   |*i_62                 |            0.726921|             1.489529|           0.032749|         2.249199
64   |*i_63                 |            0.726304|             1.463737|           0.032749|         2.222790
65   |*i_64_0               |            0.103965|            16.076071|           0.014353|        16.194389
66   |*clk_gate_c_reg       |            1.242002|             0.000000|           0.059138|         1.301140
67   |*c_reg[63]            |            1.586531|             0.697136|           0.079112|         2.362778
68   |*c_reg[62]            |            1.585617|             0.672696|           0.079112|         2.337425
69   |*c_reg[61]            |            1.586005|             0.683068|           0.079112|         2.348185
70   |*c_reg[60]            |            1.586168|             0.687432|           0.079112|         2.352712
71   |*c_reg[59]            |            1.585252|             0.662925|           0.079112|         2.327289
72   |*c_reg[58]            |            1.585523|             0.670194|           0.079112|         2.334829
73   |*c_reg[57]            |            1.586096|             0.685501|           0.079112|         2.350709
74   |*c_reg[56]            |            1.586241|             0.689389|           0.079112|         2.354742
75   |*c_reg[55]            |            1.585663|             0.673925|           0.079112|         2.338700
76   |*c_reg[54]            |            1.585497|             0.669492|           0.079112|         2.334102
77   |*c_reg[53]            |            1.585699|             0.674897|           0.079112|         2.339708
78   |*c_reg[52]            |            1.586538|             0.697327|           0.079112|         2.362977
79   |*c_reg[51]            |            1.586820|             0.704868|           0.079112|         2.370800
80   |*c_reg[50]            |            1.584646|             0.646718|           0.079112|         2.310476
81   |*c_reg[49]            |            1.585440|             0.667958|           0.079112|         2.332510
82   |*c_reg[48]            |            1.585052|             0.657590|           0.079112|         2.321754
83   |*c_reg[47]            |            1.586213|             0.688625|           0.079112|         2.353950
84   |*c_reg[46]            |            1.586172|             0.687546|           0.079112|         2.352831
85   |*c_reg[45]            |            1.585661|             0.673880|           0.079112|         2.338654
86   |*c_reg[44]            |            1.586027|             0.683667|           0.079112|         2.348806
87   |*c_reg[43]            |            1.586345|             0.692179|           0.079112|         2.357637
88   |*c_reg[42]            |            1.585464|             0.668605|           0.079112|         2.333181
89   |*c_reg[41]            |            1.584217|             0.635249|           0.079112|         2.298578
90   |*c_reg[40]            |            1.585556|             0.671061|           0.079112|         2.335728
91   |*c_reg[39]            |            1.586301|             0.691006|           0.079112|         2.356420
92   |*c_reg[38]            |            1.585943|             0.681424|           0.079112|         2.346480
93   |*c_reg[37]            |            1.586102|             0.685658|           0.079112|         2.350871
94   |*c_reg[36]            |            1.586050|             0.684274|           0.079112|         2.349436
95   |*c_reg[35]            |            1.586430|             0.694444|           0.079112|         2.359986
96   |*c_reg[34]            |            1.584721|             0.648733|           0.079112|         2.312566
97   |*c_reg[33]            |            1.585313|             0.664576|           0.079112|         2.329002
98   |*c_reg[32]            |            1.584674|             0.647486|           0.079112|         2.311272
99   |*c_reg[31]            |            1.586547|             0.697564|           0.079112|         2.363223
100  |*c_reg[30]            |            1.586455|             0.695123|           0.079112|         2.360691
101  |*c_reg[29]            |            1.584676|             0.647540|           0.079112|         2.311328
102  |*c_reg[28]            |            1.584887|             0.653170|           0.079112|         2.317169
103  |*c_reg[27]            |            1.586005|             0.683084|           0.079112|         2.348202
104  |*c_reg[26]            |            1.586365|             0.692701|           0.079112|         2.358177
105  |*c_reg[25]            |            1.585821|             0.678155|           0.079112|         2.343089
106  |*c_reg[24]            |            1.585678|             0.674316|           0.079112|         2.339106
107  |*c_reg[23]            |            1.585735|             0.675844|           0.079112|         2.340691
108  |*c_reg[22]            |            1.586738|             0.702667|           0.079112|         2.368517
109  |*c_reg[21]            |            1.586077|             0.685015|           0.079112|         2.350205
110  |*c_reg[20]            |            1.585527|             0.670290|           0.079112|         2.334929
111  |*c_reg[19]            |            1.586655|             0.700476|           0.079112|         2.366244
112  |*c_reg[18]            |            1.584594|             0.645339|           0.079112|         2.309046
113  |*c_reg[17]            |            1.586642|             0.700122|           0.079112|         2.365877
114  |*c_reg[16]            |            1.585543|             0.670717|           0.079112|         2.335372
115  |*c_reg[15]            |            1.584496|             0.642723|           0.079112|         2.306331
116  |*c_reg[14]            |            1.585996|             0.682826|           0.079112|         2.347934
117  |*c_reg[13]            |            1.584941|             0.654629|           0.079112|         2.318682
118  |*c_reg[12]            |            1.584887|             0.653161|           0.079112|         2.317160
119  |*c_reg[11]            |            1.584798|             0.650797|           0.079112|         2.314708
120  |*c_reg[10]            |            1.584816|             0.651264|           0.079112|         2.315192
121  |*c_reg[9]             |            1.586581|             0.698476|           0.079112|         2.364169
122  |*c_reg[8]             |            1.585678|             0.674342|           0.079112|         2.339132
123  |*c_reg[7]             |            1.586676|             0.701035|           0.079112|         2.366824
124  |*c_reg[6]             |            1.586447|             0.694904|           0.079112|         2.360463
125  |*c_reg[5]             |            1.585693|             0.674729|           0.079112|         2.339535
126  |*c_reg[4]             |            1.585193|             0.661352|           0.079112|         2.325657
127  |*c_reg[3]             |            1.586902|             0.707081|           0.079112|         2.373096
128  |*c_reg[2]             |            1.585752|             0.676324|           0.079112|         2.341189
129  |*c_reg[1]             |            1.585685|             0.674526|           0.079112|         2.339323
130  |*c_reg[0]             |            1.585183|             0.661097|           0.079112|         2.325392
131  |*i_64_64              |            0.937586|             1.995216|           0.079112|         3.011914
132  |*i_64_194             |          313.391052|           138.943619|           2.591009|       454.925659
133  |*i_64_196             |           82.831650|           299.592926|           5.860651|       388.285217
134  |*i_64_197             |          106.377983|           207.334671|           5.191915|       318.904541
135  |*i_64_198             |          236.070480|           116.754906|           2.411694|       355.237061
136  |*i_64_203             |           38.947807|            80.261459|           5.051000|       124.260262
137  |*A_reg[31]            |            1.602146|             4.871867|           0.079112|         6.553125
138  |*A_reg[29]            |            1.602195|             5.248126|           0.079112|         6.929433
139  |*A_reg[28]            |            1.602189|             5.203233|           0.079112|         6.884534
140  |*A_reg[27]            |            1.602444|             7.139806|           0.079112|         8.821362
141  |*A_reg[26]            |            1.602057|             4.200352|           0.079112|         5.881522
142  |*A_reg[25]            |            1.602437|             7.089562|           0.079112|         8.771111
143  |*A_reg[24]            |            1.602636|             8.605264|           0.079112|        10.287012
144  |*A_reg[23]            |            1.602255|             5.700786|           0.079112|         7.382154
145  |*A_reg[22]            |            1.602057|             4.200352|           0.079112|         5.881522
146  |*A_reg[21]            |            1.602057|             4.200352|           0.079112|         5.881522
147  |*A_reg[20]            |            1.602383|             6.677503|           0.079112|         8.358998
148  |*A_reg[19]            |            1.602033|             4.010066|           0.079112|         5.691210
149  |*A_reg[18]            |            1.602123|             4.701545|           0.079112|         6.382781
150  |*A_reg[17]            |            1.602125|             4.712431|           0.079112|         6.393669
151  |*A_reg[16]            |            1.602123|             4.694410|           0.079112|         6.375646
152  |*A_reg[15]            |            1.602033|             4.010066|           0.079112|         5.691210
153  |*A_reg[14]            |            1.602123|             4.701545|           0.079112|         6.382781
154  |*A_reg[13]            |            1.602125|             4.712431|           0.079112|         6.393669
155  |*A_reg[12]            |            1.602123|             4.694410|           0.079112|         6.375646
156  |*A_reg[11]            |            1.602033|             4.010066|           0.079112|         5.691210
157  |*A_reg[10]            |            1.602123|             4.701545|           0.079112|         6.382781
158  |*A_reg[9]             |            1.602125|             4.712431|           0.079112|         6.393669
159  |*A_reg[8]             |            1.602125|             4.712431|           0.079112|         6.393669
160  |*A_reg[7]             |            1.602033|             4.010066|           0.079112|         5.691210
161  |*A_reg[6]             |            1.602123|             4.701545|           0.079112|         6.382781
162  |*A_reg[5]             |            1.602125|             4.712431|           0.079112|         6.393669
163  |*A_reg[4]             |            1.602123|             4.694410|           0.079112|         6.375646
164  |*A_reg[3]             |            1.602312|             6.135210|           0.079112|         7.816635
165  |*A_reg[2]             |            1.602122|             4.691669|           0.079112|         6.372903
166  |*A_reg[1]             |            1.602123|             4.694410|           0.079112|         6.375646
167  |*A_reg[0]             |            1.602056|             4.190437|           0.079112|         5.871606
168  |*SC_reg[6]            |            1.600507|             1.969041|           0.079112|         3.648660
169  |*SC_reg[5]            |            1.596360|             1.372876|           0.079112|         3.048348
170  |*SC_reg[4]            |            1.595956|             1.337170|           0.079112|         3.012239
171  |*SC_reg[3]            |            1.596102|             1.350062|           0.079112|         3.025276
172  |*SC_reg[2]            |            1.596500|             1.385300|           0.079112|         3.060912
173  |*SC_reg[1]            |            1.596661|             1.399512|           0.079112|         3.075285
174  |*SC_reg[0]            |            1.600481|             1.942474|           0.079112|         3.622067
175  |*multiplicand_reg[31] |            0.525703|             0.166469|           0.079112|         0.771284
176  |*multiplicand_reg[30] |            0.523937|             0.101025|           0.079112|         0.704074
177  |*multiplicand_reg[29] |            0.523937|             0.101025|           0.079112|         0.704074
178  |*multiplicand_reg[28] |            0.523937|             0.101025|           0.079112|         0.704074
179  |*multiplicand_reg[27] |            0.523937|             0.101025|           0.079112|         0.704074
180  |*multiplicand_reg[26] |            0.523937|             0.101025|           0.079112|         0.704074
181  |*multiplicand_reg[25] |            0.523937|             0.101025|           0.079112|         0.704074
182  |*multiplicand_reg[24] |            0.523937|             0.101025|           0.079112|         0.704074
183  |*multiplicand_reg[23] |            0.523937|             0.101025|           0.079112|         0.704074
184  |*multiplicand_reg[22] |            0.523937|             0.101025|           0.079112|         0.704074
185  |*multiplicand_reg[21] |            0.523937|             0.101025|           0.079112|         0.704074
186  |*multiplicand_reg[20] |            0.523937|             0.101025|           0.079112|         0.704074
187  |*multiplicand_reg[19] |            0.523937|             0.101025|           0.079112|         0.704074
188  |*multiplicand_reg[18] |            0.523937|             0.101025|           0.079112|         0.704074
189  |*multiplicand_reg[17] |            0.523937|             0.101025|           0.079112|         0.704074
190  |*multiplicand_reg[16] |            0.523937|             0.101025|           0.079112|         0.704074
191  |*multiplicand_reg[15] |            0.523937|             0.101025|           0.079112|         0.704074
192  |*multiplicand_reg[14] |            0.523937|             0.101025|           0.079112|         0.704074
193  |*multiplicand_reg[13] |            0.523937|             0.101025|           0.079112|         0.704074
194  |*multiplicand_reg[12] |            0.523937|             0.101025|           0.079112|         0.704074
195  |*multiplicand_reg[11] |            0.523937|             0.101025|           0.079112|         0.704074
196  |*multiplicand_reg[10] |            0.523937|             0.101025|           0.079112|         0.704074
197  |*multiplicand_reg[9]  |            0.523937|             0.101025|           0.079112|         0.704074
198  |*multiplicand_reg[8]  |            0.523937|             0.101025|           0.079112|         0.704074
199  |*multiplicand_reg[7]  |            0.523937|             0.101025|           0.079112|         0.704074
200  |*multiplicand_reg[6]  |            0.523937|             0.101025|           0.079112|         0.704074
201  |*multiplicand_reg[5]  |            0.523937|             0.101025|           0.079112|         0.704074
202  |*multiplicand_reg[4]  |            0.523937|             0.101025|           0.079112|         0.704074
203  |*multiplicand_reg[3]  |            0.523937|             0.101025|           0.079112|         0.704074
204  |*multiplicand_reg[2]  |            0.523937|             0.101025|           0.079112|         0.704074
205  |*multiplicand_reg[1]  |            0.523937|             0.101025|           0.079112|         0.704074
206  |*multiplicand_reg[0]  |            0.525703|             0.166469|           0.079112|         0.771284
207  |*Q_reg[32]            |            0.525703|             0.166469|           0.079112|         0.771284
208  |*Q_reg[31]            |            0.524017|             0.104795|           0.079112|         0.707924
209  |*Q_reg[30]            |            0.524017|             0.104795|           0.079112|         0.707924
210  |*Q_reg[29]            |            0.524017|             0.104795|           0.079112|         0.707924
211  |*Q_reg[28]            |            0.524017|             0.104795|           0.079112|         0.707924
212  |*Q_reg[27]            |            0.524017|             0.104795|           0.079112|         0.707924
213  |*Q_reg[26]            |            0.524017|             0.104795|           0.079112|         0.707924
214  |*Q_reg[25]            |            0.524017|             0.104795|           0.079112|         0.707924
215  |*Q_reg[24]            |            0.524017|             0.104795|           0.079112|         0.707924
216  |*Q_reg[23]            |            0.524017|             0.104795|           0.079112|         0.707924
217  |*Q_reg[22]            |            0.524017|             0.104795|           0.079112|         0.707924
218  |*Q_reg[21]            |            0.524017|             0.104795|           0.079112|         0.707924
219  |*Q_reg[20]            |            0.524017|             0.104795|           0.079112|         0.707924
220  |*Q_reg[19]            |            0.524017|             0.104795|           0.079112|         0.707924
221  |*Q_reg[18]            |            0.524017|             0.104795|           0.079112|         0.707924
222  |*Q_reg[17]            |            0.524017|             0.104795|           0.079112|         0.707924
223  |*Q_reg[16]            |            0.524017|             0.104795|           0.079112|         0.707924
224  |*Q_reg[15]            |            0.524017|             0.104795|           0.079112|         0.707924
225  |*Q_reg[14]            |            0.524017|             0.104795|           0.079112|         0.707924
226  |*Q_reg[13]            |            0.524147|             0.110930|           0.079112|         0.714190
227  |*Q_reg[12]            |            0.524147|             0.110930|           0.079112|         0.714190
228  |*Q_reg[11]            |            0.524147|             0.110930|           0.079112|         0.714190
229  |*Q_reg[10]            |            0.524147|             0.110930|           0.079112|         0.714190
230  |*Q_reg[9]             |            0.524147|             0.110930|           0.079112|         0.714190
231  |*Q_reg[8]             |            0.524147|             0.110930|           0.079112|         0.714190
232  |*Q_reg[7]             |            0.524017|             0.104795|           0.079112|         0.707924
233  |*Q_reg[6]             |            0.524017|             0.104795|           0.079112|         0.707924
234  |*Q_reg[5]             |            0.524017|             0.104795|           0.079112|         0.707924
235  |*Q_reg[4]             |            0.524017|             0.104795|           0.079112|         0.707924
236  |*Q_reg[3]             |            0.524147|             0.110930|           0.079112|         0.714190
237  |*Q_reg[2]             |            0.525760|             0.167991|           0.079112|         0.772863
238  |*Q_reg[1]             |            0.530624|             0.325260|           0.079112|         0.934996
239  |*Q_reg[0]             |            0.533977|             1.136988|           0.079112|         1.750078
240  |*out_sign_reg         |            0.530649|             0.327467|           0.079112|         0.937228
241  |*clk_gate_SC_reg      |            1.242197|             0.000000|           0.059138|         1.301335
242  |*clk_gate_out_sign_reg|            1.061831|             0.000000|           0.059138|         1.120969
243  |*i_64_1_0             |            1.077594|             0.573221|           0.061230|         1.712044
244  |*i_64_1_1             |            0.933135|             0.430221|           0.061230|         1.424586
245  |*i_64_1_2             |            0.871066|             0.352076|           0.061230|         1.284372
246  |*i_64_1_3             |            0.843916|             0.310536|           0.061230|         1.215682
247  |*i_64_1_4             |            0.832683|             0.311571|           0.061230|         1.205483
248  |*i_64_1_5             |            0.332917|             0.203739|           0.021200|         0.557855
249  |*i_64_1_6             |            0.518945|             0.181240|           0.025066|         0.725251
250  |*i_64_1_7             |            0.498599|             0.173814|           0.025066|         0.697479
251  |*i_64_1_8             |            0.487837|             0.169884|           0.025066|         0.682788
252  |*i_64_1_9             |            0.482415|             0.167904|           0.025066|         0.675386
253  |*i_64_1_10            |            0.479033|             0.166668|           0.025066|         0.670767
254  |*i_64_1_11            |            0.246202|             0.165260|           0.014353|         0.425815
255  |*i_64_1_12            |            0.376810|             2.980924|           0.022039|         3.379774
256  |*i_64_1_13            |            0.005459|             0.010359|           0.017393|         0.033211
257  |*i_64_1_14            |            0.371808|             2.414827|           0.022619|         2.809255
258  |*i_64_1_15            |            0.595237|             0.058269|           0.027858|         0.681364
259  |*i_64_1_16            |            0.057677|             0.015893|           0.022619|         0.096189
260  |*i_64_1_17            |            0.036795|             0.007469|           0.017393|         0.061658
261  |*i_64_1_18            |            0.539589|             0.164523|           0.027858|         0.731970
262  |*i_64_1_19            |            0.291355|             0.128545|           0.022619|         0.442520
263  |*i_64_1_20            |            0.177506|             0.370630|           0.017393|         0.565528
264  |*i_64_1_21            |            0.231099|             0.104077|           0.022619|         0.357795
265  |*i_64_1_22            |            0.143775|             0.299827|           0.017393|         0.460995
266  |*i_64_1_23            |            0.190995|             0.087609|           0.022619|         0.301223
267  |*i_64_1_24            |            0.121063|             0.252155|           0.017393|         0.390611
268  |*i_64_1_25            |            0.165349|             0.076949|           0.022619|         0.264918
269  |*i_64_1_26            |            0.106361|             0.221297|           0.017393|         0.345051
270  |*i_64_1_27            |            0.149815|             0.070425|           0.022619|         0.242859
271  |*i_64_1_28            |            0.097363|             0.202412|           0.017393|         0.317169
272  |*i_64_1_29            |            0.140760|             0.066641|           0.022619|         0.230020
273  |*i_64_1_30            |            0.092145|             0.191458|           0.017393|         0.300996
274  |*i_64_1_31            |            0.135770|             0.064521|           0.022619|         0.222911
275  |*i_64_1_32            |            0.089222|             0.185325|           0.017393|         0.291940
276  |*i_64_1_33            |            0.133047|             0.063361|           0.022619|         0.219028
277  |*i_64_1_34            |            0.087623|             0.181968|           0.017393|         0.286984
278  |*i_64_1_35            |            0.131593|             0.062741|           0.022619|         0.216953
279  |*i_64_1_36            |            0.086768|             0.180173|           0.017393|         0.284334
280  |*i_64_1_37            |            0.130826|             0.062414|           0.022619|         0.215859
281  |*i_64_1_38            |            0.086316|             0.179226|           0.017393|         0.282935
282  |*i_64_1_39            |            0.130426|             0.062243|           0.022619|         0.215288
283  |*i_64_1_40            |            0.086081|             0.178731|           0.017393|         0.282205
284  |*i_64_1_41            |            0.130319|             0.062154|           0.022619|         0.215093
285  |*i_64_1_42            |            0.085959|             0.178475|           0.017393|         0.281827
286  |*i_64_1_43            |            0.130213|             0.062109|           0.022619|         0.214941
287  |*i_64_1_44            |            0.085896|             0.178343|           0.017393|         0.281633
288  |*i_64_1_45            |            0.130158|             0.062085|           0.022619|         0.214863
289  |*i_64_1_46            |            0.085864|             0.178276|           0.017393|         0.281533
290  |*i_64_1_47            |            0.130131|             0.062074|           0.022619|         0.214824
291  |*i_64_1_48            |            0.085848|             0.178242|           0.017393|         0.281483
292  |*i_64_1_49            |            0.130117|             0.062068|           0.022619|         0.214804
293  |*i_64_1_50            |            0.085839|             0.178225|           0.017393|         0.281457
294  |*i_64_1_51            |            0.130109|             0.062065|           0.022619|         0.214793
295  |*i_64_1_52            |            0.085835|             0.178216|           0.017393|         0.281444
296  |*i_64_1_53            |            0.130106|             0.062063|           0.022619|         0.214788
297  |*i_64_1_54            |            0.085833|             0.178211|           0.017393|         0.281438
298  |*i_64_1_55            |            0.130104|             0.062062|           0.022619|         0.214786
299  |*i_64_1_56            |            0.085832|             0.178209|           0.017393|         0.281434
300  |*i_64_1_57            |            0.130103|             0.062062|           0.022619|         0.214784
301  |*i_64_1_58            |            0.085831|             0.178208|           0.017393|         0.281433
302  |*i_64_1_59            |            0.130103|             0.062062|           0.022619|         0.214784
303  |*i_64_1_60            |            0.085831|             0.178207|           0.017393|         0.281432
304  |*i_64_1_61            |            0.130102|             0.062062|           0.022619|         0.214783
305  |*i_64_1_62            |            0.085831|             0.178207|           0.017393|         0.281432
306  |*i_64_1_63            |            0.130102|             0.062062|           0.022619|         0.214783
307  |*i_64_1_64            |            0.085831|             0.178207|           0.017393|         0.281431
308  |*i_64_1_65            |            0.130102|             0.062062|           0.022619|         0.214783
309  |*i_64_1_66            |            0.085831|             0.178207|           0.017393|         0.281431
310  |*i_64_1_67            |            0.130102|             0.062061|           0.022619|         0.214783
311  |*i_64_1_68            |            0.085831|             0.178207|           0.017393|         0.281431
312  |*i_64_1_69            |            0.130102|             0.062061|           0.022619|         0.214783
313  |*i_64_1_70            |            0.085831|             0.178207|           0.017393|         0.281431
314  |*i_64_1_71            |            0.130102|             0.062061|           0.022619|         0.214783
315  |*i_64_1_72            |            0.085831|             0.178207|           0.017393|         0.281431
316  |*i_64_1_73            |            0.130102|             0.062061|           0.022619|         0.214783
317  |*i_64_1_74            |            0.085831|             0.178207|           0.017393|         0.281431
318  |*i_64_1_75            |            0.130102|             0.062061|           0.022619|         0.214783
319  |*i_64_1_76            |            0.085831|             0.178207|           0.017393|         0.281431
320  |*i_64_1_77            |            0.126964|             0.061116|           0.022619|         0.210699
321  |*i_64_1_78            |            0.084543|             0.175503|           0.017393|         0.277439
322  |*i_64_1_79            |            0.398142|             0.191491|           0.022619|         0.612252
323  |*i_64_1_80            |            0.237786|             0.497164|           0.017393|         0.752343
324  |*i_64_1_81            |            0.416324|             0.198942|           0.022619|         0.637886
325  |*i_64_1_82            |            0.254129|             0.531470|           0.017393|         0.802993
326  |*i_64_1_83            |            0.418518|             0.199992|           0.022619|         0.641130
327  |*i_64_1_84            |            0.256620|             0.536699|           0.017393|         0.810712
328  |*i_64_1_85            |            0.420258|             0.200796|           0.022619|         0.643674
329  |*i_64_1_86            |            0.258464|             0.540570|           0.017393|         0.816427
330  |*i_64_1_87            |            0.419277|             0.200381|           0.022619|         0.642277
331  |*i_64_1_88            |            0.257743|             0.539055|           0.017393|         0.814191
332  |*i_64_1_89            |            0.419461|             0.200458|           0.022619|         0.642538
333  |*i_64_1_90            |            0.257966|             0.539524|           0.017393|         0.814883
334  |*i_64_1_91            |            0.419575|             0.200478|           0.022619|         0.642672
335  |*i_64_1_92            |            0.258082|             0.539767|           0.017393|         0.815243
336  |*i_64_1_93            |            0.422878|             0.202039|           0.022619|         0.647536
337  |*i_64_1_94            |            0.261346|             0.546620|           0.017393|         0.825359
338  |*i_64_1_95            |            0.419411|             0.200496|           0.022619|         0.642526
339  |*i_64_1_96            |            0.258719|             0.541105|           0.017393|         0.817218
340  |*i_64_1_97            |            0.419613|             0.200559|           0.022619|         0.642792
341  |*i_64_1_98            |            0.258589|             0.540832|           0.017393|         0.816815
342  |*i_64_1_99            |            0.419647|             0.200528|           0.022619|         0.642794
343  |*i_64_1_100           |            0.258420|             0.540477|           0.017393|         0.816289
344  |*i_64_1_101           |            0.422850|             0.202063|           0.022619|         0.647533
345  |*i_64_1_102           |            0.261490|             0.546922|           0.017393|         0.825806
346  |*i_64_1_103           |            0.419319|             0.200459|           0.022619|         0.642398
347  |*i_64_1_104           |            0.258761|             0.541194|           0.017393|         0.817349
348  |*i_64_1_105           |            0.419560|             0.200509|           0.022619|         0.642688
349  |*i_64_1_106           |            0.258590|             0.540834|           0.017393|         0.816817
350  |*i_64_1_107           |            0.419618|             0.200500|           0.022619|         0.642738
351  |*i_64_1_108           |            0.258423|             0.540484|           0.017393|         0.816300
352  |*i_64_1_109           |            0.422757|             0.202010|           0.022619|         0.647386
353  |*i_64_1_110           |            0.261421|             0.546776|           0.017393|         0.825590
354  |*i_64_1_111           |            0.419306|             0.200454|           0.022619|         0.642379
355  |*i_64_1_112           |            0.258769|             0.541210|           0.017393|         0.817372
356  |*i_64_1_113           |            0.419190|             0.200577|           0.022619|         0.642386
357  |*i_64_1_114           |            0.258511|             0.540668|           0.017393|         0.816573
358  |*i_64_1_115           |            0.420704|             0.201037|           0.022619|         0.644360
359  |*i_64_1_116           |            0.259412|             0.542560|           0.017393|         0.819365
360  |*i_64_1_117           |            0.422688|             0.202002|           0.022619|         0.647309
361  |*i_64_1_118           |            0.261384|             0.546700|           0.017393|         0.825477
362  |*i_64_1_119           |            0.420224|             0.200891|           0.022619|         0.643734
363  |*i_64_1_120           |            0.253953|             0.542935|           0.017393|         0.814282
364  |*i_64_1_121           |            0.419194|             0.200578|           0.022619|         0.642392
365  |*i_64_1_122           |            0.258516|             0.540678|           0.017393|         0.816587
366  |*i_64_1_123           |            0.420706|             0.201037|           0.022619|         0.644363
367  |*i_64_1_124           |            0.253780|             0.542564|           0.017393|         0.813738
368  |*i_64_1_125           |            0.421624|             0.201492|           0.022619|         0.645735
369  |*i_64_1_126           |            0.260295|             0.544412|           0.017393|         0.822100
370  |*i_64_1_127           |            0.420345|             0.200926|           0.022619|         0.643890
371  |*i_64_1_128           |            0.259677|             0.543116|           0.017393|         0.820186
372  |*i_64_1_129           |            0.420459|             0.201203|           0.022619|         0.644282
373  |*i_64_1_130           |            0.260164|             0.544138|           0.017393|         0.821696
374  |*i_64_1_131           |            0.831697|             0.200771|           0.022619|         1.055086
375  |*i_64_1_132           |            0.930399|             0.546095|           0.017393|         1.493887
376  |*i_64_1_133           |            0.832277|             0.200952|           0.022619|         1.055848
377  |*i_64_1_134           |            1.010014|             0.547164|           0.017393|         1.574572
378  |*i_64_1_135           |            0.827332|             0.199762|           0.022619|         1.049713
379  |*i_64_1_136           |            0.993768|             0.538327|           0.017393|         1.549488
380  |*i_64_1_137           |            0.830857|             0.200374|           0.022619|         1.053851
381  |*i_64_1_138           |            0.935799|             0.549281|           0.017393|         1.502473
382  |*i_64_1_145           |            0.225913|             0.142827|           0.021200|         0.389939
383  |*i_64_1_146           |            0.226800|             0.143279|           0.021200|         0.391279
384  |*i_64_1_147           |            0.227887|             0.143885|           0.021200|         0.392972
385  |*i_64_1_148           |            0.226811|             0.143237|           0.021200|         0.391248
386  |*i_64_1_149           |            0.227065|             0.143388|           0.021200|         0.391653
387  |*i_64_1_150           |            0.227636|             0.143743|           0.021200|         0.392579
388  |*i_64_1_151           |            0.229085|             0.144516|           0.021200|         0.394801
389  |*i_64_1_152           |            0.226392|             0.142930|           0.021200|         0.390521
390  |*i_64_1_153           |            0.226856|             0.143229|           0.021200|         0.391284
391  |*i_64_1_154           |            0.227515|             0.143652|           0.021200|         0.392366
392  |*i_64_1_155           |            0.228569|             0.144184|           0.021200|         0.393953
393  |*i_64_1_156           |            0.226287|             0.142863|           0.021200|         0.390349
394  |*i_64_1_157           |            0.227222|             0.143460|           0.021200|         0.391881
395  |*i_64_1_158           |            0.227721|             0.143782|           0.021200|         0.392703
396  |*i_64_1_159           |            0.228660|             0.144245|           0.021200|         0.394104
397  |*i_64_1_160           |            0.226271|             0.142852|           0.021200|         0.390323
398  |*i_64_1_161           |            0.223453|             0.141085|           0.021200|         0.385737
399  |*i_64_1_162           |            0.227821|             0.143802|           0.021200|         0.392823
400  |*i_64_1_163           |            0.228284|             0.144009|           0.021200|         0.393492
401  |*i_64_1_164           |            0.226606|             0.143028|           0.021200|         0.390834
402  |*i_64_1_165           |            0.223471|             0.141096|           0.021200|         0.385766
403  |*i_64_1_166           |            0.227836|             0.143812|           0.021200|         0.392848
404  |*i_64_1_167           |            0.227906|             0.143818|           0.021200|         0.392923
405  |*i_64_1_168           |            0.226996|             0.143270|           0.021200|         0.391466
406  |*i_64_1_169           |            0.223768|             0.141214|           0.021200|         0.386181
407  |*i_64_1_170           |            0.225013|             0.141959|           0.021200|         0.388172
408  |*i_64_1_171           |            0.224578|             0.141663|           0.021200|         0.387440
409  |*i_64_1_172           |            0.222980|             0.140834|           0.021200|         0.385013
410  |*i_64_1_173           |            0.228491|             0.144087|           0.021200|         0.393777
411  |*i_64_1_174           |            0.219509|             0.139554|           0.021200|         0.380262
412  |*i_64_1_175           |            0.214533|             0.138386|           0.021200|         0.374118
413  |*i_64_1_176           |            1.967156|             1.228973|           0.022695|         3.218824
414  |*i_64_1_181           |            0.065622|             1.312519|           0.014353|         1.392494
415  |*i_64_1_182           |            0.174947|             1.255978|           0.043178|         1.474103
416  |*i_64_1_183           |            0.065648|             1.313038|           0.014353|         1.393038
417  |*i_64_1_184           |            0.175590|             1.256474|           0.043178|         1.475242
418  |*i_64_1_185           |            0.065675|             1.501982|           0.014353|         1.582010
419  |*i_64_1_186           |            0.176331|             1.257047|           0.043178|         1.476556
420  |*i_64_1_187           |            0.065667|             1.501802|           0.014353|         1.581823
421  |*i_64_1_188           |            0.176136|             1.256897|           0.043178|         1.476211
422  |*i_64_1_201           |            0.065675|             1.501981|           0.014353|         1.582009
423  |*i_64_1_202           |            0.176338|             1.257046|           0.043178|         1.476561
424  |*i_64_1_203           |            0.065675|             1.501981|           0.014353|         1.582010
425  |*i_64_1_204           |            0.176330|             1.257046|           0.043178|         1.476554
426  |*i_64_1_205           |            0.065677|             1.313635|           0.014353|         1.393666
427  |*i_64_1_206           |            0.176330|             1.257046|           0.043178|         1.476555
428  |*i_64_1_207           |            0.065677|             1.313636|           0.014353|         1.393666
429  |*i_64_1_208           |            0.176339|             1.257047|           0.043178|         1.476564
430  |*i_64_1_209           |            0.065677|             1.313636|           0.014353|         1.393666
431  |*i_64_1_210           |            0.176331|             1.257047|           0.043178|         1.476555
432  |*i_64_1_211           |            0.065677|             1.313636|           0.014353|         1.393666
433  |*i_64_1_212           |            0.176331|             1.257047|           0.043178|         1.476555
434  |*i_64_1_213           |            0.065677|             1.313636|           0.014353|         1.393666
435  |*i_64_1_214           |            0.176331|             1.257047|           0.043178|         1.476555
436  |*i_64_1_215           |            0.065677|             1.313636|           0.014353|         1.393666
437  |*i_64_1_216           |            0.176331|             1.257047|           0.043178|         1.476555
438  |*i_64_1_217           |            0.065677|             1.313636|           0.014353|         1.393666
439  |*i_64_1_218           |            0.176331|             1.257047|           0.043178|         1.476555
440  |*i_64_1_219           |            0.065677|             1.313636|           0.014353|         1.393666
441  |*i_64_1_220           |            0.176331|             1.257047|           0.043178|         1.476555
442  |*i_64_1_221           |            0.065677|             1.313636|           0.014353|         1.393666
443  |*i_64_1_222           |            0.176331|             1.257047|           0.043178|         1.476555
444  |*i_64_1_223           |            0.065677|             1.313636|           0.014353|         1.393666
445  |*i_64_1_224           |            0.176331|             1.257047|           0.043178|         1.476555
446  |*i_64_1_225           |            0.065677|             1.313636|           0.014353|         1.393666
447  |*i_64_1_226           |            0.176339|             1.257047|           0.043178|         1.476564
448  |*i_64_1_227           |            0.065677|             1.313636|           0.014353|         1.393666
449  |*i_64_1_228           |            0.176331|             1.257047|           0.043178|         1.476555
450  |*i_64_1_229           |            0.065677|             1.313636|           0.014353|         1.393666
451  |*i_64_1_230           |            0.176331|             1.257047|           0.043178|         1.476555
452  |*i_64_1_231           |            0.065677|             1.313636|           0.014353|         1.393666
453  |*i_64_1_232           |            0.176331|             1.257047|           0.043178|         1.476555
454  |*i_64_1_233           |            0.065677|             1.313636|           0.014353|         1.393666
455  |*i_64_1_234           |            0.176331|             1.257047|           0.043178|         1.476555
456  |*i_64_1_235           |            0.065677|             1.313636|           0.014353|         1.393666
457  |*i_64_1_236           |            0.176331|             1.257047|           0.043178|         1.476555
458  |*i_64_1_238           |            0.064382|             1.293151|           0.014353|         1.371885
459  |*i_64_1_239           |            0.116998|             1.236251|           0.032612|         1.385861
460  |*i_64_1_240           |            0.005510|             0.015603|           0.014353|         0.035466
461  |*i_64_1_242           |            0.184750|             3.695915|           0.014353|         3.895018
462  |*i_64_1_243           |            0.738128|             3.536702|           0.047399|         4.322229
463  |*i_64_1_244           |            0.202471|             1.436575|           0.014353|         1.653399
464  |*i_64_1_245           |            0.781962|             4.341160|           0.047399|         5.170522
465  |*i_64_1_246           |            0.204503|             1.444557|           0.014353|         1.663413
466  |*i_64_1_247           |            0.788382|             4.384090|           0.047399|         5.219872
467  |*i_64_1_248           |            0.206024|             1.447728|           0.014353|         1.668105
468  |*i_64_1_249           |            0.792815|             4.415927|           0.047399|         5.256141
469  |*i_64_1_250           |            0.208126|             0.865988|           0.014353|         1.088467
470  |*i_64_1_251           |            0.790871|             4.403393|           0.047399|         5.241663
471  |*i_64_1_252           |            0.205646|             1.439391|           0.014353|         1.659390
472  |*i_64_1_253           |            0.791724|             4.407261|           0.047399|         5.246384
473  |*i_64_1_254           |            0.205650|             1.459131|           0.014353|         1.679135
474  |*i_64_1_255           |            0.792515|             4.409324|           0.047399|         5.249237
475  |*i_64_1_256           |            0.208306|             1.471420|           0.014353|         1.694080
476  |*i_64_1_257           |            0.799147|             4.465618|           0.047399|         5.312164
477  |*i_64_1_258           |            0.208917|             0.869280|           0.014353|         1.092551
478  |*i_64_1_259           |            0.795051|             4.420134|           0.047399|         5.262584
479  |*i_64_1_260           |            0.206143|             1.443274|           0.014353|         1.663770
480  |*i_64_1_261           |            0.793804|             4.417954|           0.047399|         5.259157
481  |*i_64_1_262           |            0.206010|             1.442415|           0.014353|         1.662778
482  |*i_64_1_263           |            0.793744|             4.415117|           0.047399|         5.256259
483  |*i_64_1_264           |            0.211188|             0.876997|           0.014353|         1.102538
484  |*i_64_1_265           |            0.799618|             4.468038|           0.047399|         5.315055
485  |*i_64_1_266           |            0.208961|             0.866921|           0.014353|         1.090235
486  |*i_64_1_267           |            0.795024|             4.420848|           0.047399|         5.263271
487  |*i_64_1_268           |            0.202069|             3.836207|           0.014353|         4.052629
488  |*i_64_1_269           |            0.794466|             4.418011|           0.047399|         5.259875
489  |*i_64_1_270           |            0.201940|             3.833766|           0.014353|         4.050059
490  |*i_64_1_271           |            0.794011|             4.415200|           0.047399|         5.256610
491  |*i_64_1_272           |            0.204303|             3.878616|           0.014353|         4.097272
492  |*i_64_1_273           |            0.799608|             4.466852|           0.047399|         5.313859
493  |*i_64_1_274           |            0.202205|             3.838782|           0.014353|         4.055339
494  |*i_64_1_275           |            0.795087|             4.420976|           0.047399|         5.263462
495  |*i_64_1_276           |            0.205971|             1.461409|           0.014353|         1.681734
496  |*i_64_1_277           |            0.792645|             4.416206|           0.047399|         5.256251
497  |*i_64_1_278           |            0.206748|             1.460414|           0.014353|         1.681515
498  |*i_64_1_279           |            0.796274|             4.432215|           0.047399|         5.275887
499  |*i_64_1_280           |            0.208368|             1.464203|           0.014353|         1.686924
500  |*i_64_1_281           |            0.799042|             4.466178|           0.047399|         5.312620
501  |*i_64_1_282           |            0.203066|             3.614585|           0.014353|         3.832004
502  |*i_64_1_283           |            0.796960|             4.435147|           0.047399|         5.279506
503  |*i_64_1_284           |            0.204549|             1.758613|           0.014353|         1.977515
504  |*i_64_1_285           |            0.792675|             4.416288|           0.047399|         5.256362
505  |*i_64_1_286           |            1.653134|             3.926548|           0.014353|         5.594035
506  |*i_64_1_287           |            3.254130|             4.432253|           0.047399|         7.733782
507  |*i_64_1_288           |            1.679132|             0.872946|           0.014353|         2.566432
508  |*i_64_1_289           |            3.262552|             4.447401|           0.047399|         7.757351
509  |*i_64_1_290           |            0.209710|             0.869700|           0.014353|         1.093763
510  |*i_64_1_291           |            0.797451|             4.436674|           0.047399|         5.281524
511  |*i_64_1_292           |            6.664379|             5.094193|           0.014353|        11.772925
512  |*i_64_1_293           |            3.258601|             4.444667|           0.047399|         7.750667
513  |*i_64_1_294           |            6.708755|             7.281557|           0.014353|        14.004665
514  |*i_64_1_295           |            3.276114|             4.460836|           0.047399|         7.784349
515  |*i_64_1_296           |            1.662471|             4.205252|           0.014353|         5.882075
516  |*i_64_1_297           |            3.281329|             4.469548|           0.047399|         7.798276
517  |*i_64_1_298           |            0.207823|             0.864725|           0.014353|         1.086901
518  |*i_64_1_299           |            0.790876|             4.396974|           0.047399|         5.235249
519  |*i_64_1_300           |            0.205282|             3.849450|           0.014353|         4.069086
520  |*i_64_1_301           |            0.807529|             4.487344|           0.047399|         5.342272
521  |*i_64_1_302           |            0.185215|             3.002176|           0.014353|         3.201745
522  |*i_64_1_304           |            0.178142|             3.380888|           0.014353|         3.573383
523  |*i_64_1_306           |            0.363200|             2.307940|           0.025066|         2.696207
524  |*i_64_1_307           |            0.118284|             4.756312|           0.021200|         4.895796
525  |*i_64_1_308           |            0.128577|             4.330869|           0.026832|         4.486278
526  |*i_64_1_309           |            0.134902|             4.661734|           0.027858|         4.824494
527  |*i_64_1_310           |            0.065535|             0.059615|           0.014353|         0.139503
528  |*i_64_1_311           |            0.137265|             1.250715|           0.034026|         1.422007
529  |*i_64_1_312           |            0.072335|             0.951258|           0.014353|         1.037946
530  |*i_64_1_313           |            0.127369|             1.075320|           0.032612|         1.235301
531  |*i_64_1_314           |            0.152127|             2.488187|           0.014353|         2.654667
532  |*i_64_1_315           |            0.559586|             2.497011|           0.047399|         3.103995
533  |*i_64_1_316           |            0.152367|             2.213956|           0.014353|         2.380676
534  |*i_64_1_317           |            0.558427|             2.496749|           0.047399|         3.102575
535  |*i_64_1_318           |            0.152015|             3.727769|           0.014353|         3.894137
536  |*i_64_1_319           |            0.556974|             2.496422|           0.047399|         3.100795
537  |*i_64_1_320           |            0.152079|             2.486900|           0.014353|         2.653332
538  |*i_64_1_321           |            0.556027|             2.496209|           0.047399|         3.099636
539  |*i_64_1_322           |            0.151917|             2.644543|           0.014353|         2.810814
540  |*i_64_1_323           |            0.554932|             2.495964|           0.047399|         3.098294
541  |*i_64_1_324           |            1.191291|             2.653028|           0.014353|         3.858673
542  |*i_64_1_325           |            2.406229|             2.496029|           0.047399|         4.949657
543  |*i_64_1_326           |            1.199341|             1.915971|           0.014353|         3.129665
544  |*i_64_1_327           |            2.406023|             2.495996|           0.047399|         4.949419
545  |*i_64_1_328           |            0.151905|             2.658669|           0.014353|         2.824927
546  |*i_64_1_329           |            0.555004|             2.495980|           0.047399|         3.098383
547  |*i_64_1_330           |            1.196054|             2.215245|           0.014353|         3.425653
548  |*i_64_1_331           |            2.406008|             2.495972|           0.047399|         4.949379
549  |*i_64_1_332           |            0.152309|             2.223643|           0.014353|         2.390306
550  |*i_64_1_333           |            0.554950|             2.495968|           0.047399|         3.098317
551  |*i_64_1_334           |            0.152485|             2.035066|           0.014353|         2.201904
552  |*i_64_1_335           |            0.554941|             2.495966|           0.047399|         3.098306
553  |*i_64_1_336           |            0.151926|             2.635128|           0.014353|         2.801408
554  |*i_64_1_337           |            0.554936|             2.495965|           0.047399|         3.098300
555  |*i_64_1_338           |            0.152317|             2.215239|           0.014353|         2.381909
556  |*i_64_1_339           |            0.554994|             2.495964|           0.047399|         3.098357
557  |*i_64_1_340           |            0.152309|             2.223640|           0.014353|         2.390302
558  |*i_64_1_341           |            0.554933|             2.495964|           0.047399|         3.098295
559  |*i_64_1_342           |            0.152484|             2.035064|           0.014353|         2.201902
560  |*i_64_1_343           |            0.554932|             2.495964|           0.047399|         3.098295
561  |*i_64_1_344           |            0.151927|             2.634440|           0.014353|         2.800720
562  |*i_64_1_345           |            0.554932|             2.495964|           0.047399|         3.098295
563  |*i_64_1_346           |            0.152310|             2.222946|           0.014353|         2.389609
564  |*i_64_1_347           |            0.554932|             2.495964|           0.047399|         3.098294
565  |*i_64_1_348           |            0.152453|             2.068945|           0.014353|         2.235751
566  |*i_64_1_349           |            0.554932|             2.495964|           0.047399|         3.098294
567  |*i_64_1_350           |            0.152473|             2.046986|           0.014353|         2.213813
568  |*i_64_1_351           |            0.554932|             2.495964|           0.047399|         3.098294
569  |*i_64_1_352           |            0.152413|             4.729047|           0.014353|         4.895814
570  |*i_64_1_353           |            0.554932|             2.495964|           0.047399|         3.098294
571  |*i_64_1_354           |            0.152701|             1.802578|           0.014353|         1.969632
572  |*i_64_1_355           |            0.554932|             2.495964|           0.047399|         3.098294
573  |*i_64_1_356           |            0.152852|             1.640175|           0.014353|         1.807381
574  |*i_64_1_357           |            0.554931|             2.495964|           0.047399|         3.098294
575  |*i_64_1_358           |            0.151874|             3.461103|           0.014353|         3.627330
576  |*i_64_1_359           |            0.554992|             2.495964|           0.047399|         3.098354
577  |*i_64_1_360           |            0.153286|             6.780284|           0.014353|         6.947923
578  |*i_64_1_361           |            0.554992|             2.495964|           0.047399|         3.098354
579  |*i_64_1_362           |            0.152207|             4.244919|           0.014353|         4.411479
580  |*i_64_1_363           |            0.554983|             2.495964|           0.047399|         3.098345
581  |*i_64_1_364           |            0.152852|             1.640175|           0.014353|         1.807381
582  |*i_64_1_365           |            0.554926|             2.495964|           0.047399|         3.098288
583  |*i_64_1_366           |            0.152419|             4.742042|           0.014353|         4.908814
584  |*i_64_1_367           |            0.554932|             2.495964|           0.047399|         3.098294
585  |*i_64_1_368           |            0.152239|             4.318917|           0.014353|         4.485509
586  |*i_64_1_369           |            0.554932|             2.495964|           0.047399|         3.098294
587  |*i_64_1_370           |            0.151722|             3.104173|           0.014353|         3.270249
588  |*i_64_1_371           |            0.554992|             2.495964|           0.047399|         3.098354
589  |*i_64_1_372           |            0.152741|             5.499133|           0.014353|         5.666226
590  |*i_64_1_373           |            0.554932|             2.495964|           0.047399|         3.098294
591  |*i_64_1_374           |            0.036736|             0.302449|           0.021200|         0.360385
592  |*i_64_1_375           |            0.081223|             0.351046|           0.014353|         0.446622
593  |*i_64_1_376           |            0.116549|             1.058503|           0.032612|         1.207664
594  |*i_64_1_377           |            0.059399|             0.332681|           0.025066|         0.417146
595  |*i_64_1_380           |            0.121962|             0.131346|           0.032601|         0.285909
596  |*i_64_1_381           |            0.239455|             0.339054|           0.026832|         0.605341
597  |*i_64_1_382           |            0.229271|             0.132479|           0.017393|         0.379144
598  |*i_64_1_383           |            0.038400|             0.026945|           0.014353|         0.079699
599  |*i_64_1_384           |            0.049252|             0.485498|           0.022619|         0.557370
600  |*i_64_1_385           |            0.003700|             0.020456|           0.014353|         0.038509
601  |*i_64_1_386           |            0.008203|             0.080252|           0.032601|         0.121056
602  |*i_64_1_387           |            0.220471|             0.385327|           0.017393|         0.623191
603  |*i_64_1_388           |            0.106150|             0.142069|           0.018105|         0.266324
604  |*i_64_1_389           |            0.531632|             2.148278|           0.021200|         2.701109
605  |*i_64_1_390           |            0.059120|             0.167313|           0.014353|         0.240786
606  |*i_64_1_391           |            6.959735|             1.337172|           0.014353|         8.311260
607  |*i_64_1_139           |            0.177918|             3.407404|           0.014353|         3.599675
608  |*i_64_1_140           |            0.777046|             0.176137|           0.022619|         0.975802
609  |*i_64_1_141           |            0.575589|             4.042638|           0.041741|         4.659968
610  |*i_64_1_142           |            0.872668|             0.494741|           0.017393|         1.384802
611  |*i_64_1_143           |            0.439606|             0.162941|           0.017393|         0.619940
612  |*i_64_1_144           |            0.001063|             0.002225|           0.017393|         0.020682
613  |*i_64_1_177           |            0.531317|             3.377235|           0.033938|         3.942489
614  |*i_64_1_178           |            0.131136|             0.234857|           0.014353|         0.380346
615  |*i_64_1_179           |            0.060766|             0.104317|           0.014353|         0.179436
616  |*i_64_1_180           |            0.057156|             0.099937|           0.014353|         0.171446
617  |*i_64_1_189           |            0.357847|             0.325410|           0.014353|         0.697610
618  |*i_64_1_190           |            0.319627|             0.325647|           0.014353|         0.659627
619  |*i_64_1_191           |            0.815743|             0.457981|           0.017393|         1.291118
620  |*i_64_1_192           |            0.007503|             0.001682|           0.014353|         0.023538
621  |*i_64_1_193           |            0.012877|             0.030263|           0.017393|         0.060534
622  |*i_64_1_194           |            0.001843|             0.624766|           0.014353|         0.640962
623  |*i_64_1_195           |            0.003076|             0.035200|           0.021200|         0.059476
624  |*i_64_1_196           |            0.255604|             3.204616|           0.021200|         3.481419
625  |*i_64_1_197           |            0.357118|             0.433110|           0.034026|         0.824254
626  |*i_64_1_198           |            0.003008|             0.006972|           0.021200|         0.031179
627  |*i_64_1_199           |            0.065546|             1.311721|           0.014353|         1.391621
628  |*i_64_1_200           |            0.221213|             1.255107|           0.033938|         1.510258
629  |*i_64_1_237           |            0.023096|             0.005168|           0.022695|         0.050958
630  |*i_64_1_241           |            0.065638|             1.313557|           0.014353|         1.393548
631  |*i_64_1_303           |            0.222736|             1.256863|           0.033938|         1.513537
632  |*i_64_1_305           |            0.023096|             0.005168|           0.022695|         0.050958
633  |*i_64_1_378           |            0.065642|             1.313636|           0.014353|         1.393631
634  |*i_64_1_379           |            0.222802|             1.256939|           0.033938|         1.513679
635  |*i_64_1_392           |            0.023096|             0.005168|           0.022695|         0.050958
636  |*i_64_1_393           |            0.065650|             1.501959|           0.014353|         1.581962
637  |*i_64_1_394           |            0.222848|             1.256920|           0.033938|         1.513705
638  |*i_64_1_395           |            0.023096|             0.005168|           0.022695|         0.050958
639  |*i_64_1_396           |            0.065650|             1.501971|           0.014353|         1.581974
640  |*i_64_1_397           |            0.222794|             1.256929|           0.033938|         1.513661
641  |*i_64_1_398           |            0.023096|             0.005168|           0.022695|         0.050958
642  |*i_64_1_399           |            0.065642|             1.313631|           0.014353|         1.393626
643  |*i_64_1_400           |            0.222798|             1.256934|           0.033938|         1.513670
644  |*i_64_1_401           |            0.023096|             0.005168|           0.022695|         0.050958
645  |*i_64_1_402           |            0.065642|             1.313636|           0.014353|         1.393631
646  |*i_64_1_403           |            0.222865|             1.256939|           0.033938|         1.513741
647  |*i_64_1_404           |            0.023096|             0.005168|           0.022695|         0.050958
648  |*i_64_1_405           |            0.005025|             0.302861|           0.014353|         0.322239
649  |*i_64_1_406           |            0.045485|             0.090567|           0.021200|         0.157251
650  |*i_64_1_407           |            0.027763|             0.386321|           0.017393|         0.431477
651  |*i_64_1_408           |            0.010976|             0.753582|           0.014353|         0.778911
652  |*i_64_1_409           |            0.016561|             0.981464|           0.017393|         1.015418
653  |                      |                    |                     |                   |                 
654  |*TOTAL                |         1189.610718|          1714.956299|          47.045101|      2951.612061
-----+----------------------+--------------------+---------------------+-------------------+-----------------
