Report for group default
------------------------------------------------------------------------------------------------------------------------------------------------------------
Startpoint: SC_reg[0]/Q
    (Clocked by sysclk R)
Endpoint: c_reg[57]/D
    (Clocked by sysclk R)
Path Group: default
Data required time: 1960.1
    (Clock shift: 2000.0, minus Uncertainty: 0.0, plus Latency 0.0, minus Setup time: 39.9)
Data arrival time: 1668.0
Slack: 292.1
Logic depth: 34
------------------------------------------------------------------------------------------------------------------------------------------------------------
                                                     Arrival               Arc      Net               Net    Total   fan-                                   
Path                     Module/Cell           Edge     Time    Delay    Delay    Delay     Slew     Load     Load    out     Location Power Domain      (V)
                                                        (ps)     (ps)     (ps)     (ps)     (ps)     (ff)     (ff)    (#)      (um,um)                      
------------------------------------------------------------------------------------------------------------------------------------------------------------
clk                      {create_clock}           r      0.0      0.0      0.0                        0.0      0.0      4   121,   63                       
clk_gate_SC_reg/CK->GCK  CLKGATETST_X1           rr      0.0      0.0      0.0      0.0      0.0      0.0      0.0     38    61,   60  /PD_TOP        (1.10)
SC_reg[0]/CK->Q          DFF_X1                  rr    119.7    119.7    119.7      0.0      0.0      1.2     17.1      4    61,   60  /PD_TOP        (1.10)
i_64_1_381/A3->ZN        NOR3_X4                 rf    137.1     17.4     17.4      0.0     41.9      0.3      4.2      1    61,   60  /PD_TOP        (1.10)
i_64_1_409/A2->ZN        NAND2_X4*               fr    199.2     62.1     62.1      0.0      6.6     14.8    144.9     38    61,   60  /PD_TOP        (1.10)
i_64_1_408/A->ZN         INV_X32                 rf    213.8     14.6     13.9      0.7     15.3     14.1    107.6     36    61,   60  /PD_TOP        (1.10)
i_64_1_377/A2->ZN        AND2_X4*                ff    275.8     62.0     61.4      0.6      6.7     12.8     94.4     32    61,   60  /PD_TOP        (1.10)
i_64_1_315/C2->ZN        AOI222_X4               fr    429.3    153.5    152.9      0.6     15.3      0.3     25.8      1    61,   60  /PD_TOP        (1.10)
i_64_1_314/A->ZN         INV_X8                  rf    442.7     13.4     13.4      0.0     18.4      2.0     25.7      7    61,   60  /PD_TOP        (1.10)
i_64_197/i_187/A1->ZN    NOR2_X4                 fr    464.3     21.6     21.6      0.0      5.9      0.3      4.2      1    61,   60  /PD_TOP        (1.10)
i_64_197/i_184/A->ZN     AOI21_X4                rf    480.3     16.0     16.0      0.0     15.3      0.6      7.8      2    61,   60  /PD_TOP        (1.10)
i_64_197/i_183/B2->ZN    OAI22_X4                fr    528.1     47.8     47.8      0.0      9.1      0.6      7.9      2    61,   60  /PD_TOP        (1.10)
i_64_197/i_182/A->ZN     OAI21_X4                rf    552.3     24.2     24.2      0.0     34.6      0.3      4.2      1    61,   60  /PD_TOP        (1.10)
i_64_197/i_181/A2->ZN    NAND2_X4                fr    574.0     21.7     21.7      0.0      9.4      0.9     12.0      3    61,   60  /PD_TOP        (1.10)
i_64_197/i_175/A3->ZN    NOR3_X4                 rf    586.3     12.3     12.3      0.0     13.6      0.3      4.2      1    61,   60  /PD_TOP        (1.10)
i_64_197/i_167/A4->ZN    NOR4_X4                 fr    687.4    101.1    101.1      0.0      6.6      1.0     12.0      3    61,   60  /PD_TOP        (1.10)
i_64_197/i_161/A3->ZN    NOR3_X4                 rf    705.2     17.8     17.8      0.0     61.3      0.3      4.2      1    61,   60  /PD_TOP        (1.10)
i_64_197/i_153/A4->ZN    NOR4_X4                 fr    806.8    101.6    101.6      0.0      6.6      1.0     12.1      3    61,   60  /PD_TOP        (1.10)
i_64_197/i_147/A3->ZN    NOR3_X4                 rf    824.6     17.8     17.8      0.0     61.7      0.3      4.2      1    61,   60  /PD_TOP        (1.10)
i_64_197/i_139/A4->ZN    NOR4_X4                 fr    926.2    101.6    101.6      0.0      6.6      1.0     12.1      3    61,   60  /PD_TOP        (1.10)
i_64_197/i_133/A3->ZN    NOR3_X4                 rf    944.3     18.1     18.1      0.0     61.7      0.3      4.5      1    61,   60  /PD_TOP        (1.10)
i_64_197/i_201/A1->ZN    NOR4_X4                 fr   1017.2     72.9     72.9      0.0      6.7      1.2     14.6      4    61,   60  /PD_TOP        (1.10)
i_64_197/i_65/B1->ZN     AOI21_X4                rf   1042.1     24.9     24.9      0.0     67.7      0.6      7.9      2    61,   60  /PD_TOP        (1.10)
i_64_197/i_64/B2->ZN     OAI21_X4                fr   1101.4     59.3     59.3      0.0      9.2      0.3     25.7      1    61,   60  /PD_TOP        (1.10)
i_64_197/i_63/A->ZN      INV_X8                  rf   1109.8      8.4      8.4      0.0     43.3      0.6      7.9      2    61,   60  /PD_TOP        (1.10)
i_64_197/i_58/A->Z       XOR2_X2                 ff   1159.4     49.6     49.6      0.0      3.9      0.3      2.7      1    61,   60  /PD_TOP        (1.10)
i_64_1_287/A1->ZN        AOI222_X4               fr   1277.3    117.9    117.9      0.0     11.7      0.9     34.6      3    61,   60  /PD_TOP        (1.10)
i_64_1_286/A->ZN         INV_X8                  rf   1292.5     15.2     15.2      0.0     23.1      0.8     30.6      3    61,   60  /PD_TOP        (1.10)
i_64_203/i_196/A2->ZN    OR3_X4                  ff   1361.8     69.3     69.3      0.0      6.5      0.6      7.0      2    61,   60  /PD_TOP        (1.10)
i_64_203/i_195/A2->ZN    OR3_X4                  ff   1444.5     82.7     82.7      0.0     12.7      0.3     25.7      1    61,   60  /PD_TOP        (1.10)
i_64_203/i_194/A->ZN     INV_X8                  fr   1459.7     15.2     15.2      0.0     17.9      0.7      8.3      2    61,   60  /PD_TOP        (1.10)
i_64_203/i_169/A4->ZN    NAND4_X4*               rf   1520.9     61.2     61.2      0.0      6.3      1.5     41.6      5    61,   60  /PD_TOP        (1.10)
i_64_203/i_110/A3->ZN    OR3_X4                  ff   1598.9     78.0     78.0      0.0     15.3      0.6      8.8      2    61,   60  /PD_TOP        (1.10)
i_64_203/i_107/A->ZN     OAI21_X4                fr   1634.2     35.3     35.3      0.0     13.2      0.3     25.7      1    61,   60  /PD_TOP        (1.10)
i_64_203/i_106/A->ZN     INV_X8                  rf   1640.8      6.6      6.6      0.0     43.3      0.3      4.0      1    61,   60  /PD_TOP        (1.10)
i_64_1_132/A1->ZN        NAND2_X4                fr   1652.3     11.5     11.5      0.0      3.4      0.3      4.2      1    61,   60  /PD_TOP        (1.10)
i_64_1_131/A->ZN         OAI21_X2                rf   1668.0     15.7     15.7      0.0      9.5      0.3      1.5      1    61,   60  /PD_TOP        (1.10)
c_reg[57]/D              DFF_X1                   f   1668.0      0.0               0.0      7.8                             61,   60  /PD_TOP        (1.10)
------------------------------------------------------------------------------------------------------------------------------------------------------------
Report for group I2R
------------------------------------------------------------------------------------------------------------------------------------------------------------
Startpoint: a[6]
    (Clocked by rtDefaultClock R)
Endpoint: c_reg[57]/D
    (Clocked by sysclk R)
Path Group: I2R
Data required time: 1960.1
    (Clock shift: 2000.0, minus Uncertainty: 0.0, plus Latency 0.0, minus Setup time: 39.9)
Data arrival time: 1928.4
Slack: 31.7
Logic depth: 33
------------------------------------------------------------------------------------------------------------------------------------------------------------
                                                     Arrival               Arc      Net               Net    Total   fan-                                   
Path                     Module/Cell           Edge     Time    Delay    Delay    Delay     Slew     Load     Load    out     Location Power Domain      (V)
                                                        (ps)     (ps)     (ps)     (ps)     (ps)     (ff)     (ff)    (#)      (um,um)                      
------------------------------------------------------------------------------------------------------------------------------------------------------------
a[6]                     {set_input_delay}        f    200.0    200.0    200.0                        4.2     12.8      3     0,   61                       
i_64_194/i_120/A1->ZN    OR3_X4                  ff    504.6    304.6    304.1      0.5    707.3      0.6      6.9      2    61,   60  /PD_TOP        (1.10)
i_64_194/i_119/A1->ZN    OR2_X4                  ff    557.6     53.0     53.0      0.0     12.6      0.3     25.7      1    61,   60  /PD_TOP        (1.10)
i_64_194/i_118/A->ZN     INV_X8                  fr    569.4     11.8     11.8      0.0     13.8      0.3      4.0      1    61,   60  /PD_TOP        (1.10)
i_64_194/i_117/A1->ZN    NAND2_X4*               rf    597.4     28.0     28.0      0.0      5.2      0.8     34.7      3    61,   60  /PD_TOP        (1.10)
i_64_194/i_116/A->ZN     INV_X8                  fr    613.4     16.0     16.0      0.0     15.3      0.8     12.3      3    61,   60  /PD_TOP        (1.10)
i_64_194/i_6/A->ZN       AOI21_X2                rf    624.1     10.7     10.7      0.0      7.3      0.4      2.6      1    61,   60  /PD_TOP        (1.10)
i_64_1_327/C1->ZN        AOI222_X4               fr    765.5    141.4    141.4      0.0      7.1      0.3     25.8      1    61,   60  /PD_TOP        (1.10)
i_64_1_326/A->ZN         INV_X8                  rf    777.4     11.9     11.9      0.0     18.4      1.8     19.8      6    61,   60  /PD_TOP        (1.10)
i_64_197/i_180/A1->ZN    NOR2_X4                 fr    808.2     30.8     30.8      0.0      5.2      0.8     11.5      3    61,   60  /PD_TOP        (1.10)
i_64_197/i_177/A1->ZN    OR3_X4                  rr    837.5     29.3     29.3      0.0     23.7      0.6      8.7      2    61,   60  /PD_TOP        (1.10)
i_64_197/i_175/A1->ZN    NOR3_X4                 rf    846.7      9.2      9.2      0.0      9.4      0.3      4.2      1    61,   60  /PD_TOP        (1.10)
i_64_197/i_167/A4->ZN    NOR4_X4                 fr    947.8    101.1    101.1      0.0      6.6      1.0     12.0      3    61,   60  /PD_TOP        (1.10)
i_64_197/i_161/A3->ZN    NOR3_X4                 rf    965.6     17.8     17.8      0.0     61.3      0.3      4.2      1    61,   60  /PD_TOP        (1.10)
i_64_197/i_153/A4->ZN    NOR4_X4                 fr   1067.2    101.6    101.6      0.0      6.6      1.0     12.1      3    61,   60  /PD_TOP        (1.10)
i_64_197/i_147/A3->ZN    NOR3_X4                 rf   1085.0     17.8     17.8      0.0     61.7      0.3      4.2      1    61,   60  /PD_TOP        (1.10)
i_64_197/i_139/A4->ZN    NOR4_X4                 fr   1186.6    101.6    101.6      0.0      6.6      1.0     12.1      3    61,   60  /PD_TOP        (1.10)
i_64_197/i_133/A3->ZN    NOR3_X4                 rf   1204.7     18.1     18.1      0.0     61.7      0.3      4.5      1    61,   60  /PD_TOP        (1.10)
i_64_197/i_201/A1->ZN    NOR4_X4                 fr   1277.6     72.9     72.9      0.0      6.7      1.2     14.6      4    61,   60  /PD_TOP        (1.10)
i_64_197/i_65/B1->ZN     AOI21_X4                rf   1302.5     24.9     24.9      0.0     67.7      0.6      7.9      2    61,   60  /PD_TOP        (1.10)
i_64_197/i_64/B2->ZN     OAI21_X4                fr   1361.8     59.3     59.3      0.0      9.2      0.3     25.7      1    61,   60  /PD_TOP        (1.10)
i_64_197/i_63/A->ZN      INV_X8                  rf   1370.2      8.4      8.4      0.0     43.3      0.6      7.9      2    61,   60  /PD_TOP        (1.10)
i_64_197/i_58/A->Z       XOR2_X2                 ff   1419.8     49.6     49.6      0.0      3.9      0.3      2.7      1    61,   60  /PD_TOP        (1.10)
i_64_1_287/A1->ZN        AOI222_X4               fr   1537.7    117.9    117.9      0.0     11.7      0.9     34.6      3    61,   60  /PD_TOP        (1.10)
i_64_1_286/A->ZN         INV_X8                  rf   1552.9     15.2     15.2      0.0     23.1      0.8     30.6      3    61,   60  /PD_TOP        (1.10)
i_64_203/i_196/A2->ZN    OR3_X4                  ff   1622.2     69.3     69.3      0.0      6.5      0.6      7.0      2    61,   60  /PD_TOP        (1.10)
i_64_203/i_195/A2->ZN    OR3_X4                  ff   1704.9     82.7     82.7      0.0     12.7      0.3     25.7      1    61,   60  /PD_TOP        (1.10)
i_64_203/i_194/A->ZN     INV_X8                  fr   1720.1     15.2     15.2      0.0     17.9      0.7      8.3      2    61,   60  /PD_TOP        (1.10)
i_64_203/i_169/A4->ZN    NAND4_X4*               rf   1781.3     61.2     61.2      0.0      6.3      1.5     41.6      5    61,   60  /PD_TOP        (1.10)
i_64_203/i_110/A3->ZN    OR3_X4                  ff   1859.3     78.0     78.0      0.0     15.3      0.6      8.8      2    61,   60  /PD_TOP        (1.10)
i_64_203/i_107/A->ZN     OAI21_X4                fr   1894.6     35.3     35.3      0.0     13.2      0.3     25.7      1    61,   60  /PD_TOP        (1.10)
i_64_203/i_106/A->ZN     INV_X8                  rf   1901.2      6.6      6.6      0.0     43.3      0.3      4.0      1    61,   60  /PD_TOP        (1.10)
i_64_1_132/A1->ZN        NAND2_X4                fr   1912.7     11.5     11.5      0.0      3.4      0.3      4.2      1    61,   60  /PD_TOP        (1.10)
i_64_1_131/A->ZN         OAI21_X2                rf   1928.4     15.7     15.7      0.0      9.5      0.3      1.5      1    61,   60  /PD_TOP        (1.10)
c_reg[57]/D              DFF_X1                   f   1928.4      0.0               0.0      7.8                             61,   60  /PD_TOP        (1.10)
------------------------------------------------------------------------------------------------------------------------------------------------------------
Report for group I2O
Report for group R2O
------------------------------------------------------------------------------------------------------------------------------------------------------------
Startpoint: i_64_64/Q
    (Clocked by sysclk R)
Endpoint: c[62]
    (Clocked by sysclk R)
Path Group: R2O
Data required time: 1000.0
    (Clock shift: 2000.0, minus Uncertainty: 0.0, plus Latency 0.0, minus Out delay: 1000.0)
Data arrival time: 278.3
Slack: 721.7
Logic depth: 2
------------------------------------------------------------------------------------------------------------------------------------------------------------
                                                     Arrival               Arc      Net               Net    Total   fan-                                   
Path                     Module/Cell           Edge     Time    Delay    Delay    Delay     Slew     Load     Load    out     Location Power Domain      (V)
                                                        (ps)     (ps)     (ps)     (ps)     (ps)     (ff)     (ff)    (#)      (um,um)                      
------------------------------------------------------------------------------------------------------------------------------------------------------------
clk                      {create_clock}           r      0.0      0.0      0.0                        0.0      0.0      4   121,   63                       
i_64_64/CK->Q            DFF_X1*                 rf    115.0    115.0    115.0      0.0      0.0      0.6     30.1      2    61,   60  /PD_TOP        (1.10)
i_64_0/A->ZN             INV_X32                 fr    148.2     33.2     33.2      0.0     15.3     27.3    242.1     64    61,   60  /PD_TOP        (1.10)
i_62/EN->Z               TBUF_X8                 rf    278.1    129.9    129.8      0.1     22.1      2.1     13.1      1    87,   59  /PD_TOP        (1.10)
c[62]                                             f    278.3      0.2               0.2      6.9                            121,   56                       
------------------------------------------------------------------------------------------------------------------------------------------------------------
