#---------------------------------------------------------------------
# start session at Tue Jan 3 17:43:29 2023
# Exec path is /home/vlsi/Installation/Nitro/nitroPack-2019.1.R2a/nitro/arch/linux/x86_64/2.12/64/bin
#---------------------------------------------------------------------
----------------------------------------------------------------------------------
|     Nitro-SoC version 2019.1.R2 1.68700.2.290 Fri Nov 29 21:06:00 PST 2019     | 
| Running on localhost.localdomain 4cores 7.3GBytes 2.6GHz 64bits mode pid 31241 | 
|              Copyright (c) 2003-2019 Mentor Graphics Corporation               | 
|                              All Rights Reserved                               | 
|          THIS WORK CONTAINS TRADE SECRET AND PROPRIETARY INFORMATION           | 
|              WHICH IS THE PROPERTY OF MENTOR GRAPHICS CORPORATION              | 
|               OR ITS LICENSORS AND IS SUBJECT TO LICENSE TERMS.                | 
----------------------------------------------------------------------------------

Nitro-SoC> setp_nrf
TCL: invalid command name "setp_nrf"
Nitro-SoC> setup_nrf
Loading utility util::nrf_utils
NRF error: Can not overwrite file/dir scr. Please move/remove, start from scratch and re-run
NRF error: You can use setup_nrf -clean_dir option to delete all files
Nitro-SoC> exit
#---------------------------------------------------------------------
# end session at Tue Jan 3 17:43:54 2023
#---------------------------------------------------------------------
