Report 'report_power_summary': Power
Generated on Fri Dec 23 16:39:01 2022
  
---------------------------------------------------------------------------
|                        Power Summary (nanowatt)                         |
|-------------------------------------------------------------------------|
| Component          Internal Switching  Dynamic Leakage  Total   Percent | 
|-------------------------------------------------------------------------|
| Entire design       3207014   4036449  7243462  202928  7446391  100.00 | 
|                                                                         | 
| Power of all cells  3207014   2875718  6082732  202928  6285660   84.41 | 
|   Clock cells         92744     17231   109975     764   110739    1.49 | 
|   Data cells        3114256   2858487  5972743  202164  6174907   82.92 | 
|     Combinational   2524249   2797936  5322185  192169  5514354   74.05 | 
|     Registers        586462     60550   647012    9995   657007    8.82 | 
|     Macros                0         0        0       0        0    0.00 | 
|     Physical              0         0        0       0        0    0.00 | 
|                                                                         | 
| Power of all nets             1160731  1160731          1160731   15.59 | 
|   Clock nets                   109236   109236           109236    1.47 | 
|     Clock leaves                83349    83349            83349    1.12 | 
|   Data nets                   1051495  1051495          1051495   14.12 | 
---------------------------------------------------------------------------


info UI33: performed report_power_summary for 0 sec (CPU time: 0 sec; MEM: RSS - 567M, CVMEM - 2144M, PVMEM - 2986M)
------------------------------------------------------------------------------------------------------------------------------------------------
| Corner     Enable Setup Hold  CRPR       SI    Power            EM   Voltage Drop DRC        Process                    RC Temp Scale Factor | 
|----------------------------------------------------------------------------------------------------------------------------------------------|
| slow       false  true  false setup_hold none  leakage          none none         trans, cap new_rcmaster_techFreePDK45 25      1            | 
| fast       false  false false setup_hold none  leakage          none none         trans, cap new_rcmaster_techFreePDK45 25      1            | 
| corner_0_0 true   true  true  setup_hold delay leakage, dynamic none none         trans, cap new_rcmaster_techFreePDK45 25      1            | 
------------------------------------------------------------------------------------------------------------------------------------------------


